1	[2019-04-24] [07:02:39.943]	Start program
2	[2019-04-24] [07:03:01.955]	Open: https://www.exist.ru
3	[2019-04-24] [07:03:06.385]	https://www.exist.ru successfully opened
4	[2019-04-24] [07:03:46.349]	Source files/source/articles.xlsx loaded, length: 684
5	[2019-04-24] [07:03:46.350]	Scraping https://www.exist.ru from article #1 326012
6	[2019-04-24] [07:03:46.351]	Start main sequence.
7	[2019-04-24] [07:03:46.352]	Scraping article: #1 326012 | category: Выжимные подшипники | https://www.exist.ru/Price/?pcode=326012
8	[2019-04-24] [07:03:49.480]	https://www.exist.ru/Price/?pcode=326012 successfully opened
9	[2019-04-24] [07:03:49.480]	Wait for: 1247
10	[2019-04-24] [07:03:50.727]		Analyse page
11	[2019-04-24] [07:03:50.729]		Handle errors
12	[2019-04-24] [07:03:50.746]	Catalog links amount: 8
13	[2019-04-24] [07:03:50.748]	Link: #1 https://www.exist.ru/Price/?pid=27606B9A
14	[2019-04-24] [07:03:50.749]	Link: #2 https://www.exist.ru/Price/?pid=FA208E7D
15	[2019-04-24] [07:03:50.749]	Link: #3 https://www.exist.ru/Price/?pid=57F0D215
16	[2019-04-24] [07:03:50.750]	Link: #4 https://www.exist.ru/Price/?pid=8800068C
17	[2019-04-24] [07:03:50.751]	Link: #5 https://www.exist.ru/Price/?pid=8EF07E11
18	[2019-04-24] [07:03:50.751]	Link: #6 https://www.exist.ru/Price/?pid=F360BBF5
19	[2019-04-24] [07:03:50.752]	Link: #7 https://www.exist.ru/Price/?pid=89A0B4E1
20	[2019-04-24] [07:03:50.752]	Link: #8 https://www.exist.ru/Price/?pid=A3805A60
21	[2019-04-24] [07:03:50.753]	Category not found, download all links
22	[2019-04-24] [07:03:50.753]	Go to: https://www.exist.ru/Price/?pid=27606B9A
23	[2019-04-24] [07:03:54.295]	https://www.exist.ru/Price/?pid=27606B9A successfully opened
24	[2019-04-24] [07:03:54.295]		Analyse page
25	[2019-04-24] [07:03:54.303]		Handle errors
26	[2019-04-24] [07:03:54.303]	Wait for: 1029
27	[2019-04-24] [07:03:55.332]	Scrape: https://www.exist.ru/Price/?pid=27606B9A
28	[2019-04-24] [07:03:55.333]		Start scraper
29	[2019-04-24] [07:03:55.333]	Get #priceBody.innerHTML
30	[2019-04-24] [07:03:55.378]	Page scrape 4 analogs
31	[2019-04-24] [07:03:55.378]	Go to: https://www.exist.ru/Price/?pid=FA208E7D
32	[2019-04-24] [07:03:56.728]	https://www.exist.ru/Price/?pid=FA208E7D successfully opened
33	[2019-04-24] [07:03:56.729]		Analyse page
34	[2019-04-24] [07:03:56.731]		Handle errors
35	[2019-04-24] [07:03:56.731]	Wait for: 1432
36	[2019-04-24] [07:03:58.163]	Scrape: https://www.exist.ru/Price/?pid=FA208E7D
37	[2019-04-24] [07:03:58.163]		Start scraper
38	[2019-04-24] [07:03:58.163]	Get #priceBody.innerHTML
39	[2019-04-24] [07:03:58.197]	Page scrape 5 analogs
40	[2019-04-24] [07:03:58.197]	Go to: https://www.exist.ru/Price/?pid=57F0D215
41	[2019-04-24] [07:03:59.730]	https://www.exist.ru/Price/?pid=57F0D215 successfully opened
42	[2019-04-24] [07:03:59.730]		Analyse page
43	[2019-04-24] [07:03:59.747]		Handle errors
44	[2019-04-24] [07:03:59.747]	Wait for: 1064
45	[2019-04-24] [07:04:00.812]	Scrape: https://www.exist.ru/Price/?pid=57F0D215
46	[2019-04-24] [07:04:00.812]		Start scraper
47	[2019-04-24] [07:04:00.812]	Get #priceBody.innerHTML
48	[2019-04-24] [07:04:00.827]	Page scrape 1 analogs
49	[2019-04-24] [07:04:00.827]	Go to: https://www.exist.ru/Price/?pid=8800068C
50	[2019-04-24] [07:04:32.477]	https://www.exist.ru/Price/?pid=8800068C successfully opened
51	[2019-04-24] [07:04:32.477]		Analyse page
52	[2019-04-24] [07:04:32.482]		Handle errors
53	[2019-04-24] [07:04:32.482]	Wait for: 1301
54	[2019-04-24] [07:04:33.783]	Scrape: https://www.exist.ru/Price/?pid=8800068C
55	[2019-04-24] [07:04:33.783]		Start scraper
56	[2019-04-24] [07:04:33.783]	Get #priceBody.innerHTML
57	[2019-04-24] [07:04:33.852]	Page scrape 7 analogs
58	[2019-04-24] [07:04:33.852]	Go to: https://www.exist.ru/Price/?pid=8EF07E11
