1	[2019-04-23] [08:25:09.333]	Start program
2	[2019-04-23] [08:25:11.738]	Open: https://exist.ru
3	[2019-04-23] [08:25:15.741]	https://exist.ru successfully opened
4	[2019-04-23] [08:25:31.101]	Login successfully.
5	[2019-04-23] [08:25:35.563]	Source files/source/articles.xlsx loaded, length: 684
6	[2019-04-23] [08:25:35.563]	Results files/result/result.xlsx loaded, length: 637
7	[2019-04-23] [08:25:35.564]	Scraping https://exist.ru from article #21 350617
8	[2019-04-23] [08:25:35.564]	Start main sequence.
9	[2019-04-23] [08:25:35.564]	Scraping article: #21 350617 | category: Рычаги подвески | https://exist.ru/Price/?pcode=350617
10	[2019-04-23] [08:25:37.306]	https://exist.ru/Price/?pcode=350617 successfully opened
11	[2019-04-23] [08:25:37.306]	Wait for: 1039
12	[2019-04-23] [08:25:38.346]		Analyse page
13	[2019-04-23] [08:25:38.349]		Handle errors
14	[2019-04-23] [08:25:38.375]	Catalog links amount: 4
15	[2019-04-23] [08:25:38.377]	Link: #1 https://exist.ru/Price/?pid=76C0AF13
16	[2019-04-23] [08:25:38.378]	Link: #2 https://exist.ru/Price/?pid=B4B0E344
17	[2019-04-23] [08:25:38.379]	Link: #3 https://exist.ru/Price/?pid=F2106552
18	[2019-04-23] [08:25:38.380]	Link: #4 https://exist.ru/Price/?pid=83D0A81E
19	[2019-04-23] [08:25:38.380]	Category not found, download all links
20	[2019-04-23] [08:25:38.380]	Go to: https://exist.ru/Price/?pid=76C0AF13
21	[2019-04-23] [08:25:39.933]	https://exist.ru/Price/?pid=76C0AF13 successfully opened
22	[2019-04-23] [08:25:39.933]		Analyse page
23	[2019-04-23] [08:25:39.935]		Handle errors
24	[2019-04-23] [08:25:39.935]	Wait for: 1429
25	[2019-04-23] [08:25:41.363]	Scrape: https://exist.ru/Price/?pid=76C0AF13
26	[2019-04-23] [08:25:41.364]		Start scraper
27	[2019-04-23] [08:25:41.364]	Get #priceBody.innerHTML
28	[2019-04-23] [08:25:41.386]	Page scrape 1 analogs
29	[2019-04-23] [08:25:41.386]	Get #priceBody.innerHTML
30	[2019-04-23] [08:25:41.404]	Page scrape 1 analogs
31	[2019-04-23] [08:25:41.404]	Get #priceBody.innerHTML
32	[2019-04-23] [08:25:41.413]	Page scrape 1 analogs
33	[2019-04-23] [08:25:41.413]	Go to: https://exist.ru/Price/?pid=B4B0E344
34	[2019-04-23] [08:25:42.650]	https://exist.ru/Price/?pid=B4B0E344 successfully opened
35	[2019-04-23] [08:25:42.651]		Analyse page
36	[2019-04-23] [08:25:42.656]		Handle errors
37	[2019-04-23] [08:25:42.656]	Wait for: 1224
38	[2019-04-23] [08:25:43.881]	Scrape: https://exist.ru/Price/?pid=B4B0E344
39	[2019-04-23] [08:25:43.881]		Start scraper
40	[2019-04-23] [08:25:43.881]	Get #priceBody.innerHTML
41	[2019-04-23] [08:25:43.893]	Page scrape 1 analogs
42	[2019-04-23] [08:25:43.894]	Get #priceBody.innerHTML
43	[2019-04-23] [08:25:43.907]	Page scrape 1 analogs
44	[2019-04-23] [08:25:43.907]	Get #priceBody.innerHTML
45	[2019-04-23] [08:25:43.922]	Page scrape 1 analogs
46	[2019-04-23] [08:25:43.922]	Go to: https://exist.ru/Price/?pid=F2106552
47	[2019-04-23] [08:25:46.553]	https://exist.ru/Price/?pid=F2106552 successfully opened
48	[2019-04-23] [08:25:46.553]		Analyse page
49	[2019-04-23] [08:25:46.558]		Handle errors
50	[2019-04-23] [08:25:46.558]	Wait for: 1491
51	[2019-04-23] [08:25:48.393]	Scrape: https://exist.ru/Price/?pid=F2106552
52	[2019-04-23] [08:25:48.393]		Start scraper
53	[2019-04-23] [08:25:48.393]	Get #priceBody.innerHTML
54	[2019-04-23] [08:25:49.586]	Page scrape 96 analogs
55	[2019-04-23] [08:25:49.586]	Get #priceBody.innerHTML
56	[2019-04-23] [08:25:50.722]	Page scrape 96 analogs
57	[2019-04-23] [08:25:50.722]	Get #priceBody.innerHTML
58	[2019-04-23] [08:25:51.693]	Page scrape 96 analogs
59	[2019-04-23] [08:25:51.693]	Go to: https://exist.ru/Price/?pid=83D0A81E
60	[2019-04-23] [08:25:53.741]	https://exist.ru/Price/?pid=83D0A81E successfully opened
61	[2019-04-23] [08:25:53.741]		Analyse page
62	[2019-04-23] [08:25:53.745]		Handle errors
63	[2019-04-23] [08:25:53.745]	Wait for: 1390
64	[2019-04-23] [08:25:55.135]	Scrape: https://exist.ru/Price/?pid=83D0A81E
65	[2019-04-23] [08:25:55.135]		Start scraper
66	[2019-04-23] [08:25:55.135]	Get #priceBody.innerHTML
67	[2019-04-23] [08:25:55.153]	Page scrape 1 analogs
68	[2019-04-23] [08:25:55.153]	Get #priceBody.innerHTML
69	[2019-04-23] [08:25:55.171]	Page scrape 1 analogs
70	[2019-04-23] [08:25:55.171]	Get #priceBody.innerHTML
71	[2019-04-23] [08:25:55.179]	Page scrape 1 analogs
72	[2019-04-23] [08:25:55.180]	Scraping article: #22 352532 | category: Рычаги подвески | https://exist.ru/Price/?pcode=352532
73	[2019-04-23] [08:25:56.414]	https://exist.ru/Price/?pcode=352532 successfully opened
74	[2019-04-23] [08:25:56.414]	Wait for: 1080
75	[2019-04-23] [08:25:57.493]		Analyse page
76	[2019-04-23] [08:25:57.496]		Handle errors
77	[2019-04-23] [08:25:57.496]		Start scraper
78	[2019-04-23] [08:25:57.496]	Get #priceBody.innerHTML
79	[2019-04-23] [08:25:57.497]	Scraping article: #23 352800 | category: Рычаги подвески | https://exist.ru/Price/?pcode=352800
80	[2019-04-23] [08:25:57.520]	Page scrape 1 analogs
81	[2019-04-23] [08:25:57.520]	Get #priceBody.innerHTML
82	[2019-04-23] [08:25:57.973]	#priceBody not found. Reload page: attempt 2
83	[2019-04-23] [08:25:58.678]	Reload page.
84	[2019-04-23] [08:25:58.724]	https://exist.ru/Price/?pcode=352800 successfully opened
85	[2019-04-23] [08:25:58.724]	Wait for: 1333
86	[2019-04-23] [08:25:59.807]		Analyse page
87	[2019-04-23] [08:25:59.810]		Handle errors
88	[2019-04-23] [08:25:59.810]	Get #priceBody.innerHTML
89	[2019-04-23] [08:25:59.813]	#priceBody not found. Reload page: attempt 3
90	[2019-04-23] [08:25:59.815]	Reload page.
91	[2019-04-23] [08:26:00.057]		Analyse page
92	[2019-04-23] [08:26:00.889]	Error: Execution context was destroyed, most likely because of a navigation.
93	[2019-04-23] [08:26:00.889]	Write XLSX to: files/source/articles.xlsx
94	[2019-04-23] [08:26:00.957]	Write XLSX to: files/result/result.xlsx
95	[2019-04-23] [08:26:01.137]	Script execution finished.
96	[2019-04-23] [08:26:01.138]	***
97	[2019-04-23] [08:26:01.640]		Analyse page
98	[2019-04-23] [08:26:01.645]		Handle errors
