1	[2019-04-25] [12:12:00.718]	Start program
2	[2019-04-25] [12:12:04.028]	Open: https://www.exist.ru
3	[2019-04-25] [12:12:06.646]	https://www.exist.ru successfully opened
4	[2019-04-25] [12:12:36.506]	Source files/source/articles.xlsx loaded, length: 684
5	[2019-04-25] [12:12:36.507]	Start main sequence.
6	[2019-04-25] [12:12:36.507]	Scraping https://www.exist.ru from article #31 436825
7	[2019-04-25] [12:12:36.508]	Scraping article: #31 436825 | category: Амортизаторы | https://www.exist.ru/Price/?pcode=436825
8	[2019-04-25] [12:12:38.715]	https://www.exist.ru/Price/?pcode=436825 successfully opened
9	[2019-04-25] [12:12:38.716]	Wait for: 2497
10	[2019-04-25] [12:12:41.213]		Analyse page
11	[2019-04-25] [12:12:41.219]		Handle errors
12	[2019-04-25] [12:12:41.238]	Catalog links amount: 2
13	[2019-04-25] [12:12:41.241]	Link: #1 https://www.exist.ru/Price/?pid=E78054B5
14	[2019-04-25] [12:12:41.242]	Link: #2 https://www.exist.ru/Price/?pid=0780E4D2
15	[2019-04-25] [12:12:41.242]	Category not found, download all links
16	[2019-04-25] [12:12:41.243]	Go to: https://www.exist.ru/Price/?pid=E78054B5
17	[2019-04-25] [12:12:42.491]	https://www.exist.ru/Price/?pid=E78054B5 successfully opened
18	[2019-04-25] [12:12:42.491]		Analyse page
19	[2019-04-25] [12:12:42.494]		Handle errors
20	[2019-04-25] [12:12:42.494]	Wait for: 2231
21	[2019-04-25] [12:12:44.725]	Scrape: https://www.exist.ru/Price/?pid=E78054B5
22	[2019-04-25] [12:12:44.726]		Start scraper
23	[2019-04-25] [12:12:44.726]	Get #priceBody.innerHTML
24	[2019-04-25] [12:12:44.760]	TypeError: htmlElement.querySelectorAll is not a function
25	[2019-04-25] [12:12:47.667]	Open: https://www.exist.ru
26	[2019-04-25] [12:12:50.391]	https://www.exist.ru successfully opened
27	[2019-04-25] [12:12:51.393]	Source files/source/articles.xlsx loaded, length: 684
28	[2019-04-25] [12:12:51.393]	Start main sequence.
29	[2019-04-25] [12:12:51.394]	Scraping https://www.exist.ru from article #31 436825
30	[2019-04-25] [12:12:51.395]	Scraping article: #31 436825 | category: Амортизаторы | https://www.exist.ru/Price/?pcode=436825
31	[2019-04-25] [12:12:53.543]	https://www.exist.ru/Price/?pcode=436825 successfully opened
32	[2019-04-25] [12:12:53.543]	Wait for: 2232
33	[2019-04-25] [12:12:55.775]		Analyse page
34	[2019-04-25] [12:12:55.778]		Handle errors
35	[2019-04-25] [12:12:55.783]	Catalog links amount: 2
36	[2019-04-25] [12:12:55.785]	Link: #1 https://www.exist.ru/Price/?pid=E78054B5
37	[2019-04-25] [12:12:55.786]	Link: #2 https://www.exist.ru/Price/?pid=0780E4D2
38	[2019-04-25] [12:12:55.787]	Category not found, download all links
39	[2019-04-25] [12:12:55.788]	Go to: https://www.exist.ru/Price/?pid=E78054B5
40	[2019-04-25] [12:12:57.533]	https://www.exist.ru/Price/?pid=E78054B5 successfully opened
41	[2019-04-25] [12:12:57.533]		Analyse page
42	[2019-04-25] [12:12:57.541]		Handle errors
43	[2019-04-25] [12:12:57.541]	Wait for: 2250
44	[2019-04-25] [12:12:59.791]	Scrape: https://www.exist.ru/Price/?pid=E78054B5
45	[2019-04-25] [12:12:59.791]		Start scraper
46	[2019-04-25] [12:12:59.791]	Get #priceBody.innerHTML
47	[2019-04-25] [12:12:59.797]	TypeError: htmlElement.querySelectorAll is not a function
