1	[2019-04-23] [09:07:13.537]	Start program
2	[2019-04-23] [09:07:15.904]	Open: https://exist.ru
3	[2019-04-23] [09:07:18.744]	https://exist.ru successfully opened
4	[2019-04-23] [09:07:55.489]	Login successfully.
5	[2019-04-23] [09:07:58.336]	Source files/source/articles.xlsx loaded, length: 684
6	[2019-04-23] [09:07:58.336]	Results files/result/result.xlsx loaded, length: 1913
7	[2019-04-23] [09:07:58.337]	Scraping https://exist.ru from article #36 569069
8	[2019-04-23] [09:07:58.337]	Start main sequence.
9	[2019-04-23] [09:07:58.337]	Scraping article: #36 569069 | category: Тормозные диски | https://exist.ru/Price/?pcode=569069
10	[2019-04-23] [09:08:00.060]	https://exist.ru/Price/?pcode=569069 successfully opened
11	[2019-04-23] [09:08:00.060]	Wait for: 1281
12	[2019-04-23] [09:08:01.341]		Analyse page
13	[2019-04-23] [09:08:01.344]		Handle errors
14	[2019-04-23] [09:08:01.371]	Catalog links amount: 2
15	[2019-04-23] [09:08:01.377]	Link: #1 https://exist.ru/Price/?pid=F0C0E4E7
16	[2019-04-23] [09:08:01.377]	Category found, go to: https://exist.ru/Price/?pid=F0C0E4E7
17	[2019-04-23] [09:08:05.494]	https://exist.ru/Price/?pid=F0C0E4E7 successfully opened
18	[2019-04-23] [09:08:05.494]		Analyse page
19	[2019-04-23] [09:08:05.503]		Handle errors
20	[2019-04-23] [09:08:05.503]	Banner detected
21	[2019-04-23] [09:08:05.504]	Wait for banner
22	[2019-04-23] [09:08:12.973]	Banner skiped
23	[2019-04-23] [09:08:12.973]	Wait for: 1129
24	[2019-04-23] [09:08:14.102]	Scrape https://exist.ru/Price/?pid=F0C0E4E7
25	[2019-04-23] [09:08:14.103]		Start scraper
26	[2019-04-23] [09:08:14.103]	Get #priceBody.innerHTML
27	[2019-04-23] [09:08:14.146]	Page scrape 2 analogs
28	[2019-04-23] [09:08:14.146]	Scraping article: #37 569070 | category: Тормозные диски | https://exist.ru/Price/?pcode=569070
29	[2019-04-23] [09:08:15.270]	https://exist.ru/Price/?pcode=569070 successfully opened
30	[2019-04-23] [09:08:15.270]	Wait for: 1159
31	[2019-04-23] [09:08:16.429]		Analyse page
32	[2019-04-23] [09:08:16.432]		Handle errors
33	[2019-04-23] [09:08:16.438]	Catalog links amount: 5
34	[2019-04-23] [09:08:16.439]	Link: #1 https://exist.ru/Price/?pid=8BF0D28C
35	[2019-04-23] [09:08:16.440]	Link: #2 https://exist.ru/Price/?pid=DD10A0BC
36	[2019-04-23] [09:08:16.441]	Link: #3 https://exist.ru/Price/?pid=8D004179
37	[2019-04-23] [09:08:16.442]	Link: #4 https://exist.ru/Price/?pid=3DF0A091
38	[2019-04-23] [09:08:16.444]	Link: #5 https://exist.ru/Price/?pid=2580C561
39	[2019-04-23] [09:08:16.445]	Category not found, download all links
40	[2019-04-23] [09:08:16.445]	Go to: https://exist.ru/Price/?pid=8BF0D28C
41	[2019-04-23] [09:08:23.693]	https://exist.ru/Price/?pid=8BF0D28C successfully opened
42	[2019-04-23] [09:08:23.693]		Analyse page
43	[2019-04-23] [09:08:23.699]		Handle errors
44	[2019-04-23] [09:08:23.699]	Banner detected
45	[2019-04-23] [09:08:23.699]	Wait for banner
46	[2019-04-23] [09:08:31.229]	Banner skiped
47	[2019-04-23] [09:08:31.229]	Wait for: 1154
48	[2019-04-23] [09:08:32.383]	Scrape: https://exist.ru/Price/?pid=8BF0D28C
49	[2019-04-23] [09:08:32.383]		Start scraper
50	[2019-04-23] [09:08:32.384]	Get #priceBody.innerHTML
51	[2019-04-23] [09:08:32.414]	Page scrape 3 analogs
52	[2019-04-23] [09:08:32.414]	Go to: https://exist.ru/Price/?pid=DD10A0BC
53	[2019-04-23] [09:08:36.343]	https://exist.ru/Price/?pid=DD10A0BC successfully opened
54	[2019-04-23] [09:08:36.343]		Analyse page
55	[2019-04-23] [09:08:36.349]		Handle errors
56	[2019-04-23] [09:08:36.349]	Banner detected
57	[2019-04-23] [09:08:36.350]	Wait for banner
58	[2019-04-23] [09:08:44.024]	Banner skiped
59	[2019-04-23] [09:08:44.024]	Wait for: 1322
60	[2019-04-23] [09:08:45.347]	Scrape: https://exist.ru/Price/?pid=DD10A0BC
61	[2019-04-23] [09:08:45.347]		Start scraper
62	[2019-04-23] [09:08:45.347]	Get #priceBody.innerHTML
63	[2019-04-23] [09:08:45.474]	Page scrape 23 analogs
64	[2019-04-23] [09:08:45.474]	Go to: https://exist.ru/Price/?pid=8D004179
65	[2019-04-23] [09:08:49.425]	https://exist.ru/Price/?pid=8D004179 successfully opened
66	[2019-04-23] [09:08:49.425]		Analyse page
67	[2019-04-23] [09:08:49.429]		Handle errors
68	[2019-04-23] [09:08:49.429]	Banner detected
69	[2019-04-23] [09:08:49.430]	Wait for banner
70	[2019-04-23] [09:08:56.110]	Banner skiped
71	[2019-04-23] [09:08:56.110]	Wait for: 1304
72	[2019-04-23] [09:08:57.414]	Scrape: https://exist.ru/Price/?pid=8D004179
73	[2019-04-23] [09:08:57.414]		Start scraper
74	[2019-04-23] [09:08:57.414]	Get #priceBody.innerHTML
75	[2019-04-23] [09:08:57.432]	Page scrape 1 analogs
76	[2019-04-23] [09:08:57.432]	Go to: https://exist.ru/Price/?pid=3DF0A091
77	[2019-04-23] [09:09:01.492]	https://exist.ru/Price/?pid=3DF0A091 successfully opened
78	[2019-04-23] [09:09:01.492]		Analyse page
79	[2019-04-23] [09:09:01.498]		Handle errors
80	[2019-04-23] [09:09:01.498]	Banner detected
81	[2019-04-23] [09:09:01.499]	Wait for banner
82	[2019-04-23] [09:09:08.491]	Banner skiped
83	[2019-04-23] [09:09:08.491]	Wait for: 1162
84	[2019-04-23] [09:09:09.654]	Scrape: https://exist.ru/Price/?pid=3DF0A091
85	[2019-04-23] [09:09:09.654]		Start scraper
86	[2019-04-23] [09:09:09.654]	Get #priceBody.innerHTML
87	[2019-04-23] [09:09:09.720]	Page scrape 9 analogs
88	[2019-04-23] [09:09:09.721]	Go to: https://exist.ru/Price/?pid=2580C561
89	[2019-04-23] [09:09:16.550]	https://exist.ru/Price/?pid=2580C561 successfully opened
90	[2019-04-23] [09:09:16.551]		Analyse page
91	[2019-04-23] [09:09:16.555]		Handle errors
92	[2019-04-23] [09:09:16.555]	Banner detected
93	[2019-04-23] [09:09:16.556]	Wait for banner
94	[2019-04-23] [09:09:24.078]	Banner skiped
95	[2019-04-23] [09:09:24.078]	Wait for: 1203
96	[2019-04-23] [09:09:25.280]	Scrape: https://exist.ru/Price/?pid=2580C561
97	[2019-04-23] [09:09:25.280]		Start scraper
98	[2019-04-23] [09:09:25.281]	Get #priceBody.innerHTML
99	[2019-04-23] [09:09:25.288]	Page scrape 1 analogs
100	[2019-04-23] [09:09:25.289]	Scraping article: #38 569073 | category: Тормозные диски | https://exist.ru/Price/?pcode=569073
101	[2019-04-23] [09:09:26.396]	https://exist.ru/Price/?pcode=569073 successfully opened
102	[2019-04-23] [09:09:26.396]	Wait for: 1497
103	[2019-04-23] [09:09:27.894]		Analyse page
104	[2019-04-23] [09:09:27.896]		Handle errors
105	[2019-04-23] [09:09:27.899]	Catalog links amount: 2
106	[2019-04-23] [09:09:27.900]	Link: #1 https://exist.ru/Price/?pid=648067C8
107	[2019-04-23] [09:09:27.901]	Link: #2 https://exist.ru/Price/?pid=FD40B569
108	[2019-04-23] [09:09:27.902]	Category not found, download all links
109	[2019-04-23] [09:09:27.902]	Go to: https://exist.ru/Price/?pid=648067C8
110	[2019-04-23] [09:09:31.990]	https://exist.ru/Price/?pid=648067C8 successfully opened
111	[2019-04-23] [09:09:31.990]		Analyse page
112	[2019-04-23] [09:09:31.992]		Handle errors
113	[2019-04-23] [09:09:31.992]	Banner detected
114	[2019-04-23] [09:09:31.993]	Wait for banner
115	[2019-04-23] [09:09:38.843]	Banner skiped
116	[2019-04-23] [09:09:38.843]	Wait for: 1389
117	[2019-04-23] [09:09:40.233]	Scrape: https://exist.ru/Price/?pid=648067C8
118	[2019-04-23] [09:09:40.233]		Start scraper
119	[2019-04-23] [09:09:40.233]	Get #priceBody.innerHTML
120	[2019-04-23] [09:09:40.240]	Page scrape 1 analogs
121	[2019-04-23] [09:09:40.240]	Go to: https://exist.ru/Price/?pid=FD40B569
122	[2019-04-23] [09:09:47.073]	https://exist.ru/Price/?pid=FD40B569 successfully opened
123	[2019-04-23] [09:09:47.073]		Analyse page
124	[2019-04-23] [09:09:47.077]		Handle errors
125	[2019-04-23] [09:09:47.077]	Banner detected
126	[2019-04-23] [09:09:47.078]	Wait for banner
127	[2019-04-23] [09:09:54.604]	Banner skiped
128	[2019-04-23] [09:09:54.604]	Wait for: 1264
129	[2019-04-23] [09:09:55.869]	Scrape: https://exist.ru/Price/?pid=FD40B569
130	[2019-04-23] [09:09:55.869]		Start scraper
131	[2019-04-23] [09:09:55.869]	Get #priceBody.innerHTML
132	[2019-04-23] [09:09:55.877]	Page scrape 1 analogs
133	[2019-04-23] [09:09:55.878]	Scraping article: #39 569074 | category: Тормозные диски | https://exist.ru/Price/?pcode=569074
134	[2019-04-23] [09:09:57.779]	https://exist.ru/Price/?pcode=569074 successfully opened
135	[2019-04-23] [09:09:57.780]	Wait for: 1066
136	[2019-04-23] [09:09:58.846]		Analyse page
137	[2019-04-23] [09:09:58.848]		Handle errors
138	[2019-04-23] [09:09:58.851]	Catalog links amount: 2
139	[2019-04-23] [09:09:58.852]	Link: #1 https://exist.ru/Price/?pid=C5A0C2FD
140	[2019-04-23] [09:09:58.852]	Category found, go to: https://exist.ru/Price/?pid=C5A0C2FD
141	[2019-04-23] [09:10:05.750]	https://exist.ru/Price/?pid=C5A0C2FD successfully opened
142	[2019-04-23] [09:10:05.750]		Analyse page
143	[2019-04-23] [09:10:05.755]		Handle errors
144	[2019-04-23] [09:10:05.755]	Banner detected
145	[2019-04-23] [09:10:05.756]	Wait for banner
146	[2019-04-23] [09:10:13.628]	Banner skiped
147	[2019-04-23] [09:10:13.628]	Wait for: 1100
148	[2019-04-23] [09:10:14.741]	Scrape https://exist.ru/Price/?pid=C5A0C2FD
149	[2019-04-23] [09:10:14.741]		Start scraper
150	[2019-04-23] [09:10:14.742]	Get #priceBody.innerHTML
151	[2019-04-23] [09:10:14.904]	Page scrape 17 analogs
152	[2019-04-23] [09:10:14.905]	Scraping article: #40 569075 | category: Тормозные диски | https://exist.ru/Price/?pcode=569075
153	[2019-04-23] [09:10:16.053]	https://exist.ru/Price/?pcode=569075 successfully opened
154	[2019-04-23] [09:10:16.053]	Wait for: 1232
155	[2019-04-23] [09:10:17.329]		Analyse page
156	[2019-04-23] [09:10:17.332]		Handle errors
157	[2019-04-23] [09:10:17.338]	Catalog links amount: 4
158	[2019-04-23] [09:10:17.339]	Link: #1 https://exist.ru/Price/?pid=E770C2FC
159	[2019-04-23] [09:10:17.340]	Category found, go to: https://exist.ru/Price/?pid=E770C2FC
160	[2019-04-23] [09:10:24.549]	https://exist.ru/Price/?pid=E770C2FC successfully opened
161	[2019-04-23] [09:10:24.549]		Analyse page
162	[2019-04-23] [09:10:24.551]		Handle errors
163	[2019-04-23] [09:10:24.551]	Banner detected
164	[2019-04-23] [09:10:24.552]	Wait for banner
165	[2019-04-23] [09:10:33.129]	Banner skiped
166	[2019-04-23] [09:10:33.129]	Wait for: 1342
167	[2019-04-23] [09:10:34.482]	Scrape https://exist.ru/Price/?pid=E770C2FC
168	[2019-04-23] [09:10:34.482]		Start scraper
169	[2019-04-23] [09:10:34.482]	Get #priceBody.innerHTML
170	[2019-04-23] [09:10:34.607]	Page scrape 14 analogs
171	[2019-04-23] [09:10:34.608]	Scraping article: #41 569076 | category: Тормозные диски | https://exist.ru/Price/?pcode=569076
172	[2019-04-23] [09:10:35.780]	https://exist.ru/Price/?pcode=569076 successfully opened
173	[2019-04-23] [09:10:35.780]	Wait for: 1309
174	[2019-04-23] [09:10:37.100]		Analyse page
175	[2019-04-23] [09:10:37.103]		Handle errors
176	[2019-04-23] [09:10:37.108]	Catalog links amount: 5
177	[2019-04-23] [09:10:37.108]	Link: #1 https://exist.ru/Price/?pid=2E90A0C7
178	[2019-04-23] [09:10:37.110]	Link: #2 https://exist.ru/Price/?pid=8D70B702
179	[2019-04-23] [09:10:37.111]	Link: #3 https://exist.ru/Price/?pid=76605468
180	[2019-04-23] [09:10:37.112]	Link: #4 https://exist.ru/Price/?pid=FD70B569
181	[2019-04-23] [09:10:37.113]	Link: #5 https://exist.ru/Price/?pid=43905A6B
182	[2019-04-23] [09:10:37.114]	Category not found, download all links
183	[2019-04-23] [09:10:37.114]	Go to: https://exist.ru/Price/?pid=2E90A0C7
184	[2019-04-23] [09:10:44.186]	https://exist.ru/Price/?pid=2E90A0C7 successfully opened
185	[2019-04-23] [09:10:44.186]		Analyse page
186	[2019-04-23] [09:10:44.189]		Handle errors
187	[2019-04-23] [09:10:44.189]	Banner detected
188	[2019-04-23] [09:10:44.190]	Wait for banner
189	[2019-04-23] [09:10:51.780]	Banner skiped
190	[2019-04-23] [09:10:51.780]	Wait for: 1149
191	[2019-04-23] [09:10:52.940]	Scrape: https://exist.ru/Price/?pid=2E90A0C7
192	[2019-04-23] [09:10:52.940]		Start scraper
193	[2019-04-23] [09:10:52.940]	Get #priceBody.innerHTML
194	[2019-04-23] [09:10:53.077]	Page scrape 16 analogs
195	[2019-04-23] [09:10:53.077]	Go to: https://exist.ru/Price/?pid=8D70B702
196	[2019-04-23] [09:10:58.147]	https://exist.ru/Price/?pid=8D70B702 successfully opened
197	[2019-04-23] [09:10:58.148]		Analyse page
198	[2019-04-23] [09:10:58.154]		Handle errors
199	[2019-04-23] [09:10:58.154]	Banner detected
200	[2019-04-23] [09:10:58.155]	Wait for banner
201	[2019-04-23] [09:11:05.698]	Banner skiped
202	[2019-04-23] [09:11:05.698]	Wait for: 1001
203	[2019-04-23] [09:11:06.707]	Scrape: https://exist.ru/Price/?pid=8D70B702
204	[2019-04-23] [09:11:06.707]		Start scraper
205	[2019-04-23] [09:11:06.707]	Get #priceBody.innerHTML
206	[2019-04-23] [09:11:06.721]	Page scrape 1 analogs
207	[2019-04-23] [09:11:06.721]	Go to: https://exist.ru/Price/?pid=76605468
208	[2019-04-23] [09:11:11.736]	https://exist.ru/Price/?pid=76605468 successfully opened
209	[2019-04-23] [09:11:11.736]		Analyse page
210	[2019-04-23] [09:11:11.738]		Handle errors
211	[2019-04-23] [09:11:11.738]	Banner detected
212	[2019-04-23] [09:11:11.739]	Wait for banner
213	[2019-04-23] [09:11:18.527]	Banner skiped
214	[2019-04-23] [09:11:18.528]	Wait for: 1066
215	[2019-04-23] [09:11:19.601]	Scrape: https://exist.ru/Price/?pid=76605468
216	[2019-04-23] [09:11:19.602]		Start scraper
217	[2019-04-23] [09:11:19.602]	Get #priceBody.innerHTML
218	[2019-04-23] [09:11:19.613]	Page scrape 1 analogs
219	[2019-04-23] [09:11:19.613]	Go to: https://exist.ru/Price/?pid=FD70B569
220	[2019-04-23] [09:11:24.489]	https://exist.ru/Price/?pid=FD70B569 successfully opened
221	[2019-04-23] [09:11:24.489]		Analyse page
222	[2019-04-23] [09:11:24.493]		Handle errors
223	[2019-04-23] [09:11:24.493]	Banner detected
224	[2019-04-23] [09:11:24.494]	Wait for banner
225	[2019-04-23] [09:11:54.511]	TimeoutError: Navigation Timeout Exceeded: 30000ms exceeded
226	[2019-04-23] [09:11:54.693]	Write XLSX to: files/source/articles.xlsx
227	[2019-04-23] [09:11:54.763]	Write XLSX to: files/result/result.xlsx
228	[2019-04-23] [09:11:54.942]	Script execution finished.
229	[2019-04-23] [09:11:54.942]	***
