1	[2019-04-25] [12:09:51.189]	Start program
2	[2019-04-25] [12:09:54.035]	Open: https://www.exist.ru
3	[2019-04-25] [12:09:57.148]	https://www.exist.ru successfully opened
4	[2019-04-25] [12:10:00.975]	Source files/source/articles.xlsx loaded, length: 684
5	[2019-04-25] [12:10:00.975]	Start main sequence.
6	[2019-04-25] [12:10:00.976]	Scraping https://www.exist.ru from article #31 436825
7	[2019-04-25] [12:10:00.978]	Scraping article: #31 436825 | category: Амортизаторы | https://www.exist.ru/Price/?pcode=436825
8	[2019-04-25] [12:10:02.505]	https://www.exist.ru/Price/?pcode=436825 successfully opened
9	[2019-04-25] [12:10:02.505]	Wait for: 2371
10	[2019-04-25] [12:10:04.877]		Analyse page
11	[2019-04-25] [12:10:04.884]		Handle errors
12	[2019-04-25] [12:10:04.913]	Catalog links amount: 2
13	[2019-04-25] [12:10:04.916]	Link: #1 https://www.exist.ru/Price/?pid=E78054B5
14	[2019-04-25] [12:10:04.917]	Link: #2 https://www.exist.ru/Price/?pid=0780E4D2
15	[2019-04-25] [12:10:04.917]	Category not found, download all links
16	[2019-04-25] [12:10:04.917]	Go to: https://www.exist.ru/Price/?pid=E78054B5
17	[2019-04-25] [12:10:06.235]	https://www.exist.ru/Price/?pid=E78054B5 successfully opened
18	[2019-04-25] [12:10:06.235]		Analyse page
19	[2019-04-25] [12:10:06.237]		Handle errors
20	[2019-04-25] [12:10:06.237]	Wait for: 2586
21	[2019-04-25] [12:10:08.823]	Scrape: https://www.exist.ru/Price/?pid=E78054B5
22	[2019-04-25] [12:10:08.823]		Start scraper
23	[2019-04-25] [12:10:08.823]	Get #priceBody.innerHTML
24	[2019-04-25] [12:10:08.826]	ReferenceError: work is not defined
25	[2019-04-25] [12:10:12.577]	Open: https://www.exist.ru
26	[2019-04-25] [12:10:16.002]	https://www.exist.ru successfully opened
27	[2019-04-25] [12:10:17.003]	Source files/source/articles.xlsx loaded, length: 684
28	[2019-04-25] [12:10:17.003]	Start main sequence.
29	[2019-04-25] [12:10:17.004]	Scraping https://www.exist.ru from article #31 436825
30	[2019-04-25] [12:10:17.005]	Scraping article: #31 436825 | category: Амортизаторы | https://www.exist.ru/Price/?pcode=436825
31	[2019-04-25] [12:10:18.536]	https://www.exist.ru/Price/?pcode=436825 successfully opened
32	[2019-04-25] [12:10:18.536]	Wait for: 2670
33	[2019-04-25] [12:10:21.209]		Analyse page
34	[2019-04-25] [12:10:21.215]		Handle errors
35	[2019-04-25] [12:10:21.238]	Catalog links amount: 2
36	[2019-04-25] [12:10:21.238]	Link: #1 https://www.exist.ru/Price/?pid=E78054B5
37	[2019-04-25] [12:10:21.240]	Link: #2 https://www.exist.ru/Price/?pid=0780E4D2
38	[2019-04-25] [12:10:21.240]	Category not found, download all links
39	[2019-04-25] [12:10:21.241]	Go to: https://www.exist.ru/Price/?pid=E78054B5
40	[2019-04-25] [12:10:22.601]	https://www.exist.ru/Price/?pid=E78054B5 successfully opened
41	[2019-04-25] [12:10:22.601]		Analyse page
42	[2019-04-25] [12:10:22.604]		Handle errors
43	[2019-04-25] [12:10:22.604]	Wait for: 2333
44	[2019-04-25] [12:10:25.009]	Scrape: https://www.exist.ru/Price/?pid=E78054B5
45	[2019-04-25] [12:10:25.009]		Start scraper
46	[2019-04-25] [12:10:25.009]	Get #priceBody.innerHTML
47	[2019-04-25] [12:10:25.023]	ReferenceError: work is not defined
