1	[2019-04-25] [13:53:39.535]	Start program
2	[2019-04-25] [13:53:42.404]	Open: https://www.exist.ru
3	[2019-04-25] [13:53:45.068]	https://www.exist.ru successfully opened
4	[2019-04-25] [13:53:52.548]	Source files/source/articles.xlsx loaded, length: 1
5	[2019-04-25] [13:53:52.548]	Start main sequence.
6	[2019-04-25] [13:53:52.548]	Scraping https://www.exist.ru from article #1 4014766073419
7	[2019-04-25] [13:53:52.549]	Scraping article: #1 4014766073419 | category: Масло | https://www.exist.ru/Price/?pcode=4014766073419
8	[2019-04-25] [13:53:55.140]	https://www.exist.ru/Price/?pcode=4014766073419 successfully opened
9	[2019-04-25] [13:53:55.141]	Wait for: 1408
10	[2019-04-25] [13:53:56.549]		Analyse page
11	[2019-04-25] [13:53:56.558]		Handle errors
12	[2019-04-25] [13:53:56.558]		Start scraper
13	[2019-04-25] [13:53:56.558]	Get #priceBody.innerHTML
14	[2019-04-25] [13:53:56.562]	***
15	[2019-04-25] [13:53:56.564]	Script execution finished.
16	[2019-04-25] [13:53:56.626]	Page scrape 1 analogs
17	[2019-04-25] [13:57:28.601]	Source files/source/articles.xlsx loaded, length: 1
18	[2019-04-25] [13:57:28.602]	Start main sequence.
19	[2019-04-25] [13:57:28.602]	Scraping https://www.exist.ru from article #1 4014766073419
20	[2019-04-25] [13:57:28.602]	Scraping article: #1 4014766073419 | category: Масло | https://www.exist.ru/Price/?pcode=4014766073419
21	[2019-04-25] [13:57:30.733]	https://www.exist.ru/Price/?pcode=4014766073419 successfully opened
22	[2019-04-25] [13:57:30.734]	Wait for: 1397
23	[2019-04-25] [13:57:32.131]		Analyse page
24	[2019-04-25] [13:57:32.135]		Handle errors
25	[2019-04-25] [13:57:32.136]		Start scraper
26	[2019-04-25] [13:57:32.136]	Get #priceBody.innerHTML
27	[2019-04-25] [13:57:32.138]	***
28	[2019-04-25] [13:57:32.138]	Script execution finished.
29	[2019-04-25] [13:57:32.195]	Page scrape 1 analogs
30	[2019-04-25] [14:03:03.657]	Exit program
