1	[2019-04-25] [09:15:47.698]	Start program
2	[2019-04-25] [09:15:50.647]	Open: https://www.exist.ru
3	[2019-04-25] [09:15:54.489]	https://www.exist.ru successfully opened
4	[2019-04-25] [09:16:00.024]	Source files/source/articles.xlsx loaded, length: 684
5	[2019-04-25] [09:16:00.024]	Start main sequence.
6	[2019-04-25] [09:16:00.025]	Scraping https://www.exist.ru from article #1 326012
7	[2019-04-25] [09:16:00.025]	Scraping https://www.exist.ru from article #2 328006
8	[2019-04-25] [09:16:00.026]	Scraping https://www.exist.ru from article #3 328008
9	[2019-04-25] [09:16:00.026]	Scraping https://www.exist.ru from article #4 328021
10	[2019-04-25] [09:16:00.026]	Scraping article: #4 328021 | category: Выжимные подшипники | https://www.exist.ru/Price/?pcode=328021
11	[2019-04-25] [09:16:01.669]	https://www.exist.ru/Price/?pcode=328021 successfully opened
12	[2019-04-25] [09:16:01.670]	Wait for: 2201
13	[2019-04-25] [09:16:03.871]		Analyse page
14	[2019-04-25] [09:16:03.875]		Handle errors
15	[2019-04-25] [09:16:03.904]	Catalog links amount: 7
16	[2019-04-25] [09:16:03.906]	Link: #1 https://www.exist.ru/Price/?pid=C2204637
17	[2019-04-25] [09:16:03.907]	Link: #2 https://www.exist.ru/Price/?pid=57C08EB6
18	[2019-04-25] [09:16:03.907]	Link: #3 https://www.exist.ru/Price/?pid=7B003309
19	[2019-04-25] [09:16:03.908]	Link: #4 https://www.exist.ru/Price/?pid=258011A0
20	[2019-04-25] [09:16:03.908]	Link: #5 https://www.exist.ru/Price/?pid=99C0A8BD
21	[2019-04-25] [09:16:03.909]	Link: #6 https://www.exist.ru/Price/?pid=76C017CC
22	[2019-04-25] [09:16:03.910]	Link: #7 https://www.exist.ru/Price/?pid=0880DA87
23	[2019-04-25] [09:16:03.910]	Category not found, download all links
24	[2019-04-25] [09:16:03.910]	Go to: https://www.exist.ru/Price/?pid=C2204637
25	[2019-04-25] [09:16:06.558]	https://www.exist.ru/Price/?pid=C2204637 successfully opened
26	[2019-04-25] [09:16:06.558]		Analyse page
27	[2019-04-25] [09:16:06.561]		Handle errors
28	[2019-04-25] [09:16:06.561]	Wait for: 2016
29	[2019-04-25] [09:16:08.577]	Scrape: https://www.exist.ru/Price/?pid=C2204637
30	[2019-04-25] [09:16:08.577]		Start scraper
31	[2019-04-25] [09:16:08.577]	Get #priceBody.innerHTML
32	[2019-04-25] [09:16:08.598]	Page scrape 1 analogs
33	[2019-04-25] [09:16:08.598]	Go to: https://www.exist.ru/Price/?pid=57C08EB6
34	[2019-04-25] [09:16:10.423]	https://www.exist.ru/Price/?pid=57C08EB6 successfully opened
35	[2019-04-25] [09:16:10.423]		Analyse page
36	[2019-04-25] [09:16:10.427]		Handle errors
37	[2019-04-25] [09:16:10.427]	Wait for: 2024
38	[2019-04-25] [09:16:12.451]	Scrape: https://www.exist.ru/Price/?pid=57C08EB6
39	[2019-04-25] [09:16:12.451]		Start scraper
40	[2019-04-25] [09:16:12.451]	Get #priceBody.innerHTML
41	[2019-04-25] [09:16:12.476]	Page scrape 2 analogs
42	[2019-04-25] [09:16:12.476]	Go to: https://www.exist.ru/Price/?pid=7B003309
43	[2019-04-25] [09:16:13.742]	https://www.exist.ru/Price/?pid=7B003309 successfully opened
44	[2019-04-25] [09:16:13.742]		Analyse page
45	[2019-04-25] [09:16:13.746]		Handle errors
46	[2019-04-25] [09:16:13.746]	Wait for: 2297
47	[2019-04-25] [09:16:16.043]	Scrape: https://www.exist.ru/Price/?pid=7B003309
48	[2019-04-25] [09:16:16.043]		Start scraper
49	[2019-04-25] [09:16:16.043]	Get #priceBody.innerHTML
50	[2019-04-25] [09:16:16.050]	Page scrape 1 analogs
51	[2019-04-25] [09:16:16.050]	Go to: https://www.exist.ru/Price/?pid=258011A0
52	[2019-04-25] [09:16:17.460]	https://www.exist.ru/Price/?pid=258011A0 successfully opened
53	[2019-04-25] [09:16:17.460]		Analyse page
54	[2019-04-25] [09:16:17.462]		Handle errors
55	[2019-04-25] [09:16:17.462]	Wait for: 2052
56	[2019-04-25] [09:16:19.515]	Scrape: https://www.exist.ru/Price/?pid=258011A0
57	[2019-04-25] [09:16:19.515]		Start scraper
58	[2019-04-25] [09:16:19.515]	Get #priceBody.innerHTML
59	[2019-04-25] [09:16:19.532]	Page scrape 1 analogs
60	[2019-04-25] [09:16:19.532]	Go to: https://www.exist.ru/Price/?pid=99C0A8BD
61	[2019-04-25] [09:16:20.842]	https://www.exist.ru/Price/?pid=99C0A8BD successfully opened
62	[2019-04-25] [09:16:20.843]		Analyse page
63	[2019-04-25] [09:16:20.851]		Handle errors
64	[2019-04-25] [09:16:20.851]	Wait for: 2378
65	[2019-04-25] [09:16:23.230]	Scrape: https://www.exist.ru/Price/?pid=99C0A8BD
66	[2019-04-25] [09:16:23.230]		Start scraper
67	[2019-04-25] [09:16:23.230]	Get #priceBody.innerHTML
68	[2019-04-25] [09:16:23.258]	Page scrape 2 analogs
69	[2019-04-25] [09:16:23.258]	Go to: https://www.exist.ru/Price/?pid=76C017CC
70	[2019-04-25] [09:16:25.137]	https://www.exist.ru/Price/?pid=76C017CC successfully opened
71	[2019-04-25] [09:16:25.137]		Analyse page
72	[2019-04-25] [09:16:25.142]		Handle errors
73	[2019-04-25] [09:16:25.142]	Wait for: 2794
74	[2019-04-25] [09:16:27.937]	Scrape: https://www.exist.ru/Price/?pid=76C017CC
75	[2019-04-25] [09:16:27.937]		Start scraper
76	[2019-04-25] [09:16:27.937]	Get #priceBody.innerHTML
77	[2019-04-25] [09:16:27.947]	Page scrape 1 analogs
78	[2019-04-25] [09:16:27.947]	Go to: https://www.exist.ru/Price/?pid=0880DA87
79	[2019-04-25] [09:16:29.393]	https://www.exist.ru/Price/?pid=0880DA87 successfully opened
80	[2019-04-25] [09:16:29.393]		Analyse page
81	[2019-04-25] [09:16:29.400]		Handle errors
82	[2019-04-25] [09:16:29.400]	Wait for: 2150
83	[2019-04-25] [09:16:31.551]	Scrape: https://www.exist.ru/Price/?pid=0880DA87
84	[2019-04-25] [09:16:31.551]		Start scraper
85	[2019-04-25] [09:16:31.551]	Get #priceBody.innerHTML
86	[2019-04-25] [09:16:31.559]	Page scrape 1 analogs
87	[2019-04-25] [09:16:31.560]	Scraping https://www.exist.ru from article #5 328035
88	[2019-04-25] [09:16:31.560]	Scraping article: #5 328035 | category: Выжимные подшипники | https://www.exist.ru/Price/?pcode=328035
89	[2019-04-25] [09:16:32.593]	https://www.exist.ru/Price/?pcode=328035 successfully opened
90	[2019-04-25] [09:16:32.593]	Wait for: 2047
91	[2019-04-25] [09:16:34.641]		Analyse page
92	[2019-04-25] [09:16:34.643]		Handle errors
93	[2019-04-25] [09:16:34.645]	Catalog links amount: 3
94	[2019-04-25] [09:16:34.646]	Link: #1 https://www.exist.ru/Price/?pid=71B0004A
95	[2019-04-25] [09:16:34.646]	Link: #2 https://www.exist.ru/Price/?pid=5A008EB6
96	[2019-04-25] [09:16:34.648]	Link: #3 https://www.exist.ru/Price/?pid=9C00A8BD
97	[2019-04-25] [09:16:34.648]	Category not found, download all links
98	[2019-04-25] [09:16:34.648]	Go to: https://www.exist.ru/Price/?pid=71B0004A
99	[2019-04-25] [09:16:36.723]	https://www.exist.ru/Price/?pid=71B0004A successfully opened
100	[2019-04-25] [09:16:36.723]		Analyse page
101	[2019-04-25] [09:16:36.726]		Handle errors
102	[2019-04-25] [09:16:36.726]	Wait for: 2203
103	[2019-04-25] [09:16:38.929]	Scrape: https://www.exist.ru/Price/?pid=71B0004A
104	[2019-04-25] [09:16:38.929]		Start scraper
105	[2019-04-25] [09:16:38.929]	Get #priceBody.innerHTML
106	[2019-04-25] [09:16:38.948]	Page scrape 2 analogs
107	[2019-04-25] [09:16:38.948]	Go to: https://www.exist.ru/Price/?pid=5A008EB6
108	[2019-04-25] [09:16:40.267]	https://www.exist.ru/Price/?pid=5A008EB6 successfully opened
109	[2019-04-25] [09:16:40.267]		Analyse page
110	[2019-04-25] [09:16:40.271]		Handle errors
111	[2019-04-25] [09:16:40.271]	Wait for: 2533
112	[2019-04-25] [09:16:42.435]	Exit program
