1	[2019-04-25] [08:26:23.098]	Start program
2	[2019-04-25] [08:26:24.883]	Open: https://www.exist.ru
3	[2019-04-25] [08:26:29.205]	https://www.exist.ru successfully opened
4	[2019-04-25] [08:37:20.781]	Source files/source/articles.xlsx loaded, length: 684
5	[2019-04-25] [08:37:20.781]	Start main sequence.
6	[2019-04-25] [08:37:20.782]	Scraping https://www.exist.ru from article #1 326012
7	[2019-04-25] [08:37:20.792]	Scraping article: #1 326012 | category: Выжимные подшипники | https://www.exist.ru/Price/?pcode=326012
8	[2019-04-25] [08:37:24.553]	https://www.exist.ru/Price/?pcode=326012 successfully opened
9	[2019-04-25] [08:37:24.554]	Wait for: 2732
10	[2019-04-25] [08:37:27.287]		Analyse page
11	[2019-04-25] [08:37:27.324]		Handle errors
12	[2019-04-25] [08:37:27.411]	Catalog links amount: 8
13	[2019-04-25] [08:37:27.429]	Link: #1 https://www.exist.ru/Price/?pid=27606B9A
14	[2019-04-25] [08:37:27.431]	Link: #2 https://www.exist.ru/Price/?pid=FA208E7D
15	[2019-04-25] [08:37:27.432]	Link: #3 https://www.exist.ru/Price/?pid=57F0D215
16	[2019-04-25] [08:37:27.434]	Link: #4 https://www.exist.ru/Price/?pid=8800068C
17	[2019-04-25] [08:37:27.435]	Link: #5 https://www.exist.ru/Price/?pid=8EF07E11
18	[2019-04-25] [08:37:27.436]	Link: #6 https://www.exist.ru/Price/?pid=F360BBF5
19	[2019-04-25] [08:37:27.437]	Link: #7 https://www.exist.ru/Price/?pid=89A0B4E1
20	[2019-04-25] [08:37:27.438]	Link: #8 https://www.exist.ru/Price/?pid=A3805A60
21	[2019-04-25] [08:37:27.439]	Category not found, download all links
22	[2019-04-25] [08:37:27.439]	Go to: https://www.exist.ru/Price/?pid=27606B9A
23	[2019-04-25] [08:37:29.238]	https://www.exist.ru/Price/?pid=27606B9A successfully opened
24	[2019-04-25] [08:37:29.238]		Analyse page
25	[2019-04-25] [08:37:29.240]		Handle errors
26	[2019-04-25] [08:37:29.240]	Wait for: 2971
27	[2019-04-25] [08:37:32.211]	Scrape: https://www.exist.ru/Price/?pid=27606B9A
28	[2019-04-25] [08:37:32.211]		Start scraper
29	[2019-04-25] [08:37:32.211]	Get #priceBody.innerHTML
30	[2019-04-25] [08:37:32.243]	Page scrape 2 analogs
31	[2019-04-25] [08:37:32.243]	Go to: https://www.exist.ru/Price/?pid=FA208E7D
32	[2019-04-25] [08:37:33.803]	https://www.exist.ru/Price/?pid=FA208E7D successfully opened
33	[2019-04-25] [08:37:33.803]		Analyse page
34	[2019-04-25] [08:37:33.806]		Handle errors
35	[2019-04-25] [08:37:33.807]	Wait for: 2451
36	[2019-04-25] [08:37:36.258]	Scrape: https://www.exist.ru/Price/?pid=FA208E7D
37	[2019-04-25] [08:37:36.258]		Start scraper
38	[2019-04-25] [08:37:36.258]	Get #priceBody.innerHTML
39	[2019-04-25] [08:37:36.279]	Page scrape 2 analogs
40	[2019-04-25] [08:37:36.279]	Go to: https://www.exist.ru/Price/?pid=57F0D215
41	[2019-04-25] [08:37:37.583]	https://www.exist.ru/Price/?pid=57F0D215 successfully opened
42	[2019-04-25] [08:37:37.583]		Analyse page
43	[2019-04-25] [08:37:37.587]		Handle errors
44	[2019-04-25] [08:37:37.587]	Wait for: 2402
45	[2019-04-25] [08:37:39.989]	Scrape: https://www.exist.ru/Price/?pid=57F0D215
46	[2019-04-25] [08:37:39.989]		Start scraper
47	[2019-04-25] [08:37:39.989]	Get #priceBody.innerHTML
48	[2019-04-25] [08:37:40.002]	Page scrape 1 analogs
49	[2019-04-25] [08:37:40.002]	Go to: https://www.exist.ru/Price/?pid=8800068C
50	[2019-04-25] [08:37:41.205]	https://www.exist.ru/Price/?pid=8800068C successfully opened
51	[2019-04-25] [08:37:41.206]		Analyse page
52	[2019-04-25] [08:37:41.208]		Handle errors
53	[2019-04-25] [08:37:41.208]	Wait for: 2344
54	[2019-04-25] [08:37:43.552]	Scrape: https://www.exist.ru/Price/?pid=8800068C
55	[2019-04-25] [08:37:43.552]		Start scraper
56	[2019-04-25] [08:37:43.552]	Get #priceBody.innerHTML
57	[2019-04-25] [08:37:43.561]	Page scrape 1 analogs
58	[2019-04-25] [08:37:43.561]	Go to: https://www.exist.ru/Price/?pid=8EF07E11
59	[2019-04-25] [08:37:45.631]	https://www.exist.ru/Price/?pid=8EF07E11 successfully opened
60	[2019-04-25] [08:37:45.631]		Analyse page
61	[2019-04-25] [08:37:45.633]		Handle errors
62	[2019-04-25] [08:37:45.633]	Wait for: 2346
63	[2019-04-25] [08:37:47.979]	Scrape: https://www.exist.ru/Price/?pid=8EF07E11
64	[2019-04-25] [08:37:47.980]		Start scraper
65	[2019-04-25] [08:37:47.980]	Get #priceBody.innerHTML
66	[2019-04-25] [08:37:47.994]	Page scrape 2 analogs
67	[2019-04-25] [08:37:47.994]	Go to: https://www.exist.ru/Price/?pid=F360BBF5
68	[2019-04-25] [08:37:49.252]	https://www.exist.ru/Price/?pid=F360BBF5 successfully opened
69	[2019-04-25] [08:37:49.252]		Analyse page
70	[2019-04-25] [08:37:49.257]		Handle errors
71	[2019-04-25] [08:37:49.257]	Wait for: 2923
72	[2019-04-25] [08:37:52.181]	Scrape: https://www.exist.ru/Price/?pid=F360BBF5
73	[2019-04-25] [08:37:52.181]		Start scraper
74	[2019-04-25] [08:37:52.181]	Get #priceBody.innerHTML
75	[2019-04-25] [08:37:52.200]	Page scrape 6 analogs
76	[2019-04-25] [08:37:52.200]	Go to: https://www.exist.ru/Price/?pid=89A0B4E1
77	[2019-04-25] [08:37:53.721]	https://www.exist.ru/Price/?pid=89A0B4E1 successfully opened
78	[2019-04-25] [08:37:53.721]		Analyse page
79	[2019-04-25] [08:37:53.724]		Handle errors
80	[2019-04-25] [08:37:53.724]	Wait for: 2962
81	[2019-04-25] [08:37:56.686]	Scrape: https://www.exist.ru/Price/?pid=89A0B4E1
82	[2019-04-25] [08:37:56.686]		Start scraper
83	[2019-04-25] [08:37:56.686]	Get #priceBody.innerHTML
84	[2019-04-25] [08:37:56.694]	Page scrape 1 analogs
85	[2019-04-25] [08:37:56.694]	Go to: https://www.exist.ru/Price/?pid=A3805A60
86	[2019-04-25] [08:37:58.679]	https://www.exist.ru/Price/?pid=A3805A60 successfully opened
87	[2019-04-25] [08:37:58.679]		Analyse page
88	[2019-04-25] [08:37:58.683]		Handle errors
89	[2019-04-25] [08:37:58.683]	Wait for: 2223
90	[2019-04-25] [08:38:00.906]	Scrape: https://www.exist.ru/Price/?pid=A3805A60
91	[2019-04-25] [08:38:00.906]		Start scraper
92	[2019-04-25] [08:38:00.906]	Get #priceBody.innerHTML
93	[2019-04-25] [08:38:00.916]	Page scrape 1 analogs
94	[2019-04-25] [08:38:00.918]	Scraping https://www.exist.ru from article #2 328006
95	[2019-04-25] [08:38:00.918]	Script execution finished.
96	[2019-04-25] [08:38:00.919]	***
