1	[2019-04-24] [15:00:11.669]	Start program
2	[2019-04-24] [15:00:14.651]	Open: https://www.exist.ru
3	[2019-04-24] [15:00:18.342]	https://www.exist.ru successfully opened
4	[2019-04-24] [15:01:06.788]	Source files/source/articles.xlsx loaded, length: 684
5	[2019-04-24] [15:01:06.789]	Start main sequence.
6	[2019-04-24] [15:01:06.789]	Scraping https://www.exist.ru from article #1 326012
7	[2019-04-24] [15:01:06.790]	Scraping https://www.exist.ru from article #2 328006
8	[2019-04-24] [15:01:06.790]	Scraping https://www.exist.ru from article #3 328008
9	[2019-04-24] [15:01:06.790]	Scraping https://www.exist.ru from article #4 328021
10	[2019-04-24] [15:01:06.790]	Scraping https://www.exist.ru from article #5 328035
11	[2019-04-24] [15:01:06.790]	Scraping https://www.exist.ru from article #6 328036
12	[2019-04-24] [15:01:06.791]	Scraping https://www.exist.ru from article #7 328037
13	[2019-04-24] [15:01:06.791]	Scraping https://www.exist.ru from article #8 344573
14	[2019-04-24] [15:01:06.791]	Scraping https://www.exist.ru from article #9 344685
15	[2019-04-24] [15:01:06.791]	Scraping https://www.exist.ru from article #10 344686
16	[2019-04-24] [15:01:06.791]	Scraping https://www.exist.ru from article #11 344884
17	[2019-04-24] [15:01:06.791]	Scraping https://www.exist.ru from article #12 344885
18	[2019-04-24] [15:01:06.791]	Scraping https://www.exist.ru from article #13 344913
19	[2019-04-24] [15:01:06.791]	Scraping https://www.exist.ru from article #14 344914
20	[2019-04-24] [15:01:06.791]	Scraping https://www.exist.ru from article #15 345020
21	[2019-04-24] [15:01:06.792]	Scraping https://www.exist.ru from article #16 345134
22	[2019-04-24] [15:01:06.792]	Scraping https://www.exist.ru from article #17 345135
23	[2019-04-24] [15:01:06.792]	Scraping https://www.exist.ru from article #18 345136
24	[2019-04-24] [15:01:06.792]	Scraping https://www.exist.ru from article #19 345137
25	[2019-04-24] [15:01:06.792]	Scraping https://www.exist.ru from article #20 350176
26	[2019-04-24] [15:01:06.792]	Scraping https://www.exist.ru from article #21 350617
27	[2019-04-24] [15:01:06.792]	Scraping https://www.exist.ru from article #22 352532
28	[2019-04-24] [15:01:06.793]	Scraping article: #22 352532 | category: Рычаги подвески | https://www.exist.ru/Price/?pcode=352532
29	[2019-04-24] [15:01:12.989]	https://www.exist.ru/Price/?pcode=352532 successfully opened
30	[2019-04-24] [15:01:12.989]	Wait for: 2303
31	[2019-04-24] [15:01:15.293]		Analyse page
32	[2019-04-24] [15:01:15.297]		Handle errors
33	[2019-04-24] [15:01:15.297]	Captcha cached
34	[2019-04-24] [15:01:15.297]	[object Object]
