1	[2019-04-23] [14:23:55.168]	Start program
2	[2019-04-23] [14:23:58.381]	Open: https://www.exist.ru
3	[2019-04-23] [14:24:15.875]	https://www.exist.ru successfully opened
4	[2019-04-23] [14:24:18.531]	Source files/source/articles.xlsx loaded, length: 684
5	[2019-04-23] [14:24:18.531]	Results files/result/result.xlsx loaded, length: 2137
6	[2019-04-23] [14:24:18.532]	Scraping https://www.exist.ru from article #58 834126
7	[2019-04-23] [14:24:18.532]	Start main sequence.
8	[2019-04-23] [14:24:18.532]	Scraping article: #58 834126 | category: Фильтры воздушные двигателя | https://www.exist.ru/Price/?pcode=834126
9	[2019-04-23] [14:24:20.580]	https://www.exist.ru/Price/?pcode=834126 successfully opened
10	[2019-04-23] [14:24:20.581]	Wait for: 1478
11	[2019-04-23] [14:24:22.060]		Analyse page
12	[2019-04-23] [14:24:22.064]		Handle errors
13	[2019-04-23] [14:24:22.104]	Catalog links amount: 2
14	[2019-04-23] [14:24:22.106]	Link: #1 https://www.exist.ru/Price/?pid=E620958A
15	[2019-04-23] [14:24:22.107]	Link: #2 https://www.exist.ru/Price/?pid=1C40CA75
16	[2019-04-23] [14:24:22.107]	Category not found, download all links
17	[2019-04-23] [14:24:22.107]	Go to: https://www.exist.ru/Price/?pid=E620958A
18	[2019-04-23] [14:24:26.994]	https://www.exist.ru/Price/?pid=E620958A successfully opened
19	[2019-04-23] [14:24:26.995]		Analyse page
20	[2019-04-23] [14:24:26.998]		Handle errors
21	[2019-04-23] [14:24:26.998]	Wait for: 1423
22	[2019-04-23] [14:24:28.422]	Scrape: https://www.exist.ru/Price/?pid=E620958A
23	[2019-04-23] [14:24:28.423]		Start scraper
24	[2019-04-23] [14:24:28.423]	Get #priceBody.innerHTML
25	[2019-04-23] [14:24:28.578]	Page scrape 23 analogs
26	[2019-04-23] [14:24:28.578]	Go to: https://www.exist.ru/Price/?pid=1C40CA75
27	[2019-04-23] [14:24:29.965]	https://www.exist.ru/Price/?pid=1C40CA75 successfully opened
28	[2019-04-23] [14:24:29.965]		Analyse page
29	[2019-04-23] [14:24:29.968]		Handle errors
30	[2019-04-23] [14:24:29.968]	Wait for: 1220
31	[2019-04-23] [14:24:31.187]	Scrape: https://www.exist.ru/Price/?pid=1C40CA75
32	[2019-04-23] [14:24:31.187]		Start scraper
33	[2019-04-23] [14:24:31.188]	Get #priceBody.innerHTML
34	[2019-04-23] [14:24:31.194]	Page scrape 1 analogs
35	[2019-04-23] [14:24:31.196]	Write XLSX to: files/source/articles.xlsx
36	[2019-04-23] [14:24:31.229]	Write XLSX to: files/result/result.xlsx
37	[2019-04-23] [14:24:31.335]	Script execution finished.
38	[2019-04-23] [14:24:31.336]	***
39	[2019-04-23] [15:00:19.228]	Exit program
