1	[2019-04-24] [09:48:49.812]	Start program
2	[2019-04-24] [09:48:52.305]	Open: https://www.exist.ru
3	[2019-04-24] [09:49:04.188]	https://www.exist.ru successfully opened
4	[2019-04-24] [09:49:08.872]	Source files/source/articles.xlsx loaded, length: 684
5	[2019-04-24] [09:49:08.872]	Results files/result/result.xlsx loaded, length: 3713
6	[2019-04-24] [09:49:08.873]	Scraping https://www.exist.ru from article #5 328035
7	[2019-04-24] [09:49:08.873]	Start main sequence.
8	[2019-04-24] [09:49:08.874]	Scraping article: #5 328035 | category: Выжимные подшипники | https://www.exist.ru/Price/?pcode=328035
9	[2019-04-24] [09:49:36.472]	https://www.exist.ru/Price/?pcode=328035 successfully opened
10	[2019-04-24] [09:49:36.472]	Wait for: 2441
11	[2019-04-24] [09:49:38.914]		Analyse page
12	[2019-04-24] [09:49:38.919]		Handle errors
13	[2019-04-24] [09:49:38.946]	Catalog links amount: 3
14	[2019-04-24] [09:49:38.950]	Link: #1 https://www.exist.ru/Price/?pid=71B0004A
15	[2019-04-24] [09:49:38.952]	Link: #2 https://www.exist.ru/Price/?pid=5A008EB6
16	[2019-04-24] [09:49:38.953]	Link: #3 https://www.exist.ru/Price/?pid=9C00A8BD
17	[2019-04-24] [09:49:38.953]	Category not found, download all links
18	[2019-04-24] [09:49:38.953]	Go to: https://www.exist.ru/Price/?pid=71B0004A
19	[2019-04-24] [09:49:45.128]	https://www.exist.ru/Price/?pid=71B0004A successfully opened
20	[2019-04-24] [09:49:45.129]		Analyse page
21	[2019-04-24] [09:49:45.133]		Handle errors
22	[2019-04-24] [09:49:45.133]	Wait for: 2593
23	[2019-04-24] [09:49:47.726]	Scrape: https://www.exist.ru/Price/?pid=71B0004A
24	[2019-04-24] [09:49:47.727]		Start scraper
25	[2019-04-24] [09:49:47.727]	Get #priceBody.innerHTML
26	[2019-04-24] [09:49:47.757]	Page scrape 3 analogs
27	[2019-04-24] [09:49:47.758]	Go to: https://www.exist.ru/Price/?pid=5A008EB6
28	[2019-04-24] [09:49:51.591]	https://www.exist.ru/Price/?pid=5A008EB6 successfully opened
29	[2019-04-24] [09:49:51.591]		Analyse page
30	[2019-04-24] [09:49:51.594]		Handle errors
31	[2019-04-24] [09:49:51.594]	Wait for: 2593
32	[2019-04-24] [09:49:54.187]	Scrape: https://www.exist.ru/Price/?pid=5A008EB6
33	[2019-04-24] [09:49:54.187]		Start scraper
34	[2019-04-24] [09:49:54.187]	Get #priceBody.innerHTML
35	[2019-04-24] [09:49:54.207]	Page scrape 1 analogs
36	[2019-04-24] [09:49:54.208]	Go to: https://www.exist.ru/Price/?pid=9C00A8BD
37	[2019-04-24] [09:49:57.528]	https://www.exist.ru/Price/?pid=9C00A8BD successfully opened
38	[2019-04-24] [09:49:57.528]		Analyse page
39	[2019-04-24] [09:49:57.530]		Handle errors
40	[2019-04-24] [09:49:57.530]	Wait for: 2724
41	[2019-04-24] [09:50:00.255]	Scrape: https://www.exist.ru/Price/?pid=9C00A8BD
42	[2019-04-24] [09:50:00.255]		Start scraper
43	[2019-04-24] [09:50:00.255]	Get #priceBody.innerHTML
44	[2019-04-24] [09:50:00.296]	Page scrape 2 analogs
45	[2019-04-24] [09:50:00.297]	Write XLSX to: files/source/articles.xlsx
46	[2019-04-24] [09:50:00.337]	Write XLSX to: files/result/result.xlsx
47	[2019-04-24] [09:50:00.537]	Script execution finished.
48	[2019-04-24] [09:50:00.537]	***
