1	[2019-04-24] [10:30:05.309]	Start program
2	[2019-04-24] [10:30:06.735]	Open: https://www.exist.ru
3	[2019-04-24] [10:30:09.185]	https://www.exist.ru successfully opened
4	[2019-04-24] [10:30:25.800]	Source files/source/articles.xlsx loaded, length: 684
5	[2019-04-24] [10:30:25.800]	Results files/result/result.xlsx loaded, length: 3821
6	[2019-04-24] [10:30:25.800]	Scraping https://www.exist.ru from article #17 345135
7	[2019-04-24] [10:30:25.800]	Start main sequence.
8	[2019-04-24] [10:30:25.802]	Scraping article: #17 345135 | category: Амортизаторы | https://www.exist.ru/Price/?pcode=345135
9	[2019-04-24] [10:30:27.132]	https://www.exist.ru/Price/?pcode=345135 successfully opened
10	[2019-04-24] [10:30:27.132]	Wait for: 2891
11	[2019-04-24] [10:30:30.024]		Analyse page
12	[2019-04-24] [10:30:30.028]		Handle errors
13	[2019-04-24] [10:30:30.055]	Catalog links amount: 5
14	[2019-04-24] [10:30:30.057]	Link: #1 https://www.exist.ru/Price/?pid=10D0E1FA
15	[2019-04-24] [10:30:30.058]	Link: #2 https://www.exist.ru/Price/?pid=8DE008E0
16	[2019-04-24] [10:30:30.059]	Link: #3 https://www.exist.ru/Price/?pid=7FC0DA1B
17	[2019-04-24] [10:30:30.060]	Link: #4 https://www.exist.ru/Price/?pid=AAD05445
18	[2019-04-24] [10:30:30.060]	Link: #5 https://www.exist.ru/Price/?pid=CAB0A095
19	[2019-04-24] [10:30:30.060]	Category not found, download all links
20	[2019-04-24] [10:30:30.060]	Go to: https://www.exist.ru/Price/?pid=10D0E1FA
21	[2019-04-24] [10:30:31.441]	https://www.exist.ru/Price/?pid=10D0E1FA successfully opened
22	[2019-04-24] [10:30:31.441]		Analyse page
23	[2019-04-24] [10:30:31.447]		Handle errors
24	[2019-04-24] [10:30:31.447]	Wait for: 2769
25	[2019-04-24] [10:30:34.215]	Scrape: https://www.exist.ru/Price/?pid=10D0E1FA
26	[2019-04-24] [10:30:34.216]		Start scraper
27	[2019-04-24] [10:30:34.216]	Get #priceBody.innerHTML
28	[2019-04-24] [10:30:34.244]	Page scrape 2 analogs
29	[2019-04-24] [10:30:34.244]	Go to: https://www.exist.ru/Price/?pid=8DE008E0
30	[2019-04-24] [10:30:35.563]	https://www.exist.ru/Price/?pid=8DE008E0 successfully opened
31	[2019-04-24] [10:30:35.563]		Analyse page
32	[2019-04-24] [10:30:35.566]		Handle errors
33	[2019-04-24] [10:30:35.566]	Wait for: 2218
34	[2019-04-24] [10:30:37.789]	Scrape: https://www.exist.ru/Price/?pid=8DE008E0
35	[2019-04-24] [10:30:37.789]		Start scraper
36	[2019-04-24] [10:30:37.789]	Get #priceBody.innerHTML
37	[2019-04-24] [10:30:37.817]	Page scrape 2 analogs
38	[2019-04-24] [10:30:37.818]	Go to: https://www.exist.ru/Price/?pid=7FC0DA1B
39	[2019-04-24] [10:30:39.153]	https://www.exist.ru/Price/?pid=7FC0DA1B successfully opened
40	[2019-04-24] [10:30:39.153]		Analyse page
41	[2019-04-24] [10:30:39.156]		Handle errors
42	[2019-04-24] [10:30:39.156]	Wait for: 2976
43	[2019-04-24] [10:30:42.132]	Scrape: https://www.exist.ru/Price/?pid=7FC0DA1B
44	[2019-04-24] [10:30:42.132]		Start scraper
45	[2019-04-24] [10:30:42.132]	Get #priceBody.innerHTML
46	[2019-04-24] [10:30:42.162]	Page scrape 2 analogs
47	[2019-04-24] [10:30:42.162]	Go to: https://www.exist.ru/Price/?pid=AAD05445
48	[2019-04-24] [10:30:43.427]	https://www.exist.ru/Price/?pid=AAD05445 successfully opened
49	[2019-04-24] [10:30:43.428]		Analyse page
50	[2019-04-24] [10:30:43.430]		Handle errors
51	[2019-04-24] [10:30:43.430]	Wait for: 2971
52	[2019-04-24] [10:30:46.402]	Scrape: https://www.exist.ru/Price/?pid=AAD05445
53	[2019-04-24] [10:30:46.402]		Start scraper
54	[2019-04-24] [10:30:46.402]	Get #priceBody.innerHTML
55	[2019-04-24] [10:30:46.422]	Page scrape 1 analogs
56	[2019-04-24] [10:30:46.422]	Go to: https://www.exist.ru/Price/?pid=CAB0A095
57	[2019-04-24] [10:30:47.692]	https://www.exist.ru/Price/?pid=CAB0A095 successfully opened
58	[2019-04-24] [10:30:47.692]		Analyse page
59	[2019-04-24] [10:30:47.697]		Handle errors
60	[2019-04-24] [10:30:47.698]	Wait for: 2020
61	[2019-04-24] [10:30:49.718]	Scrape: https://www.exist.ru/Price/?pid=CAB0A095
62	[2019-04-24] [10:30:49.718]		Start scraper
63	[2019-04-24] [10:30:49.718]	Get #priceBody.innerHTML
64	[2019-04-24] [10:30:49.746]	Page scrape 3 analogs
65	[2019-04-24] [10:30:49.748]	Scraping article: #18 345136 | category: Амортизаторы | https://www.exist.ru/Price/?pcode=345136
66	[2019-04-24] [10:30:50.949]	https://www.exist.ru/Price/?pcode=345136 successfully opened
67	[2019-04-24] [10:30:50.950]	Wait for: 2904
68	[2019-04-24] [10:30:53.854]		Analyse page
69	[2019-04-24] [10:30:53.856]		Handle errors
70	[2019-04-24] [10:30:53.859]	Catalog links amount: 4
71	[2019-04-24] [10:30:53.860]	Link: #1 https://www.exist.ru/Price/?pid=0C20E1FA
72	[2019-04-24] [10:30:53.861]	Link: #2 https://www.exist.ru/Price/?pid=DBA0E0F0
73	[2019-04-24] [10:30:53.861]	Link: #3 https://www.exist.ru/Price/?pid=AB005445
74	[2019-04-24] [10:30:53.862]	Link: #4 https://www.exist.ru/Price/?pid=CAE0A095
75	[2019-04-24] [10:30:53.862]	Category not found, download all links
76	[2019-04-24] [10:30:53.862]	Go to: https://www.exist.ru/Price/?pid=0C20E1FA
77	[2019-04-24] [10:30:55.105]	https://www.exist.ru/Price/?pid=0C20E1FA successfully opened
78	[2019-04-24] [10:30:55.105]		Analyse page
79	[2019-04-24] [10:30:55.107]		Handle errors
80	[2019-04-24] [10:30:55.108]	Wait for: 2501
81	[2019-04-24] [10:30:57.608]	Scrape: https://www.exist.ru/Price/?pid=0C20E1FA
82	[2019-04-24] [10:30:57.609]		Start scraper
83	[2019-04-24] [10:30:57.609]	Get #priceBody.innerHTML
84	[2019-04-24] [10:30:57.644]	Page scrape 2 analogs
85	[2019-04-24] [10:30:57.644]	Go to: https://www.exist.ru/Price/?pid=DBA0E0F0
86	[2019-04-24] [10:30:58.405]	https://www.exist.ru/Price/?pid=DBA0E0F0 successfully opened
87	[2019-04-24] [10:30:58.405]		Analyse page
88	[2019-04-24] [10:30:58.423]	Error: Evaluation failed: TypeError: Cannot read property 'innerText' of null
    at __puppeteer_evaluation_script__:5:54
89	[2019-04-24] [10:31:00.534]	Open: https://www.exist.ru
90	[2019-04-24] [10:31:11.607]	Open: https://www.exist.ru
91	[2019-04-24] [10:31:14.426]	Open: https://www.exist.ru
92	[2019-04-24] [10:31:15.453]	Exit program
