1	[2019-04-25] [13:28:50.548]	Start program
2	[2019-04-25] [13:28:52.399]	Open: https://www.exist.ru
3	[2019-04-25] [13:28:56.182]	https://www.exist.ru successfully opened
4	[2019-04-25] [13:29:58.730]	Source files/source/articles.xlsx loaded, length: 684
5	[2019-04-25] [13:29:58.730]	Start main sequence.
6	[2019-04-25] [13:29:58.730]	Scraping https://www.exist.ru from article #1 326012
7	[2019-04-25] [13:29:58.732]	Scraping article: #1 326012 | category: Выжимные подшипники | https://www.exist.ru/Price/?pcode=326012
8	[2019-04-25] [13:30:01.064]	https://www.exist.ru/Price/?pcode=326012 successfully opened
9	[2019-04-25] [13:30:01.065]	Wait for: 685
10	[2019-04-25] [13:30:01.750]		Analyse page
11	[2019-04-25] [13:30:01.757]		Handle errors
12	[2019-04-25] [13:30:01.783]	Catalog links amount: 8
13	[2019-04-25] [13:30:01.785]	Link: #1 https://www.exist.ru/Price/?pid=27606B9A
14	[2019-04-25] [13:30:01.786]	Link: #2 https://www.exist.ru/Price/?pid=FA208E7D
15	[2019-04-25] [13:30:01.787]	Link: #3 https://www.exist.ru/Price/?pid=57F0D215
16	[2019-04-25] [13:30:01.788]	Link: #4 https://www.exist.ru/Price/?pid=8800068C
17	[2019-04-25] [13:30:01.789]	Link: #5 https://www.exist.ru/Price/?pid=8EF07E11
18	[2019-04-25] [13:30:01.789]	Link: #6 https://www.exist.ru/Price/?pid=F360BBF5
19	[2019-04-25] [13:30:01.791]	Link: #7 https://www.exist.ru/Price/?pid=89A0B4E1
20	[2019-04-25] [13:30:01.792]	Link: #8 https://www.exist.ru/Price/?pid=A3805A60
21	[2019-04-25] [13:30:01.792]	Category not found, download all links
22	[2019-04-25] [13:30:01.792]	Go to: https://www.exist.ru/Price/?pid=27606B9A
23	[2019-04-25] [13:30:03.167]	https://www.exist.ru/Price/?pid=27606B9A successfully opened
24	[2019-04-25] [13:30:03.167]		Analyse page
25	[2019-04-25] [13:30:03.170]		Handle errors
26	[2019-04-25] [13:30:03.171]	Wait for: 674
27	[2019-04-25] [13:30:03.847]	Scrape: https://www.exist.ru/Price/?pid=27606B9A
28	[2019-04-25] [13:30:03.847]		Start scraper
29	[2019-04-25] [13:30:03.847]	Get #priceBody.innerHTML
30	[2019-04-25] [13:30:03.872]	Page scrape 2 analogs
31	[2019-04-25] [13:30:03.872]	Go to: https://www.exist.ru/Price/?pid=FA208E7D
32	[2019-04-25] [13:30:05.218]	https://www.exist.ru/Price/?pid=FA208E7D successfully opened
33	[2019-04-25] [13:30:05.218]		Analyse page
34	[2019-04-25] [13:30:05.220]		Handle errors
35	[2019-04-25] [13:30:05.220]	Wait for: 605
36	[2019-04-25] [13:30:05.825]	Scrape: https://www.exist.ru/Price/?pid=FA208E7D
37	[2019-04-25] [13:30:05.825]		Start scraper
38	[2019-04-25] [13:30:05.825]	Get #priceBody.innerHTML
39	[2019-04-25] [13:30:05.840]	Page scrape 2 analogs
40	[2019-04-25] [13:30:05.840]	Go to: https://www.exist.ru/Price/?pid=57F0D215
41	[2019-04-25] [13:30:06.673]	https://www.exist.ru/Price/?pid=57F0D215 successfully opened
42	[2019-04-25] [13:30:06.673]		Analyse page
43	[2019-04-25] [13:30:06.675]		Handle errors
44	[2019-04-25] [13:30:06.675]	Wait for: 821
45	[2019-04-25] [13:30:07.496]	Scrape: https://www.exist.ru/Price/?pid=57F0D215
46	[2019-04-25] [13:30:07.496]		Start scraper
47	[2019-04-25] [13:30:07.496]	Get #priceBody.innerHTML
48	[2019-04-25] [13:30:07.518]	Page scrape 1 analogs
49	[2019-04-25] [13:30:07.519]	Go to: https://www.exist.ru/Price/?pid=8800068C
50	[2019-04-25] [13:30:08.725]	https://www.exist.ru/Price/?pid=8800068C successfully opened
51	[2019-04-25] [13:30:08.725]		Analyse page
52	[2019-04-25] [13:30:08.727]		Handle errors
53	[2019-04-25] [13:30:08.727]	Wait for: 550
54	[2019-04-25] [13:30:09.278]	Scrape: https://www.exist.ru/Price/?pid=8800068C
55	[2019-04-25] [13:30:09.278]		Start scraper
56	[2019-04-25] [13:30:09.278]	Get #priceBody.innerHTML
57	[2019-04-25] [13:30:09.295]	Page scrape 1 analogs
58	[2019-04-25] [13:30:09.296]	Go to: https://www.exist.ru/Price/?pid=8EF07E11
59	[2019-04-25] [13:30:10.458]	https://www.exist.ru/Price/?pid=8EF07E11 successfully opened
60	[2019-04-25] [13:30:10.458]		Analyse page
61	[2019-04-25] [13:30:10.460]		Handle errors
62	[2019-04-25] [13:30:10.460]	Wait for: 915
63	[2019-04-25] [13:30:11.376]	Scrape: https://www.exist.ru/Price/?pid=8EF07E11
64	[2019-04-25] [13:30:11.376]		Start scraper
65	[2019-04-25] [13:30:11.376]	Get #priceBody.innerHTML
66	[2019-04-25] [13:30:11.405]	Page scrape 2 analogs
67	[2019-04-25] [13:30:11.406]	Go to: https://www.exist.ru/Price/?pid=F360BBF5
68	[2019-04-25] [13:30:13.266]	https://www.exist.ru/Price/?pid=F360BBF5 successfully opened
69	[2019-04-25] [13:30:13.266]		Analyse page
70	[2019-04-25] [13:30:13.272]		Handle errors
71	[2019-04-25] [13:30:13.272]	Wait for: 701
72	[2019-04-25] [13:30:13.974]	Scrape: https://www.exist.ru/Price/?pid=F360BBF5
73	[2019-04-25] [13:30:13.974]		Start scraper
74	[2019-04-25] [13:30:13.974]	Get #priceBody.innerHTML
75	[2019-04-25] [13:30:14.018]	Page scrape 6 analogs
76	[2019-04-25] [13:30:14.019]	Go to: https://www.exist.ru/Price/?pid=89A0B4E1
77	[2019-04-25] [13:30:15.185]	https://www.exist.ru/Price/?pid=89A0B4E1 successfully opened
78	[2019-04-25] [13:30:15.185]		Analyse page
79	[2019-04-25] [13:30:15.187]		Handle errors
80	[2019-04-25] [13:30:15.188]	Wait for: 990
81	[2019-04-25] [13:30:16.178]	Scrape: https://www.exist.ru/Price/?pid=89A0B4E1
82	[2019-04-25] [13:30:16.178]		Start scraper
83	[2019-04-25] [13:30:16.178]	Get #priceBody.innerHTML
84	[2019-04-25] [13:30:16.195]	Page scrape 1 analogs
85	[2019-04-25] [13:30:16.196]	Go to: https://www.exist.ru/Price/?pid=A3805A60
86	[2019-04-25] [13:30:17.097]	https://www.exist.ru/Price/?pid=A3805A60 successfully opened
87	[2019-04-25] [13:30:17.097]		Analyse page
88	[2019-04-25] [13:30:17.102]		Handle errors
89	[2019-04-25] [13:30:17.103]	Wait for: 687
90	[2019-04-25] [13:30:17.790]	Scrape: https://www.exist.ru/Price/?pid=A3805A60
91	[2019-04-25] [13:30:17.790]		Start scraper
92	[2019-04-25] [13:30:17.791]	Get #priceBody.innerHTML
93	[2019-04-25] [13:30:17.804]	Page scrape 1 analogs
94	[2019-04-25] [13:30:17.805]	Scraping https://www.exist.ru from article #2 328006
95	[2019-04-25] [13:30:17.806]	Scraping article: #2 328006 | category: Выжимные подшипники | https://www.exist.ru/Price/?pcode=328006
96	[2019-04-25] [13:30:18.934]	https://www.exist.ru/Price/?pcode=328006 successfully opened
97	[2019-04-25] [13:30:18.936]	Wait for: 777
98	[2019-04-25] [13:30:19.712]		Analyse page
99	[2019-04-25] [13:30:19.715]		Handle errors
100	[2019-04-25] [13:30:19.721]	Catalog links amount: 3
101	[2019-04-25] [13:30:19.722]	Link: #1 https://www.exist.ru/Price/?pid=F6B047DA
102	[2019-04-25] [13:30:19.724]	Link: #2 https://www.exist.ru/Price/?pid=97F0068C
103	[2019-04-25] [13:30:19.725]	Link: #3 https://www.exist.ru/Price/?pid=9780A8BD
104	[2019-04-25] [13:30:19.726]	Category not found, download all links
105	[2019-04-25] [13:30:19.726]	Go to: https://www.exist.ru/Price/?pid=F6B047DA
106	[2019-04-25] [13:30:20.992]	https://www.exist.ru/Price/?pid=F6B047DA successfully opened
107	[2019-04-25] [13:30:20.993]		Analyse page
108	[2019-04-25] [13:30:20.995]		Handle errors
109	[2019-04-25] [13:30:20.995]	Wait for: 837
110	[2019-04-25] [13:30:21.833]	Scrape: https://www.exist.ru/Price/?pid=F6B047DA
111	[2019-04-25] [13:30:21.833]		Start scraper
112	[2019-04-25] [13:30:21.833]	Get #priceBody.innerHTML
113	[2019-04-25] [13:30:21.867]	Page scrape 2 analogs
114	[2019-04-25] [13:30:21.867]	Go to: https://www.exist.ru/Price/?pid=97F0068C
115	[2019-04-25] [13:30:23.565]	https://www.exist.ru/Price/?pid=97F0068C successfully opened
116	[2019-04-25] [13:30:23.565]		Analyse page
117	[2019-04-25] [13:30:23.567]		Handle errors
118	[2019-04-25] [13:30:23.567]	Wait for: 904
119	[2019-04-25] [13:30:24.471]	Scrape: https://www.exist.ru/Price/?pid=97F0068C
120	[2019-04-25] [13:30:24.471]		Start scraper
121	[2019-04-25] [13:30:24.471]	Get #priceBody.innerHTML
122	[2019-04-25] [13:30:24.530]	Page scrape 7 analogs
123	[2019-04-25] [13:30:24.531]	Go to: https://www.exist.ru/Price/?pid=9780A8BD
124	[2019-04-25] [13:30:30.183]	https://www.exist.ru/Price/?pid=9780A8BD successfully opened
125	[2019-04-25] [13:30:30.183]		Analyse page
126	[2019-04-25] [13:30:30.185]		Handle errors
127	[2019-04-25] [13:30:30.185]	Banner detected
128	[2019-04-25] [13:30:30.186]	Wait for banner
129	[2019-04-25] [13:30:37.916]	Banner skiped
130	[2019-04-25] [13:30:37.916]	Wait for: 648
131	[2019-04-25] [13:30:38.565]	Scrape: https://www.exist.ru/Price/?pid=9780A8BD
132	[2019-04-25] [13:30:38.565]		Start scraper
133	[2019-04-25] [13:30:38.566]	Get #priceBody.innerHTML
134	[2019-04-25] [13:30:38.587]	Page scrape 2 analogs
135	[2019-04-25] [13:30:38.588]	Scraping https://www.exist.ru from article #3 328008
136	[2019-04-25] [13:30:38.589]	Scraping article: #3 328008 | category: Выжимные подшипники | https://www.exist.ru/Price/?pcode=328008
137	[2019-04-25] [13:30:39.764]	https://www.exist.ru/Price/?pcode=328008 successfully opened
138	[2019-04-25] [13:30:39.765]	Wait for: 974
139	[2019-04-25] [13:30:40.739]		Analyse page
140	[2019-04-25] [13:30:40.742]		Handle errors
141	[2019-04-25] [13:30:40.748]	Catalog links amount: 4
142	[2019-04-25] [13:30:40.749]	Link: #1 https://www.exist.ru/Price/?pid=F77047DA
143	[2019-04-25] [13:30:40.750]	Link: #2 https://www.exist.ru/Price/?pid=9820068C
144	[2019-04-25] [13:30:40.751]	Link: #3 https://www.exist.ru/Price/?pid=2A30654C
145	[2019-04-25] [13:30:40.753]	Link: #4 https://www.exist.ru/Price/?pid=97B0A8BD
146	[2019-04-25] [13:30:40.753]	Category not found, download all links
147	[2019-04-25] [13:30:40.754]	Go to: https://www.exist.ru/Price/?pid=F77047DA
148	[2019-04-25] [13:30:47.289]	https://www.exist.ru/Price/?pid=F77047DA successfully opened
149	[2019-04-25] [13:30:47.289]		Analyse page
150	[2019-04-25] [13:30:47.293]		Handle errors
151	[2019-04-25] [13:30:47.293]	Captcha cached
152	[2019-04-25] [13:30:47.293]	[object Object]
153	[2019-04-25] [13:30:47.296]	Script execution finished.
154	[2019-04-25] [13:31:38.938]	Source files/source/articles.xlsx loaded, length: 684
155	[2019-04-25] [13:31:38.938]	Start main sequence.
156	[2019-04-25] [13:31:38.938]	Scraping https://www.exist.ru from article #3 328008
157	[2019-04-25] [13:31:38.939]	Scraping article: #3 328008 | category: Выжимные подшипники | https://www.exist.ru/Price/?pcode=328008
158	[2019-04-25] [13:31:40.397]	https://www.exist.ru/Price/?pcode=328008 successfully opened
159	[2019-04-25] [13:31:40.398]	Wait for: 820
160	[2019-04-25] [13:31:41.218]		Analyse page
161	[2019-04-25] [13:31:41.221]		Handle errors
162	[2019-04-25] [13:31:41.228]	Catalog links amount: 4
163	[2019-04-25] [13:31:41.229]	Link: #1 https://www.exist.ru/Price/?pid=F77047DA
164	[2019-04-25] [13:31:41.230]	Link: #2 https://www.exist.ru/Price/?pid=9820068C
165	[2019-04-25] [13:31:41.231]	Link: #3 https://www.exist.ru/Price/?pid=2A30654C
166	[2019-04-25] [13:31:41.233]	Link: #4 https://www.exist.ru/Price/?pid=97B0A8BD
167	[2019-04-25] [13:31:41.233]	Category not found, download all links
168	[2019-04-25] [13:31:41.234]	Go to: https://www.exist.ru/Price/?pid=F77047DA
169	[2019-04-25] [13:31:42.536]	https://www.exist.ru/Price/?pid=F77047DA successfully opened
170	[2019-04-25] [13:31:42.536]		Analyse page
171	[2019-04-25] [13:31:42.539]		Handle errors
172	[2019-04-25] [13:31:42.539]	Wait for: 704
173	[2019-04-25] [13:31:43.243]	Scrape: https://www.exist.ru/Price/?pid=F77047DA
174	[2019-04-25] [13:31:43.243]		Start scraper
175	[2019-04-25] [13:31:43.243]	Get #priceBody.innerHTML
176	[2019-04-25] [13:31:43.266]	Page scrape 1 analogs
177	[2019-04-25] [13:31:43.267]	Go to: https://www.exist.ru/Price/?pid=9820068C
178	[2019-04-25] [13:31:44.604]	https://www.exist.ru/Price/?pid=9820068C successfully opened
179	[2019-04-25] [13:31:44.604]		Analyse page
180	[2019-04-25] [13:31:44.606]		Handle errors
181	[2019-04-25] [13:31:44.606]	Wait for: 862
182	[2019-04-25] [13:31:45.468]	Scrape: https://www.exist.ru/Price/?pid=9820068C
183	[2019-04-25] [13:31:45.468]		Start scraper
184	[2019-04-25] [13:31:45.468]	Get #priceBody.innerHTML
185	[2019-04-25] [13:31:45.510]	Page scrape 3 analogs
186	[2019-04-25] [13:31:45.510]	Go to: https://www.exist.ru/Price/?pid=2A30654C
187	[2019-04-25] [13:31:46.759]	https://www.exist.ru/Price/?pid=2A30654C successfully opened
188	[2019-04-25] [13:31:46.759]		Analyse page
189	[2019-04-25] [13:31:46.761]		Handle errors
190	[2019-04-25] [13:31:46.761]	Wait for: 553
191	[2019-04-25] [13:31:47.315]	Scrape: https://www.exist.ru/Price/?pid=2A30654C
192	[2019-04-25] [13:31:47.315]		Start scraper
193	[2019-04-25] [13:31:47.315]	Get #priceBody.innerHTML
194	[2019-04-25] [13:31:47.336]	Page scrape 2 analogs
195	[2019-04-25] [13:31:47.337]	Go to: https://www.exist.ru/Price/?pid=97B0A8BD
196	[2019-04-25] [13:31:49.625]	https://www.exist.ru/Price/?pid=97B0A8BD successfully opened
197	[2019-04-25] [13:31:49.626]		Analyse page
198	[2019-04-25] [13:31:49.628]		Handle errors
199	[2019-04-25] [13:31:49.628]	Wait for: 748
200	[2019-04-25] [13:31:50.376]	Scrape: https://www.exist.ru/Price/?pid=97B0A8BD
201	[2019-04-25] [13:31:50.376]		Start scraper
202	[2019-04-25] [13:31:50.376]	Get #priceBody.innerHTML
203	[2019-04-25] [13:31:50.402]	Page scrape 2 analogs
204	[2019-04-25] [13:31:50.404]	Scraping https://www.exist.ru from article #4 328021
205	[2019-04-25] [13:31:50.404]	Scraping article: #4 328021 | category: Выжимные подшипники | https://www.exist.ru/Price/?pcode=328021
206	[2019-04-25] [13:31:51.509]	https://www.exist.ru/Price/?pcode=328021 successfully opened
207	[2019-04-25] [13:31:51.510]	Wait for: 554
208	[2019-04-25] [13:31:52.064]		Analyse page
209	[2019-04-25] [13:31:52.066]		Handle errors
210	[2019-04-25] [13:31:52.070]	Catalog links amount: 7
211	[2019-04-25] [13:31:52.071]	Link: #1 https://www.exist.ru/Price/?pid=C2204637
212	[2019-04-25] [13:31:52.072]	Link: #2 https://www.exist.ru/Price/?pid=57C08EB6
213	[2019-04-25] [13:31:52.072]	Link: #3 https://www.exist.ru/Price/?pid=7B003309
214	[2019-04-25] [13:31:52.073]	Link: #4 https://www.exist.ru/Price/?pid=258011A0
215	[2019-04-25] [13:31:52.074]	Link: #5 https://www.exist.ru/Price/?pid=99C0A8BD
216	[2019-04-25] [13:31:52.074]	Link: #6 https://www.exist.ru/Price/?pid=76C017CC
217	[2019-04-25] [13:31:52.075]	Link: #7 https://www.exist.ru/Price/?pid=0880DA87
218	[2019-04-25] [13:31:52.075]	Category not found, download all links
219	[2019-04-25] [13:31:52.076]	Go to: https://www.exist.ru/Price/?pid=C2204637
220	[2019-04-25] [13:31:53.589]	https://www.exist.ru/Price/?pid=C2204637 successfully opened
221	[2019-04-25] [13:31:53.589]		Analyse page
222	[2019-04-25] [13:31:53.592]		Handle errors
223	[2019-04-25] [13:31:53.592]	Wait for: 618
224	[2019-04-25] [13:31:54.210]	Scrape: https://www.exist.ru/Price/?pid=C2204637
225	[2019-04-25] [13:31:54.210]		Start scraper
226	[2019-04-25] [13:31:54.210]	Get #priceBody.innerHTML
227	[2019-04-25] [13:31:54.223]	Page scrape 1 analogs
228	[2019-04-25] [13:31:54.223]	Go to: https://www.exist.ru/Price/?pid=57C08EB6
229	[2019-04-25] [13:31:55.474]	https://www.exist.ru/Price/?pid=57C08EB6 successfully opened
230	[2019-04-25] [13:31:55.474]		Analyse page
231	[2019-04-25] [13:31:55.477]		Handle errors
232	[2019-04-25] [13:31:55.477]	Wait for: 888
233	[2019-04-25] [13:31:56.365]	Scrape: https://www.exist.ru/Price/?pid=57C08EB6
234	[2019-04-25] [13:31:56.365]		Start scraper
235	[2019-04-25] [13:31:56.365]	Get #priceBody.innerHTML
236	[2019-04-25] [13:31:56.387]	Page scrape 2 analogs
237	[2019-04-25] [13:31:56.388]	Go to: https://www.exist.ru/Price/?pid=7B003309
238	[2019-04-25] [13:31:57.699]	https://www.exist.ru/Price/?pid=7B003309 successfully opened
239	[2019-04-25] [13:31:57.699]		Analyse page
240	[2019-04-25] [13:31:57.701]		Handle errors
241	[2019-04-25] [13:31:57.701]	Wait for: 689
242	[2019-04-25] [13:31:58.390]	Scrape: https://www.exist.ru/Price/?pid=7B003309
243	[2019-04-25] [13:31:58.390]		Start scraper
244	[2019-04-25] [13:31:58.390]	Get #priceBody.innerHTML
245	[2019-04-25] [13:31:58.399]	Page scrape 1 analogs
246	[2019-04-25] [13:31:58.399]	Go to: https://www.exist.ru/Price/?pid=258011A0
247	[2019-04-25] [13:31:59.555]	https://www.exist.ru/Price/?pid=258011A0 successfully opened
248	[2019-04-25] [13:31:59.555]		Analyse page
249	[2019-04-25] [13:31:59.558]		Handle errors
250	[2019-04-25] [13:31:59.558]	Wait for: 595
251	[2019-04-25] [13:32:00.153]	Scrape: https://www.exist.ru/Price/?pid=258011A0
252	[2019-04-25] [13:32:00.154]		Start scraper
253	[2019-04-25] [13:32:00.154]	Get #priceBody.innerHTML
254	[2019-04-25] [13:32:00.165]	Page scrape 1 analogs
255	[2019-04-25] [13:32:00.165]	Go to: https://www.exist.ru/Price/?pid=99C0A8BD
256	[2019-04-25] [13:32:01.789]	https://www.exist.ru/Price/?pid=99C0A8BD successfully opened
257	[2019-04-25] [13:32:01.789]		Analyse page
258	[2019-04-25] [13:32:01.791]		Handle errors
259	[2019-04-25] [13:32:01.791]	Wait for: 535
260	[2019-04-25] [13:32:02.327]	Scrape: https://www.exist.ru/Price/?pid=99C0A8BD
261	[2019-04-25] [13:32:02.328]		Start scraper
262	[2019-04-25] [13:32:02.328]	Get #priceBody.innerHTML
263	[2019-04-25] [13:32:02.350]	Page scrape 2 analogs
264	[2019-04-25] [13:32:02.350]	Go to: https://www.exist.ru/Price/?pid=76C017CC
265	[2019-04-25] [13:32:03.467]	https://www.exist.ru/Price/?pid=76C017CC successfully opened
266	[2019-04-25] [13:32:03.467]		Analyse page
267	[2019-04-25] [13:32:03.471]		Handle errors
268	[2019-04-25] [13:32:03.471]	Wait for: 565
269	[2019-04-25] [13:32:04.036]	Scrape: https://www.exist.ru/Price/?pid=76C017CC
270	[2019-04-25] [13:32:04.036]		Start scraper
271	[2019-04-25] [13:32:04.036]	Get #priceBody.innerHTML
272	[2019-04-25] [13:32:04.047]	Page scrape 1 analogs
273	[2019-04-25] [13:32:04.047]	Go to: https://www.exist.ru/Price/?pid=0880DA87
274	[2019-04-25] [13:32:05.277]	https://www.exist.ru/Price/?pid=0880DA87 successfully opened
275	[2019-04-25] [13:32:05.277]		Analyse page
276	[2019-04-25] [13:32:05.279]		Handle errors
277	[2019-04-25] [13:32:05.280]	Wait for: 676
278	[2019-04-25] [13:32:05.956]	Scrape: https://www.exist.ru/Price/?pid=0880DA87
279	[2019-04-25] [13:32:05.956]		Start scraper
280	[2019-04-25] [13:32:05.956]	Get #priceBody.innerHTML
281	[2019-04-25] [13:32:05.980]	Page scrape 1 analogs
282	[2019-04-25] [13:32:05.981]	Scraping https://www.exist.ru from article #5 328035
283	[2019-04-25] [13:32:05.981]	Scraping article: #5 328035 | category: Выжимные подшипники | https://www.exist.ru/Price/?pcode=328035
284	[2019-04-25] [13:32:06.918]	https://www.exist.ru/Price/?pcode=328035 successfully opened
285	[2019-04-25] [13:32:06.919]	Wait for: 849
286	[2019-04-25] [13:32:07.768]		Analyse page
287	[2019-04-25] [13:32:07.771]		Handle errors
288	[2019-04-25] [13:32:07.775]	Catalog links amount: 3
289	[2019-04-25] [13:32:07.776]	Link: #1 https://www.exist.ru/Price/?pid=71B0004A
290	[2019-04-25] [13:32:07.778]	Link: #2 https://www.exist.ru/Price/?pid=5A008EB6
291	[2019-04-25] [13:32:07.779]	Link: #3 https://www.exist.ru/Price/?pid=9C00A8BD
292	[2019-04-25] [13:32:07.783]	Category not found, download all links
293	[2019-04-25] [13:32:07.784]	Go to: https://www.exist.ru/Price/?pid=71B0004A
294	[2019-04-25] [13:32:09.302]	https://www.exist.ru/Price/?pid=71B0004A successfully opened
295	[2019-04-25] [13:32:09.302]		Analyse page
296	[2019-04-25] [13:32:09.305]		Handle errors
297	[2019-04-25] [13:32:09.305]	Wait for: 684
298	[2019-04-25] [13:32:09.989]	Scrape: https://www.exist.ru/Price/?pid=71B0004A
299	[2019-04-25] [13:32:09.989]		Start scraper
300	[2019-04-25] [13:32:09.989]	Get #priceBody.innerHTML
301	[2019-04-25] [13:32:10.011]	Page scrape 2 analogs
302	[2019-04-25] [13:32:10.012]	Go to: https://www.exist.ru/Price/?pid=5A008EB6
303	[2019-04-25] [13:32:11.902]	https://www.exist.ru/Price/?pid=5A008EB6 successfully opened
304	[2019-04-25] [13:32:11.902]		Analyse page
305	[2019-04-25] [13:32:11.905]		Handle errors
306	[2019-04-25] [13:32:11.905]	Wait for: 746
307	[2019-04-25] [13:32:12.651]	Scrape: https://www.exist.ru/Price/?pid=5A008EB6
308	[2019-04-25] [13:32:12.651]		Start scraper
309	[2019-04-25] [13:32:12.651]	Get #priceBody.innerHTML
310	[2019-04-25] [13:32:12.666]	Page scrape 1 analogs
311	[2019-04-25] [13:32:12.667]	Go to: https://www.exist.ru/Price/?pid=9C00A8BD
312	[2019-04-25] [13:32:14.145]	https://www.exist.ru/Price/?pid=9C00A8BD successfully opened
313	[2019-04-25] [13:32:14.145]		Analyse page
314	[2019-04-25] [13:32:14.156]	Error: Evaluation failed: TypeError: Cannot read property 'innerText' of null
    at __puppeteer_evaluation_script__:5:54
315	[2019-04-25] [13:32:16.537]	Open: https://www.exist.ru
316	[2019-04-25] [13:32:39.758]	https://www.exist.ru successfully opened
317	[2019-04-25] [13:32:40.759]	Source files/source/articles.xlsx loaded, length: 684
318	[2019-04-25] [13:32:40.759]	Start main sequence.
319	[2019-04-25] [13:32:40.759]	Scraping https://www.exist.ru from article #5 328035
320	[2019-04-25] [13:32:40.760]	Scraping article: #5 328035 | category: Выжимные подшипники | https://www.exist.ru/Price/?pcode=328035
321	[2019-04-25] [13:32:44.790]	https://www.exist.ru/Price/?pcode=328035 successfully opened
322	[2019-04-25] [13:32:44.791]	Wait for: 715
323	[2019-04-25] [13:32:45.507]		Analyse page
324	[2019-04-25] [13:32:45.510]		Handle errors
325	[2019-04-25] [13:32:45.515]	Catalog links amount: 3
326	[2019-04-25] [13:32:45.515]	Link: #1 https://www.exist.ru/Price/?pid=71B0004A
327	[2019-04-25] [13:32:45.517]	Link: #2 https://www.exist.ru/Price/?pid=5A008EB6
328	[2019-04-25] [13:32:45.518]	Link: #3 https://www.exist.ru/Price/?pid=9C00A8BD
329	[2019-04-25] [13:32:45.519]	Category not found, download all links
330	[2019-04-25] [13:32:45.519]	Go to: https://www.exist.ru/Price/?pid=71B0004A
331	[2019-04-25] [13:32:47.241]	https://www.exist.ru/Price/?pid=71B0004A successfully opened
332	[2019-04-25] [13:32:47.242]		Analyse page
333	[2019-04-25] [13:32:47.244]		Handle errors
334	[2019-04-25] [13:32:47.245]	Wait for: 869
335	[2019-04-25] [13:32:48.114]	Scrape: https://www.exist.ru/Price/?pid=71B0004A
336	[2019-04-25] [13:32:48.115]		Start scraper
337	[2019-04-25] [13:32:48.115]	Get #priceBody.innerHTML
338	[2019-04-25] [13:32:48.137]	Page scrape 2 analogs
339	[2019-04-25] [13:32:48.138]	Go to: https://www.exist.ru/Price/?pid=5A008EB6
340	[2019-04-25] [13:32:49.375]	https://www.exist.ru/Price/?pid=5A008EB6 successfully opened
341	[2019-04-25] [13:32:49.375]		Analyse page
342	[2019-04-25] [13:32:49.378]		Handle errors
343	[2019-04-25] [13:32:49.378]	Wait for: 627
344	[2019-04-25] [13:32:50.005]	Scrape: https://www.exist.ru/Price/?pid=5A008EB6
345	[2019-04-25] [13:32:50.005]		Start scraper
346	[2019-04-25] [13:32:50.006]	Get #priceBody.innerHTML
347	[2019-04-25] [13:32:50.015]	Page scrape 1 analogs
348	[2019-04-25] [13:32:50.015]	Go to: https://www.exist.ru/Price/?pid=9C00A8BD
349	[2019-04-25] [13:32:51.269]	https://www.exist.ru/Price/?pid=9C00A8BD successfully opened
350	[2019-04-25] [13:32:51.270]		Analyse page
351	[2019-04-25] [13:32:51.271]		Handle errors
352	[2019-04-25] [13:32:51.271]	Wait for: 549
353	[2019-04-25] [13:32:51.820]	Scrape: https://www.exist.ru/Price/?pid=9C00A8BD
354	[2019-04-25] [13:32:51.821]		Start scraper
355	[2019-04-25] [13:32:51.821]	Get #priceBody.innerHTML
356	[2019-04-25] [13:32:51.832]	Page scrape 2 analogs
357	[2019-04-25] [13:32:51.832]	Scraping https://www.exist.ru from article #6 328036
358	[2019-04-25] [13:32:51.833]	Scraping article: #6 328036 | category: Выжимные подшипники | https://www.exist.ru/Price/?pcode=328036
359	[2019-04-25] [13:32:52.950]	https://www.exist.ru/Price/?pcode=328036 successfully opened
360	[2019-04-25] [13:32:52.950]	Wait for: 769
361	[2019-04-25] [13:32:53.720]		Analyse page
362	[2019-04-25] [13:32:53.722]		Handle errors
363	[2019-04-25] [13:32:53.726]	Catalog links amount: 4
364	[2019-04-25] [13:32:53.727]	Link: #1 https://www.exist.ru/Price/?pid=D780D9B8
365	[2019-04-25] [13:32:53.727]	Link: #2 https://www.exist.ru/Price/?pid=29202813
366	[2019-04-25] [13:32:53.728]	Link: #3 https://www.exist.ru/Price/?pid=5640DB51
367	[2019-04-25] [13:32:53.729]	Link: #4 https://www.exist.ru/Price/?pid=9C30A8BD
368	[2019-04-25] [13:32:53.729]	Category not found, download all links
369	[2019-04-25] [13:32:53.729]	Go to: https://www.exist.ru/Price/?pid=D780D9B8
370	[2019-04-25] [13:32:55.006]	https://www.exist.ru/Price/?pid=D780D9B8 successfully opened
371	[2019-04-25] [13:32:55.006]		Analyse page
372	[2019-04-25] [13:32:55.008]		Handle errors
373	[2019-04-25] [13:32:55.008]	Wait for: 853
374	[2019-04-25] [13:32:55.861]	Scrape: https://www.exist.ru/Price/?pid=D780D9B8
375	[2019-04-25] [13:32:55.861]		Start scraper
376	[2019-04-25] [13:32:55.861]	Get #priceBody.innerHTML
377	[2019-04-25] [13:32:55.874]	Page scrape 1 analogs
378	[2019-04-25] [13:32:55.875]	Go to: https://www.exist.ru/Price/?pid=29202813
379	[2019-04-25] [13:32:57.177]	https://www.exist.ru/Price/?pid=29202813 successfully opened
380	[2019-04-25] [13:32:57.177]		Analyse page
381	[2019-04-25] [13:32:57.180]		Handle errors
382	[2019-04-25] [13:32:57.180]	Wait for: 901
383	[2019-04-25] [13:32:58.084]	Scrape: https://www.exist.ru/Price/?pid=29202813
384	[2019-04-25] [13:32:58.084]		Start scraper
385	[2019-04-25] [13:32:58.084]	Get #priceBody.innerHTML
386	[2019-04-25] [13:32:58.107]	Page scrape 2 analogs
387	[2019-04-25] [13:32:58.107]	Go to: https://www.exist.ru/Price/?pid=5640DB51
388	[2019-04-25] [13:32:59.557]	https://www.exist.ru/Price/?pid=5640DB51 successfully opened
389	[2019-04-25] [13:32:59.557]		Analyse page
390	[2019-04-25] [13:32:59.559]		Handle errors
391	[2019-04-25] [13:32:59.559]	Wait for: 723
392	[2019-04-25] [13:33:00.282]	Scrape: https://www.exist.ru/Price/?pid=5640DB51
393	[2019-04-25] [13:33:00.282]		Start scraper
394	[2019-04-25] [13:33:00.282]	Get #priceBody.innerHTML
395	[2019-04-25] [13:33:00.290]	Page scrape 1 analogs
396	[2019-04-25] [13:33:00.291]	Go to: https://www.exist.ru/Price/?pid=9C30A8BD
397	[2019-04-25] [13:33:01.290]	https://www.exist.ru/Price/?pid=9C30A8BD successfully opened
398	[2019-04-25] [13:33:01.290]		Analyse page
399	[2019-04-25] [13:33:01.294]		Handle errors
400	[2019-04-25] [13:33:01.294]	Wait for: 774
401	[2019-04-25] [13:33:02.068]	Scrape: https://www.exist.ru/Price/?pid=9C30A8BD
402	[2019-04-25] [13:33:02.069]		Start scraper
403	[2019-04-25] [13:33:02.069]	Get #priceBody.innerHTML
404	[2019-04-25] [13:33:02.100]	Page scrape 2 analogs
405	[2019-04-25] [13:33:02.102]	Scraping https://www.exist.ru from article #7 328037
406	[2019-04-25] [13:33:02.102]	Scraping article: #7 328037 | category: Выжимные подшипники | https://www.exist.ru/Price/?pcode=328037
407	[2019-04-25] [13:33:03.263]	https://www.exist.ru/Price/?pcode=328037 successfully opened
408	[2019-04-25] [13:33:03.264]	Wait for: 963
409	[2019-04-25] [13:33:04.228]		Analyse page
410	[2019-04-25] [13:33:04.231]		Handle errors
411	[2019-04-25] [13:33:04.242]	Catalog links amount: 2
412	[2019-04-25] [13:33:04.243]	Link: #1 https://www.exist.ru/Price/?pid=F6D00E66
413	[2019-04-25] [13:33:04.244]	Link: #2 https://www.exist.ru/Price/?pid=9C60A8BD
414	[2019-04-25] [13:33:04.245]	Category not found, download all links
415	[2019-04-25] [13:33:04.246]	Go to: https://www.exist.ru/Price/?pid=F6D00E66
416	[2019-04-25] [13:33:05.701]	https://www.exist.ru/Price/?pid=F6D00E66 successfully opened
417	[2019-04-25] [13:33:05.702]		Analyse page
418	[2019-04-25] [13:33:05.706]		Handle errors
419	[2019-04-25] [13:33:05.706]	Wait for: 963
420	[2019-04-25] [13:33:06.670]	Scrape: https://www.exist.ru/Price/?pid=F6D00E66
421	[2019-04-25] [13:33:06.670]		Start scraper
422	[2019-04-25] [13:33:06.670]	Get #priceBody.innerHTML
423	[2019-04-25] [13:33:06.698]	Page scrape 2 analogs
424	[2019-04-25] [13:33:06.699]	Go to: https://www.exist.ru/Price/?pid=9C60A8BD
425	[2019-04-25] [13:33:08.617]	https://www.exist.ru/Price/?pid=9C60A8BD successfully opened
426	[2019-04-25] [13:33:08.617]		Analyse page
427	[2019-04-25] [13:33:08.621]		Handle errors
428	[2019-04-25] [13:33:08.621]	Wait for: 694
429	[2019-04-25] [13:33:09.316]	Scrape: https://www.exist.ru/Price/?pid=9C60A8BD
430	[2019-04-25] [13:33:09.316]		Start scraper
431	[2019-04-25] [13:33:09.316]	Get #priceBody.innerHTML
432	[2019-04-25] [13:33:09.340]	Page scrape 2 analogs
433	[2019-04-25] [13:33:09.341]	Scraping https://www.exist.ru from article #8 344573
434	[2019-04-25] [13:33:09.342]	Scraping article: #8 344573 | category: Рычаги подвески | https://www.exist.ru/Price/?pcode=344573
435	[2019-04-25] [13:33:10.340]	https://www.exist.ru/Price/?pcode=344573 successfully opened
436	[2019-04-25] [13:33:10.341]	Wait for: 768
437	[2019-04-25] [13:33:11.109]		Analyse page
438	[2019-04-25] [13:33:11.112]		Handle errors
439	[2019-04-25] [13:33:11.118]	Catalog links amount: 4
440	[2019-04-25] [13:33:11.119]	Link: #1 https://www.exist.ru/Price/?pid=D230A053
441	[2019-04-25] [13:33:11.120]	Link: #2 https://www.exist.ru/Price/?pid=8460C2FA
442	[2019-04-25] [13:33:11.124]	Link: #3 https://www.exist.ru/Price/?pid=BB00A3F7
443	[2019-04-25] [13:33:11.126]	Link: #4 https://www.exist.ru/Price/?pid=E520B1AB
444	[2019-04-25] [13:33:11.127]	Category not found, download all links
445	[2019-04-25] [13:33:11.128]	Go to: https://www.exist.ru/Price/?pid=D230A053
446	[2019-04-25] [13:33:12.663]	https://www.exist.ru/Price/?pid=D230A053 successfully opened
447	[2019-04-25] [13:33:12.663]		Analyse page
448	[2019-04-25] [13:33:12.665]		Handle errors
449	[2019-04-25] [13:33:12.665]	Wait for: 999
450	[2019-04-25] [13:33:13.664]	Scrape: https://www.exist.ru/Price/?pid=D230A053
451	[2019-04-25] [13:33:13.664]		Start scraper
452	[2019-04-25] [13:33:13.664]	Get #priceBody.innerHTML
453	[2019-04-25] [13:33:13.678]	Page scrape 3 analogs
454	[2019-04-25] [13:33:13.679]	Go to: https://www.exist.ru/Price/?pid=8460C2FA
455	[2019-04-25] [13:33:15.007]	https://www.exist.ru/Price/?pid=8460C2FA successfully opened
456	[2019-04-25] [13:33:15.007]		Analyse page
457	[2019-04-25] [13:33:15.009]		Handle errors
458	[2019-04-25] [13:33:15.009]	Wait for: 832
459	[2019-04-25] [13:33:15.842]	Scrape: https://www.exist.ru/Price/?pid=8460C2FA
460	[2019-04-25] [13:33:15.842]		Start scraper
461	[2019-04-25] [13:33:15.842]	Get #priceBody.innerHTML
462	[2019-04-25] [13:33:15.941]	Page scrape 14 analogs
463	[2019-04-25] [13:33:15.941]	Go to: https://www.exist.ru/Price/?pid=BB00A3F7
464	[2019-04-25] [13:33:17.768]	https://www.exist.ru/Price/?pid=BB00A3F7 successfully opened
465	[2019-04-25] [13:33:17.768]		Analyse page
466	[2019-04-25] [13:33:17.771]		Handle errors
467	[2019-04-25] [13:33:17.771]	Wait for: 822
468	[2019-04-25] [13:33:18.592]	Scrape: https://www.exist.ru/Price/?pid=BB00A3F7
469	[2019-04-25] [13:33:18.593]		Start scraper
470	[2019-04-25] [13:33:18.593]	Get #priceBody.innerHTML
471	[2019-04-25] [13:33:18.624]	Page scrape 3 analogs
472	[2019-04-25] [13:33:18.625]	Go to: https://www.exist.ru/Price/?pid=E520B1AB
473	[2019-04-25] [13:33:19.791]	https://www.exist.ru/Price/?pid=E520B1AB successfully opened
474	[2019-04-25] [13:33:19.791]		Analyse page
475	[2019-04-25] [13:33:19.793]		Handle errors
476	[2019-04-25] [13:33:19.793]	Wait for: 981
477	[2019-04-25] [13:33:20.774]	Scrape: https://www.exist.ru/Price/?pid=E520B1AB
478	[2019-04-25] [13:33:20.774]		Start scraper
479	[2019-04-25] [13:33:20.774]	Get #priceBody.innerHTML
480	[2019-04-25] [13:33:20.797]	Page scrape 1 analogs
481	[2019-04-25] [13:33:20.798]	Scraping https://www.exist.ru from article #9 344685
482	[2019-04-25] [13:33:20.798]	Scraping article: #9 344685 | category: Амортизаторы | https://www.exist.ru/Price/?pcode=344685
483	[2019-04-25] [13:33:22.146]	https://www.exist.ru/Price/?pcode=344685 successfully opened
484	[2019-04-25] [13:33:22.147]	Wait for: 641
485	[2019-04-25] [13:33:22.787]		Analyse page
486	[2019-04-25] [13:33:22.790]		Handle errors
487	[2019-04-25] [13:33:22.794]	Catalog links amount: 3
488	[2019-04-25] [13:33:22.794]	Link: #1 https://www.exist.ru/Price/?pid=7B00B6A0
489	[2019-04-25] [13:33:22.796]	Link: #2 https://www.exist.ru/Price/?pid=E460D9D1
490	[2019-04-25] [13:33:22.797]	Link: #3 https://www.exist.ru/Price/?pid=74A0B289
491	[2019-04-25] [13:33:22.797]	Category not found, download all links
492	[2019-04-25] [13:33:22.798]	Go to: https://www.exist.ru/Price/?pid=7B00B6A0
493	[2019-04-25] [13:33:23.897]	https://www.exist.ru/Price/?pid=7B00B6A0 successfully opened
494	[2019-04-25] [13:33:23.897]		Analyse page
495	[2019-04-25] [13:33:23.899]		Handle errors
496	[2019-04-25] [13:33:23.899]	Wait for: 853
497	[2019-04-25] [13:33:24.752]	Scrape: https://www.exist.ru/Price/?pid=7B00B6A0
498	[2019-04-25] [13:33:24.752]		Start scraper
499	[2019-04-25] [13:33:24.752]	Get #priceBody.innerHTML
500	[2019-04-25] [13:33:24.773]	Page scrape 2 analogs
501	[2019-04-25] [13:33:24.773]	Go to: https://www.exist.ru/Price/?pid=E460D9D1
502	[2019-04-25] [13:33:26.213]	https://www.exist.ru/Price/?pid=E460D9D1 successfully opened
503	[2019-04-25] [13:33:26.213]		Analyse page
504	[2019-04-25] [13:33:26.223]		Handle errors
505	[2019-04-25] [13:33:26.223]	Wait for: 565
506	[2019-04-25] [13:33:26.787]	Scrape: https://www.exist.ru/Price/?pid=E460D9D1
507	[2019-04-25] [13:33:26.788]		Start scraper
508	[2019-04-25] [13:33:26.788]	Get #priceBody.innerHTML
509	[2019-04-25] [13:33:26.819]	Page scrape 3 analogs
510	[2019-04-25] [13:33:26.820]	Go to: https://www.exist.ru/Price/?pid=74A0B289
511	[2019-04-25] [13:33:28.048]	https://www.exist.ru/Price/?pid=74A0B289 successfully opened
512	[2019-04-25] [13:33:28.048]		Analyse page
513	[2019-04-25] [13:33:28.050]		Handle errors
514	[2019-04-25] [13:33:28.050]	Wait for: 980
515	[2019-04-25] [13:33:29.030]	Scrape: https://www.exist.ru/Price/?pid=74A0B289
516	[2019-04-25] [13:33:29.031]		Start scraper
517	[2019-04-25] [13:33:29.031]	Get #priceBody.innerHTML
518	[2019-04-25] [13:33:29.043]	Page scrape 1 analogs
519	[2019-04-25] [13:33:29.044]	Scraping https://www.exist.ru from article #10 344686
520	[2019-04-25] [13:33:29.045]	Scraping article: #10 344686 | category: Амортизаторы | https://www.exist.ru/Price/?pcode=344686
521	[2019-04-25] [13:33:30.402]	https://www.exist.ru/Price/?pcode=344686 successfully opened
522	[2019-04-25] [13:33:30.403]	Wait for: 682
523	[2019-04-25] [13:33:31.086]		Analyse page
524	[2019-04-25] [13:33:31.089]		Handle errors
525	[2019-04-25] [13:33:31.093]	Catalog links amount: 4
526	[2019-04-25] [13:33:31.094]	Link: #1 https://www.exist.ru/Price/?pid=7B30B6A0
527	[2019-04-25] [13:33:31.096]	Link: #2 https://www.exist.ru/Price/?pid=E490D9D1
528	[2019-04-25] [13:33:31.098]	Link: #3 https://www.exist.ru/Price/?pid=14C0BEC0
529	[2019-04-25] [13:33:31.099]	Link: #4 https://www.exist.ru/Price/?pid=7CE08571
530	[2019-04-25] [13:33:31.099]	Category not found, download all links
531	[2019-04-25] [13:33:31.100]	Go to: https://www.exist.ru/Price/?pid=7B30B6A0
532	[2019-04-25] [13:33:32.865]	https://www.exist.ru/Price/?pid=7B30B6A0 successfully opened
533	[2019-04-25] [13:33:32.865]		Analyse page
534	[2019-04-25] [13:33:32.869]		Handle errors
535	[2019-04-25] [13:33:32.869]	Wait for: 931
536	[2019-04-25] [13:33:33.800]	Scrape: https://www.exist.ru/Price/?pid=7B30B6A0
537	[2019-04-25] [13:33:33.800]		Start scraper
538	[2019-04-25] [13:33:33.800]	Get #priceBody.innerHTML
539	[2019-04-25] [13:33:33.820]	Page scrape 2 analogs
540	[2019-04-25] [13:33:33.821]	Go to: https://www.exist.ru/Price/?pid=E490D9D1
541	[2019-04-25] [13:33:35.208]	https://www.exist.ru/Price/?pid=E490D9D1 successfully opened
542	[2019-04-25] [13:33:35.208]		Analyse page
543	[2019-04-25] [13:33:35.210]		Handle errors
544	[2019-04-25] [13:33:35.210]	Wait for: 572
545	[2019-04-25] [13:33:35.783]	Scrape: https://www.exist.ru/Price/?pid=E490D9D1
546	[2019-04-25] [13:33:35.783]		Start scraper
547	[2019-04-25] [13:33:35.783]	Get #priceBody.innerHTML
548	[2019-04-25] [13:33:35.802]	Page scrape 2 analogs
549	[2019-04-25] [13:33:35.803]	Go to: https://www.exist.ru/Price/?pid=14C0BEC0
550	[2019-04-25] [13:33:38.256]	https://www.exist.ru/Price/?pid=14C0BEC0 successfully opened
551	[2019-04-25] [13:33:38.256]		Analyse page
552	[2019-04-25] [13:33:38.259]		Handle errors
553	[2019-04-25] [13:33:38.259]	Wait for: 682
554	[2019-04-25] [13:33:38.942]	Scrape: https://www.exist.ru/Price/?pid=14C0BEC0
555	[2019-04-25] [13:33:38.942]		Start scraper
556	[2019-04-25] [13:33:38.942]	Get #priceBody.innerHTML
557	[2019-04-25] [13:33:38.963]	Page scrape 1 analogs
558	[2019-04-25] [13:33:38.964]	Go to: https://www.exist.ru/Price/?pid=7CE08571
559	[2019-04-25] [13:33:40.178]	https://www.exist.ru/Price/?pid=7CE08571 successfully opened
560	[2019-04-25] [13:33:40.178]		Analyse page
561	[2019-04-25] [13:33:40.181]		Handle errors
562	[2019-04-25] [13:33:40.181]	Wait for: 639
563	[2019-04-25] [13:33:40.821]	Scrape: https://www.exist.ru/Price/?pid=7CE08571
564	[2019-04-25] [13:33:40.821]		Start scraper
565	[2019-04-25] [13:33:40.821]	Get #priceBody.innerHTML
566	[2019-04-25] [13:33:40.868]	Page scrape 6 analogs
567	[2019-04-25] [13:33:40.869]	Scraping https://www.exist.ru from article #11 344884
568	[2019-04-25] [13:33:40.870]	Scraping article: #11 344884 | category: Амортизаторы | https://www.exist.ru/Price/?pcode=344884
569	[2019-04-25] [13:33:42.257]	https://www.exist.ru/Price/?pcode=344884 successfully opened
570	[2019-04-25] [13:33:42.260]	Wait for: 925
571	[2019-04-25] [13:33:43.184]		Analyse page
572	[2019-04-25] [13:33:43.187]		Handle errors
573	[2019-04-25] [13:33:43.192]	Catalog links amount: 3
574	[2019-04-25] [13:33:43.193]	Link: #1 https://www.exist.ru/Price/?pid=31E0C9CC
575	[2019-04-25] [13:33:43.194]	Link: #2 https://www.exist.ru/Price/?pid=09B0D9D2
576	[2019-04-25] [13:33:43.195]	Link: #3 https://www.exist.ru/Price/?pid=59503C89
577	[2019-04-25] [13:33:43.196]	Category not found, download all links
578	[2019-04-25] [13:33:43.197]	Go to: https://www.exist.ru/Price/?pid=31E0C9CC
579	[2019-04-25] [13:33:44.461]	https://www.exist.ru/Price/?pid=31E0C9CC successfully opened
580	[2019-04-25] [13:33:44.461]		Analyse page
581	[2019-04-25] [13:33:44.464]		Handle errors
582	[2019-04-25] [13:33:44.464]	Wait for: 561
583	[2019-04-25] [13:33:45.024]	Scrape: https://www.exist.ru/Price/?pid=31E0C9CC
584	[2019-04-25] [13:33:45.024]		Start scraper
585	[2019-04-25] [13:33:45.024]	Get #priceBody.innerHTML
586	[2019-04-25] [13:33:45.044]	Page scrape 2 analogs
587	[2019-04-25] [13:33:45.045]	Go to: https://www.exist.ru/Price/?pid=09B0D9D2
588	[2019-04-25] [13:33:46.214]	https://www.exist.ru/Price/?pid=09B0D9D2 successfully opened
589	[2019-04-25] [13:33:46.214]		Analyse page
590	[2019-04-25] [13:33:46.217]		Handle errors
591	[2019-04-25] [13:33:46.217]	Wait for: 798
592	[2019-04-25] [13:33:47.014]	Scrape: https://www.exist.ru/Price/?pid=09B0D9D2
593	[2019-04-25] [13:33:47.014]		Start scraper
594	[2019-04-25] [13:33:47.014]	Get #priceBody.innerHTML
595	[2019-04-25] [13:33:47.053]	Page scrape 4 analogs
596	[2019-04-25] [13:33:47.054]	Go to: https://www.exist.ru/Price/?pid=59503C89
597	[2019-04-25] [13:33:48.182]	https://www.exist.ru/Price/?pid=59503C89 successfully opened
598	[2019-04-25] [13:33:48.182]		Analyse page
599	[2019-04-25] [13:33:48.185]		Handle errors
600	[2019-04-25] [13:33:48.185]	Wait for: 601
601	[2019-04-25] [13:33:48.786]	Scrape: https://www.exist.ru/Price/?pid=59503C89
602	[2019-04-25] [13:33:48.786]		Start scraper
603	[2019-04-25] [13:33:48.786]	Get #priceBody.innerHTML
604	[2019-04-25] [13:33:48.809]	Page scrape 2 analogs
605	[2019-04-25] [13:33:48.810]	Scraping https://www.exist.ru from article #12 344885
606	[2019-04-25] [13:33:48.810]	Scraping article: #12 344885 | category: Амортизаторы | https://www.exist.ru/Price/?pcode=344885
607	[2019-04-25] [13:33:49.753]	https://www.exist.ru/Price/?pcode=344885 successfully opened
608	[2019-04-25] [13:33:49.754]	Wait for: 697
609	[2019-04-25] [13:33:50.450]		Analyse page
610	[2019-04-25] [13:33:50.453]		Handle errors
611	[2019-04-25] [13:33:50.457]	Catalog links amount: 3
612	[2019-04-25] [13:33:50.458]	Link: #1 https://www.exist.ru/Price/?pid=3210C9CC
613	[2019-04-25] [13:33:50.459]	Link: #2 https://www.exist.ru/Price/?pid=09E0D9D2
614	[2019-04-25] [13:33:50.460]	Link: #3 https://www.exist.ru/Price/?pid=59803C89
615	[2019-04-25] [13:33:50.461]	Category not found, download all links
616	[2019-04-25] [13:33:50.462]	Go to: https://www.exist.ru/Price/?pid=3210C9CC
617	[2019-04-25] [13:33:51.317]	https://www.exist.ru/Price/?pid=3210C9CC successfully opened
618	[2019-04-25] [13:33:51.317]		Analyse page
619	[2019-04-25] [13:33:51.319]		Handle errors
620	[2019-04-25] [13:33:51.319]	Wait for: 895
621	[2019-04-25] [13:33:52.216]	Scrape: https://www.exist.ru/Price/?pid=3210C9CC
622	[2019-04-25] [13:33:52.216]		Start scraper
623	[2019-04-25] [13:33:52.216]	Get #priceBody.innerHTML
624	[2019-04-25] [13:33:52.226]	Page scrape 2 analogs
625	[2019-04-25] [13:33:52.227]	Go to: https://www.exist.ru/Price/?pid=09E0D9D2
626	[2019-04-25] [13:33:53.616]	https://www.exist.ru/Price/?pid=09E0D9D2 successfully opened
627	[2019-04-25] [13:33:53.616]		Analyse page
628	[2019-04-25] [13:33:53.620]		Handle errors
629	[2019-04-25] [13:33:53.620]	Wait for: 913
630	[2019-04-25] [13:33:54.533]	Scrape: https://www.exist.ru/Price/?pid=09E0D9D2
631	[2019-04-25] [13:33:54.534]		Start scraper
632	[2019-04-25] [13:33:54.534]	Get #priceBody.innerHTML
633	[2019-04-25] [13:33:54.575]	Page scrape 4 analogs
634	[2019-04-25] [13:33:54.576]	Go to: https://www.exist.ru/Price/?pid=59803C89
635	[2019-04-25] [13:33:56.109]	https://www.exist.ru/Price/?pid=59803C89 successfully opened
636	[2019-04-25] [13:33:56.109]		Analyse page
637	[2019-04-25] [13:33:56.112]		Handle errors
638	[2019-04-25] [13:33:56.112]	Wait for: 890
639	[2019-04-25] [13:33:57.002]	Scrape: https://www.exist.ru/Price/?pid=59803C89
640	[2019-04-25] [13:33:57.002]		Start scraper
641	[2019-04-25] [13:33:57.002]	Get #priceBody.innerHTML
642	[2019-04-25] [13:33:57.044]	Page scrape 5 analogs
643	[2019-04-25] [13:33:57.045]	Scraping https://www.exist.ru from article #13 344913
644	[2019-04-25] [13:33:57.045]	Scraping article: #13 344913 | category: Амортизаторы | https://www.exist.ru/Price/?pcode=344913
645	[2019-04-25] [13:33:59.039]	https://www.exist.ru/Price/?pcode=344913 successfully opened
646	[2019-04-25] [13:33:59.039]	Wait for: 632
647	[2019-04-25] [13:33:59.672]		Analyse page
648	[2019-04-25] [13:33:59.675]		Handle errors
649	[2019-04-25] [13:33:59.679]	Catalog links amount: 3
650	[2019-04-25] [13:33:59.680]	Link: #1 https://www.exist.ru/Price/?pid=3750C9CC
651	[2019-04-25] [13:33:59.683]	Link: #2 https://www.exist.ru/Price/?pid=0F20D9D2
652	[2019-04-25] [13:33:59.684]	Link: #3 https://www.exist.ru/Price/?pid=36103C7D
653	[2019-04-25] [13:33:59.684]	Category not found, download all links
654	[2019-04-25] [13:33:59.685]	Go to: https://www.exist.ru/Price/?pid=3750C9CC
655	[2019-04-25] [13:34:00.990]	https://www.exist.ru/Price/?pid=3750C9CC successfully opened
656	[2019-04-25] [13:34:00.990]		Analyse page
657	[2019-04-25] [13:34:00.992]		Handle errors
658	[2019-04-25] [13:34:00.992]	Wait for: 824
659	[2019-04-25] [13:34:01.817]	Scrape: https://www.exist.ru/Price/?pid=3750C9CC
660	[2019-04-25] [13:34:01.817]		Start scraper
661	[2019-04-25] [13:34:01.817]	Get #priceBody.innerHTML
662	[2019-04-25] [13:34:01.840]	Page scrape 2 analogs
663	[2019-04-25] [13:34:01.841]	Go to: https://www.exist.ru/Price/?pid=0F20D9D2
664	[2019-04-25] [13:34:03.944]	https://www.exist.ru/Price/?pid=0F20D9D2 successfully opened
665	[2019-04-25] [13:34:03.944]		Analyse page
666	[2019-04-25] [13:34:03.946]		Handle errors
667	[2019-04-25] [13:34:03.947]	Wait for: 848
668	[2019-04-25] [13:34:04.795]	Scrape: https://www.exist.ru/Price/?pid=0F20D9D2
669	[2019-04-25] [13:34:04.795]		Start scraper
670	[2019-04-25] [13:34:04.795]	Get #priceBody.innerHTML
671	[2019-04-25] [13:34:04.819]	Page scrape 2 analogs
672	[2019-04-25] [13:34:04.820]	Go to: https://www.exist.ru/Price/?pid=36103C7D
673	[2019-04-25] [13:34:05.962]	https://www.exist.ru/Price/?pid=36103C7D successfully opened
674	[2019-04-25] [13:34:05.963]		Analyse page
675	[2019-04-25] [13:34:05.965]		Handle errors
676	[2019-04-25] [13:34:05.965]	Wait for: 820
677	[2019-04-25] [13:34:06.786]	Scrape: https://www.exist.ru/Price/?pid=36103C7D
678	[2019-04-25] [13:34:06.786]		Start scraper
679	[2019-04-25] [13:34:06.786]	Get #priceBody.innerHTML
680	[2019-04-25] [13:34:06.801]	Page scrape 1 analogs
681	[2019-04-25] [13:34:06.802]	Scraping https://www.exist.ru from article #14 344914
682	[2019-04-25] [13:34:06.802]	Scraping article: #14 344914 | category: Амортизаторы | https://www.exist.ru/Price/?pcode=344914
683	[2019-04-25] [13:34:08.487]	https://www.exist.ru/Price/?pcode=344914 successfully opened
684	[2019-04-25] [13:34:08.488]	Wait for: 960
685	[2019-04-25] [13:34:09.447]		Analyse page
686	[2019-04-25] [13:34:09.451]		Handle errors
687	[2019-04-25] [13:34:09.455]	Catalog links amount: 3
688	[2019-04-25] [13:34:09.456]	Link: #1 https://www.exist.ru/Price/?pid=3780C9CC
689	[2019-04-25] [13:34:09.457]	Link: #2 https://www.exist.ru/Price/?pid=0F50D9D2
690	[2019-04-25] [13:34:09.459]	Link: #3 https://www.exist.ru/Price/?pid=5B903C89
691	[2019-04-25] [13:34:09.459]	Category not found, download all links
692	[2019-04-25] [13:34:09.460]	Go to: https://www.exist.ru/Price/?pid=3780C9CC
693	[2019-04-25] [13:34:10.525]	https://www.exist.ru/Price/?pid=3780C9CC successfully opened
694	[2019-04-25] [13:34:10.525]		Analyse page
695	[2019-04-25] [13:34:10.527]		Handle errors
696	[2019-04-25] [13:34:10.527]	Wait for: 585
697	[2019-04-25] [13:34:11.111]	Scrape: https://www.exist.ru/Price/?pid=3780C9CC
698	[2019-04-25] [13:34:11.112]		Start scraper
699	[2019-04-25] [13:34:11.112]	Get #priceBody.innerHTML
700	[2019-04-25] [13:34:11.147]	Page scrape 3 analogs
701	[2019-04-25] [13:34:11.147]	Go to: https://www.exist.ru/Price/?pid=0F50D9D2
702	[2019-04-25] [13:34:12.854]	https://www.exist.ru/Price/?pid=0F50D9D2 successfully opened
703	[2019-04-25] [13:34:12.854]		Analyse page
704	[2019-04-25] [13:34:12.856]		Handle errors
705	[2019-04-25] [13:34:12.856]	Wait for: 546
706	[2019-04-25] [13:34:13.402]	Scrape: https://www.exist.ru/Price/?pid=0F50D9D2
707	[2019-04-25] [13:34:13.402]		Start scraper
708	[2019-04-25] [13:34:13.402]	Get #priceBody.innerHTML
709	[2019-04-25] [13:34:13.428]	Page scrape 3 analogs
710	[2019-04-25] [13:34:13.429]	Go to: https://www.exist.ru/Price/?pid=5B903C89
711	[2019-04-25] [13:34:14.802]	https://www.exist.ru/Price/?pid=5B903C89 successfully opened
712	[2019-04-25] [13:34:14.802]		Analyse page
713	[2019-04-25] [13:34:14.809]		Handle errors
714	[2019-04-25] [13:34:14.809]	Wait for: 830
715	[2019-04-25] [13:34:15.639]	Scrape: https://www.exist.ru/Price/?pid=5B903C89
716	[2019-04-25] [13:34:15.639]		Start scraper
717	[2019-04-25] [13:34:15.639]	Get #priceBody.innerHTML
718	[2019-04-25] [13:34:15.663]	Page scrape 3 analogs
719	[2019-04-25] [13:34:15.664]	Scraping https://www.exist.ru from article #15 345020
720	[2019-04-25] [13:34:15.665]	Scraping article: #15 345020 | category: Амортизаторы | https://www.exist.ru/Price/?pcode=345020
721	[2019-04-25] [13:34:17.178]	https://www.exist.ru/Price/?pcode=345020 successfully opened
722	[2019-04-25] [13:34:17.179]	Wait for: 546
723	[2019-04-25] [13:34:17.725]		Analyse page
724	[2019-04-25] [13:34:17.727]		Handle errors
725	[2019-04-25] [13:34:17.732]	Catalog links amount: 8
726	[2019-04-25] [13:34:17.733]	Link: #1 https://www.exist.ru/Price/?pid=3AE0D2AE
727	[2019-04-25] [13:34:17.734]	Link: #2 https://www.exist.ru/Price/?pid=22809654
728	[2019-04-25] [13:34:17.735]	Link: #3 https://www.exist.ru/Price/?pid=7100E8F3
729	[2019-04-25] [13:34:17.737]	Link: #4 https://www.exist.ru/Price/?pid=73104BD3
730	[2019-04-25] [13:34:17.738]	Link: #5 https://www.exist.ru/Price/?pid=9B3008E0
731	[2019-04-25] [13:34:17.739]	Link: #6 https://www.exist.ru/Price/?pid=22D0D9D2
732	[2019-04-25] [13:34:17.740]	Link: #7 https://www.exist.ru/Price/?pid=5A900A0B
733	[2019-04-25] [13:34:17.741]	Category found, go to: https://www.exist.ru/Price/?pid=5A900A0B
734	[2019-04-25] [13:34:18.996]	https://www.exist.ru/Price/?pid=5A900A0B successfully opened
735	[2019-04-25] [13:34:18.996]		Analyse page
736	[2019-04-25] [13:34:18.999]		Handle errors
737	[2019-04-25] [13:34:18.999]	Wait for: 914
738	[2019-04-25] [13:34:19.915]	Scrape https://www.exist.ru/Price/?pid=5A900A0B
739	[2019-04-25] [13:34:19.915]		Start scraper
740	[2019-04-25] [13:34:19.915]	Get #priceBody.innerHTML
741	[2019-04-25] [13:34:20.021]	Page scrape 7 analogs
742	[2019-04-25] [13:34:20.022]	Scraping https://www.exist.ru from article #16 345134
743	[2019-04-25] [13:34:20.023]	Scraping article: #16 345134 | category: Амортизаторы | https://www.exist.ru/Price/?pcode=345134
744	[2019-04-25] [13:34:21.149]	https://www.exist.ru/Price/?pcode=345134 successfully opened
745	[2019-04-25] [13:34:21.150]	Wait for: 725
746	[2019-04-25] [13:34:21.875]		Analyse page
747	[2019-04-25] [13:34:21.878]		Handle errors
748	[2019-04-25] [13:34:21.883]	Catalog links amount: 4
749	[2019-04-25] [13:34:21.884]	Link: #1 https://www.exist.ru/Price/?pid=1220E1FA
750	[2019-04-25] [13:34:21.885]	Link: #2 https://www.exist.ru/Price/?pid=7F90DA1B
751	[2019-04-25] [13:34:21.886]	Link: #3 https://www.exist.ru/Price/?pid=AAA05445
752	[2019-04-25] [13:34:21.887]	Link: #4 https://www.exist.ru/Price/?pid=CA80A095
753	[2019-04-25] [13:34:21.888]	Category not found, download all links
754	[2019-04-25] [13:34:21.889]	Go to: https://www.exist.ru/Price/?pid=1220E1FA
755	[2019-04-25] [13:34:23.089]	https://www.exist.ru/Price/?pid=1220E1FA successfully opened
756	[2019-04-25] [13:34:23.089]		Analyse page
757	[2019-04-25] [13:34:23.091]		Handle errors
758	[2019-04-25] [13:34:23.092]	Wait for: 921
759	[2019-04-25] [13:34:24.013]	Scrape: https://www.exist.ru/Price/?pid=1220E1FA
760	[2019-04-25] [13:34:24.013]		Start scraper
761	[2019-04-25] [13:34:24.013]	Get #priceBody.innerHTML
762	[2019-04-25] [13:34:24.030]	Page scrape 2 analogs
763	[2019-04-25] [13:34:24.031]	Go to: https://www.exist.ru/Price/?pid=7F90DA1B
764	[2019-04-25] [13:34:25.315]	https://www.exist.ru/Price/?pid=7F90DA1B successfully opened
765	[2019-04-25] [13:34:25.315]		Analyse page
766	[2019-04-25] [13:34:25.318]		Handle errors
767	[2019-04-25] [13:34:25.318]	Wait for: 766
768	[2019-04-25] [13:34:26.084]	Scrape: https://www.exist.ru/Price/?pid=7F90DA1B
769	[2019-04-25] [13:34:26.084]		Start scraper
770	[2019-04-25] [13:34:26.084]	Get #priceBody.innerHTML
771	[2019-04-25] [13:34:26.107]	Page scrape 2 analogs
772	[2019-04-25] [13:34:26.107]	Go to: https://www.exist.ru/Price/?pid=AAA05445
773	[2019-04-25] [13:34:27.600]	https://www.exist.ru/Price/?pid=AAA05445 successfully opened
774	[2019-04-25] [13:34:27.600]		Analyse page
775	[2019-04-25] [13:34:27.602]		Handle errors
776	[2019-04-25] [13:34:27.602]	Wait for: 657
777	[2019-04-25] [13:34:28.259]	Scrape: https://www.exist.ru/Price/?pid=AAA05445
778	[2019-04-25] [13:34:28.259]		Start scraper
779	[2019-04-25] [13:34:28.259]	Get #priceBody.innerHTML
780	[2019-04-25] [13:34:28.274]	Page scrape 1 analogs
781	[2019-04-25] [13:34:28.274]	Go to: https://www.exist.ru/Price/?pid=CA80A095
782	[2019-04-25] [13:34:29.591]	https://www.exist.ru/Price/?pid=CA80A095 successfully opened
783	[2019-04-25] [13:34:29.591]		Analyse page
784	[2019-04-25] [13:34:29.594]		Handle errors
785	[2019-04-25] [13:34:29.594]	Wait for: 704
786	[2019-04-25] [13:34:30.299]	Scrape: https://www.exist.ru/Price/?pid=CA80A095
787	[2019-04-25] [13:34:30.299]		Start scraper
788	[2019-04-25] [13:34:30.299]	Get #priceBody.innerHTML
789	[2019-04-25] [13:34:30.321]	Page scrape 2 analogs
790	[2019-04-25] [13:34:30.322]	Scraping https://www.exist.ru from article #17 345135
791	[2019-04-25] [13:34:30.323]	Scraping article: #17 345135 | category: Амортизаторы | https://www.exist.ru/Price/?pcode=345135
792	[2019-04-25] [13:34:31.040]	https://www.exist.ru/Price/?pcode=345135 successfully opened
793	[2019-04-25] [13:34:31.041]	Wait for: 689
794	[2019-04-25] [13:34:31.730]		Analyse page
795	[2019-04-25] [13:34:31.740]		Handle errors
796	[2019-04-25] [13:34:31.746]	Catalog links amount: 5
797	[2019-04-25] [13:34:31.747]	Link: #1 https://www.exist.ru/Price/?pid=10D0E1FA
798	[2019-04-25] [13:34:31.748]	Link: #2 https://www.exist.ru/Price/?pid=8DE008E0
799	[2019-04-25] [13:34:31.749]	Link: #3 https://www.exist.ru/Price/?pid=7FC0DA1B
800	[2019-04-25] [13:34:31.750]	Link: #4 https://www.exist.ru/Price/?pid=AAD05445
801	[2019-04-25] [13:34:31.752]	Link: #5 https://www.exist.ru/Price/?pid=CAB0A095
802	[2019-04-25] [13:34:31.752]	Category not found, download all links
803	[2019-04-25] [13:34:31.753]	Go to: https://www.exist.ru/Price/?pid=10D0E1FA
804	[2019-04-25] [13:34:32.903]	https://www.exist.ru/Price/?pid=10D0E1FA successfully opened
805	[2019-04-25] [13:34:32.903]		Analyse page
806	[2019-04-25] [13:34:32.910]		Handle errors
807	[2019-04-25] [13:34:32.910]	Wait for: 654
808	[2019-04-25] [13:34:33.564]	Scrape: https://www.exist.ru/Price/?pid=10D0E1FA
809	[2019-04-25] [13:34:33.564]		Start scraper
810	[2019-04-25] [13:34:33.564]	Get #priceBody.innerHTML
811	[2019-04-25] [13:34:33.583]	Page scrape 2 analogs
812	[2019-04-25] [13:34:33.584]	Go to: https://www.exist.ru/Price/?pid=8DE008E0
813	[2019-04-25] [13:34:34.893]	https://www.exist.ru/Price/?pid=8DE008E0 successfully opened
814	[2019-04-25] [13:34:34.894]		Analyse page
815	[2019-04-25] [13:34:34.897]		Handle errors
816	[2019-04-25] [13:34:34.897]	Wait for: 723
817	[2019-04-25] [13:34:35.619]	Scrape: https://www.exist.ru/Price/?pid=8DE008E0
818	[2019-04-25] [13:34:35.620]		Start scraper
819	[2019-04-25] [13:34:35.620]	Get #priceBody.innerHTML
820	[2019-04-25] [13:34:35.637]	Page scrape 2 analogs
821	[2019-04-25] [13:34:35.638]	Go to: https://www.exist.ru/Price/?pid=7FC0DA1B
822	[2019-04-25] [13:34:36.643]	https://www.exist.ru/Price/?pid=7FC0DA1B successfully opened
823	[2019-04-25] [13:34:36.643]		Analyse page
824	[2019-04-25] [13:34:36.646]		Handle errors
825	[2019-04-25] [13:34:36.646]	Wait for: 927
826	[2019-04-25] [13:34:37.574]	Scrape: https://www.exist.ru/Price/?pid=7FC0DA1B
827	[2019-04-25] [13:34:37.574]		Start scraper
828	[2019-04-25] [13:34:37.574]	Get #priceBody.innerHTML
829	[2019-04-25] [13:34:37.605]	Page scrape 2 analogs
830	[2019-04-25] [13:34:37.606]	Go to: https://www.exist.ru/Price/?pid=AAD05445
831	[2019-04-25] [13:34:38.955]	https://www.exist.ru/Price/?pid=AAD05445 successfully opened
832	[2019-04-25] [13:34:38.955]		Analyse page
833	[2019-04-25] [13:34:38.957]		Handle errors
834	[2019-04-25] [13:34:38.957]	Wait for: 636
835	[2019-04-25] [13:34:39.594]	Scrape: https://www.exist.ru/Price/?pid=AAD05445
836	[2019-04-25] [13:34:39.594]		Start scraper
837	[2019-04-25] [13:34:39.594]	Get #priceBody.innerHTML
838	[2019-04-25] [13:34:39.606]	Page scrape 1 analogs
839	[2019-04-25] [13:34:39.607]	Go to: https://www.exist.ru/Price/?pid=CAB0A095
840	[2019-04-25] [13:34:41.054]	https://www.exist.ru/Price/?pid=CAB0A095 successfully opened
841	[2019-04-25] [13:34:41.055]		Analyse page
842	[2019-04-25] [13:34:41.057]		Handle errors
843	[2019-04-25] [13:34:41.057]	Wait for: 581
844	[2019-04-25] [13:34:41.638]	Scrape: https://www.exist.ru/Price/?pid=CAB0A095
845	[2019-04-25] [13:34:41.638]		Start scraper
846	[2019-04-25] [13:34:41.638]	Get #priceBody.innerHTML
847	[2019-04-25] [13:34:41.665]	Page scrape 3 analogs
848	[2019-04-25] [13:34:41.666]	Scraping https://www.exist.ru from article #18 345136
849	[2019-04-25] [13:34:41.666]	Scraping article: #18 345136 | category: Амортизаторы | https://www.exist.ru/Price/?pcode=345136
850	[2019-04-25] [13:34:42.640]	https://www.exist.ru/Price/?pcode=345136 successfully opened
851	[2019-04-25] [13:34:42.641]	Wait for: 805
852	[2019-04-25] [13:34:43.446]		Analyse page
853	[2019-04-25] [13:34:43.449]		Handle errors
854	[2019-04-25] [13:34:43.453]	Catalog links amount: 4
855	[2019-04-25] [13:34:43.454]	Link: #1 https://www.exist.ru/Price/?pid=0C20E1FA
856	[2019-04-25] [13:34:43.455]	Link: #2 https://www.exist.ru/Price/?pid=DBA0E0F0
857	[2019-04-25] [13:34:43.456]	Link: #3 https://www.exist.ru/Price/?pid=AB005445
858	[2019-04-25] [13:34:43.457]	Link: #4 https://www.exist.ru/Price/?pid=CAE0A095
859	[2019-04-25] [13:34:43.458]	Category not found, download all links
860	[2019-04-25] [13:34:43.459]	Go to: https://www.exist.ru/Price/?pid=0C20E1FA
861	[2019-04-25] [13:34:44.559]	https://www.exist.ru/Price/?pid=0C20E1FA successfully opened
862	[2019-04-25] [13:34:44.559]		Analyse page
863	[2019-04-25] [13:34:44.561]		Handle errors
864	[2019-04-25] [13:34:44.561]	Wait for: 985
865	[2019-04-25] [13:34:45.547]	Scrape: https://www.exist.ru/Price/?pid=0C20E1FA
866	[2019-04-25] [13:34:45.547]		Start scraper
867	[2019-04-25] [13:34:45.547]	Get #priceBody.innerHTML
868	[2019-04-25] [13:34:45.571]	Page scrape 2 analogs
869	[2019-04-25] [13:34:45.572]	Go to: https://www.exist.ru/Price/?pid=DBA0E0F0
870	[2019-04-25] [13:34:46.370]	https://www.exist.ru/Price/?pid=DBA0E0F0 successfully opened
871	[2019-04-25] [13:34:46.370]		Analyse page
872	[2019-04-25] [13:34:46.373]		Handle errors
873	[2019-04-25] [13:34:46.373]	Wait for: 814
874	[2019-04-25] [13:34:47.187]	Scrape: https://www.exist.ru/Price/?pid=DBA0E0F0
875	[2019-04-25] [13:34:47.187]		Start scraper
876	[2019-04-25] [13:34:47.187]	Get #priceBody.innerHTML
877	[2019-04-25] [13:34:47.208]	Page scrape 2 analogs
878	[2019-04-25] [13:34:47.209]	Go to: https://www.exist.ru/Price/?pid=AB005445
879	[2019-04-25] [13:34:48.303]	https://www.exist.ru/Price/?pid=AB005445 successfully opened
880	[2019-04-25] [13:34:48.303]		Analyse page
881	[2019-04-25] [13:34:48.306]		Handle errors
882	[2019-04-25] [13:34:48.306]	Wait for: 529
883	[2019-04-25] [13:34:48.835]	Scrape: https://www.exist.ru/Price/?pid=AB005445
884	[2019-04-25] [13:34:48.835]		Start scraper
885	[2019-04-25] [13:34:48.835]	Get #priceBody.innerHTML
886	[2019-04-25] [13:34:48.847]	Page scrape 1 analogs
887	[2019-04-25] [13:34:48.848]	Go to: https://www.exist.ru/Price/?pid=CAE0A095
888	[2019-04-25] [13:34:55.637]	https://www.exist.ru/Price/?pid=CAE0A095 successfully opened
889	[2019-04-25] [13:34:55.637]		Analyse page
890	[2019-04-25] [13:34:55.639]		Handle errors
891	[2019-04-25] [13:34:55.639]	Banner detected
892	[2019-04-25] [13:34:55.639]	Wait for banner
893	[2019-04-25] [13:35:25.646]	TimeoutError: waiting for selector ".user-banner__skip" failed: timeout 30000ms exceeded
894	[2019-04-25] [13:35:28.226]	Open: https://www.exist.ru
895	[2019-04-25] [13:35:30.547]	https://www.exist.ru successfully opened
896	[2019-04-25] [13:35:31.548]	Source files/source/articles.xlsx loaded, length: 684
897	[2019-04-25] [13:35:31.548]	Start main sequence.
898	[2019-04-25] [13:35:31.549]	Scraping https://www.exist.ru from article #18 345136
899	[2019-04-25] [13:35:31.550]	Scraping article: #18 345136 | category: Амортизаторы | https://www.exist.ru/Price/?pcode=345136
900	[2019-04-25] [13:35:32.920]	https://www.exist.ru/Price/?pcode=345136 successfully opened
901	[2019-04-25] [13:35:32.922]	Wait for: 643
902	[2019-04-25] [13:35:33.566]		Analyse page
903	[2019-04-25] [13:35:33.569]		Handle errors
904	[2019-04-25] [13:35:33.574]	Catalog links amount: 4
905	[2019-04-25] [13:35:33.574]	Link: #1 https://www.exist.ru/Price/?pid=0C20E1FA
906	[2019-04-25] [13:35:33.576]	Link: #2 https://www.exist.ru/Price/?pid=DBA0E0F0
907	[2019-04-25] [13:35:33.577]	Link: #3 https://www.exist.ru/Price/?pid=AB005445
908	[2019-04-25] [13:35:33.578]	Link: #4 https://www.exist.ru/Price/?pid=CAE0A095
909	[2019-04-25] [13:35:33.579]	Category not found, download all links
910	[2019-04-25] [13:35:33.580]	Go to: https://www.exist.ru/Price/?pid=0C20E1FA
911	[2019-04-25] [13:35:38.808]	https://www.exist.ru/Price/?pid=0C20E1FA successfully opened
912	[2019-04-25] [13:35:38.809]		Analyse page
913	[2019-04-25] [13:35:38.811]		Handle errors
914	[2019-04-25] [13:35:38.811]	Captcha cached
915	[2019-04-25] [13:35:38.811]	[object Object]
916	[2019-04-25] [13:35:38.813]	Script execution finished.
917	[2019-04-25] [13:37:35.680]	Source files/source/articles.xlsx loaded, length: 684
918	[2019-04-25] [13:37:35.680]	Start main sequence.
919	[2019-04-25] [13:37:35.681]	Scraping https://www.exist.ru from article #18 345136
920	[2019-04-25] [13:37:35.682]	Scraping article: #18 345136 | category: Амортизаторы | https://www.exist.ru/Price/?pcode=345136
921	[2019-04-25] [13:37:37.477]	https://www.exist.ru/Price/?pcode=345136 successfully opened
922	[2019-04-25] [13:37:37.478]	Wait for: 1084
923	[2019-04-25] [13:37:38.562]		Analyse page
924	[2019-04-25] [13:37:38.566]		Handle errors
925	[2019-04-25] [13:37:38.573]	Catalog links amount: 4
926	[2019-04-25] [13:37:38.574]	Link: #1 https://www.exist.ru/Price/?pid=0C20E1FA
927	[2019-04-25] [13:37:38.575]	Link: #2 https://www.exist.ru/Price/?pid=DBA0E0F0
928	[2019-04-25] [13:37:38.576]	Link: #3 https://www.exist.ru/Price/?pid=AB005445
929	[2019-04-25] [13:37:38.577]	Link: #4 https://www.exist.ru/Price/?pid=CAE0A095
930	[2019-04-25] [13:37:38.577]	Category not found, download all links
931	[2019-04-25] [13:37:38.578]	Go to: https://www.exist.ru/Price/?pid=0C20E1FA
932	[2019-04-25] [13:37:40.110]	https://www.exist.ru/Price/?pid=0C20E1FA successfully opened
933	[2019-04-25] [13:37:40.110]		Analyse page
934	[2019-04-25] [13:37:40.111]		Handle errors
935	[2019-04-25] [13:37:40.111]	Wait for: 1212
936	[2019-04-25] [13:37:41.323]	Scrape: https://www.exist.ru/Price/?pid=0C20E1FA
937	[2019-04-25] [13:37:41.323]		Start scraper
938	[2019-04-25] [13:37:41.324]	Get #priceBody.innerHTML
939	[2019-04-25] [13:37:41.363]	Page scrape 2 analogs
940	[2019-04-25] [13:37:41.364]	Go to: https://www.exist.ru/Price/?pid=DBA0E0F0
941	[2019-04-25] [13:37:42.613]	https://www.exist.ru/Price/?pid=DBA0E0F0 successfully opened
942	[2019-04-25] [13:37:42.613]		Analyse page
943	[2019-04-25] [13:37:42.615]		Handle errors
944	[2019-04-25] [13:37:42.615]	Wait for: 1102
945	[2019-04-25] [13:37:43.717]	Scrape: https://www.exist.ru/Price/?pid=DBA0E0F0
946	[2019-04-25] [13:37:43.718]		Start scraper
947	[2019-04-25] [13:37:43.718]	Get #priceBody.innerHTML
948	[2019-04-25] [13:37:43.751]	Page scrape 2 analogs
949	[2019-04-25] [13:37:43.752]	Go to: https://www.exist.ru/Price/?pid=AB005445
950	[2019-04-25] [13:37:45.721]	https://www.exist.ru/Price/?pid=AB005445 successfully opened
951	[2019-04-25] [13:37:45.721]		Analyse page
952	[2019-04-25] [13:37:45.724]		Handle errors
953	[2019-04-25] [13:37:45.724]	Wait for: 1441
954	[2019-04-25] [13:37:47.165]	Scrape: https://www.exist.ru/Price/?pid=AB005445
955	[2019-04-25] [13:37:47.165]		Start scraper
956	[2019-04-25] [13:37:47.165]	Get #priceBody.innerHTML
957	[2019-04-25] [13:37:47.178]	Page scrape 1 analogs
958	[2019-04-25] [13:37:47.179]	Go to: https://www.exist.ru/Price/?pid=CAE0A095
959	[2019-04-25] [13:37:48.249]	https://www.exist.ru/Price/?pid=CAE0A095 successfully opened
960	[2019-04-25] [13:37:48.250]		Analyse page
961	[2019-04-25] [13:37:48.251]		Handle errors
962	[2019-04-25] [13:37:48.251]	Wait for: 1073
963	[2019-04-25] [13:37:49.325]	Scrape: https://www.exist.ru/Price/?pid=CAE0A095
964	[2019-04-25] [13:37:49.325]		Start scraper
965	[2019-04-25] [13:37:49.325]	Get #priceBody.innerHTML
966	[2019-04-25] [13:37:49.378]	Page scrape 7 analogs
967	[2019-04-25] [13:37:49.378]	Scraping https://www.exist.ru from article #19 345137
968	[2019-04-25] [13:37:49.379]	Scraping article: #19 345137 | category: Амортизаторы | https://www.exist.ru/Price/?pcode=345137
969	[2019-04-25] [13:37:50.364]	https://www.exist.ru/Price/?pcode=345137 successfully opened
970	[2019-04-25] [13:37:50.365]	Wait for: 1333
971	[2019-04-25] [13:37:51.699]		Analyse page
972	[2019-04-25] [13:37:51.703]		Handle errors
973	[2019-04-25] [13:37:51.708]	Catalog links amount: 5
974	[2019-04-25] [13:37:51.709]	Link: #1 https://www.exist.ru/Price/?pid=1130E1FA
975	[2019-04-25] [13:37:51.710]	Link: #2 https://www.exist.ru/Price/?pid=8E1008E0
976	[2019-04-25] [13:37:51.711]	Link: #3 https://www.exist.ru/Price/?pid=DD20E0F0
977	[2019-04-25] [13:37:51.712]	Link: #4 https://www.exist.ru/Price/?pid=AC805445
978	[2019-04-25] [13:37:51.713]	Link: #5 https://www.exist.ru/Price/?pid=CB10A095
979	[2019-04-25] [13:37:51.714]	Category not found, download all links
980	[2019-04-25] [13:37:51.714]	Go to: https://www.exist.ru/Price/?pid=1130E1FA
981	[2019-04-25] [13:37:52.710]	https://www.exist.ru/Price/?pid=1130E1FA successfully opened
982	[2019-04-25] [13:37:52.710]		Analyse page
983	[2019-04-25] [13:37:52.715]		Handle errors
984	[2019-04-25] [13:37:52.715]	Wait for: 1458
985	[2019-04-25] [13:37:54.174]	Scrape: https://www.exist.ru/Price/?pid=1130E1FA
986	[2019-04-25] [13:37:54.174]		Start scraper
987	[2019-04-25] [13:37:54.174]	Get #priceBody.innerHTML
988	[2019-04-25] [13:37:54.208]	Page scrape 2 analogs
989	[2019-04-25] [13:37:54.208]	Go to: https://www.exist.ru/Price/?pid=8E1008E0
990	[2019-04-25] [13:37:55.565]	https://www.exist.ru/Price/?pid=8E1008E0 successfully opened
991	[2019-04-25] [13:37:55.565]		Analyse page
992	[2019-04-25] [13:37:55.568]		Handle errors
993	[2019-04-25] [13:37:55.568]	Wait for: 1419
994	[2019-04-25] [13:37:56.988]	Scrape: https://www.exist.ru/Price/?pid=8E1008E0
995	[2019-04-25] [13:37:56.988]		Start scraper
996	[2019-04-25] [13:37:56.988]	Get #priceBody.innerHTML
997	[2019-04-25] [13:37:57.013]	Page scrape 2 analogs
998	[2019-04-25] [13:37:57.013]	Go to: https://www.exist.ru/Price/?pid=DD20E0F0
999	[2019-04-25] [13:37:57.882]	https://www.exist.ru/Price/?pid=DD20E0F0 successfully opened
1000	[2019-04-25] [13:37:57.882]		Analyse page
1001	[2019-04-25] [13:37:57.885]		Handle errors
1002	[2019-04-25] [13:37:57.885]	Wait for: 1486
1003	[2019-04-25] [13:37:59.371]	Scrape: https://www.exist.ru/Price/?pid=DD20E0F0
1004	[2019-04-25] [13:37:59.371]		Start scraper
1005	[2019-04-25] [13:37:59.371]	Get #priceBody.innerHTML
1006	[2019-04-25] [13:37:59.394]	Page scrape 2 analogs
1007	[2019-04-25] [13:37:59.394]	Go to: https://www.exist.ru/Price/?pid=AC805445
1008	[2019-04-25] [13:38:00.812]	https://www.exist.ru/Price/?pid=AC805445 successfully opened
1009	[2019-04-25] [13:38:00.812]		Analyse page
1010	[2019-04-25] [13:38:00.815]		Handle errors
1011	[2019-04-25] [13:38:00.815]	Wait for: 1250
1012	[2019-04-25] [13:38:02.064]	Scrape: https://www.exist.ru/Price/?pid=AC805445
1013	[2019-04-25] [13:38:02.064]		Start scraper
1014	[2019-04-25] [13:38:02.064]	Get #priceBody.innerHTML
1015	[2019-04-25] [13:38:02.079]	Page scrape 1 analogs
1016	[2019-04-25] [13:38:02.079]	Go to: https://www.exist.ru/Price/?pid=CB10A095
1017	[2019-04-25] [13:38:02.940]	https://www.exist.ru/Price/?pid=CB10A095 successfully opened
1018	[2019-04-25] [13:38:02.940]		Analyse page
1019	[2019-04-25] [13:38:02.943]		Handle errors
1020	[2019-04-25] [13:38:02.943]	Wait for: 1279
1021	[2019-04-25] [13:38:04.222]	Scrape: https://www.exist.ru/Price/?pid=CB10A095
1022	[2019-04-25] [13:38:04.222]		Start scraper
1023	[2019-04-25] [13:38:04.222]	Get #priceBody.innerHTML
1024	[2019-04-25] [13:38:04.250]	Page scrape 2 analogs
1025	[2019-04-25] [13:38:04.251]	Scraping https://www.exist.ru from article #20 350176
1026	[2019-04-25] [13:38:04.251]	Scraping article: #20 350176 | category: Рычаги подвески | https://www.exist.ru/Price/?pcode=350176
1027	[2019-04-25] [13:38:05.530]	https://www.exist.ru/Price/?pcode=350176 successfully opened
1028	[2019-04-25] [13:38:05.530]	Wait for: 1452
1029	[2019-04-25] [13:38:06.982]		Analyse page
1030	[2019-04-25] [13:38:06.986]		Handle errors
1031	[2019-04-25] [13:38:06.992]	Catalog links amount: 12
1032	[2019-04-25] [13:38:06.993]	Link: #1 https://www.exist.ru/Price/?pid=1AD0690F
1033	[2019-04-25] [13:38:06.995]	Link: #2 https://www.exist.ru/Price/?pid=1B10AF13
1034	[2019-04-25] [13:38:06.997]	Link: #3 https://www.exist.ru/Price/?pid=AAE0AE7D
1035	[2019-04-25] [13:38:06.999]	Link: #4 https://www.exist.ru/Price/?pid=97B002D6
1036	[2019-04-25] [13:38:07.000]	Link: #5 https://www.exist.ru/Price/?pid=F4D0A285
1037	[2019-04-25] [13:38:07.001]	Link: #6 https://www.exist.ru/Price/?pid=B220A6E0
1038	[2019-04-25] [13:38:07.002]	Link: #7 https://www.exist.ru/Price/?pid=59C0654A
1039	[2019-04-25] [13:38:07.003]	Link: #8 https://www.exist.ru/Price/?pid=E640A7CA
1040	[2019-04-25] [13:38:07.004]	Link: #9 https://www.exist.ru/Price/?pid=E590BF5D
1041	[2019-04-25] [13:38:07.005]	Link: #10 https://www.exist.ru/Price/?pid=69608BB3
1042	[2019-04-25] [13:38:07.007]	Link: #11 https://www.exist.ru/Price/?pid=E15017BC
1043	[2019-04-25] [13:38:07.008]	Link: #12 https://www.exist.ru/Price/?pid=61C0B531
1044	[2019-04-25] [13:38:07.008]	Category not found, download all links
1045	[2019-04-25] [13:38:07.009]	Go to: https://www.exist.ru/Price/?pid=1AD0690F
1046	[2019-04-25] [13:38:07.989]	https://www.exist.ru/Price/?pid=1AD0690F successfully opened
1047	[2019-04-25] [13:38:07.990]		Analyse page
1048	[2019-04-25] [13:38:07.993]		Handle errors
1049	[2019-04-25] [13:38:07.993]	Wait for: 1170
1050	[2019-04-25] [13:38:09.163]	Scrape: https://www.exist.ru/Price/?pid=1AD0690F
1051	[2019-04-25] [13:38:09.164]		Start scraper
1052	[2019-04-25] [13:38:09.164]	Get #priceBody.innerHTML
1053	[2019-04-25] [13:38:09.197]	Page scrape 3 analogs
1054	[2019-04-25] [13:38:09.198]	Go to: https://www.exist.ru/Price/?pid=1B10AF13
1055	[2019-04-25] [13:38:10.526]	https://www.exist.ru/Price/?pid=1B10AF13 successfully opened
1056	[2019-04-25] [13:38:10.526]		Analyse page
1057	[2019-04-25] [13:38:10.529]		Handle errors
1058	[2019-04-25] [13:38:10.529]	Wait for: 1141
1059	[2019-04-25] [13:38:11.670]	Scrape: https://www.exist.ru/Price/?pid=1B10AF13
1060	[2019-04-25] [13:38:11.670]		Start scraper
1061	[2019-04-25] [13:38:11.670]	Get #priceBody.innerHTML
1062	[2019-04-25] [13:38:11.681]	Page scrape 1 analogs
1063	[2019-04-25] [13:38:11.682]	Go to: https://www.exist.ru/Price/?pid=AAE0AE7D
1064	[2019-04-25] [13:38:12.518]	https://www.exist.ru/Price/?pid=AAE0AE7D successfully opened
1065	[2019-04-25] [13:38:12.518]		Analyse page
1066	[2019-04-25] [13:38:12.521]		Handle errors
1067	[2019-04-25] [13:38:12.521]	Wait for: 1219
1068	[2019-04-25] [13:38:13.740]	Scrape: https://www.exist.ru/Price/?pid=AAE0AE7D
1069	[2019-04-25] [13:38:13.740]		Start scraper
1070	[2019-04-25] [13:38:13.740]	Get #priceBody.innerHTML
1071	[2019-04-25] [13:38:13.752]	Page scrape 1 analogs
1072	[2019-04-25] [13:38:13.753]	Go to: https://www.exist.ru/Price/?pid=97B002D6
1073	[2019-04-25] [13:38:14.896]	https://www.exist.ru/Price/?pid=97B002D6 successfully opened
1074	[2019-04-25] [13:38:14.896]		Analyse page
1075	[2019-04-25] [13:38:14.898]		Handle errors
1076	[2019-04-25] [13:38:14.899]	Wait for: 1224
1077	[2019-04-25] [13:38:16.123]	Scrape: https://www.exist.ru/Price/?pid=97B002D6
1078	[2019-04-25] [13:38:16.123]		Start scraper
1079	[2019-04-25] [13:38:16.123]	Get #priceBody.innerHTML
1080	[2019-04-25] [13:38:16.133]	Page scrape 1 analogs
1081	[2019-04-25] [13:38:16.134]	Go to: https://www.exist.ru/Price/?pid=F4D0A285
1082	[2019-04-25] [13:38:17.405]	https://www.exist.ru/Price/?pid=F4D0A285 successfully opened
1083	[2019-04-25] [13:38:17.405]		Analyse page
1084	[2019-04-25] [13:38:17.408]		Handle errors
1085	[2019-04-25] [13:38:17.408]	Wait for: 1331
1086	[2019-04-25] [13:38:18.740]	Scrape: https://www.exist.ru/Price/?pid=F4D0A285
1087	[2019-04-25] [13:38:18.740]		Start scraper
1088	[2019-04-25] [13:38:18.740]	Get #priceBody.innerHTML
1089	[2019-04-25] [13:38:18.761]	Page scrape 2 analogs
1090	[2019-04-25] [13:38:18.762]	Go to: https://www.exist.ru/Price/?pid=B220A6E0
1091	[2019-04-25] [13:38:21.029]	https://www.exist.ru/Price/?pid=B220A6E0 successfully opened
1092	[2019-04-25] [13:38:21.029]		Analyse page
1093	[2019-04-25] [13:38:21.032]		Handle errors
1094	[2019-04-25] [13:38:21.032]	Wait for: 1234
1095	[2019-04-25] [13:38:22.267]	Scrape: https://www.exist.ru/Price/?pid=B220A6E0
1096	[2019-04-25] [13:38:22.267]		Start scraper
1097	[2019-04-25] [13:38:22.267]	Get #priceBody.innerHTML
1098	[2019-04-25] [13:38:22.284]	Page scrape 1 analogs
1099	[2019-04-25] [13:38:22.284]	Go to: https://www.exist.ru/Price/?pid=59C0654A
1100	[2019-04-25] [13:38:23.050]	https://www.exist.ru/Price/?pid=59C0654A successfully opened
1101	[2019-04-25] [13:38:23.051]		Analyse page
1102	[2019-04-25] [13:38:23.054]		Handle errors
1103	[2019-04-25] [13:38:23.054]	Wait for: 1142
1104	[2019-04-25] [13:38:24.196]	Scrape: https://www.exist.ru/Price/?pid=59C0654A
1105	[2019-04-25] [13:38:24.196]		Start scraper
1106	[2019-04-25] [13:38:24.196]	Get #priceBody.innerHTML
1107	[2019-04-25] [13:38:24.230]	Page scrape 2 analogs
1108	[2019-04-25] [13:38:24.230]	Go to: https://www.exist.ru/Price/?pid=E640A7CA
1109	[2019-04-25] [13:38:25.382]	https://www.exist.ru/Price/?pid=E640A7CA successfully opened
1110	[2019-04-25] [13:38:25.382]		Analyse page
1111	[2019-04-25] [13:38:25.384]		Handle errors
1112	[2019-04-25] [13:38:25.384]	Wait for: 1064
1113	[2019-04-25] [13:38:26.448]	Scrape: https://www.exist.ru/Price/?pid=E640A7CA
1114	[2019-04-25] [13:38:26.448]		Start scraper
1115	[2019-04-25] [13:38:26.448]	Get #priceBody.innerHTML
1116	[2019-04-25] [13:38:26.462]	Page scrape 1 analogs
1117	[2019-04-25] [13:38:26.463]	Go to: https://www.exist.ru/Price/?pid=E590BF5D
1118	[2019-04-25] [13:38:27.781]	https://www.exist.ru/Price/?pid=E590BF5D successfully opened
1119	[2019-04-25] [13:38:27.781]		Analyse page
1120	[2019-04-25] [13:38:27.783]		Handle errors
1121	[2019-04-25] [13:38:27.783]	Wait for: 1363
1122	[2019-04-25] [13:38:29.146]	Scrape: https://www.exist.ru/Price/?pid=E590BF5D
1123	[2019-04-25] [13:38:29.147]		Start scraper
1124	[2019-04-25] [13:38:29.147]	Get #priceBody.innerHTML
1125	[2019-04-25] [13:38:29.162]	Page scrape 1 analogs
1126	[2019-04-25] [13:38:29.162]	Go to: https://www.exist.ru/Price/?pid=69608BB3
1127	[2019-04-25] [13:38:30.341]	https://www.exist.ru/Price/?pid=69608BB3 successfully opened
1128	[2019-04-25] [13:38:30.341]		Analyse page
1129	[2019-04-25] [13:38:30.344]		Handle errors
1130	[2019-04-25] [13:38:30.344]	Wait for: 1231
1131	[2019-04-25] [13:38:31.574]	Scrape: https://www.exist.ru/Price/?pid=69608BB3
1132	[2019-04-25] [13:38:31.575]		Start scraper
1133	[2019-04-25] [13:38:31.575]	Get #priceBody.innerHTML
1134	[2019-04-25] [13:38:31.589]	Page scrape 1 analogs
1135	[2019-04-25] [13:38:31.590]	Go to: https://www.exist.ru/Price/?pid=E15017BC
1136	[2019-04-25] [13:38:32.757]	https://www.exist.ru/Price/?pid=E15017BC successfully opened
1137	[2019-04-25] [13:38:32.757]		Analyse page
1138	[2019-04-25] [13:38:32.762]		Handle errors
1139	[2019-04-25] [13:38:32.762]	Wait for: 1360
1140	[2019-04-25] [13:38:34.122]	Scrape: https://www.exist.ru/Price/?pid=E15017BC
1141	[2019-04-25] [13:38:34.122]		Start scraper
1142	[2019-04-25] [13:38:34.122]	Get #priceBody.innerHTML
1143	[2019-04-25] [13:38:34.134]	Page scrape 1 analogs
1144	[2019-04-25] [13:38:34.135]	Go to: https://www.exist.ru/Price/?pid=61C0B531
1145	[2019-04-25] [13:38:35.632]	https://www.exist.ru/Price/?pid=61C0B531 successfully opened
1146	[2019-04-25] [13:38:35.632]		Analyse page
1147	[2019-04-25] [13:38:35.635]		Handle errors
1148	[2019-04-25] [13:38:35.635]	Wait for: 1126
1149	[2019-04-25] [13:38:36.762]	Scrape: https://www.exist.ru/Price/?pid=61C0B531
1150	[2019-04-25] [13:38:36.762]		Start scraper
1151	[2019-04-25] [13:38:36.762]	Get #priceBody.innerHTML
1152	[2019-04-25] [13:38:36.775]	Page scrape 1 analogs
1153	[2019-04-25] [13:38:36.776]	Scraping https://www.exist.ru from article #21 350617
1154	[2019-04-25] [13:38:36.777]	Scraping article: #21 350617 | category: Рычаги подвески | https://www.exist.ru/Price/?pcode=350617
1155	[2019-04-25] [13:38:37.833]	https://www.exist.ru/Price/?pcode=350617 successfully opened
1156	[2019-04-25] [13:38:37.833]	Wait for: 1180
1157	[2019-04-25] [13:38:39.013]		Analyse page
1158	[2019-04-25] [13:38:39.016]		Handle errors
1159	[2019-04-25] [13:38:39.020]	Catalog links amount: 4
1160	[2019-04-25] [13:38:39.021]	Link: #1 https://www.exist.ru/Price/?pid=76C0AF13
1161	[2019-04-25] [13:38:39.022]	Link: #2 https://www.exist.ru/Price/?pid=B4B0E344
1162	[2019-04-25] [13:38:39.023]	Link: #3 https://www.exist.ru/Price/?pid=F2106552
1163	[2019-04-25] [13:38:39.024]	Link: #4 https://www.exist.ru/Price/?pid=83D0A81E
1164	[2019-04-25] [13:38:39.025]	Category not found, download all links
1165	[2019-04-25] [13:38:39.026]	Go to: https://www.exist.ru/Price/?pid=76C0AF13
1166	[2019-04-25] [13:38:40.854]	https://www.exist.ru/Price/?pid=76C0AF13 successfully opened
1167	[2019-04-25] [13:38:40.854]		Analyse page
1168	[2019-04-25] [13:38:40.856]		Handle errors
1169	[2019-04-25] [13:38:40.856]	Wait for: 1102
1170	[2019-04-25] [13:38:41.959]	Scrape: https://www.exist.ru/Price/?pid=76C0AF13
1171	[2019-04-25] [13:38:41.959]		Start scraper
1172	[2019-04-25] [13:38:41.959]	Get #priceBody.innerHTML
1173	[2019-04-25] [13:38:41.972]	Page scrape 1 analogs
1174	[2019-04-25] [13:38:41.972]	Go to: https://www.exist.ru/Price/?pid=B4B0E344
1175	[2019-04-25] [13:38:43.122]	https://www.exist.ru/Price/?pid=B4B0E344 successfully opened
1176	[2019-04-25] [13:38:43.122]		Analyse page
1177	[2019-04-25] [13:38:43.124]		Handle errors
1178	[2019-04-25] [13:38:43.124]	Wait for: 1090
1179	[2019-04-25] [13:38:44.214]	Scrape: https://www.exist.ru/Price/?pid=B4B0E344
1180	[2019-04-25] [13:38:44.215]		Start scraper
1181	[2019-04-25] [13:38:44.215]	Get #priceBody.innerHTML
1182	[2019-04-25] [13:38:44.226]	Page scrape 1 analogs
1183	[2019-04-25] [13:38:44.227]	Go to: https://www.exist.ru/Price/?pid=F2106552
1184	[2019-04-25] [13:38:46.082]	https://www.exist.ru/Price/?pid=F2106552 successfully opened
1185	[2019-04-25] [13:38:46.082]		Analyse page
1186	[2019-04-25] [13:38:46.086]		Handle errors
1187	[2019-04-25] [13:38:46.086]	Wait for: 1126
1188	[2019-04-25] [13:38:47.212]	Scrape: https://www.exist.ru/Price/?pid=F2106552
1189	[2019-04-25] [13:38:47.213]		Start scraper
1190	[2019-04-25] [13:38:47.213]	Get #priceBody.innerHTML
1191	[2019-04-25] [13:38:47.247]	Page scrape 6 analogs
1192	[2019-04-25] [13:38:47.247]	Go to: https://www.exist.ru/Price/?pid=83D0A81E
1193	[2019-04-25] [13:38:48.200]	https://www.exist.ru/Price/?pid=83D0A81E successfully opened
1194	[2019-04-25] [13:38:48.200]		Analyse page
1195	[2019-04-25] [13:38:48.202]		Handle errors
1196	[2019-04-25] [13:38:48.202]	Wait for: 1168
1197	[2019-04-25] [13:38:49.372]	Scrape: https://www.exist.ru/Price/?pid=83D0A81E
1198	[2019-04-25] [13:38:49.372]		Start scraper
1199	[2019-04-25] [13:38:49.372]	Get #priceBody.innerHTML
1200	[2019-04-25] [13:38:49.381]	Page scrape 1 analogs
1201	[2019-04-25] [13:38:49.383]	Scraping https://www.exist.ru from article #22 352532
1202	[2019-04-25] [13:38:49.383]	Scraping article: #22 352532 | category: Рычаги подвески | https://www.exist.ru/Price/?pcode=352532
1203	[2019-04-25] [13:38:50.515]	https://www.exist.ru/Price/?pcode=352532 successfully opened
1204	[2019-04-25] [13:38:50.515]	Wait for: 1017
1205	[2019-04-25] [13:38:51.533]		Analyse page
1206	[2019-04-25] [13:38:51.537]		Handle errors
1207	[2019-04-25] [13:38:51.537]		Start scraper
1208	[2019-04-25] [13:38:51.537]	Get #priceBody.innerHTML
1209	[2019-04-25] [13:38:51.538]	Scraping https://www.exist.ru from article #23 352800
1210	[2019-04-25] [13:38:51.538]	Scraping article: #23 352800 | category: Рычаги подвески | https://www.exist.ru/Price/?pcode=352800
1211	[2019-04-25] [13:38:51.578]	Page scrape 1 analogs
1212	[2019-04-25] [13:38:52.719]	https://www.exist.ru/Price/?pcode=352800 successfully opened
1213	[2019-04-25] [13:38:52.720]	Wait for: 1003
1214	[2019-04-25] [13:38:53.723]		Analyse page
1215	[2019-04-25] [13:38:53.725]		Handle errors
1216	[2019-04-25] [13:38:53.728]	Catalog links amount: 10
1217	[2019-04-25] [13:38:53.729]	Link: #1 https://www.exist.ru/Price/?pid=BFF03019
1218	[2019-04-25] [13:38:53.729]	Link: #2 https://www.exist.ru/Price/?pid=21E0AE7F
1219	[2019-04-25] [13:38:53.730]	Link: #3 https://www.exist.ru/Price/?pid=3C20D267
1220	[2019-04-25] [13:38:53.731]	Link: #4 https://www.exist.ru/Price/?pid=E1D0D63D
1221	[2019-04-25] [13:38:53.732]	Link: #5 https://www.exist.ru/Price/?pid=C080D3B4
1222	[2019-04-25] [13:38:53.732]	Link: #6 https://www.exist.ru/Price/?pid=3EB0595D
1223	[2019-04-25] [13:38:53.733]	Link: #7 https://www.exist.ru/Price/?pid=CF80A9E4
1224	[2019-04-25] [13:38:53.733]	Link: #8 https://www.exist.ru/Price/?pid=BF40E343
1225	[2019-04-25] [13:38:53.734]	Link: #9 https://www.exist.ru/Price/?pid=FFA0CE60
1226	[2019-04-25] [13:38:53.734]	Link: #10 https://www.exist.ru/Price/?pid=99D0C26C
1227	[2019-04-25] [13:38:53.735]	Category not found, download all links
1228	[2019-04-25] [13:38:53.735]	Go to: https://www.exist.ru/Price/?pid=BFF03019
1229	[2019-04-25] [13:38:55.568]	https://www.exist.ru/Price/?pid=BFF03019 successfully opened
1230	[2019-04-25] [13:38:55.568]		Analyse page
1231	[2019-04-25] [13:38:55.570]		Handle errors
1232	[2019-04-25] [13:38:55.570]	Wait for: 1009
1233	[2019-04-25] [13:38:56.579]	Scrape: https://www.exist.ru/Price/?pid=BFF03019
1234	[2019-04-25] [13:38:56.579]		Start scraper
1235	[2019-04-25] [13:38:56.579]	Get #priceBody.innerHTML
1236	[2019-04-25] [13:38:56.591]	Page scrape 1 analogs
1237	[2019-04-25] [13:38:56.591]	Go to: https://www.exist.ru/Price/?pid=21E0AE7F
1238	[2019-04-25] [13:38:57.592]	https://www.exist.ru/Price/?pid=21E0AE7F successfully opened
1239	[2019-04-25] [13:38:57.592]		Analyse page
1240	[2019-04-25] [13:38:57.594]		Handle errors
1241	[2019-04-25] [13:38:57.594]	Wait for: 1175
1242	[2019-04-25] [13:38:58.769]	Scrape: https://www.exist.ru/Price/?pid=21E0AE7F
1243	[2019-04-25] [13:38:58.769]		Start scraper
1244	[2019-04-25] [13:38:58.769]	Get #priceBody.innerHTML
1245	[2019-04-25] [13:38:58.779]	Page scrape 1 analogs
1246	[2019-04-25] [13:38:58.780]	Go to: https://www.exist.ru/Price/?pid=3C20D267
1247	[2019-04-25] [13:39:00.137]	https://www.exist.ru/Price/?pid=3C20D267 successfully opened
1248	[2019-04-25] [13:39:00.137]		Analyse page
1249	[2019-04-25] [13:39:00.150]		Handle errors
1250	[2019-04-25] [13:39:00.150]	Wait for: 1024
1251	[2019-04-25] [13:39:01.174]	Scrape: https://www.exist.ru/Price/?pid=3C20D267
1252	[2019-04-25] [13:39:01.174]		Start scraper
1253	[2019-04-25] [13:39:01.174]	Get #priceBody.innerHTML
1254	[2019-04-25] [13:39:01.186]	Page scrape 1 analogs
1255	[2019-04-25] [13:39:01.187]	Go to: https://www.exist.ru/Price/?pid=E1D0D63D
1256	[2019-04-25] [13:39:02.613]	https://www.exist.ru/Price/?pid=E1D0D63D successfully opened
1257	[2019-04-25] [13:39:02.613]		Analyse page
1258	[2019-04-25] [13:39:02.616]		Handle errors
1259	[2019-04-25] [13:39:02.616]	Wait for: 1304
1260	[2019-04-25] [13:39:03.920]	Scrape: https://www.exist.ru/Price/?pid=E1D0D63D
1261	[2019-04-25] [13:39:03.920]		Start scraper
1262	[2019-04-25] [13:39:03.920]	Get #priceBody.innerHTML
1263	[2019-04-25] [13:39:04.039]	Page scrape 18 analogs
1264	[2019-04-25] [13:39:04.039]	Go to: https://www.exist.ru/Price/?pid=C080D3B4
1265	[2019-04-25] [13:39:06.106]	https://www.exist.ru/Price/?pid=C080D3B4 successfully opened
1266	[2019-04-25] [13:39:06.106]		Analyse page
1267	[2019-04-25] [13:39:06.108]		Handle errors
1268	[2019-04-25] [13:39:06.108]	Wait for: 1191
1269	[2019-04-25] [13:39:07.300]	Scrape: https://www.exist.ru/Price/?pid=C080D3B4
1270	[2019-04-25] [13:39:07.300]		Start scraper
1271	[2019-04-25] [13:39:07.300]	Get #priceBody.innerHTML
1272	[2019-04-25] [13:39:07.342]	Page scrape 3 analogs
1273	[2019-04-25] [13:39:07.343]	Go to: https://www.exist.ru/Price/?pid=3EB0595D
1274	[2019-04-25] [13:39:08.153]	https://www.exist.ru/Price/?pid=3EB0595D successfully opened
1275	[2019-04-25] [13:39:08.153]		Analyse page
1276	[2019-04-25] [13:39:08.156]		Handle errors
1277	[2019-04-25] [13:39:08.156]	Wait for: 1271
1278	[2019-04-25] [13:39:09.427]	Scrape: https://www.exist.ru/Price/?pid=3EB0595D
1279	[2019-04-25] [13:39:09.428]		Start scraper
1280	[2019-04-25] [13:39:09.428]	Get #priceBody.innerHTML
1281	[2019-04-25] [13:39:09.440]	Page scrape 1 analogs
1282	[2019-04-25] [13:39:09.441]	Go to: https://www.exist.ru/Price/?pid=CF80A9E4
1283	[2019-04-25] [13:39:10.961]	https://www.exist.ru/Price/?pid=CF80A9E4 successfully opened
1284	[2019-04-25] [13:39:10.962]		Analyse page
1285	[2019-04-25] [13:39:10.964]		Handle errors
1286	[2019-04-25] [13:39:10.964]	Wait for: 1074
1287	[2019-04-25] [13:39:12.038]	Scrape: https://www.exist.ru/Price/?pid=CF80A9E4
1288	[2019-04-25] [13:39:12.038]		Start scraper
1289	[2019-04-25] [13:39:12.038]	Get #priceBody.innerHTML
1290	[2019-04-25] [13:39:12.062]	Page scrape 2 analogs
1291	[2019-04-25] [13:39:12.063]	Go to: https://www.exist.ru/Price/?pid=BF40E343
1292	[2019-04-25] [13:39:12.923]	https://www.exist.ru/Price/?pid=BF40E343 successfully opened
1293	[2019-04-25] [13:39:12.923]		Analyse page
1294	[2019-04-25] [13:39:12.925]		Handle errors
1295	[2019-04-25] [13:39:12.926]	Wait for: 1286
1296	[2019-04-25] [13:39:14.212]	Scrape: https://www.exist.ru/Price/?pid=BF40E343
1297	[2019-04-25] [13:39:14.212]		Start scraper
1298	[2019-04-25] [13:39:14.212]	Get #priceBody.innerHTML
1299	[2019-04-25] [13:39:14.246]	Page scrape 3 analogs
1300	[2019-04-25] [13:39:14.246]	Go to: https://www.exist.ru/Price/?pid=FFA0CE60
1301	[2019-04-25] [13:39:15.393]	https://www.exist.ru/Price/?pid=FFA0CE60 successfully opened
1302	[2019-04-25] [13:39:15.393]		Analyse page
1303	[2019-04-25] [13:39:15.395]		Handle errors
1304	[2019-04-25] [13:39:15.395]	Wait for: 1021
1305	[2019-04-25] [13:39:16.417]	Scrape: https://www.exist.ru/Price/?pid=FFA0CE60
1306	[2019-04-25] [13:39:16.417]		Start scraper
1307	[2019-04-25] [13:39:16.417]	Get #priceBody.innerHTML
1308	[2019-04-25] [13:39:16.428]	Page scrape 1 analogs
1309	[2019-04-25] [13:39:16.429]	Go to: https://www.exist.ru/Price/?pid=99D0C26C
1310	[2019-04-25] [13:39:17.595]	https://www.exist.ru/Price/?pid=99D0C26C successfully opened
1311	[2019-04-25] [13:39:17.595]		Analyse page
1312	[2019-04-25] [13:39:17.598]		Handle errors
1313	[2019-04-25] [13:39:17.598]	Wait for: 1476
1314	[2019-04-25] [13:39:19.074]	Scrape: https://www.exist.ru/Price/?pid=99D0C26C
1315	[2019-04-25] [13:39:19.074]		Start scraper
1316	[2019-04-25] [13:39:19.074]	Get #priceBody.innerHTML
1317	[2019-04-25] [13:39:19.089]	Page scrape 1 analogs
1318	[2019-04-25] [13:39:19.090]	Scraping https://www.exist.ru from article #24 420001
1319	[2019-04-25] [13:39:19.091]	Scraping article: #24 420001 | category: Выжимные подшипники | https://www.exist.ru/Price/?pcode=420001
1320	[2019-04-25] [13:39:20.283]	https://www.exist.ru/Price/?pcode=420001 successfully opened
1321	[2019-04-25] [13:39:20.284]	Wait for: 1147
1322	[2019-04-25] [13:39:21.431]		Analyse page
1323	[2019-04-25] [13:39:21.433]		Handle errors
1324	[2019-04-25] [13:39:21.441]	Catalog links amount: 22
1325	[2019-04-25] [13:39:21.442]	Link: #1 https://www.exist.ru/Price/?pid=DDC0257B
1326	[2019-04-25] [13:39:21.443]	Link: #2 https://www.exist.ru/Price/?pid=7F60782F
1327	[2019-04-25] [13:39:21.443]	Link: #3 https://www.exist.ru/Price/?pid=65406BA9
1328	[2019-04-25] [13:39:21.445]	Link: #4 https://www.exist.ru/Price/?pid=1C808E71
1329	[2019-04-25] [13:39:21.446]	Link: #5 https://www.exist.ru/Price/?pid=97F02A92
1330	[2019-04-25] [13:39:21.447]	Link: #6 https://www.exist.ru/Price/?pid=60B0DF0C
1331	[2019-04-25] [13:39:21.447]	Link: #7 https://www.exist.ru/Price/?pid=A9F07448
1332	[2019-04-25] [13:39:21.449]	Link: #8 https://www.exist.ru/Price/?pid=6BD08EB6
1333	[2019-04-25] [13:39:21.450]	Link: #9 https://www.exist.ru/Price/?pid=EFC0C2FB
1334	[2019-04-25] [13:39:21.451]	Link: #10 https://www.exist.ru/Price/?pid=6D409BE0
1335	[2019-04-25] [13:39:21.451]	Link: #11 https://www.exist.ru/Price/?pid=062085F3
1336	[2019-04-25] [13:39:21.452]	Link: #12 https://www.exist.ru/Price/?pid=E8A09319
1337	[2019-04-25] [13:39:21.453]	Link: #13 https://www.exist.ru/Price/?pid=0CD0CEE4
1338	[2019-04-25] [13:39:21.453]	Link: #14 https://www.exist.ru/Price/?pid=7CC05B55
1339	[2019-04-25] [13:39:21.454]	Link: #15 https://www.exist.ru/Price/?pid=05903832
1340	[2019-04-25] [13:39:21.455]	Link: #16 https://www.exist.ru/Price/?pid=9B406BA9
1341	[2019-04-25] [13:39:21.455]	Link: #17 https://www.exist.ru/Price/?pid=23309E17
1342	[2019-04-25] [13:39:21.456]	Link: #18 https://www.exist.ru/Price/?pid=661060B0
1343	[2019-04-25] [13:39:21.456]	Link: #19 https://www.exist.ru/Price/?pid=84D03050
1344	[2019-04-25] [13:39:21.457]	Link: #20 https://www.exist.ru/Price/?pid=D65013E9
1345	[2019-04-25] [13:39:21.458]	Link: #21 https://www.exist.ru/Price/?pid=E1C09384
1346	[2019-04-25] [13:39:21.459]	Link: #22 https://www.exist.ru/Price/?pid=EB208E32
1347	[2019-04-25] [13:39:21.459]	Category not found, download all links
1348	[2019-04-25] [13:39:21.459]	Go to: https://www.exist.ru/Price/?pid=DDC0257B
1349	[2019-04-25] [13:39:22.663]	https://www.exist.ru/Price/?pid=DDC0257B successfully opened
1350	[2019-04-25] [13:39:22.663]		Analyse page
1351	[2019-04-25] [13:39:22.665]		Handle errors
1352	[2019-04-25] [13:39:22.665]	Wait for: 1176
1353	[2019-04-25] [13:39:23.841]	Scrape: https://www.exist.ru/Price/?pid=DDC0257B
1354	[2019-04-25] [13:39:23.841]		Start scraper
1355	[2019-04-25] [13:39:23.841]	Get #priceBody.innerHTML
1356	[2019-04-25] [13:39:23.853]	Page scrape 3 analogs
1357	[2019-04-25] [13:39:23.853]	Go to: https://www.exist.ru/Price/?pid=7F60782F
1358	[2019-04-25] [13:39:26.062]	https://www.exist.ru/Price/?pid=7F60782F successfully opened
1359	[2019-04-25] [13:39:26.062]		Analyse page
1360	[2019-04-25] [13:39:26.063]		Handle errors
1361	[2019-04-25] [13:39:26.064]	Wait for: 1066
1362	[2019-04-25] [13:39:27.130]	Scrape: https://www.exist.ru/Price/?pid=7F60782F
1363	[2019-04-25] [13:39:27.130]		Start scraper
1364	[2019-04-25] [13:39:27.130]	Get #priceBody.innerHTML
1365	[2019-04-25] [13:39:27.144]	Page scrape 1 analogs
1366	[2019-04-25] [13:39:27.145]	Go to: https://www.exist.ru/Price/?pid=65406BA9
1367	[2019-04-25] [13:39:27.964]	https://www.exist.ru/Price/?pid=65406BA9 successfully opened
1368	[2019-04-25] [13:39:27.964]		Analyse page
1369	[2019-04-25] [13:39:27.966]		Handle errors
1370	[2019-04-25] [13:39:27.966]	Wait for: 1309
1371	[2019-04-25] [13:39:29.275]	Scrape: https://www.exist.ru/Price/?pid=65406BA9
1372	[2019-04-25] [13:39:29.275]		Start scraper
1373	[2019-04-25] [13:39:29.275]	Get #priceBody.innerHTML
1374	[2019-04-25] [13:39:29.294]	Page scrape 1 analogs
1375	[2019-04-25] [13:39:29.295]	Go to: https://www.exist.ru/Price/?pid=1C808E71
1376	[2019-04-25] [13:39:30.565]	https://www.exist.ru/Price/?pid=1C808E71 successfully opened
1377	[2019-04-25] [13:39:30.565]		Analyse page
1378	[2019-04-25] [13:39:30.566]		Handle errors
1379	[2019-04-25] [13:39:30.566]	Wait for: 1166
1380	[2019-04-25] [13:39:31.733]	Scrape: https://www.exist.ru/Price/?pid=1C808E71
1381	[2019-04-25] [13:39:31.733]		Start scraper
1382	[2019-04-25] [13:39:31.733]	Get #priceBody.innerHTML
1383	[2019-04-25] [13:39:31.748]	Page scrape 1 analogs
1384	[2019-04-25] [13:39:31.749]	Go to: https://www.exist.ru/Price/?pid=97F02A92
1385	[2019-04-25] [13:39:33.034]	https://www.exist.ru/Price/?pid=97F02A92 successfully opened
1386	[2019-04-25] [13:39:33.034]		Analyse page
1387	[2019-04-25] [13:39:33.036]		Handle errors
1388	[2019-04-25] [13:39:33.036]	Wait for: 1256
1389	[2019-04-25] [13:39:34.292]	Scrape: https://www.exist.ru/Price/?pid=97F02A92
1390	[2019-04-25] [13:39:34.292]		Start scraper
1391	[2019-04-25] [13:39:34.292]	Get #priceBody.innerHTML
1392	[2019-04-25] [13:39:34.331]	Page scrape 4 analogs
1393	[2019-04-25] [13:39:34.332]	Go to: https://www.exist.ru/Price/?pid=60B0DF0C
1394	[2019-04-25] [13:39:35.492]	https://www.exist.ru/Price/?pid=60B0DF0C successfully opened
1395	[2019-04-25] [13:39:35.492]		Analyse page
1396	[2019-04-25] [13:39:35.498]		Handle errors
1397	[2019-04-25] [13:39:35.498]	Wait for: 1165
1398	[2019-04-25] [13:39:36.663]	Scrape: https://www.exist.ru/Price/?pid=60B0DF0C
1399	[2019-04-25] [13:39:36.664]		Start scraper
1400	[2019-04-25] [13:39:36.664]	Get #priceBody.innerHTML
1401	[2019-04-25] [13:39:36.676]	Page scrape 1 analogs
1402	[2019-04-25] [13:39:36.677]	Go to: https://www.exist.ru/Price/?pid=A9F07448
1403	[2019-04-25] [13:39:37.651]	https://www.exist.ru/Price/?pid=A9F07448 successfully opened
1404	[2019-04-25] [13:39:37.651]		Analyse page
1405	[2019-04-25] [13:39:37.653]		Handle errors
1406	[2019-04-25] [13:39:37.653]	Wait for: 1299
1407	[2019-04-25] [13:39:38.952]	Scrape: https://www.exist.ru/Price/?pid=A9F07448
1408	[2019-04-25] [13:39:38.953]		Start scraper
1409	[2019-04-25] [13:39:38.953]	Get #priceBody.innerHTML
1410	[2019-04-25] [13:39:38.976]	Page scrape 2 analogs
1411	[2019-04-25] [13:39:38.976]	Go to: https://www.exist.ru/Price/?pid=6BD08EB6
1412	[2019-04-25] [13:39:40.258]	https://www.exist.ru/Price/?pid=6BD08EB6 successfully opened
1413	[2019-04-25] [13:39:40.258]		Analyse page
1414	[2019-04-25] [13:39:40.261]		Handle errors
1415	[2019-04-25] [13:39:40.261]	Wait for: 1168
1416	[2019-04-25] [13:39:41.429]	Scrape: https://www.exist.ru/Price/?pid=6BD08EB6
1417	[2019-04-25] [13:39:41.429]		Start scraper
1418	[2019-04-25] [13:39:41.429]	Get #priceBody.innerHTML
1419	[2019-04-25] [13:39:41.448]	Page scrape 2 analogs
1420	[2019-04-25] [13:39:41.449]	Go to: https://www.exist.ru/Price/?pid=EFC0C2FB
1421	[2019-04-25] [13:39:44.140]	https://www.exist.ru/Price/?pid=EFC0C2FB successfully opened
1422	[2019-04-25] [13:39:44.140]		Analyse page
1423	[2019-04-25] [13:39:44.142]		Handle errors
1424	[2019-04-25] [13:39:44.143]	Wait for: 1077
1425	[2019-04-25] [13:39:45.220]	Scrape: https://www.exist.ru/Price/?pid=EFC0C2FB
1426	[2019-04-25] [13:39:45.220]		Start scraper
1427	[2019-04-25] [13:39:45.220]	Get #priceBody.innerHTML
1428	[2019-04-25] [13:39:45.257]	Page scrape 4 analogs
1429	[2019-04-25] [13:39:45.258]	Go to: https://www.exist.ru/Price/?pid=6D409BE0
1430	[2019-04-25] [13:39:49.185]	https://www.exist.ru/Price/?pid=6D409BE0 successfully opened
1431	[2019-04-25] [13:39:49.185]		Analyse page
1432	[2019-04-25] [13:39:49.187]		Handle errors
1433	[2019-04-25] [13:39:49.187]	Banner detected
1434	[2019-04-25] [13:39:49.188]	Wait for banner
1435	[2019-04-25] [13:40:19.189]	TimeoutError: waiting for selector ".user-banner__skip" failed: timeout 30000ms exceeded
1436	[2019-04-25] [13:40:21.912]	Open: https://www.exist.ru
1437	[2019-04-25] [13:40:24.386]	https://www.exist.ru successfully opened
1438	[2019-04-25] [13:40:25.387]	Source files/source/articles.xlsx loaded, length: 684
1439	[2019-04-25] [13:40:25.387]	Start main sequence.
1440	[2019-04-25] [13:40:25.388]	Scraping https://www.exist.ru from article #24 420001
1441	[2019-04-25] [13:40:25.389]	Scraping article: #24 420001 | category: Выжимные подшипники | https://www.exist.ru/Price/?pcode=420001
1442	[2019-04-25] [13:40:26.365]	https://www.exist.ru/Price/?pcode=420001 successfully opened
1443	[2019-04-25] [13:40:26.365]	Wait for: 1064
1444	[2019-04-25] [13:40:27.429]		Analyse page
1445	[2019-04-25] [13:40:27.432]		Handle errors
1446	[2019-04-25] [13:40:27.439]	Catalog links amount: 22
1447	[2019-04-25] [13:40:27.440]	Link: #1 https://www.exist.ru/Price/?pid=DDC0257B
1448	[2019-04-25] [13:40:27.442]	Link: #2 https://www.exist.ru/Price/?pid=7F60782F
1449	[2019-04-25] [13:40:27.443]	Link: #3 https://www.exist.ru/Price/?pid=65406BA9
1450	[2019-04-25] [13:40:27.444]	Link: #4 https://www.exist.ru/Price/?pid=1C808E71
1451	[2019-04-25] [13:40:27.445]	Link: #5 https://www.exist.ru/Price/?pid=97F02A92
1452	[2019-04-25] [13:40:27.445]	Link: #6 https://www.exist.ru/Price/?pid=60B0DF0C
1453	[2019-04-25] [13:40:27.446]	Link: #7 https://www.exist.ru/Price/?pid=A9F07448
1454	[2019-04-25] [13:40:27.447]	Link: #8 https://www.exist.ru/Price/?pid=6BD08EB6
1455	[2019-04-25] [13:40:27.448]	Link: #9 https://www.exist.ru/Price/?pid=EFC0C2FB
1456	[2019-04-25] [13:40:27.450]	Link: #10 https://www.exist.ru/Price/?pid=6D409BE0
1457	[2019-04-25] [13:40:27.450]	Link: #11 https://www.exist.ru/Price/?pid=062085F3
1458	[2019-04-25] [13:40:27.451]	Link: #12 https://www.exist.ru/Price/?pid=E8A09319
1459	[2019-04-25] [13:40:27.452]	Link: #13 https://www.exist.ru/Price/?pid=0CD0CEE4
1460	[2019-04-25] [13:40:27.452]	Link: #14 https://www.exist.ru/Price/?pid=7CC05B55
1461	[2019-04-25] [13:40:27.453]	Link: #15 https://www.exist.ru/Price/?pid=05903832
1462	[2019-04-25] [13:40:27.453]	Link: #16 https://www.exist.ru/Price/?pid=9B406BA9
1463	[2019-04-25] [13:40:27.454]	Link: #17 https://www.exist.ru/Price/?pid=23309E17
1464	[2019-04-25] [13:40:27.455]	Link: #18 https://www.exist.ru/Price/?pid=661060B0
1465	[2019-04-25] [13:40:27.456]	Link: #19 https://www.exist.ru/Price/?pid=84D03050
1466	[2019-04-25] [13:40:27.457]	Link: #20 https://www.exist.ru/Price/?pid=D65013E9
1467	[2019-04-25] [13:40:27.458]	Link: #21 https://www.exist.ru/Price/?pid=E1C09384
1468	[2019-04-25] [13:40:27.458]	Link: #22 https://www.exist.ru/Price/?pid=EB208E32
1469	[2019-04-25] [13:40:27.458]	Category not found, download all links
1470	[2019-04-25] [13:40:27.459]	Go to: https://www.exist.ru/Price/?pid=DDC0257B
1471	[2019-04-25] [13:40:31.121]	https://www.exist.ru/Price/?pid=DDC0257B successfully opened
1472	[2019-04-25] [13:40:31.121]		Analyse page
1473	[2019-04-25] [13:40:31.125]		Handle errors
1474	[2019-04-25] [13:40:31.126]	Banner detected
1475	[2019-04-25] [13:40:31.126]	Wait for banner
1476	[2019-04-25] [13:40:36.481]	Script execution finished.
1477	[2019-04-25] [13:40:38.907]	Banner skiped
1478	[2019-04-25] [13:40:38.907]	Wait for: 1263
1479	[2019-04-25] [13:40:40.170]	Scrape: https://www.exist.ru/Price/?pid=DDC0257B
1480	[2019-04-25] [13:40:40.170]		Start scraper
1481	[2019-04-25] [13:40:40.170]	Get #priceBody.innerHTML
1482	[2019-04-25] [13:40:40.201]	Page scrape 3 analogs
1483	[2019-04-25] [13:40:40.202]	***
1484	[2019-04-25] [13:40:40.202]	Script execution finished.
