1	[2019-04-25] [09:27:14.794]	Start program
2	[2019-04-25] [09:27:17.311]	Open: https://www.exist.ru
3	[2019-04-25] [09:27:21.497]	https://www.exist.ru successfully opened
4	[2019-04-25] [09:27:30.282]	Source files/source/articles.xlsx loaded, length: 684
5	[2019-04-25] [09:27:30.282]	Start main sequence.
6	[2019-04-25] [09:27:30.283]	Scraping https://www.exist.ru from article #1 326012
7	[2019-04-25] [09:27:30.284]	Scraping https://www.exist.ru from article #2 328006
8	[2019-04-25] [09:27:30.284]	Scraping https://www.exist.ru from article #3 328008
9	[2019-04-25] [09:27:30.285]	Scraping https://www.exist.ru from article #4 328021
10	[2019-04-25] [09:27:30.286]	Scraping article: #4 328021 | category: Выжимные подшипники | https://www.exist.ru/Price/?pcode=328021
11	[2019-04-25] [09:27:33.142]	https://www.exist.ru/Price/?pcode=328021 successfully opened
12	[2019-04-25] [09:27:33.142]	Wait for: 2964
13	[2019-04-25] [09:27:36.107]		Analyse page
14	[2019-04-25] [09:27:36.112]		Handle errors
15	[2019-04-25] [09:27:36.144]	Catalog links amount: 7
16	[2019-04-25] [09:27:36.146]	Link: #1 https://www.exist.ru/Price/?pid=C2204637
17	[2019-04-25] [09:27:36.147]	Link: #2 https://www.exist.ru/Price/?pid=57C08EB6
18	[2019-04-25] [09:27:36.148]	Link: #3 https://www.exist.ru/Price/?pid=7B003309
19	[2019-04-25] [09:27:36.148]	Link: #4 https://www.exist.ru/Price/?pid=258011A0
20	[2019-04-25] [09:27:36.149]	Link: #5 https://www.exist.ru/Price/?pid=99C0A8BD
21	[2019-04-25] [09:27:36.150]	Link: #6 https://www.exist.ru/Price/?pid=76C017CC
22	[2019-04-25] [09:27:36.151]	Link: #7 https://www.exist.ru/Price/?pid=0880DA87
23	[2019-04-25] [09:27:36.151]	Category not found, download all links
24	[2019-04-25] [09:27:36.152]	Scraping https://www.exist.ru from article #5 328035
25	[2019-04-25] [09:27:36.152]	Script execution finished.
26	[2019-04-25] [09:27:36.152]	***
27	[2019-04-25] [09:27:46.920]	Source files/source/articles.xlsx loaded, length: 684
28	[2019-04-25] [09:27:46.920]	Start main sequence.
29	[2019-04-25] [09:27:46.920]	Scraping https://www.exist.ru from article #1 326012
30	[2019-04-25] [09:27:46.922]	Scraping https://www.exist.ru from article #2 328006
31	[2019-04-25] [09:27:46.923]	Scraping https://www.exist.ru from article #3 328008
32	[2019-04-25] [09:27:46.923]	Scraping https://www.exist.ru from article #4 328021
33	[2019-04-25] [09:27:46.924]	Scraping article: #4 328021 | category: Выжимные подшипники | https://www.exist.ru/Price/?pcode=328021
34	[2019-04-25] [09:27:48.684]	https://www.exist.ru/Price/?pcode=328021 successfully opened
35	[2019-04-25] [09:27:48.684]	Wait for: 2902
36	[2019-04-25] [09:27:51.586]		Analyse page
37	[2019-04-25] [09:27:51.588]		Handle errors
38	[2019-04-25] [09:27:51.594]	Catalog links amount: 7
39	[2019-04-25] [09:27:51.594]	Link: #1 https://www.exist.ru/Price/?pid=C2204637
40	[2019-04-25] [09:27:51.595]	Link: #2 https://www.exist.ru/Price/?pid=57C08EB6
41	[2019-04-25] [09:27:51.596]	Link: #3 https://www.exist.ru/Price/?pid=7B003309
42	[2019-04-25] [09:27:51.597]	Link: #4 https://www.exist.ru/Price/?pid=258011A0
43	[2019-04-25] [09:27:51.598]	Link: #5 https://www.exist.ru/Price/?pid=99C0A8BD
44	[2019-04-25] [09:27:51.599]	Link: #6 https://www.exist.ru/Price/?pid=76C017CC
45	[2019-04-25] [09:27:51.600]	Link: #7 https://www.exist.ru/Price/?pid=0880DA87
46	[2019-04-25] [09:27:51.600]	Category not found, download all links
47	[2019-04-25] [09:27:51.600]	Go to: https://www.exist.ru/Price/?pid=C2204637
48	[2019-04-25] [09:27:53.376]	https://www.exist.ru/Price/?pid=C2204637 successfully opened
49	[2019-04-25] [09:27:53.376]		Analyse page
50	[2019-04-25] [09:27:53.379]		Handle errors
51	[2019-04-25] [09:27:53.379]	Banner detected
52	[2019-04-25] [09:27:53.380]	Wait for banner
53	[2019-04-25] [09:28:02.057]	Banner skiped
54	[2019-04-25] [09:28:02.058]	Wait for: 2205
55	[2019-04-25] [09:28:04.263]	Scrape: https://www.exist.ru/Price/?pid=C2204637
56	[2019-04-25] [09:28:04.263]		Start scraper
57	[2019-04-25] [09:28:04.263]	Get #priceBody.innerHTML
58	[2019-04-25] [09:28:04.285]	Page scrape 1 analogs
59	[2019-04-25] [09:28:04.286]	Go to: https://www.exist.ru/Price/?pid=57C08EB6
60	[2019-04-25] [09:28:05.341]	https://www.exist.ru/Price/?pid=57C08EB6 successfully opened
61	[2019-04-25] [09:28:05.341]		Analyse page
62	[2019-04-25] [09:28:05.344]		Handle errors
63	[2019-04-25] [09:28:05.344]	Banner detected
64	[2019-04-25] [09:28:05.345]	Wait for banner
65	[2019-04-25] [09:28:12.783]	Banner skiped
66	[2019-04-25] [09:28:12.783]	Wait for: 2356
67	[2019-04-25] [09:28:15.123]	Scrape: https://www.exist.ru/Price/?pid=57C08EB6
68	[2019-04-25] [09:28:15.123]		Start scraper
69	[2019-04-25] [09:28:15.123]	Get #priceBody.innerHTML
70	[2019-04-25] [09:28:15.158]	Page scrape 2 analogs
71	[2019-04-25] [09:28:15.159]	Go to: https://www.exist.ru/Price/?pid=7B003309
72	[2019-04-25] [09:28:16.238]	https://www.exist.ru/Price/?pid=7B003309 successfully opened
73	[2019-04-25] [09:28:16.238]		Analyse page
74	[2019-04-25] [09:28:16.244]		Handle errors
75	[2019-04-25] [09:28:16.245]	Banner detected
76	[2019-04-25] [09:28:16.245]	Wait for banner
77	[2019-04-25] [09:28:23.543]	Banner skiped
78	[2019-04-25] [09:28:23.543]	Wait for: 2602
79	[2019-04-25] [09:28:26.145]	Scrape: https://www.exist.ru/Price/?pid=7B003309
80	[2019-04-25] [09:28:26.145]		Start scraper
81	[2019-04-25] [09:28:26.145]	Get #priceBody.innerHTML
82	[2019-04-25] [09:28:26.162]	Page scrape 1 analogs
83	[2019-04-25] [09:28:26.163]	Go to: https://www.exist.ru/Price/?pid=258011A0
84	[2019-04-25] [09:28:27.238]	https://www.exist.ru/Price/?pid=258011A0 successfully opened
85	[2019-04-25] [09:28:27.238]		Analyse page
86	[2019-04-25] [09:28:27.241]		Handle errors
87	[2019-04-25] [09:28:27.241]	Banner detected
88	[2019-04-25] [09:28:27.241]	Wait for banner
89	[2019-04-25] [09:28:34.813]	Banner skiped
90	[2019-04-25] [09:28:34.813]	Wait for: 2455
91	[2019-04-25] [09:28:37.269]	Scrape: https://www.exist.ru/Price/?pid=258011A0
92	[2019-04-25] [09:28:37.269]		Start scraper
93	[2019-04-25] [09:28:37.269]	Get #priceBody.innerHTML
94	[2019-04-25] [09:28:37.284]	Page scrape 1 analogs
95	[2019-04-25] [09:28:37.285]	Go to: https://www.exist.ru/Price/?pid=99C0A8BD
96	[2019-04-25] [09:28:38.428]	https://www.exist.ru/Price/?pid=99C0A8BD successfully opened
97	[2019-04-25] [09:28:38.428]		Analyse page
98	[2019-04-25] [09:28:38.437]		Handle errors
99	[2019-04-25] [09:28:38.437]	Banner detected
100	[2019-04-25] [09:28:38.437]	Wait for banner
101	[2019-04-25] [09:28:46.737]	Banner skiped
102	[2019-04-25] [09:28:46.737]	Wait for: 2134
103	[2019-04-25] [09:28:48.871]	Scrape: https://www.exist.ru/Price/?pid=99C0A8BD
104	[2019-04-25] [09:28:48.871]		Start scraper
105	[2019-04-25] [09:28:48.871]	Get #priceBody.innerHTML
106	[2019-04-25] [09:28:48.907]	Page scrape 2 analogs
107	[2019-04-25] [09:28:48.907]	Go to: https://www.exist.ru/Price/?pid=76C017CC
108	[2019-04-25] [09:28:49.986]	https://www.exist.ru/Price/?pid=76C017CC successfully opened
109	[2019-04-25] [09:28:49.986]		Analyse page
110	[2019-04-25] [09:28:49.990]		Handle errors
111	[2019-04-25] [09:28:49.990]	Banner detected
112	[2019-04-25] [09:28:49.990]	Wait for banner
113	[2019-04-25] [09:28:57.573]	Banner skiped
114	[2019-04-25] [09:28:57.573]	Wait for: 2493
115	[2019-04-25] [09:29:00.067]	Scrape: https://www.exist.ru/Price/?pid=76C017CC
116	[2019-04-25] [09:29:00.067]		Start scraper
117	[2019-04-25] [09:29:00.067]	Get #priceBody.innerHTML
118	[2019-04-25] [09:29:00.097]	Page scrape 1 analogs
119	[2019-04-25] [09:29:00.098]	Go to: https://www.exist.ru/Price/?pid=0880DA87
120	[2019-04-25] [09:29:01.899]	https://www.exist.ru/Price/?pid=0880DA87 successfully opened
121	[2019-04-25] [09:29:01.899]		Analyse page
122	[2019-04-25] [09:29:01.902]		Handle errors
123	[2019-04-25] [09:29:01.902]	Banner detected
124	[2019-04-25] [09:29:01.903]	Wait for banner
125	[2019-04-25] [09:29:08.546]	Banner skiped
126	[2019-04-25] [09:29:08.546]	Wait for: 2441
127	[2019-04-25] [09:29:10.987]	Scrape: https://www.exist.ru/Price/?pid=0880DA87
128	[2019-04-25] [09:29:10.987]		Start scraper
129	[2019-04-25] [09:29:10.987]	Get #priceBody.innerHTML
130	[2019-04-25] [09:29:11.009]	Page scrape 1 analogs
131	[2019-04-25] [09:29:11.011]	Scraping https://www.exist.ru from article #5 328035
132	[2019-04-25] [09:29:11.012]	Scraping article: #5 328035 | category: Выжимные подшипники | https://www.exist.ru/Price/?pcode=328035
133	[2019-04-25] [09:29:12.770]	https://www.exist.ru/Price/?pcode=328035 successfully opened
134	[2019-04-25] [09:29:12.770]	Wait for: 2217
135	[2019-04-25] [09:29:14.991]		Analyse page
136	[2019-04-25] [09:29:14.994]		Handle errors
137	[2019-04-25] [09:29:15.000]	Catalog links amount: 3
138	[2019-04-25] [09:29:15.001]	Link: #1 https://www.exist.ru/Price/?pid=71B0004A
139	[2019-04-25] [09:29:15.002]	Link: #2 https://www.exist.ru/Price/?pid=5A008EB6
140	[2019-04-25] [09:29:15.004]	Link: #3 https://www.exist.ru/Price/?pid=9C00A8BD
141	[2019-04-25] [09:29:15.005]	Category not found, download all links
142	[2019-04-25] [09:29:15.005]	Go to: https://www.exist.ru/Price/?pid=71B0004A
143	[2019-04-25] [09:29:16.069]	https://www.exist.ru/Price/?pid=71B0004A successfully opened
144	[2019-04-25] [09:29:16.069]		Analyse page
145	[2019-04-25] [09:29:16.074]		Handle errors
146	[2019-04-25] [09:29:16.074]	Banner detected
147	[2019-04-25] [09:29:16.075]	Wait for banner
148	[2019-04-25] [09:29:23.475]	Banner skiped
149	[2019-04-25] [09:29:23.475]	Wait for: 2856
150	[2019-04-25] [09:29:26.332]	Scrape: https://www.exist.ru/Price/?pid=71B0004A
151	[2019-04-25] [09:29:26.332]		Start scraper
152	[2019-04-25] [09:29:26.332]	Get #priceBody.innerHTML
153	[2019-04-25] [09:29:26.359]	Page scrape 2 analogs
154	[2019-04-25] [09:29:26.360]	Go to: https://www.exist.ru/Price/?pid=5A008EB6
155	[2019-04-25] [09:29:27.390]	https://www.exist.ru/Price/?pid=5A008EB6 successfully opened
156	[2019-04-25] [09:29:27.390]		Analyse page
157	[2019-04-25] [09:29:27.394]		Handle errors
158	[2019-04-25] [09:29:27.394]	Banner detected
159	[2019-04-25] [09:29:27.395]	Wait for banner
160	[2019-04-25] [09:29:34.820]	Banner skiped
161	[2019-04-25] [09:29:34.820]	Wait for: 2715
162	[2019-04-25] [09:29:37.535]	Scrape: https://www.exist.ru/Price/?pid=5A008EB6
163	[2019-04-25] [09:29:37.535]		Start scraper
164	[2019-04-25] [09:29:37.535]	Get #priceBody.innerHTML
165	[2019-04-25] [09:29:37.543]	Page scrape 1 analogs
166	[2019-04-25] [09:29:37.544]	Go to: https://www.exist.ru/Price/?pid=9C00A8BD
167	[2019-04-25] [09:29:39.505]	https://www.exist.ru/Price/?pid=9C00A8BD successfully opened
168	[2019-04-25] [09:29:39.505]		Analyse page
169	[2019-04-25] [09:29:39.507]		Handle errors
170	[2019-04-25] [09:29:39.507]	Banner detected
171	[2019-04-25] [09:29:39.507]	Wait for banner
172	[2019-04-25] [09:29:45.950]	Banner skiped
173	[2019-04-25] [09:29:45.950]	Wait for: 2519
174	[2019-04-25] [09:29:48.470]	Scrape: https://www.exist.ru/Price/?pid=9C00A8BD
175	[2019-04-25] [09:29:48.470]		Start scraper
176	[2019-04-25] [09:29:48.470]	Get #priceBody.innerHTML
177	[2019-04-25] [09:29:48.493]	Page scrape 2 analogs
178	[2019-04-25] [09:29:48.495]	Scraping https://www.exist.ru from article #6 328036
179	[2019-04-25] [09:29:48.496]	Scraping article: #6 328036 | category: Выжимные подшипники | https://www.exist.ru/Price/?pcode=328036
180	[2019-04-25] [09:29:49.466]	https://www.exist.ru/Price/?pcode=328036 successfully opened
181	[2019-04-25] [09:29:49.466]	Wait for: 2606
182	[2019-04-25] [09:29:52.073]		Analyse page
183	[2019-04-25] [09:29:52.075]		Handle errors
184	[2019-04-25] [09:29:52.078]	Catalog links amount: 4
185	[2019-04-25] [09:29:52.079]	Link: #1 https://www.exist.ru/Price/?pid=D780D9B8
186	[2019-04-25] [09:29:52.079]	Link: #2 https://www.exist.ru/Price/?pid=29202813
187	[2019-04-25] [09:29:52.080]	Link: #3 https://www.exist.ru/Price/?pid=5640DB51
188	[2019-04-25] [09:29:52.081]	Link: #4 https://www.exist.ru/Price/?pid=9C30A8BD
189	[2019-04-25] [09:29:52.081]	Category not found, download all links
190	[2019-04-25] [09:29:52.081]	Go to: https://www.exist.ru/Price/?pid=D780D9B8
191	[2019-04-25] [09:29:54.189]	https://www.exist.ru/Price/?pid=D780D9B8 successfully opened
192	[2019-04-25] [09:29:54.189]		Analyse page
193	[2019-04-25] [09:29:54.193]		Handle errors
194	[2019-04-25] [09:29:54.193]	Banner detected
195	[2019-04-25] [09:29:54.194]	Wait for banner
196	[2019-04-25] [09:30:00.976]	Banner skiped
197	[2019-04-25] [09:30:00.976]	Wait for: 2263
198	[2019-04-25] [09:30:03.239]	Scrape: https://www.exist.ru/Price/?pid=D780D9B8
199	[2019-04-25] [09:30:03.240]		Start scraper
200	[2019-04-25] [09:30:03.240]	Get #priceBody.innerHTML
201	[2019-04-25] [09:30:03.255]	Page scrape 1 analogs
202	[2019-04-25] [09:30:03.256]	Go to: https://www.exist.ru/Price/?pid=29202813
203	[2019-04-25] [09:30:04.244]	https://www.exist.ru/Price/?pid=29202813 successfully opened
204	[2019-04-25] [09:30:04.244]		Analyse page
205	[2019-04-25] [09:30:04.249]		Handle errors
206	[2019-04-25] [09:30:04.250]	Banner detected
207	[2019-04-25] [09:30:04.250]	Wait for banner
208	[2019-04-25] [09:30:11.471]	Banner skiped
209	[2019-04-25] [09:30:11.471]	Wait for: 2058
210	[2019-04-25] [09:30:13.530]	Scrape: https://www.exist.ru/Price/?pid=29202813
211	[2019-04-25] [09:30:13.530]		Start scraper
212	[2019-04-25] [09:30:13.530]	Get #priceBody.innerHTML
213	[2019-04-25] [09:30:13.557]	Page scrape 2 analogs
214	[2019-04-25] [09:30:13.558]	Go to: https://www.exist.ru/Price/?pid=5640DB51
215	[2019-04-25] [09:30:14.855]	https://www.exist.ru/Price/?pid=5640DB51 successfully opened
216	[2019-04-25] [09:30:14.855]		Analyse page
217	[2019-04-25] [09:30:14.859]		Handle errors
218	[2019-04-25] [09:30:14.859]	Banner detected
219	[2019-04-25] [09:30:14.860]	Wait for banner
220	[2019-04-25] [09:30:22.220]	Banner skiped
221	[2019-04-25] [09:30:22.221]	Wait for: 2695
222	[2019-04-25] [09:30:24.916]	Scrape: https://www.exist.ru/Price/?pid=5640DB51
223	[2019-04-25] [09:30:24.916]		Start scraper
224	[2019-04-25] [09:30:24.916]	Get #priceBody.innerHTML
225	[2019-04-25] [09:30:24.927]	Page scrape 1 analogs
226	[2019-04-25] [09:30:24.928]	Go to: https://www.exist.ru/Price/?pid=9C30A8BD
227	[2019-04-25] [09:30:25.942]	https://www.exist.ru/Price/?pid=9C30A8BD successfully opened
228	[2019-04-25] [09:30:25.942]		Analyse page
229	[2019-04-25] [09:30:25.949]		Handle errors
230	[2019-04-25] [09:30:25.949]	Banner detected
231	[2019-04-25] [09:30:25.950]	Wait for banner
232	[2019-04-25] [09:30:33.341]	Banner skiped
233	[2019-04-25] [09:30:33.341]	Wait for: 2388
234	[2019-04-25] [09:30:35.729]	Scrape: https://www.exist.ru/Price/?pid=9C30A8BD
235	[2019-04-25] [09:30:35.729]		Start scraper
236	[2019-04-25] [09:30:35.729]	Get #priceBody.innerHTML
237	[2019-04-25] [09:30:35.753]	Page scrape 2 analogs
238	[2019-04-25] [09:30:35.755]	Scraping https://www.exist.ru from article #7 328037
239	[2019-04-25] [09:30:35.756]	Scraping article: #7 328037 | category: Выжимные подшипники | https://www.exist.ru/Price/?pcode=328037
240	[2019-04-25] [09:30:37.788]	https://www.exist.ru/Price/?pcode=328037 successfully opened
241	[2019-04-25] [09:30:37.788]	Wait for: 2832
242	[2019-04-25] [09:30:40.620]		Analyse page
243	[2019-04-25] [09:30:40.623]		Handle errors
244	[2019-04-25] [09:30:40.627]	Catalog links amount: 2
245	[2019-04-25] [09:30:40.627]	Link: #1 https://www.exist.ru/Price/?pid=F6D00E66
246	[2019-04-25] [09:30:40.629]	Link: #2 https://www.exist.ru/Price/?pid=9C60A8BD
247	[2019-04-25] [09:30:40.630]	Category not found, download all links
248	[2019-04-25] [09:30:40.630]	Go to: https://www.exist.ru/Price/?pid=F6D00E66
249	[2019-04-25] [09:30:42.327]	https://www.exist.ru/Price/?pid=F6D00E66 successfully opened
250	[2019-04-25] [09:30:42.327]		Analyse page
251	[2019-04-25] [09:30:42.333]		Handle errors
252	[2019-04-25] [09:30:42.333]	Banner detected
253	[2019-04-25] [09:30:42.334]	Wait for banner
254	[2019-04-25] [09:30:49.173]	Banner skiped
255	[2019-04-25] [09:30:49.174]	Wait for: 2591
256	[2019-04-25] [09:30:51.765]	Scrape: https://www.exist.ru/Price/?pid=F6D00E66
257	[2019-04-25] [09:30:51.765]		Start scraper
258	[2019-04-25] [09:30:51.765]	Get #priceBody.innerHTML
259	[2019-04-25] [09:30:51.781]	Page scrape 2 analogs
260	[2019-04-25] [09:30:51.782]	Go to: https://www.exist.ru/Price/?pid=9C60A8BD
261	[2019-04-25] [09:30:53.606]	https://www.exist.ru/Price/?pid=9C60A8BD successfully opened
262	[2019-04-25] [09:30:53.606]		Analyse page
263	[2019-04-25] [09:30:53.642]		Handle errors
264	[2019-04-25] [09:30:53.642]	Banner detected
265	[2019-04-25] [09:30:53.643]	Wait for banner
266	[2019-04-25] [09:31:00.629]	Banner skiped
267	[2019-04-25] [09:31:00.629]	Wait for: 2199
268	[2019-04-25] [09:31:02.828]	Scrape: https://www.exist.ru/Price/?pid=9C60A8BD
269	[2019-04-25] [09:31:02.828]		Start scraper
270	[2019-04-25] [09:31:02.828]	Get #priceBody.innerHTML
271	[2019-04-25] [09:31:02.872]	Page scrape 2 analogs
272	[2019-04-25] [09:31:02.873]	Scraping https://www.exist.ru from article #8 344573
273	[2019-04-25] [09:31:02.874]	Scraping article: #8 344573 | category: Рычаги подвески | https://www.exist.ru/Price/?pcode=344573
274	[2019-04-25] [09:31:03.870]	https://www.exist.ru/Price/?pcode=344573 successfully opened
275	[2019-04-25] [09:31:03.870]	Wait for: 2308
276	[2019-04-25] [09:31:06.180]		Analyse page
277	[2019-04-25] [09:31:06.184]		Handle errors
278	[2019-04-25] [09:31:06.188]	Catalog links amount: 4
279	[2019-04-25] [09:31:06.189]	Link: #1 https://www.exist.ru/Price/?pid=D230A053
280	[2019-04-25] [09:31:06.191]	Link: #2 https://www.exist.ru/Price/?pid=8460C2FA
281	[2019-04-25] [09:31:06.192]	Link: #3 https://www.exist.ru/Price/?pid=BB00A3F7
282	[2019-04-25] [09:31:06.193]	Link: #4 https://www.exist.ru/Price/?pid=E520B1AB
283	[2019-04-25] [09:31:06.194]	Category not found, download all links
284	[2019-04-25] [09:31:06.194]	Go to: https://www.exist.ru/Price/?pid=D230A053
285	[2019-04-25] [09:31:07.220]	https://www.exist.ru/Price/?pid=D230A053 successfully opened
286	[2019-04-25] [09:31:07.220]		Analyse page
287	[2019-04-25] [09:31:07.223]		Handle errors
288	[2019-04-25] [09:31:07.223]	Banner detected
289	[2019-04-25] [09:31:07.224]	Wait for banner
290	[2019-04-25] [09:31:14.930]	Banner skiped
291	[2019-04-25] [09:31:14.930]	Wait for: 2342
292	[2019-04-25] [09:31:17.272]	Scrape: https://www.exist.ru/Price/?pid=D230A053
293	[2019-04-25] [09:31:17.272]		Start scraper
294	[2019-04-25] [09:31:17.272]	Get #priceBody.innerHTML
295	[2019-04-25] [09:31:17.297]	Page scrape 3 analogs
296	[2019-04-25] [09:31:17.297]	Go to: https://www.exist.ru/Price/?pid=8460C2FA
297	[2019-04-25] [09:31:18.388]	https://www.exist.ru/Price/?pid=8460C2FA successfully opened
298	[2019-04-25] [09:31:18.388]		Analyse page
299	[2019-04-25] [09:31:18.394]		Handle errors
300	[2019-04-25] [09:31:18.394]	Banner detected
301	[2019-04-25] [09:31:18.395]	Wait for banner
302	[2019-04-25] [09:31:25.981]	Banner skiped
303	[2019-04-25] [09:31:25.982]	Wait for: 2199
304	[2019-04-25] [09:31:28.181]	Scrape: https://www.exist.ru/Price/?pid=8460C2FA
305	[2019-04-25] [09:31:28.181]		Start scraper
306	[2019-04-25] [09:31:28.181]	Get #priceBody.innerHTML
307	[2019-04-25] [09:31:28.348]	Page scrape 14 analogs
308	[2019-04-25] [09:31:28.348]	Go to: https://www.exist.ru/Price/?pid=BB00A3F7
309	[2019-04-25] [09:31:29.443]	https://www.exist.ru/Price/?pid=BB00A3F7 successfully opened
310	[2019-04-25] [09:31:29.443]		Analyse page
311	[2019-04-25] [09:31:29.449]		Handle errors
312	[2019-04-25] [09:31:29.450]	Banner detected
313	[2019-04-25] [09:31:29.450]	Wait for banner
314	[2019-04-25] [09:31:37.105]	Banner skiped
315	[2019-04-25] [09:31:37.105]	Wait for: 2457
316	[2019-04-25] [09:31:39.562]	Scrape: https://www.exist.ru/Price/?pid=BB00A3F7
317	[2019-04-25] [09:31:39.562]		Start scraper
318	[2019-04-25] [09:31:39.562]	Get #priceBody.innerHTML
319	[2019-04-25] [09:31:39.823]	Page scrape 3 analogs
320	[2019-04-25] [09:31:39.824]	Go to: https://www.exist.ru/Price/?pid=E520B1AB
321	[2019-04-25] [09:31:40.952]	https://www.exist.ru/Price/?pid=E520B1AB successfully opened
322	[2019-04-25] [09:31:40.952]		Analyse page
323	[2019-04-25] [09:31:40.958]		Handle errors
324	[2019-04-25] [09:31:40.958]	Banner detected
325	[2019-04-25] [09:31:40.959]	Wait for banner
326	[2019-04-25] [09:31:48.586]	Banner skiped
327	[2019-04-25] [09:31:48.586]	Wait for: 2672
328	[2019-04-25] [09:31:51.258]	Scrape: https://www.exist.ru/Price/?pid=E520B1AB
329	[2019-04-25] [09:31:51.258]		Start scraper
330	[2019-04-25] [09:31:51.258]	Get #priceBody.innerHTML
331	[2019-04-25] [09:31:51.286]	Page scrape 1 analogs
332	[2019-04-25] [09:31:51.287]	Scraping https://www.exist.ru from article #9 344685
333	[2019-04-25] [09:31:51.288]	Scraping article: #9 344685 | category: Амортизаторы | https://www.exist.ru/Price/?pcode=344685
334	[2019-04-25] [09:31:52.948]	https://www.exist.ru/Price/?pcode=344685 successfully opened
335	[2019-04-25] [09:31:52.948]	Wait for: 2920
336	[2019-04-25] [09:31:55.868]		Analyse page
337	[2019-04-25] [09:31:55.871]		Handle errors
338	[2019-04-25] [09:31:55.877]	Catalog links amount: 3
339	[2019-04-25] [09:31:55.877]	Link: #1 https://www.exist.ru/Price/?pid=7B00B6A0
340	[2019-04-25] [09:31:55.879]	Link: #2 https://www.exist.ru/Price/?pid=E460D9D1
341	[2019-04-25] [09:31:55.880]	Link: #3 https://www.exist.ru/Price/?pid=74A0B289
342	[2019-04-25] [09:31:55.880]	Category not found, download all links
343	[2019-04-25] [09:31:55.880]	Go to: https://www.exist.ru/Price/?pid=7B00B6A0
344	[2019-04-25] [09:31:57.151]	https://www.exist.ru/Price/?pid=7B00B6A0 successfully opened
345	[2019-04-25] [09:31:57.152]		Analyse page
346	[2019-04-25] [09:31:57.156]		Handle errors
347	[2019-04-25] [09:31:57.157]	Banner detected
348	[2019-04-25] [09:31:57.157]	Wait for banner
349	[2019-04-25] [09:32:04.588]	Banner skiped
350	[2019-04-25] [09:32:04.588]	Wait for: 2962
351	[2019-04-25] [09:32:07.550]	Scrape: https://www.exist.ru/Price/?pid=7B00B6A0
352	[2019-04-25] [09:32:07.550]		Start scraper
353	[2019-04-25] [09:32:07.550]	Get #priceBody.innerHTML
354	[2019-04-25] [09:32:07.562]	Page scrape 2 analogs
355	[2019-04-25] [09:32:07.563]	Go to: https://www.exist.ru/Price/?pid=E460D9D1
356	[2019-04-25] [09:32:08.519]	https://www.exist.ru/Price/?pid=E460D9D1 successfully opened
357	[2019-04-25] [09:32:08.519]		Analyse page
358	[2019-04-25] [09:32:08.525]		Handle errors
359	[2019-04-25] [09:32:08.525]	Banner detected
360	[2019-04-25] [09:32:08.525]	Wait for banner
361	[2019-04-25] [09:32:38.530]	TimeoutError: waiting for selector ".user-banner__skip" failed: timeout 30000ms exceeded
362	[2019-04-25] [09:32:45.426]	Open: https://www.exist.ru
363	[2019-04-25] [09:32:47.822]	https://www.exist.ru successfully opened
364	[2019-04-25] [09:32:48.824]	Source files/source/articles.xlsx loaded, length: 684
365	[2019-04-25] [09:32:48.824]	Start main sequence.
366	[2019-04-25] [09:32:48.824]	Scraping https://www.exist.ru from article #1 326012
367	[2019-04-25] [09:32:48.825]	Script execution finished.
368	[2019-04-25] [09:32:48.825]	***
369	[2019-04-25] [09:59:35.482]	Exit program
