1	[2019-04-25] [11:26:28.894]	Start program
2	[2019-04-25] [11:26:33.891]	Open: https://www.exist.ru
3	[2019-04-25] [11:26:39.386]	https://www.exist.ru successfully opened
4	[2019-04-25] [11:26:59.369]	Source files/source/articles.xlsx loaded, length: 684
5	[2019-04-25] [11:26:59.372]	Start main sequence.
6	[2019-04-25] [11:26:59.373]	Scraping https://www.exist.ru from article #1 326012
7	[2019-04-25] [11:26:59.374]	Scraping https://www.exist.ru from article #2 328006
8	[2019-04-25] [11:26:59.374]	Scraping https://www.exist.ru from article #3 328008
9	[2019-04-25] [11:26:59.374]	Scraping https://www.exist.ru from article #4 328021
10	[2019-04-25] [11:26:59.374]	Scraping https://www.exist.ru from article #5 328035
11	[2019-04-25] [11:26:59.375]	Scraping https://www.exist.ru from article #6 328036
12	[2019-04-25] [11:26:59.375]	Scraping https://www.exist.ru from article #7 328037
13	[2019-04-25] [11:26:59.375]	Scraping https://www.exist.ru from article #8 344573
14	[2019-04-25] [11:26:59.375]	Scraping https://www.exist.ru from article #9 344685
15	[2019-04-25] [11:26:59.375]	Scraping https://www.exist.ru from article #10 344686
16	[2019-04-25] [11:26:59.376]	Scraping https://www.exist.ru from article #11 344884
17	[2019-04-25] [11:26:59.376]	Scraping https://www.exist.ru from article #12 344885
18	[2019-04-25] [11:26:59.376]	Scraping https://www.exist.ru from article #13 344913
19	[2019-04-25] [11:26:59.376]	Scraping https://www.exist.ru from article #14 344914
20	[2019-04-25] [11:26:59.377]	Scraping https://www.exist.ru from article #15 345020
21	[2019-04-25] [11:26:59.377]	Scraping https://www.exist.ru from article #16 345134
22	[2019-04-25] [11:26:59.377]	Scraping https://www.exist.ru from article #17 345135
23	[2019-04-25] [11:26:59.377]	Scraping https://www.exist.ru from article #18 345136
24	[2019-04-25] [11:26:59.377]	Scraping https://www.exist.ru from article #19 345137
25	[2019-04-25] [11:26:59.378]	Scraping article: #19 345137 | category: Амортизаторы | https://www.exist.ru/Price/?pcode=345137
26	[2019-04-25] [11:27:01.617]	https://www.exist.ru/Price/?pcode=345137 successfully opened
27	[2019-04-25] [11:27:01.617]	Wait for: 2779
28	[2019-04-25] [11:27:04.397]		Analyse page
29	[2019-04-25] [11:27:04.401]		Handle errors
30	[2019-04-25] [11:27:04.423]	Catalog links amount: 5
31	[2019-04-25] [11:27:04.426]	Link: #1 https://www.exist.ru/Price/?pid=1130E1FA
32	[2019-04-25] [11:27:04.427]	Link: #2 https://www.exist.ru/Price/?pid=8E1008E0
33	[2019-04-25] [11:27:04.428]	Link: #3 https://www.exist.ru/Price/?pid=DD20E0F0
34	[2019-04-25] [11:27:04.429]	Link: #4 https://www.exist.ru/Price/?pid=AC805445
35	[2019-04-25] [11:27:04.430]	Link: #5 https://www.exist.ru/Price/?pid=CB10A095
36	[2019-04-25] [11:27:04.430]	Category not found, download all links
37	[2019-04-25] [11:27:04.430]	Go to: https://www.exist.ru/Price/?pid=1130E1FA
38	[2019-04-25] [11:27:06.084]	https://www.exist.ru/Price/?pid=1130E1FA successfully opened
39	[2019-04-25] [11:27:06.084]		Analyse page
40	[2019-04-25] [11:27:06.086]		Handle errors
41	[2019-04-25] [11:27:06.086]	Wait for: 2534
42	[2019-04-25] [11:27:08.630]	Scrape: https://www.exist.ru/Price/?pid=1130E1FA
43	[2019-04-25] [11:27:08.630]		Start scraper
44	[2019-04-25] [11:27:08.630]	Get #priceBody.innerHTML
45	[2019-04-25] [11:27:08.717]	Page scrape 2 analogs
46	[2019-04-25] [11:27:08.717]	Go to: https://www.exist.ru/Price/?pid=8E1008E0
47	[2019-04-25] [11:27:10.310]	https://www.exist.ru/Price/?pid=8E1008E0 successfully opened
48	[2019-04-25] [11:27:10.311]		Analyse page
49	[2019-04-25] [11:27:10.314]		Handle errors
50	[2019-04-25] [11:27:10.314]	Wait for: 2456
51	[2019-04-25] [11:27:12.770]	Scrape: https://www.exist.ru/Price/?pid=8E1008E0
52	[2019-04-25] [11:27:12.771]		Start scraper
53	[2019-04-25] [11:27:12.771]	Get #priceBody.innerHTML
54	[2019-04-25] [11:27:12.784]	Page scrape 2 analogs
55	[2019-04-25] [11:27:12.784]	Go to: https://www.exist.ru/Price/?pid=DD20E0F0
56	[2019-04-25] [11:27:14.046]	https://www.exist.ru/Price/?pid=DD20E0F0 successfully opened
57	[2019-04-25] [11:27:14.046]		Analyse page
58	[2019-04-25] [11:27:14.048]		Handle errors
59	[2019-04-25] [11:27:14.048]	Wait for: 2241
60	[2019-04-25] [11:27:16.290]	Scrape: https://www.exist.ru/Price/?pid=DD20E0F0
61	[2019-04-25] [11:27:16.290]		Start scraper
62	[2019-04-25] [11:27:16.290]	Get #priceBody.innerHTML
63	[2019-04-25] [11:27:16.326]	Page scrape 2 analogs
64	[2019-04-25] [11:27:16.327]	Go to: https://www.exist.ru/Price/?pid=AC805445
65	[2019-04-25] [11:27:18.207]	https://www.exist.ru/Price/?pid=AC805445 successfully opened
66	[2019-04-25] [11:27:18.207]		Analyse page
67	[2019-04-25] [11:27:18.211]		Handle errors
68	[2019-04-25] [11:27:18.211]	Wait for: 2780
69	[2019-04-25] [11:27:20.991]	Scrape: https://www.exist.ru/Price/?pid=AC805445
70	[2019-04-25] [11:27:20.991]		Start scraper
71	[2019-04-25] [11:27:20.991]	Get #priceBody.innerHTML
72	[2019-04-25] [11:27:21.005]	Page scrape 1 analogs
73	[2019-04-25] [11:27:21.005]	Go to: https://www.exist.ru/Price/?pid=CB10A095
74	[2019-04-25] [11:27:22.461]	https://www.exist.ru/Price/?pid=CB10A095 successfully opened
75	[2019-04-25] [11:27:22.461]		Analyse page
76	[2019-04-25] [11:27:22.466]		Handle errors
77	[2019-04-25] [11:27:22.466]	Wait for: 2693
78	[2019-04-25] [11:27:25.159]	Scrape: https://www.exist.ru/Price/?pid=CB10A095
79	[2019-04-25] [11:27:25.159]		Start scraper
80	[2019-04-25] [11:27:25.159]	Get #priceBody.innerHTML
81	[2019-04-25] [11:27:25.186]	Page scrape 2 analogs
82	[2019-04-25] [11:27:25.189]	Scraping https://www.exist.ru from article #20 350176
83	[2019-04-25] [11:27:25.190]	Scraping article: #20 350176 | category: Рычаги подвески | https://www.exist.ru/Price/?pcode=350176
84	[2019-04-25] [11:27:27.015]	https://www.exist.ru/Price/?pcode=350176 successfully opened
85	[2019-04-25] [11:27:27.015]	Wait for: 2054
86	[2019-04-25] [11:27:29.069]		Analyse page
87	[2019-04-25] [11:27:29.071]		Handle errors
88	[2019-04-25] [11:27:29.080]	Catalog links amount: 12
89	[2019-04-25] [11:27:29.081]	Link: #1 https://www.exist.ru/Price/?pid=1AD0690F
90	[2019-04-25] [11:27:29.082]	Link: #2 https://www.exist.ru/Price/?pid=1B10AF13
91	[2019-04-25] [11:27:29.082]	Link: #3 https://www.exist.ru/Price/?pid=AAE0AE7D
92	[2019-04-25] [11:27:29.083]	Link: #4 https://www.exist.ru/Price/?pid=97B002D6
93	[2019-04-25] [11:27:29.084]	Link: #5 https://www.exist.ru/Price/?pid=F4D0A285
94	[2019-04-25] [11:27:29.085]	Link: #6 https://www.exist.ru/Price/?pid=B220A6E0
95	[2019-04-25] [11:27:29.085]	Link: #7 https://www.exist.ru/Price/?pid=59C0654A
96	[2019-04-25] [11:27:29.086]	Link: #8 https://www.exist.ru/Price/?pid=E640A7CA
97	[2019-04-25] [11:27:29.087]	Link: #9 https://www.exist.ru/Price/?pid=E590BF5D
98	[2019-04-25] [11:27:29.088]	Link: #10 https://www.exist.ru/Price/?pid=69608BB3
99	[2019-04-25] [11:27:29.088]	Link: #11 https://www.exist.ru/Price/?pid=E15017BC
100	[2019-04-25] [11:27:29.089]	Link: #12 https://www.exist.ru/Price/?pid=61C0B531
101	[2019-04-25] [11:27:29.089]	Category not found, download all links
102	[2019-04-25] [11:27:29.089]	Go to: https://www.exist.ru/Price/?pid=1AD0690F
103	[2019-04-25] [11:27:30.969]	https://www.exist.ru/Price/?pid=1AD0690F successfully opened
104	[2019-04-25] [11:27:30.969]		Analyse page
105	[2019-04-25] [11:27:30.971]		Handle errors
106	[2019-04-25] [11:27:30.971]	Wait for: 2623
107	[2019-04-25] [11:27:33.595]	Scrape: https://www.exist.ru/Price/?pid=1AD0690F
108	[2019-04-25] [11:27:33.595]		Start scraper
109	[2019-04-25] [11:27:33.595]	Get #priceBody.innerHTML
110	[2019-04-25] [11:27:33.626]	Page scrape 3 analogs
111	[2019-04-25] [11:27:33.627]	Go to: https://www.exist.ru/Price/?pid=1B10AF13
112	[2019-04-25] [11:27:35.183]	https://www.exist.ru/Price/?pid=1B10AF13 successfully opened
113	[2019-04-25] [11:27:35.183]		Analyse page
114	[2019-04-25] [11:27:35.188]		Handle errors
115	[2019-04-25] [11:27:35.188]	Wait for: 2750
116	[2019-04-25] [11:27:37.939]	Scrape: https://www.exist.ru/Price/?pid=1B10AF13
117	[2019-04-25] [11:27:37.939]		Start scraper
118	[2019-04-25] [11:27:37.939]	Get #priceBody.innerHTML
119	[2019-04-25] [11:27:37.968]	Page scrape 1 analogs
120	[2019-04-25] [11:27:37.969]	Go to: https://www.exist.ru/Price/?pid=AAE0AE7D
121	[2019-04-25] [11:27:39.161]	https://www.exist.ru/Price/?pid=AAE0AE7D successfully opened
122	[2019-04-25] [11:27:39.161]		Analyse page
123	[2019-04-25] [11:27:39.167]		Handle errors
124	[2019-04-25] [11:27:39.167]	Wait for: 2164
125	[2019-04-25] [11:27:41.331]	Scrape: https://www.exist.ru/Price/?pid=AAE0AE7D
126	[2019-04-25] [11:27:41.331]		Start scraper
127	[2019-04-25] [11:27:41.331]	Get #priceBody.innerHTML
128	[2019-04-25] [11:27:41.342]	Page scrape 1 analogs
129	[2019-04-25] [11:27:41.343]	Go to: https://www.exist.ru/Price/?pid=97B002D6
130	[2019-04-25] [11:27:42.578]	https://www.exist.ru/Price/?pid=97B002D6 successfully opened
131	[2019-04-25] [11:27:42.578]		Analyse page
132	[2019-04-25] [11:27:42.587]		Handle errors
133	[2019-04-25] [11:27:42.588]	Wait for: 2957
134	[2019-04-25] [11:27:45.544]	Scrape: https://www.exist.ru/Price/?pid=97B002D6
135	[2019-04-25] [11:27:45.544]		Start scraper
136	[2019-04-25] [11:27:45.544]	Get #priceBody.innerHTML
137	[2019-04-25] [11:27:45.565]	Page scrape 1 analogs
138	[2019-04-25] [11:27:45.566]	Go to: https://www.exist.ru/Price/?pid=F4D0A285
139	[2019-04-25] [11:27:47.484]	https://www.exist.ru/Price/?pid=F4D0A285 successfully opened
140	[2019-04-25] [11:27:47.484]		Analyse page
141	[2019-04-25] [11:27:47.488]		Handle errors
142	[2019-04-25] [11:27:47.488]	Wait for: 2104
143	[2019-04-25] [11:27:49.592]	Scrape: https://www.exist.ru/Price/?pid=F4D0A285
144	[2019-04-25] [11:27:49.592]		Start scraper
145	[2019-04-25] [11:27:49.592]	Get #priceBody.innerHTML
146	[2019-04-25] [11:27:49.622]	Page scrape 2 analogs
147	[2019-04-25] [11:27:49.623]	Go to: https://www.exist.ru/Price/?pid=B220A6E0
148	[2019-04-25] [11:28:10.906]	https://www.exist.ru/Price/?pid=B220A6E0 successfully opened
149	[2019-04-25] [11:28:10.906]		Analyse page
150	[2019-04-25] [11:28:10.910]		Handle errors
151	[2019-04-25] [11:28:10.910]	Wait for: 2299
152	[2019-04-25] [11:28:13.208]	Scrape: https://www.exist.ru/Price/?pid=B220A6E0
153	[2019-04-25] [11:28:13.208]		Start scraper
154	[2019-04-25] [11:28:13.208]	Get #priceBody.innerHTML
155	[2019-04-25] [11:28:13.221]	Page scrape 1 analogs
156	[2019-04-25] [11:28:13.222]	Go to: https://www.exist.ru/Price/?pid=59C0654A
157	[2019-04-25] [11:28:15.694]	https://www.exist.ru/Price/?pid=59C0654A successfully opened
158	[2019-04-25] [11:28:15.694]		Analyse page
159	[2019-04-25] [11:28:15.696]		Handle errors
160	[2019-04-25] [11:28:15.696]	Wait for: 2110
161	[2019-04-25] [11:28:17.806]	Scrape: https://www.exist.ru/Price/?pid=59C0654A
162	[2019-04-25] [11:28:17.807]		Start scraper
163	[2019-04-25] [11:28:17.808]	Get #priceBody.innerHTML
164	[2019-04-25] [11:28:17.853]	Page scrape 2 analogs
165	[2019-04-25] [11:28:17.853]	Go to: https://www.exist.ru/Price/?pid=E640A7CA
166	[2019-04-25] [11:28:19.965]	https://www.exist.ru/Price/?pid=E640A7CA successfully opened
167	[2019-04-25] [11:28:19.965]		Analyse page
168	[2019-04-25] [11:28:19.969]		Handle errors
169	[2019-04-25] [11:28:19.970]	Wait for: 2784
170	[2019-04-25] [11:28:22.754]	Scrape: https://www.exist.ru/Price/?pid=E640A7CA
171	[2019-04-25] [11:28:22.754]		Start scraper
172	[2019-04-25] [11:28:22.754]	Get #priceBody.innerHTML
173	[2019-04-25] [11:28:22.766]	Page scrape 1 analogs
174	[2019-04-25] [11:28:22.767]	Go to: https://www.exist.ru/Price/?pid=E590BF5D
175	[2019-04-25] [11:28:23.942]	https://www.exist.ru/Price/?pid=E590BF5D successfully opened
176	[2019-04-25] [11:28:23.942]		Analyse page
177	[2019-04-25] [11:28:23.947]		Handle errors
178	[2019-04-25] [11:28:23.947]	Wait for: 2474
179	[2019-04-25] [11:28:26.426]	Scrape: https://www.exist.ru/Price/?pid=E590BF5D
180	[2019-04-25] [11:28:26.426]		Start scraper
181	[2019-04-25] [11:28:26.426]	Get #priceBody.innerHTML
182	[2019-04-25] [11:28:26.442]	Page scrape 1 analogs
183	[2019-04-25] [11:28:26.443]	Go to: https://www.exist.ru/Price/?pid=69608BB3
184	[2019-04-25] [11:28:28.304]	https://www.exist.ru/Price/?pid=69608BB3 successfully opened
185	[2019-04-25] [11:28:28.304]		Analyse page
186	[2019-04-25] [11:28:28.311]		Handle errors
187	[2019-04-25] [11:28:28.311]	Wait for: 2682
188	[2019-04-25] [11:28:30.994]	Scrape: https://www.exist.ru/Price/?pid=69608BB3
189	[2019-04-25] [11:28:30.994]		Start scraper
190	[2019-04-25] [11:28:30.994]	Get #priceBody.innerHTML
191	[2019-04-25] [11:28:31.007]	Page scrape 1 analogs
192	[2019-04-25] [11:28:31.008]	Go to: https://www.exist.ru/Price/?pid=E15017BC
193	[2019-04-25] [11:28:32.137]	https://www.exist.ru/Price/?pid=E15017BC successfully opened
194	[2019-04-25] [11:28:32.138]		Analyse page
195	[2019-04-25] [11:28:32.146]		Handle errors
196	[2019-04-25] [11:28:32.146]	Wait for: 2711
197	[2019-04-25] [11:28:34.857]	Scrape: https://www.exist.ru/Price/?pid=E15017BC
198	[2019-04-25] [11:28:34.857]		Start scraper
199	[2019-04-25] [11:28:34.857]	Get #priceBody.innerHTML
200	[2019-04-25] [11:28:34.871]	Page scrape 1 analogs
201	[2019-04-25] [11:28:34.872]	Go to: https://www.exist.ru/Price/?pid=61C0B531
202	[2019-04-25] [11:28:36.696]	https://www.exist.ru/Price/?pid=61C0B531 successfully opened
203	[2019-04-25] [11:28:36.696]		Analyse page
204	[2019-04-25] [11:28:36.700]		Handle errors
205	[2019-04-25] [11:28:36.700]	Wait for: 2508
206	[2019-04-25] [11:28:39.208]	Scrape: https://www.exist.ru/Price/?pid=61C0B531
207	[2019-04-25] [11:28:39.208]		Start scraper
208	[2019-04-25] [11:28:39.208]	Get #priceBody.innerHTML
209	[2019-04-25] [11:28:39.221]	Page scrape 1 analogs
210	[2019-04-25] [11:28:39.223]	Scraping https://www.exist.ru from article #21 350617
211	[2019-04-25] [11:28:39.224]	Scraping article: #21 350617 | category: Рычаги подвески | https://www.exist.ru/Price/?pcode=350617
212	[2019-04-25] [11:28:40.313]	https://www.exist.ru/Price/?pcode=350617 successfully opened
213	[2019-04-25] [11:28:40.313]	Wait for: 2509
214	[2019-04-25] [11:28:42.822]		Analyse page
215	[2019-04-25] [11:28:42.829]		Handle errors
216	[2019-04-25] [11:28:42.839]	Catalog links amount: 4
217	[2019-04-25] [11:28:42.839]	Link: #1 https://www.exist.ru/Price/?pid=76C0AF13
218	[2019-04-25] [11:28:42.841]	Link: #2 https://www.exist.ru/Price/?pid=B4B0E344
219	[2019-04-25] [11:28:42.842]	Link: #3 https://www.exist.ru/Price/?pid=F2106552
220	[2019-04-25] [11:28:42.843]	Link: #4 https://www.exist.ru/Price/?pid=83D0A81E
221	[2019-04-25] [11:28:42.844]	Category not found, download all links
222	[2019-04-25] [11:28:42.844]	Go to: https://www.exist.ru/Price/?pid=76C0AF13
223	[2019-04-25] [11:28:45.523]	https://www.exist.ru/Price/?pid=76C0AF13 successfully opened
224	[2019-04-25] [11:28:45.523]		Analyse page
225	[2019-04-25] [11:28:45.534]		Handle errors
226	[2019-04-25] [11:28:45.534]	Wait for: 2205
227	[2019-04-25] [11:28:47.739]	Scrape: https://www.exist.ru/Price/?pid=76C0AF13
228	[2019-04-25] [11:28:47.739]		Start scraper
229	[2019-04-25] [11:28:47.739]	Get #priceBody.innerHTML
230	[2019-04-25] [11:28:47.752]	Page scrape 1 analogs
231	[2019-04-25] [11:28:47.753]	Go to: https://www.exist.ru/Price/?pid=B4B0E344
232	[2019-04-25] [11:28:50.046]	https://www.exist.ru/Price/?pid=B4B0E344 successfully opened
233	[2019-04-25] [11:28:50.046]		Analyse page
234	[2019-04-25] [11:28:50.051]		Handle errors
235	[2019-04-25] [11:28:50.051]	Wait for: 2517
236	[2019-04-25] [11:28:52.568]	Scrape: https://www.exist.ru/Price/?pid=B4B0E344
237	[2019-04-25] [11:28:52.568]		Start scraper
238	[2019-04-25] [11:28:52.568]	Get #priceBody.innerHTML
239	[2019-04-25] [11:28:52.575]	Page scrape 1 analogs
240	[2019-04-25] [11:28:52.575]	Go to: https://www.exist.ru/Price/?pid=F2106552
241	[2019-04-25] [11:28:53.794]	https://www.exist.ru/Price/?pid=F2106552 successfully opened
242	[2019-04-25] [11:28:53.794]		Analyse page
243	[2019-04-25] [11:28:53.800]		Handle errors
244	[2019-04-25] [11:28:53.800]	Wait for: 2944
245	[2019-04-25] [11:28:56.745]	Scrape: https://www.exist.ru/Price/?pid=F2106552
246	[2019-04-25] [11:28:56.745]		Start scraper
247	[2019-04-25] [11:28:56.745]	Get #priceBody.innerHTML
248	[2019-04-25] [11:28:56.793]	Page scrape 6 analogs
249	[2019-04-25] [11:28:56.794]	Go to: https://www.exist.ru/Price/?pid=83D0A81E
250	[2019-04-25] [11:28:58.663]	https://www.exist.ru/Price/?pid=83D0A81E successfully opened
251	[2019-04-25] [11:28:58.663]		Analyse page
252	[2019-04-25] [11:28:58.667]		Handle errors
253	[2019-04-25] [11:28:58.667]	Wait for: 2063
254	[2019-04-25] [11:29:00.730]	Scrape: https://www.exist.ru/Price/?pid=83D0A81E
255	[2019-04-25] [11:29:00.730]		Start scraper
256	[2019-04-25] [11:29:00.730]	Get #priceBody.innerHTML
257	[2019-04-25] [11:29:00.749]	Page scrape 1 analogs
258	[2019-04-25] [11:29:00.752]	Scraping https://www.exist.ru from article #22 352532
259	[2019-04-25] [11:29:00.753]	Scraping article: #22 352532 | category: Рычаги подвески | https://www.exist.ru/Price/?pcode=352532
260	[2019-04-25] [11:29:02.029]	https://www.exist.ru/Price/?pcode=352532 successfully opened
261	[2019-04-25] [11:29:02.029]	Wait for: 2312
262	[2019-04-25] [11:29:04.341]		Analyse page
263	[2019-04-25] [11:29:04.345]		Handle errors
264	[2019-04-25] [11:29:04.345]		Start scraper
265	[2019-04-25] [11:29:04.345]	Get #priceBody.innerHTML
266	[2019-04-25] [11:29:04.347]	Scraping https://www.exist.ru from article #23 352800
267	[2019-04-25] [11:29:04.347]	Scraping article: #23 352800 | category: Рычаги подвески | https://www.exist.ru/Price/?pcode=352800
268	[2019-04-25] [11:29:04.380]	Page scrape 1 analogs
269	[2019-04-25] [11:29:05.773]	https://www.exist.ru/Price/?pcode=352800 successfully opened
270	[2019-04-25] [11:29:05.773]	Wait for: 2569
271	[2019-04-25] [11:29:08.342]		Analyse page
272	[2019-04-25] [11:29:08.346]		Handle errors
273	[2019-04-25] [11:29:08.361]	Catalog links amount: 10
274	[2019-04-25] [11:29:08.363]	Link: #1 https://www.exist.ru/Price/?pid=BFF03019
275	[2019-04-25] [11:29:08.365]	Link: #2 https://www.exist.ru/Price/?pid=21E0AE7F
276	[2019-04-25] [11:29:08.366]	Link: #3 https://www.exist.ru/Price/?pid=3C20D267
277	[2019-04-25] [11:29:08.368]	Link: #4 https://www.exist.ru/Price/?pid=E1D0D63D
278	[2019-04-25] [11:29:08.369]	Link: #5 https://www.exist.ru/Price/?pid=C080D3B4
279	[2019-04-25] [11:29:08.371]	Link: #6 https://www.exist.ru/Price/?pid=3EB0595D
280	[2019-04-25] [11:29:08.372]	Link: #7 https://www.exist.ru/Price/?pid=CF80A9E4
281	[2019-04-25] [11:29:08.373]	Link: #8 https://www.exist.ru/Price/?pid=BF40E343
282	[2019-04-25] [11:29:08.375]	Link: #9 https://www.exist.ru/Price/?pid=FFA0CE60
283	[2019-04-25] [11:29:08.377]	Link: #10 https://www.exist.ru/Price/?pid=99D0C26C
284	[2019-04-25] [11:29:08.378]	Category not found, download all links
285	[2019-04-25] [11:29:08.379]	Scraping https://www.exist.ru from article #24 420001
286	[2019-04-25] [11:29:08.379]	Script execution finished.
287	[2019-04-25] [11:29:08.380]	***
