1	[2019-04-25] [13:14:09.867]	Start program
2	[2019-04-25] [13:14:11.863]	Open: https://www.exist.ru
3	[2019-04-25] [13:14:21.090]	https://www.exist.ru successfully opened
4	[2019-04-25] [13:14:31.482]	Source files/source/articles.xlsx loaded, length: 684
5	[2019-04-25] [13:14:31.483]	Start main sequence.
6	[2019-04-25] [13:14:31.483]	Scraping https://www.exist.ru from article #1 326012
7	[2019-04-25] [13:14:31.484]	Scraping article: #1 326012 | category: Выжимные подшипники | https://www.exist.ru/Price/?pcode=326012
8	[2019-04-25] [13:14:44.774]	https://www.exist.ru/Price/?pcode=326012 successfully opened
9	[2019-04-25] [13:14:44.774]	Wait for: 2958
10	[2019-04-25] [13:14:47.733]		Analyse page
11	[2019-04-25] [13:14:47.738]		Handle errors
12	[2019-04-25] [13:14:47.770]	Catalog links amount: 8
13	[2019-04-25] [13:14:47.774]	Link: #1 https://www.exist.ru/Price/?pid=27606B9A
14	[2019-04-25] [13:14:47.777]	Link: #2 https://www.exist.ru/Price/?pid=FA208E7D
15	[2019-04-25] [13:14:47.778]	Link: #3 https://www.exist.ru/Price/?pid=57F0D215
16	[2019-04-25] [13:14:47.781]	Link: #4 https://www.exist.ru/Price/?pid=8800068C
17	[2019-04-25] [13:14:47.783]	Link: #5 https://www.exist.ru/Price/?pid=8EF07E11
18	[2019-04-25] [13:14:47.784]	Link: #6 https://www.exist.ru/Price/?pid=F360BBF5
19	[2019-04-25] [13:14:47.786]	Link: #7 https://www.exist.ru/Price/?pid=89A0B4E1
20	[2019-04-25] [13:14:47.787]	Link: #8 https://www.exist.ru/Price/?pid=A3805A60
21	[2019-04-25] [13:14:47.788]	Category not found, download all links
22	[2019-04-25] [13:14:47.789]	Go to: https://www.exist.ru/Price/?pid=27606B9A
23	[2019-04-25] [13:14:51.266]	https://www.exist.ru/Price/?pid=27606B9A successfully opened
24	[2019-04-25] [13:14:51.266]		Analyse page
25	[2019-04-25] [13:14:51.268]		Handle errors
26	[2019-04-25] [13:14:51.268]	Wait for: 2558
27	[2019-04-25] [13:14:53.826]	Scrape: https://www.exist.ru/Price/?pid=27606B9A
28	[2019-04-25] [13:14:53.826]		Start scraper
29	[2019-04-25] [13:14:53.827]	Get #priceBody.innerHTML
30	[2019-04-25] [13:14:53.846]	Page scrape 2 analogs
31	[2019-04-25] [13:14:53.846]	Go to: https://www.exist.ru/Price/?pid=FA208E7D
32	[2019-04-25] [13:15:01.786]	https://www.exist.ru/Price/?pid=FA208E7D successfully opened
33	[2019-04-25] [13:15:01.786]		Analyse page
34	[2019-04-25] [13:15:01.789]		Handle errors
35	[2019-04-25] [13:15:01.789]	Wait for: 2362
36	[2019-04-25] [13:15:04.152]	Scrape: https://www.exist.ru/Price/?pid=FA208E7D
37	[2019-04-25] [13:15:04.152]		Start scraper
38	[2019-04-25] [13:15:04.152]	Get #priceBody.innerHTML
39	[2019-04-25] [13:15:04.185]	Page scrape 2 analogs
40	[2019-04-25] [13:15:04.186]	Script execution finished.
41	[2019-04-25] [13:15:04.186]	***
42	[2019-04-25] [13:15:15.369]	Source files/source/articles.xlsx loaded, length: 684
43	[2019-04-25] [13:15:15.369]	Start main sequence.
44	[2019-04-25] [13:15:15.369]	Scraping https://www.exist.ru from article #1 326012
45	[2019-04-25] [13:15:15.370]	Scraping article: #1 326012 | category: Выжимные подшипники | https://www.exist.ru/Price/?pcode=326012
46	[2019-04-25] [13:15:17.186]	https://www.exist.ru/Price/?pcode=326012 successfully opened
47	[2019-04-25] [13:15:17.187]	Wait for: 881
48	[2019-04-25] [13:15:18.069]		Analyse page
49	[2019-04-25] [13:15:18.076]		Handle errors
50	[2019-04-25] [13:15:18.090]	Catalog links amount: 8
51	[2019-04-25] [13:15:18.091]	Link: #1 https://www.exist.ru/Price/?pid=27606B9A
52	[2019-04-25] [13:15:18.093]	Link: #2 https://www.exist.ru/Price/?pid=FA208E7D
53	[2019-04-25] [13:15:18.095]	Link: #3 https://www.exist.ru/Price/?pid=57F0D215
54	[2019-04-25] [13:15:18.096]	Link: #4 https://www.exist.ru/Price/?pid=8800068C
55	[2019-04-25] [13:15:18.098]	Link: #5 https://www.exist.ru/Price/?pid=8EF07E11
56	[2019-04-25] [13:15:18.099]	Link: #6 https://www.exist.ru/Price/?pid=F360BBF5
57	[2019-04-25] [13:15:18.101]	Link: #7 https://www.exist.ru/Price/?pid=89A0B4E1
58	[2019-04-25] [13:15:18.103]	Link: #8 https://www.exist.ru/Price/?pid=A3805A60
59	[2019-04-25] [13:15:18.104]	Category not found, download all links
60	[2019-04-25] [13:15:18.104]	Go to: https://www.exist.ru/Price/?pid=27606B9A
61	[2019-04-25] [13:15:19.791]	https://www.exist.ru/Price/?pid=27606B9A successfully opened
62	[2019-04-25] [13:15:19.791]		Analyse page
63	[2019-04-25] [13:15:19.794]		Handle errors
64	[2019-04-25] [13:15:19.794]	Wait for: 988
65	[2019-04-25] [13:15:20.781]	Scrape: https://www.exist.ru/Price/?pid=27606B9A
66	[2019-04-25] [13:15:20.781]		Start scraper
67	[2019-04-25] [13:15:20.781]	Get #priceBody.innerHTML
68	[2019-04-25] [13:15:20.821]	Page scrape 2 analogs
69	[2019-04-25] [13:15:20.822]	Go to: https://www.exist.ru/Price/?pid=FA208E7D
70	[2019-04-25] [13:15:22.125]	https://www.exist.ru/Price/?pid=FA208E7D successfully opened
71	[2019-04-25] [13:15:22.125]		Analyse page
72	[2019-04-25] [13:15:22.130]		Handle errors
73	[2019-04-25] [13:15:22.130]	Wait for: 753
74	[2019-04-25] [13:15:22.882]	Scrape: https://www.exist.ru/Price/?pid=FA208E7D
75	[2019-04-25] [13:15:22.882]		Start scraper
76	[2019-04-25] [13:15:22.882]	Get #priceBody.innerHTML
77	[2019-04-25] [13:15:22.914]	Page scrape 2 analogs
78	[2019-04-25] [13:15:22.915]	Go to: https://www.exist.ru/Price/?pid=57F0D215
79	[2019-04-25] [13:15:24.066]	https://www.exist.ru/Price/?pid=57F0D215 successfully opened
80	[2019-04-25] [13:15:24.067]		Analyse page
81	[2019-04-25] [13:15:24.069]		Handle errors
82	[2019-04-25] [13:15:24.069]	Wait for: 760
83	[2019-04-25] [13:15:24.828]	Scrape: https://www.exist.ru/Price/?pid=57F0D215
84	[2019-04-25] [13:15:24.829]		Start scraper
85	[2019-04-25] [13:15:24.829]	Get #priceBody.innerHTML
86	[2019-04-25] [13:15:24.836]	Page scrape 1 analogs
87	[2019-04-25] [13:15:24.837]	Go to: https://www.exist.ru/Price/?pid=8800068C
88	[2019-04-25] [13:15:26.169]	https://www.exist.ru/Price/?pid=8800068C successfully opened
89	[2019-04-25] [13:15:26.169]		Analyse page
90	[2019-04-25] [13:15:26.171]		Handle errors
91	[2019-04-25] [13:15:26.172]	Wait for: 907
92	[2019-04-25] [13:15:27.078]	Scrape: https://www.exist.ru/Price/?pid=8800068C
93	[2019-04-25] [13:15:27.079]		Start scraper
94	[2019-04-25] [13:15:27.079]	Get #priceBody.innerHTML
95	[2019-04-25] [13:15:27.098]	Page scrape 1 analogs
96	[2019-04-25] [13:15:27.098]	Go to: https://www.exist.ru/Price/?pid=8EF07E11
97	[2019-04-25] [13:15:29.003]	https://www.exist.ru/Price/?pid=8EF07E11 successfully opened
98	[2019-04-25] [13:15:29.003]		Analyse page
99	[2019-04-25] [13:15:29.005]		Handle errors
100	[2019-04-25] [13:15:29.006]	Wait for: 789
101	[2019-04-25] [13:15:29.795]	Scrape: https://www.exist.ru/Price/?pid=8EF07E11
102	[2019-04-25] [13:15:29.795]		Start scraper
103	[2019-04-25] [13:15:29.795]	Get #priceBody.innerHTML
104	[2019-04-25] [13:15:29.817]	Page scrape 2 analogs
105	[2019-04-25] [13:15:29.817]	Go to: https://www.exist.ru/Price/?pid=F360BBF5
106	[2019-04-25] [13:15:31.123]	https://www.exist.ru/Price/?pid=F360BBF5 successfully opened
107	[2019-04-25] [13:15:31.123]		Analyse page
108	[2019-04-25] [13:15:31.125]		Handle errors
109	[2019-04-25] [13:15:31.125]	Wait for: 813
110	[2019-04-25] [13:15:31.939]	Scrape: https://www.exist.ru/Price/?pid=F360BBF5
111	[2019-04-25] [13:15:31.939]		Start scraper
112	[2019-04-25] [13:15:31.939]	Get #priceBody.innerHTML
113	[2019-04-25] [13:15:31.980]	Page scrape 6 analogs
114	[2019-04-25] [13:15:31.981]	Go to: https://www.exist.ru/Price/?pid=89A0B4E1
115	[2019-04-25] [13:15:33.068]	https://www.exist.ru/Price/?pid=89A0B4E1 successfully opened
116	[2019-04-25] [13:15:33.068]		Analyse page
117	[2019-04-25] [13:15:33.071]		Handle errors
118	[2019-04-25] [13:15:33.071]	Wait for: 632
119	[2019-04-25] [13:15:33.703]	Scrape: https://www.exist.ru/Price/?pid=89A0B4E1
120	[2019-04-25] [13:15:33.703]		Start scraper
121	[2019-04-25] [13:15:33.703]	Get #priceBody.innerHTML
122	[2019-04-25] [13:15:33.721]	Page scrape 1 analogs
123	[2019-04-25] [13:15:33.722]	Go to: https://www.exist.ru/Price/?pid=A3805A60
124	[2019-04-25] [13:15:34.955]	https://www.exist.ru/Price/?pid=A3805A60 successfully opened
125	[2019-04-25] [13:15:34.955]		Analyse page
126	[2019-04-25] [13:15:34.957]		Handle errors
127	[2019-04-25] [13:15:34.957]	Wait for: 697
128	[2019-04-25] [13:15:35.655]	Scrape: https://www.exist.ru/Price/?pid=A3805A60
129	[2019-04-25] [13:15:35.655]		Start scraper
130	[2019-04-25] [13:15:35.655]	Get #priceBody.innerHTML
131	[2019-04-25] [13:15:35.673]	Page scrape 1 analogs
132	[2019-04-25] [13:15:35.674]	Scraping https://www.exist.ru from article #2 328006
133	[2019-04-25] [13:15:35.675]	Scraping article: #2 328006 | category: Выжимные подшипники | https://www.exist.ru/Price/?pcode=328006
134	[2019-04-25] [13:15:36.636]	https://www.exist.ru/Price/?pcode=328006 successfully opened
135	[2019-04-25] [13:15:36.637]	Wait for: 555
136	[2019-04-25] [13:15:37.197]		Analyse page
137	[2019-04-25] [13:15:37.200]		Handle errors
138	[2019-04-25] [13:15:37.203]	Catalog links amount: 3
139	[2019-04-25] [13:15:37.204]	Link: #1 https://www.exist.ru/Price/?pid=F6B047DA
140	[2019-04-25] [13:15:37.205]	Link: #2 https://www.exist.ru/Price/?pid=97F0068C
141	[2019-04-25] [13:15:37.205]	Link: #3 https://www.exist.ru/Price/?pid=9780A8BD
142	[2019-04-25] [13:15:37.206]	Category not found, download all links
143	[2019-04-25] [13:15:37.206]	Go to: https://www.exist.ru/Price/?pid=F6B047DA
144	[2019-04-25] [13:15:38.392]	https://www.exist.ru/Price/?pid=F6B047DA successfully opened
145	[2019-04-25] [13:15:38.392]		Analyse page
146	[2019-04-25] [13:15:38.394]		Handle errors
147	[2019-04-25] [13:15:38.394]	Wait for: 802
148	[2019-04-25] [13:15:39.197]	Scrape: https://www.exist.ru/Price/?pid=F6B047DA
149	[2019-04-25] [13:15:39.197]		Start scraper
150	[2019-04-25] [13:15:39.197]	Get #priceBody.innerHTML
151	[2019-04-25] [13:15:39.209]	Page scrape 2 analogs
152	[2019-04-25] [13:15:39.210]	Go to: https://www.exist.ru/Price/?pid=97F0068C
153	[2019-04-25] [13:15:40.398]	https://www.exist.ru/Price/?pid=97F0068C successfully opened
154	[2019-04-25] [13:15:40.398]		Analyse page
155	[2019-04-25] [13:15:40.399]		Handle errors
156	[2019-04-25] [13:15:40.400]	Wait for: 657
157	[2019-04-25] [13:15:41.057]	Scrape: https://www.exist.ru/Price/?pid=97F0068C
158	[2019-04-25] [13:15:41.057]		Start scraper
159	[2019-04-25] [13:15:41.057]	Get #priceBody.innerHTML
160	[2019-04-25] [13:15:41.112]	Page scrape 7 analogs
161	[2019-04-25] [13:15:41.113]	Go to: https://www.exist.ru/Price/?pid=9780A8BD
162	[2019-04-25] [13:15:42.271]	https://www.exist.ru/Price/?pid=9780A8BD successfully opened
163	[2019-04-25] [13:15:42.271]		Analyse page
164	[2019-04-25] [13:15:42.273]		Handle errors
165	[2019-04-25] [13:15:42.274]	Wait for: 943
166	[2019-04-25] [13:15:43.217]	Scrape: https://www.exist.ru/Price/?pid=9780A8BD
167	[2019-04-25] [13:15:43.217]		Start scraper
168	[2019-04-25] [13:15:43.217]	Get #priceBody.innerHTML
169	[2019-04-25] [13:15:43.242]	Page scrape 2 analogs
170	[2019-04-25] [13:15:43.243]	Scraping https://www.exist.ru from article #3 328008
171	[2019-04-25] [13:15:43.244]	Scraping article: #3 328008 | category: Выжимные подшипники | https://www.exist.ru/Price/?pcode=328008
172	[2019-04-25] [13:15:44.367]	https://www.exist.ru/Price/?pcode=328008 successfully opened
173	[2019-04-25] [13:15:44.367]	Wait for: 787
174	[2019-04-25] [13:15:45.154]		Analyse page
175	[2019-04-25] [13:15:45.166]		Handle errors
176	[2019-04-25] [13:15:45.171]	Catalog links amount: 4
177	[2019-04-25] [13:15:45.172]	Link: #1 https://www.exist.ru/Price/?pid=F77047DA
178	[2019-04-25] [13:15:45.173]	Link: #2 https://www.exist.ru/Price/?pid=9820068C
179	[2019-04-25] [13:15:45.173]	Link: #3 https://www.exist.ru/Price/?pid=2A30654C
180	[2019-04-25] [13:15:45.174]	Link: #4 https://www.exist.ru/Price/?pid=97B0A8BD
181	[2019-04-25] [13:15:45.174]	Category not found, download all links
182	[2019-04-25] [13:15:45.175]	Go to: https://www.exist.ru/Price/?pid=F77047DA
183	[2019-04-25] [13:15:46.493]	https://www.exist.ru/Price/?pid=F77047DA successfully opened
184	[2019-04-25] [13:15:46.493]		Analyse page
185	[2019-04-25] [13:15:46.495]		Handle errors
186	[2019-04-25] [13:15:46.495]	Wait for: 796
187	[2019-04-25] [13:15:47.290]	Scrape: https://www.exist.ru/Price/?pid=F77047DA
188	[2019-04-25] [13:15:47.290]		Start scraper
189	[2019-04-25] [13:15:47.290]	Get #priceBody.innerHTML
190	[2019-04-25] [13:15:47.302]	Page scrape 1 analogs
191	[2019-04-25] [13:15:47.302]	Go to: https://www.exist.ru/Price/?pid=9820068C
192	[2019-04-25] [13:15:48.674]	https://www.exist.ru/Price/?pid=9820068C successfully opened
193	[2019-04-25] [13:15:48.674]		Analyse page
194	[2019-04-25] [13:15:48.677]		Handle errors
195	[2019-04-25] [13:15:48.677]	Wait for: 665
196	[2019-04-25] [13:15:49.342]	Scrape: https://www.exist.ru/Price/?pid=9820068C
197	[2019-04-25] [13:15:49.342]		Start scraper
198	[2019-04-25] [13:15:49.342]	Get #priceBody.innerHTML
199	[2019-04-25] [13:15:49.375]	Page scrape 3 analogs
200	[2019-04-25] [13:15:49.376]	Go to: https://www.exist.ru/Price/?pid=2A30654C
201	[2019-04-25] [13:15:50.540]	https://www.exist.ru/Price/?pid=2A30654C successfully opened
202	[2019-04-25] [13:15:50.540]		Analyse page
203	[2019-04-25] [13:15:50.542]		Handle errors
204	[2019-04-25] [13:15:50.542]	Wait for: 980
205	[2019-04-25] [13:15:51.522]	Scrape: https://www.exist.ru/Price/?pid=2A30654C
206	[2019-04-25] [13:15:51.522]		Start scraper
207	[2019-04-25] [13:15:51.522]	Get #priceBody.innerHTML
208	[2019-04-25] [13:15:51.537]	Page scrape 2 analogs
209	[2019-04-25] [13:15:51.538]	Go to: https://www.exist.ru/Price/?pid=97B0A8BD
210	[2019-04-25] [13:15:52.911]	https://www.exist.ru/Price/?pid=97B0A8BD successfully opened
211	[2019-04-25] [13:15:52.911]		Analyse page
212	[2019-04-25] [13:15:52.914]		Handle errors
213	[2019-04-25] [13:15:52.914]	Wait for: 600
214	[2019-04-25] [13:15:53.514]	Scrape: https://www.exist.ru/Price/?pid=97B0A8BD
215	[2019-04-25] [13:15:53.514]		Start scraper
216	[2019-04-25] [13:15:53.514]	Get #priceBody.innerHTML
217	[2019-04-25] [13:15:53.530]	Page scrape 2 analogs
218	[2019-04-25] [13:15:53.531]	Scraping https://www.exist.ru from article #4 328021
219	[2019-04-25] [13:15:53.531]	Scraping article: #4 328021 | category: Выжимные подшипники | https://www.exist.ru/Price/?pcode=328021
220	[2019-04-25] [13:15:54.681]	https://www.exist.ru/Price/?pcode=328021 successfully opened
221	[2019-04-25] [13:15:54.682]	Wait for: 661
222	[2019-04-25] [13:15:55.348]		Analyse page
223	[2019-04-25] [13:15:55.351]		Handle errors
224	[2019-04-25] [13:15:55.355]	Catalog links amount: 7
225	[2019-04-25] [13:15:55.355]	Link: #1 https://www.exist.ru/Price/?pid=C2204637
226	[2019-04-25] [13:15:55.356]	Link: #2 https://www.exist.ru/Price/?pid=57C08EB6
227	[2019-04-25] [13:15:55.357]	Link: #3 https://www.exist.ru/Price/?pid=7B003309
228	[2019-04-25] [13:15:55.357]	Link: #4 https://www.exist.ru/Price/?pid=258011A0
229	[2019-04-25] [13:15:55.358]	Link: #5 https://www.exist.ru/Price/?pid=99C0A8BD
230	[2019-04-25] [13:15:55.359]	Link: #6 https://www.exist.ru/Price/?pid=76C017CC
231	[2019-04-25] [13:15:55.359]	Link: #7 https://www.exist.ru/Price/?pid=0880DA87
232	[2019-04-25] [13:15:55.360]	Category not found, download all links
233	[2019-04-25] [13:15:55.360]	Go to: https://www.exist.ru/Price/?pid=C2204637
234	[2019-04-25] [13:15:56.535]	https://www.exist.ru/Price/?pid=C2204637 successfully opened
235	[2019-04-25] [13:15:56.535]		Analyse page
236	[2019-04-25] [13:15:56.539]		Handle errors
237	[2019-04-25] [13:15:56.539]	Wait for: 816
238	[2019-04-25] [13:15:57.356]	Scrape: https://www.exist.ru/Price/?pid=C2204637
239	[2019-04-25] [13:15:57.356]		Start scraper
240	[2019-04-25] [13:15:57.356]	Get #priceBody.innerHTML
241	[2019-04-25] [13:15:57.367]	Page scrape 1 analogs
242	[2019-04-25] [13:15:57.368]	Go to: https://www.exist.ru/Price/?pid=57C08EB6
243	[2019-04-25] [13:15:58.523]	https://www.exist.ru/Price/?pid=57C08EB6 successfully opened
244	[2019-04-25] [13:15:58.523]		Analyse page
245	[2019-04-25] [13:15:58.526]		Handle errors
246	[2019-04-25] [13:15:58.526]	Wait for: 699
247	[2019-04-25] [13:15:59.225]	Scrape: https://www.exist.ru/Price/?pid=57C08EB6
248	[2019-04-25] [13:15:59.225]		Start scraper
249	[2019-04-25] [13:15:59.225]	Get #priceBody.innerHTML
250	[2019-04-25] [13:15:59.243]	Page scrape 2 analogs
251	[2019-04-25] [13:15:59.244]	Go to: https://www.exist.ru/Price/?pid=7B003309
252	[2019-04-25] [13:16:00.481]	https://www.exist.ru/Price/?pid=7B003309 successfully opened
253	[2019-04-25] [13:16:00.482]		Analyse page
254	[2019-04-25] [13:16:00.485]		Handle errors
255	[2019-04-25] [13:16:00.485]	Wait for: 613
256	[2019-04-25] [13:16:01.098]	Scrape: https://www.exist.ru/Price/?pid=7B003309
257	[2019-04-25] [13:16:01.098]		Start scraper
258	[2019-04-25] [13:16:01.098]	Get #priceBody.innerHTML
259	[2019-04-25] [13:16:01.111]	Page scrape 1 analogs
260	[2019-04-25] [13:16:01.112]	Go to: https://www.exist.ru/Price/?pid=258011A0
261	[2019-04-25] [13:16:02.239]	https://www.exist.ru/Price/?pid=258011A0 successfully opened
262	[2019-04-25] [13:16:02.239]		Analyse page
263	[2019-04-25] [13:16:02.243]		Handle errors
264	[2019-04-25] [13:16:02.243]	Wait for: 911
265	[2019-04-25] [13:16:03.155]	Scrape: https://www.exist.ru/Price/?pid=258011A0
266	[2019-04-25] [13:16:03.155]		Start scraper
267	[2019-04-25] [13:16:03.155]	Get #priceBody.innerHTML
268	[2019-04-25] [13:16:03.171]	Page scrape 1 analogs
269	[2019-04-25] [13:16:03.172]	Go to: https://www.exist.ru/Price/?pid=99C0A8BD
270	[2019-04-25] [13:16:04.416]	https://www.exist.ru/Price/?pid=99C0A8BD successfully opened
271	[2019-04-25] [13:16:04.416]		Analyse page
272	[2019-04-25] [13:16:04.418]		Handle errors
273	[2019-04-25] [13:16:04.418]	Wait for: 790
274	[2019-04-25] [13:16:05.209]	Scrape: https://www.exist.ru/Price/?pid=99C0A8BD
275	[2019-04-25] [13:16:05.209]		Start scraper
276	[2019-04-25] [13:16:05.209]	Get #priceBody.innerHTML
277	[2019-04-25] [13:16:05.232]	Page scrape 2 analogs
278	[2019-04-25] [13:16:05.232]	Go to: https://www.exist.ru/Price/?pid=76C017CC
279	[2019-04-25] [13:16:06.143]	https://www.exist.ru/Price/?pid=76C017CC successfully opened
280	[2019-04-25] [13:16:06.143]		Analyse page
281	[2019-04-25] [13:16:06.146]		Handle errors
282	[2019-04-25] [13:16:06.146]	Wait for: 962
283	[2019-04-25] [13:16:07.109]	Scrape: https://www.exist.ru/Price/?pid=76C017CC
284	[2019-04-25] [13:16:07.109]		Start scraper
285	[2019-04-25] [13:16:07.109]	Get #priceBody.innerHTML
286	[2019-04-25] [13:16:07.121]	Page scrape 1 analogs
287	[2019-04-25] [13:16:07.122]	Go to: https://www.exist.ru/Price/?pid=0880DA87
288	[2019-04-25] [13:16:08.530]	https://www.exist.ru/Price/?pid=0880DA87 successfully opened
289	[2019-04-25] [13:16:08.531]		Analyse page
290	[2019-04-25] [13:16:08.536]		Handle errors
291	[2019-04-25] [13:16:08.536]	Wait for: 805
292	[2019-04-25] [13:16:09.342]	Scrape: https://www.exist.ru/Price/?pid=0880DA87
293	[2019-04-25] [13:16:09.342]		Start scraper
294	[2019-04-25] [13:16:09.342]	Get #priceBody.innerHTML
295	[2019-04-25] [13:16:09.354]	Page scrape 1 analogs
296	[2019-04-25] [13:16:09.355]	Scraping https://www.exist.ru from article #5 328035
297	[2019-04-25] [13:16:09.355]	Scraping article: #5 328035 | category: Выжимные подшипники | https://www.exist.ru/Price/?pcode=328035
298	[2019-04-25] [13:16:10.354]	https://www.exist.ru/Price/?pcode=328035 successfully opened
299	[2019-04-25] [13:16:10.355]	Wait for: 522
300	[2019-04-25] [13:16:10.885]		Analyse page
301	[2019-04-25] [13:16:10.888]		Handle errors
302	[2019-04-25] [13:16:10.892]	Catalog links amount: 3
303	[2019-04-25] [13:16:10.893]	Link: #1 https://www.exist.ru/Price/?pid=71B0004A
304	[2019-04-25] [13:16:10.894]	Link: #2 https://www.exist.ru/Price/?pid=5A008EB6
305	[2019-04-25] [13:16:10.894]	Link: #3 https://www.exist.ru/Price/?pid=9C00A8BD
306	[2019-04-25] [13:16:10.895]	Category not found, download all links
307	[2019-04-25] [13:16:10.895]	Go to: https://www.exist.ru/Price/?pid=71B0004A
308	[2019-04-25] [13:16:12.627]	https://www.exist.ru/Price/?pid=71B0004A successfully opened
309	[2019-04-25] [13:16:12.628]		Analyse page
310	[2019-04-25] [13:16:12.629]		Handle errors
311	[2019-04-25] [13:16:12.629]	Wait for: 747
312	[2019-04-25] [13:16:13.376]	Scrape: https://www.exist.ru/Price/?pid=71B0004A
313	[2019-04-25] [13:16:13.376]		Start scraper
314	[2019-04-25] [13:16:13.376]	Get #priceBody.innerHTML
315	[2019-04-25] [13:16:13.411]	Page scrape 2 analogs
316	[2019-04-25] [13:16:13.412]	Go to: https://www.exist.ru/Price/?pid=5A008EB6
317	[2019-04-25] [13:16:14.869]	https://www.exist.ru/Price/?pid=5A008EB6 successfully opened
318	[2019-04-25] [13:16:14.869]		Analyse page
319	[2019-04-25] [13:16:14.873]		Handle errors
320	[2019-04-25] [13:16:14.873]	Wait for: 775
321	[2019-04-25] [13:16:15.648]	Scrape: https://www.exist.ru/Price/?pid=5A008EB6
322	[2019-04-25] [13:16:15.648]		Start scraper
323	[2019-04-25] [13:16:15.648]	Get #priceBody.innerHTML
324	[2019-04-25] [13:16:15.667]	Page scrape 1 analogs
325	[2019-04-25] [13:16:15.667]	Go to: https://www.exist.ru/Price/?pid=9C00A8BD
326	[2019-04-25] [13:16:16.628]	https://www.exist.ru/Price/?pid=9C00A8BD successfully opened
327	[2019-04-25] [13:16:16.628]		Analyse page
328	[2019-04-25] [13:16:16.629]		Handle errors
329	[2019-04-25] [13:16:16.630]	Wait for: 668
330	[2019-04-25] [13:16:17.297]	Scrape: https://www.exist.ru/Price/?pid=9C00A8BD
331	[2019-04-25] [13:16:17.297]		Start scraper
332	[2019-04-25] [13:16:17.297]	Get #priceBody.innerHTML
333	[2019-04-25] [13:16:17.321]	Page scrape 2 analogs
334	[2019-04-25] [13:16:17.322]	Scraping https://www.exist.ru from article #6 328036
335	[2019-04-25] [13:16:17.323]	Scraping article: #6 328036 | category: Выжимные подшипники | https://www.exist.ru/Price/?pcode=328036
336	[2019-04-25] [13:16:18.351]	https://www.exist.ru/Price/?pcode=328036 successfully opened
337	[2019-04-25] [13:16:18.352]	Wait for: 655
338	[2019-04-25] [13:16:19.007]		Analyse page
339	[2019-04-25] [13:16:19.018]		Handle errors
340	[2019-04-25] [13:16:19.021]	Catalog links amount: 4
341	[2019-04-25] [13:16:19.022]	Link: #1 https://www.exist.ru/Price/?pid=D780D9B8
342	[2019-04-25] [13:16:19.023]	Link: #2 https://www.exist.ru/Price/?pid=29202813
343	[2019-04-25] [13:16:19.023]	Link: #3 https://www.exist.ru/Price/?pid=5640DB51
344	[2019-04-25] [13:16:19.024]	Link: #4 https://www.exist.ru/Price/?pid=9C30A8BD
345	[2019-04-25] [13:16:19.024]	Category not found, download all links
346	[2019-04-25] [13:16:19.025]	Go to: https://www.exist.ru/Price/?pid=D780D9B8
347	[2019-04-25] [13:16:20.168]	https://www.exist.ru/Price/?pid=D780D9B8 successfully opened
348	[2019-04-25] [13:16:20.168]		Analyse page
349	[2019-04-25] [13:16:20.171]		Handle errors
350	[2019-04-25] [13:16:20.171]	Wait for: 949
351	[2019-04-25] [13:16:21.120]	Scrape: https://www.exist.ru/Price/?pid=D780D9B8
352	[2019-04-25] [13:16:21.120]		Start scraper
353	[2019-04-25] [13:16:21.121]	Get #priceBody.innerHTML
354	[2019-04-25] [13:16:21.139]	Page scrape 1 analogs
355	[2019-04-25] [13:16:21.140]	Go to: https://www.exist.ru/Price/?pid=29202813
356	[2019-04-25] [13:16:22.997]	https://www.exist.ru/Price/?pid=29202813 successfully opened
357	[2019-04-25] [13:16:22.997]		Analyse page
358	[2019-04-25] [13:16:23.000]		Handle errors
359	[2019-04-25] [13:16:23.000]	Wait for: 503
360	[2019-04-25] [13:16:23.503]	Scrape: https://www.exist.ru/Price/?pid=29202813
361	[2019-04-25] [13:16:23.504]		Start scraper
362	[2019-04-25] [13:16:23.504]	Get #priceBody.innerHTML
363	[2019-04-25] [13:16:23.528]	Page scrape 2 analogs
364	[2019-04-25] [13:16:23.529]	Go to: https://www.exist.ru/Price/?pid=5640DB51
365	[2019-04-25] [13:16:24.695]	https://www.exist.ru/Price/?pid=5640DB51 successfully opened
366	[2019-04-25] [13:16:24.695]		Analyse page
367	[2019-04-25] [13:16:24.698]		Handle errors
368	[2019-04-25] [13:16:24.698]	Wait for: 586
369	[2019-04-25] [13:16:25.283]	Scrape: https://www.exist.ru/Price/?pid=5640DB51
370	[2019-04-25] [13:16:25.284]		Start scraper
371	[2019-04-25] [13:16:25.284]	Get #priceBody.innerHTML
372	[2019-04-25] [13:16:25.293]	Page scrape 1 analogs
373	[2019-04-25] [13:16:25.293]	Go to: https://www.exist.ru/Price/?pid=9C30A8BD
374	[2019-04-25] [13:16:26.086]	https://www.exist.ru/Price/?pid=9C30A8BD successfully opened
375	[2019-04-25] [13:16:26.086]		Analyse page
376	[2019-04-25] [13:16:26.087]		Handle errors
377	[2019-04-25] [13:16:26.087]	Wait for: 713
378	[2019-04-25] [13:16:26.801]	Scrape: https://www.exist.ru/Price/?pid=9C30A8BD
379	[2019-04-25] [13:16:26.801]		Start scraper
380	[2019-04-25] [13:16:26.801]	Get #priceBody.innerHTML
381	[2019-04-25] [13:16:26.825]	Page scrape 2 analogs
382	[2019-04-25] [13:16:26.826]	Scraping https://www.exist.ru from article #7 328037
383	[2019-04-25] [13:16:26.827]	Scraping article: #7 328037 | category: Выжимные подшипники | https://www.exist.ru/Price/?pcode=328037
384	[2019-04-25] [13:16:27.935]	https://www.exist.ru/Price/?pcode=328037 successfully opened
385	[2019-04-25] [13:16:27.936]	Wait for: 744
386	[2019-04-25] [13:16:28.683]		Analyse page
387	[2019-04-25] [13:16:28.685]		Handle errors
388	[2019-04-25] [13:16:28.688]	Catalog links amount: 2
389	[2019-04-25] [13:16:28.688]	Link: #1 https://www.exist.ru/Price/?pid=F6D00E66
390	[2019-04-25] [13:16:28.689]	Link: #2 https://www.exist.ru/Price/?pid=9C60A8BD
391	[2019-04-25] [13:16:28.689]	Category not found, download all links
392	[2019-04-25] [13:16:28.690]	Go to: https://www.exist.ru/Price/?pid=F6D00E66
393	[2019-04-25] [13:16:29.878]	https://www.exist.ru/Price/?pid=F6D00E66 successfully opened
394	[2019-04-25] [13:16:29.879]		Analyse page
395	[2019-04-25] [13:16:29.880]		Handle errors
396	[2019-04-25] [13:16:29.880]	Wait for: 524
397	[2019-04-25] [13:16:30.405]	Scrape: https://www.exist.ru/Price/?pid=F6D00E66
398	[2019-04-25] [13:16:30.405]		Start scraper
399	[2019-04-25] [13:16:30.405]	Get #priceBody.innerHTML
400	[2019-04-25] [13:16:30.425]	Page scrape 2 analogs
401	[2019-04-25] [13:16:30.426]	Go to: https://www.exist.ru/Price/?pid=9C60A8BD
402	[2019-04-25] [13:16:31.286]	https://www.exist.ru/Price/?pid=9C60A8BD successfully opened
403	[2019-04-25] [13:16:31.286]		Analyse page
404	[2019-04-25] [13:16:31.287]		Handle errors
405	[2019-04-25] [13:16:31.287]	Wait for: 857
406	[2019-04-25] [13:16:32.145]	Scrape: https://www.exist.ru/Price/?pid=9C60A8BD
407	[2019-04-25] [13:16:32.145]		Start scraper
408	[2019-04-25] [13:16:32.145]	Get #priceBody.innerHTML
409	[2019-04-25] [13:16:32.166]	Page scrape 2 analogs
410	[2019-04-25] [13:16:32.167]	Scraping https://www.exist.ru from article #8 344573
411	[2019-04-25] [13:16:32.167]	Scraping article: #8 344573 | category: Рычаги подвески | https://www.exist.ru/Price/?pcode=344573
412	[2019-04-25] [13:16:33.186]	https://www.exist.ru/Price/?pcode=344573 successfully opened
413	[2019-04-25] [13:16:33.187]	Wait for: 783
414	[2019-04-25] [13:16:33.971]		Analyse page
415	[2019-04-25] [13:16:33.973]		Handle errors
416	[2019-04-25] [13:16:33.985]	Catalog links amount: 4
417	[2019-04-25] [13:16:33.986]	Link: #1 https://www.exist.ru/Price/?pid=D230A053
418	[2019-04-25] [13:16:33.986]	Link: #2 https://www.exist.ru/Price/?pid=8460C2FA
419	[2019-04-25] [13:16:33.987]	Link: #3 https://www.exist.ru/Price/?pid=BB00A3F7
420	[2019-04-25] [13:16:33.988]	Link: #4 https://www.exist.ru/Price/?pid=E520B1AB
421	[2019-04-25] [13:16:33.988]	Category not found, download all links
422	[2019-04-25] [13:16:33.989]	Go to: https://www.exist.ru/Price/?pid=D230A053
423	[2019-04-25] [13:16:35.162]	https://www.exist.ru/Price/?pid=D230A053 successfully opened
424	[2019-04-25] [13:16:35.162]		Analyse page
425	[2019-04-25] [13:16:35.165]		Handle errors
426	[2019-04-25] [13:16:35.165]	Wait for: 686
427	[2019-04-25] [13:16:35.852]	Scrape: https://www.exist.ru/Price/?pid=D230A053
428	[2019-04-25] [13:16:35.852]		Start scraper
429	[2019-04-25] [13:16:35.852]	Get #priceBody.innerHTML
430	[2019-04-25] [13:16:35.881]	Page scrape 3 analogs
431	[2019-04-25] [13:16:35.882]	Go to: https://www.exist.ru/Price/?pid=8460C2FA
432	[2019-04-25] [13:16:37.901]	https://www.exist.ru/Price/?pid=8460C2FA successfully opened
433	[2019-04-25] [13:16:37.901]		Analyse page
434	[2019-04-25] [13:16:37.915]		Handle errors
435	[2019-04-25] [13:16:37.915]	Wait for: 525
436	[2019-04-25] [13:16:38.440]	Scrape: https://www.exist.ru/Price/?pid=8460C2FA
437	[2019-04-25] [13:16:38.440]		Start scraper
438	[2019-04-25] [13:16:38.440]	Get #priceBody.innerHTML
439	[2019-04-25] [13:16:38.538]	Page scrape 14 analogs
440	[2019-04-25] [13:16:38.539]	Go to: https://www.exist.ru/Price/?pid=BB00A3F7
441	[2019-04-25] [13:16:39.862]	https://www.exist.ru/Price/?pid=BB00A3F7 successfully opened
442	[2019-04-25] [13:16:39.862]		Analyse page
443	[2019-04-25] [13:16:39.865]		Handle errors
444	[2019-04-25] [13:16:39.865]	Wait for: 763
445	[2019-04-25] [13:16:40.628]	Scrape: https://www.exist.ru/Price/?pid=BB00A3F7
446	[2019-04-25] [13:16:40.628]		Start scraper
447	[2019-04-25] [13:16:40.628]	Get #priceBody.innerHTML
448	[2019-04-25] [13:16:40.656]	Page scrape 3 analogs
449	[2019-04-25] [13:16:40.656]	Go to: https://www.exist.ru/Price/?pid=E520B1AB
450	[2019-04-25] [13:16:41.716]	https://www.exist.ru/Price/?pid=E520B1AB successfully opened
451	[2019-04-25] [13:16:41.716]		Analyse page
452	[2019-04-25] [13:16:41.718]		Handle errors
453	[2019-04-25] [13:16:41.718]	Wait for: 991
454	[2019-04-25] [13:16:42.709]	Scrape: https://www.exist.ru/Price/?pid=E520B1AB
455	[2019-04-25] [13:16:42.709]		Start scraper
456	[2019-04-25] [13:16:42.709]	Get #priceBody.innerHTML
457	[2019-04-25] [13:16:42.731]	Page scrape 1 analogs
458	[2019-04-25] [13:16:42.732]	Scraping https://www.exist.ru from article #9 344685
459	[2019-04-25] [13:16:42.733]	Scraping article: #9 344685 | category: Амортизаторы | https://www.exist.ru/Price/?pcode=344685
460	[2019-04-25] [13:16:43.753]	https://www.exist.ru/Price/?pcode=344685 successfully opened
461	[2019-04-25] [13:16:43.753]	Wait for: 993
462	[2019-04-25] [13:16:44.746]		Analyse page
463	[2019-04-25] [13:16:44.748]		Handle errors
464	[2019-04-25] [13:16:44.750]	Catalog links amount: 3
465	[2019-04-25] [13:16:44.751]	Link: #1 https://www.exist.ru/Price/?pid=7B00B6A0
466	[2019-04-25] [13:16:44.751]	Link: #2 https://www.exist.ru/Price/?pid=E460D9D1
467	[2019-04-25] [13:16:44.752]	Link: #3 https://www.exist.ru/Price/?pid=74A0B289
468	[2019-04-25] [13:16:44.752]	Category not found, download all links
469	[2019-04-25] [13:16:44.753]	Go to: https://www.exist.ru/Price/?pid=7B00B6A0
470	[2019-04-25] [13:16:46.093]	https://www.exist.ru/Price/?pid=7B00B6A0 successfully opened
471	[2019-04-25] [13:16:46.094]		Analyse page
472	[2019-04-25] [13:16:46.096]		Handle errors
473	[2019-04-25] [13:16:46.096]	Wait for: 841
474	[2019-04-25] [13:16:46.937]	Scrape: https://www.exist.ru/Price/?pid=7B00B6A0
475	[2019-04-25] [13:16:46.937]		Start scraper
476	[2019-04-25] [13:16:46.937]	Get #priceBody.innerHTML
477	[2019-04-25] [13:16:46.961]	Page scrape 2 analogs
478	[2019-04-25] [13:16:46.962]	Go to: https://www.exist.ru/Price/?pid=E460D9D1
479	[2019-04-25] [13:16:48.853]	https://www.exist.ru/Price/?pid=E460D9D1 successfully opened
480	[2019-04-25] [13:16:48.853]		Analyse page
481	[2019-04-25] [13:16:48.855]		Handle errors
482	[2019-04-25] [13:16:48.855]	Wait for: 671
483	[2019-04-25] [13:16:49.526]	Scrape: https://www.exist.ru/Price/?pid=E460D9D1
484	[2019-04-25] [13:16:49.527]		Start scraper
485	[2019-04-25] [13:16:49.527]	Get #priceBody.innerHTML
486	[2019-04-25] [13:16:49.558]	Page scrape 3 analogs
487	[2019-04-25] [13:16:49.559]	Go to: https://www.exist.ru/Price/?pid=74A0B289
488	[2019-04-25] [13:16:50.722]	https://www.exist.ru/Price/?pid=74A0B289 successfully opened
489	[2019-04-25] [13:16:50.722]		Analyse page
490	[2019-04-25] [13:16:50.724]		Handle errors
491	[2019-04-25] [13:16:50.724]	Wait for: 543
492	[2019-04-25] [13:16:51.267]	Scrape: https://www.exist.ru/Price/?pid=74A0B289
493	[2019-04-25] [13:16:51.268]		Start scraper
494	[2019-04-25] [13:16:51.268]	Get #priceBody.innerHTML
495	[2019-04-25] [13:16:51.276]	Page scrape 1 analogs
496	[2019-04-25] [13:16:51.277]	Scraping https://www.exist.ru from article #10 344686
497	[2019-04-25] [13:16:51.277]	Scraping article: #10 344686 | category: Амортизаторы | https://www.exist.ru/Price/?pcode=344686
498	[2019-04-25] [13:16:52.570]	https://www.exist.ru/Price/?pcode=344686 successfully opened
499	[2019-04-25] [13:16:52.571]	Wait for: 771
500	[2019-04-25] [13:16:53.343]		Analyse page
501	[2019-04-25] [13:16:53.344]		Handle errors
502	[2019-04-25] [13:16:53.348]	Catalog links amount: 4
503	[2019-04-25] [13:16:53.348]	Link: #1 https://www.exist.ru/Price/?pid=7B30B6A0
504	[2019-04-25] [13:16:53.349]	Link: #2 https://www.exist.ru/Price/?pid=E490D9D1
505	[2019-04-25] [13:16:53.350]	Link: #3 https://www.exist.ru/Price/?pid=14C0BEC0
506	[2019-04-25] [13:16:53.351]	Link: #4 https://www.exist.ru/Price/?pid=7CE08571
507	[2019-04-25] [13:16:53.351]	Category not found, download all links
508	[2019-04-25] [13:16:53.352]	Go to: https://www.exist.ru/Price/?pid=7B30B6A0
509	[2019-04-25] [13:16:54.566]	https://www.exist.ru/Price/?pid=7B30B6A0 successfully opened
510	[2019-04-25] [13:16:54.566]		Analyse page
511	[2019-04-25] [13:16:54.568]		Handle errors
512	[2019-04-25] [13:16:54.568]	Wait for: 506
513	[2019-04-25] [13:16:55.075]	Scrape: https://www.exist.ru/Price/?pid=7B30B6A0
514	[2019-04-25] [13:16:55.075]		Start scraper
515	[2019-04-25] [13:16:55.075]	Get #priceBody.innerHTML
516	[2019-04-25] [13:16:55.087]	Page scrape 2 analogs
517	[2019-04-25] [13:16:55.088]	Go to: https://www.exist.ru/Price/?pid=E490D9D1
518	[2019-04-25] [13:16:56.099]	https://www.exist.ru/Price/?pid=E490D9D1 successfully opened
519	[2019-04-25] [13:16:56.099]		Analyse page
520	[2019-04-25] [13:16:56.102]		Handle errors
521	[2019-04-25] [13:16:56.102]	Wait for: 838
522	[2019-04-25] [13:16:56.941]	Scrape: https://www.exist.ru/Price/?pid=E490D9D1
523	[2019-04-25] [13:16:56.941]		Start scraper
524	[2019-04-25] [13:16:56.941]	Get #priceBody.innerHTML
525	[2019-04-25] [13:16:56.960]	Page scrape 2 analogs
526	[2019-04-25] [13:16:56.961]	Go to: https://www.exist.ru/Price/?pid=14C0BEC0
527	[2019-04-25] [13:16:58.338]	https://www.exist.ru/Price/?pid=14C0BEC0 successfully opened
528	[2019-04-25] [13:16:58.339]		Analyse page
529	[2019-04-25] [13:16:58.341]		Handle errors
530	[2019-04-25] [13:16:58.341]	Wait for: 854
531	[2019-04-25] [13:16:59.196]	Scrape: https://www.exist.ru/Price/?pid=14C0BEC0
532	[2019-04-25] [13:16:59.196]		Start scraper
533	[2019-04-25] [13:16:59.196]	Get #priceBody.innerHTML
534	[2019-04-25] [13:16:59.205]	Page scrape 1 analogs
535	[2019-04-25] [13:16:59.205]	Go to: https://www.exist.ru/Price/?pid=7CE08571
536	[2019-04-25] [13:17:00.426]	https://www.exist.ru/Price/?pid=7CE08571 successfully opened
537	[2019-04-25] [13:17:00.426]		Analyse page
538	[2019-04-25] [13:17:00.435]		Handle errors
539	[2019-04-25] [13:17:00.435]	Wait for: 624
540	[2019-04-25] [13:17:01.060]	Scrape: https://www.exist.ru/Price/?pid=7CE08571
541	[2019-04-25] [13:17:01.060]		Start scraper
542	[2019-04-25] [13:17:01.060]	Get #priceBody.innerHTML
543	[2019-04-25] [13:17:01.112]	Page scrape 6 analogs
544	[2019-04-25] [13:17:01.112]	Scraping https://www.exist.ru from article #11 344884
545	[2019-04-25] [13:17:01.113]	Scraping article: #11 344884 | category: Амортизаторы | https://www.exist.ru/Price/?pcode=344884
546	[2019-04-25] [13:17:02.604]	https://www.exist.ru/Price/?pcode=344884 successfully opened
547	[2019-04-25] [13:17:02.605]	Wait for: 897
548	[2019-04-25] [13:17:03.502]		Analyse page
549	[2019-04-25] [13:17:03.504]		Handle errors
550	[2019-04-25] [13:17:03.508]	Catalog links amount: 3
551	[2019-04-25] [13:17:03.509]	Link: #1 https://www.exist.ru/Price/?pid=31E0C9CC
552	[2019-04-25] [13:17:03.509]	Link: #2 https://www.exist.ru/Price/?pid=09B0D9D2
553	[2019-04-25] [13:17:03.510]	Link: #3 https://www.exist.ru/Price/?pid=59503C89
554	[2019-04-25] [13:17:03.511]	Category not found, download all links
555	[2019-04-25] [13:17:03.511]	Go to: https://www.exist.ru/Price/?pid=31E0C9CC
556	[2019-04-25] [13:17:04.686]	https://www.exist.ru/Price/?pid=31E0C9CC successfully opened
557	[2019-04-25] [13:17:04.686]		Analyse page
558	[2019-04-25] [13:17:04.688]		Handle errors
559	[2019-04-25] [13:17:04.688]	Wait for: 554
560	[2019-04-25] [13:17:05.242]	Scrape: https://www.exist.ru/Price/?pid=31E0C9CC
561	[2019-04-25] [13:17:05.242]		Start scraper
562	[2019-04-25] [13:17:05.242]	Get #priceBody.innerHTML
563	[2019-04-25] [13:17:05.284]	Page scrape 2 analogs
564	[2019-04-25] [13:17:05.284]	Go to: https://www.exist.ru/Price/?pid=09B0D9D2
565	[2019-04-25] [13:17:06.349]	https://www.exist.ru/Price/?pid=09B0D9D2 successfully opened
566	[2019-04-25] [13:17:06.349]		Analyse page
567	[2019-04-25] [13:17:06.351]		Handle errors
568	[2019-04-25] [13:17:06.351]	Wait for: 809
569	[2019-04-25] [13:17:07.160]	Scrape: https://www.exist.ru/Price/?pid=09B0D9D2
570	[2019-04-25] [13:17:07.160]		Start scraper
571	[2019-04-25] [13:17:07.160]	Get #priceBody.innerHTML
572	[2019-04-25] [13:17:07.199]	Page scrape 4 analogs
573	[2019-04-25] [13:17:07.199]	Go to: https://www.exist.ru/Price/?pid=59503C89
574	[2019-04-25] [13:17:08.326]	https://www.exist.ru/Price/?pid=59503C89 successfully opened
575	[2019-04-25] [13:17:08.326]		Analyse page
576	[2019-04-25] [13:17:08.329]		Handle errors
577	[2019-04-25] [13:17:08.329]	Wait for: 946
578	[2019-04-25] [13:17:09.275]	Scrape: https://www.exist.ru/Price/?pid=59503C89
579	[2019-04-25] [13:17:09.275]		Start scraper
580	[2019-04-25] [13:17:09.275]	Get #priceBody.innerHTML
581	[2019-04-25] [13:17:09.299]	Page scrape 2 analogs
582	[2019-04-25] [13:17:09.300]	Scraping https://www.exist.ru from article #12 344885
583	[2019-04-25] [13:17:09.300]	Scraping article: #12 344885 | category: Амортизаторы | https://www.exist.ru/Price/?pcode=344885
584	[2019-04-25] [13:17:10.558]	https://www.exist.ru/Price/?pcode=344885 successfully opened
585	[2019-04-25] [13:17:10.558]	Wait for: 821
586	[2019-04-25] [13:17:11.379]		Analyse page
587	[2019-04-25] [13:17:11.382]		Handle errors
588	[2019-04-25] [13:17:11.386]	Catalog links amount: 3
589	[2019-04-25] [13:17:11.386]	Link: #1 https://www.exist.ru/Price/?pid=3210C9CC
590	[2019-04-25] [13:17:11.388]	Link: #2 https://www.exist.ru/Price/?pid=09E0D9D2
591	[2019-04-25] [13:17:11.389]	Link: #3 https://www.exist.ru/Price/?pid=59803C89
592	[2019-04-25] [13:17:11.389]	Category not found, download all links
593	[2019-04-25] [13:17:11.390]	Go to: https://www.exist.ru/Price/?pid=3210C9CC
594	[2019-04-25] [13:17:13.144]	https://www.exist.ru/Price/?pid=3210C9CC successfully opened
595	[2019-04-25] [13:17:13.144]		Analyse page
596	[2019-04-25] [13:17:13.147]		Handle errors
597	[2019-04-25] [13:17:13.147]	Wait for: 979
598	[2019-04-25] [13:17:14.126]	Scrape: https://www.exist.ru/Price/?pid=3210C9CC
599	[2019-04-25] [13:17:14.126]		Start scraper
600	[2019-04-25] [13:17:14.126]	Get #priceBody.innerHTML
601	[2019-04-25] [13:17:14.148]	Page scrape 2 analogs
602	[2019-04-25] [13:17:14.149]	Go to: https://www.exist.ru/Price/?pid=09E0D9D2
603	[2019-04-25] [13:17:15.409]	https://www.exist.ru/Price/?pid=09E0D9D2 successfully opened
604	[2019-04-25] [13:17:15.409]		Analyse page
605	[2019-04-25] [13:17:15.413]		Handle errors
606	[2019-04-25] [13:17:15.413]	Wait for: 759
607	[2019-04-25] [13:17:16.172]	Scrape: https://www.exist.ru/Price/?pid=09E0D9D2
608	[2019-04-25] [13:17:16.173]		Start scraper
609	[2019-04-25] [13:17:16.173]	Get #priceBody.innerHTML
610	[2019-04-25] [13:17:16.207]	Page scrape 4 analogs
611	[2019-04-25] [13:17:16.207]	Go to: https://www.exist.ru/Price/?pid=59803C89
612	[2019-04-25] [13:17:18.086]	https://www.exist.ru/Price/?pid=59803C89 successfully opened
613	[2019-04-25] [13:17:18.086]		Analyse page
614	[2019-04-25] [13:17:18.087]		Handle errors
615	[2019-04-25] [13:17:18.087]	Wait for: 582
616	[2019-04-25] [13:17:18.669]	Scrape: https://www.exist.ru/Price/?pid=59803C89
617	[2019-04-25] [13:17:18.670]		Start scraper
618	[2019-04-25] [13:17:18.670]	Get #priceBody.innerHTML
619	[2019-04-25] [13:17:18.701]	Page scrape 5 analogs
620	[2019-04-25] [13:17:18.702]	Scraping https://www.exist.ru from article #13 344913
621	[2019-04-25] [13:17:18.703]	Scraping article: #13 344913 | category: Амортизаторы | https://www.exist.ru/Price/?pcode=344913
622	[2019-04-25] [13:17:19.770]	https://www.exist.ru/Price/?pcode=344913 successfully opened
623	[2019-04-25] [13:17:19.770]	Wait for: 597
624	[2019-04-25] [13:17:20.368]		Analyse page
625	[2019-04-25] [13:17:20.371]		Handle errors
626	[2019-04-25] [13:17:20.376]	Catalog links amount: 3
627	[2019-04-25] [13:17:20.377]	Link: #1 https://www.exist.ru/Price/?pid=3750C9CC
628	[2019-04-25] [13:17:20.377]	Link: #2 https://www.exist.ru/Price/?pid=0F20D9D2
629	[2019-04-25] [13:17:20.378]	Link: #3 https://www.exist.ru/Price/?pid=36103C7D
630	[2019-04-25] [13:17:20.378]	Category not found, download all links
631	[2019-04-25] [13:17:20.379]	Go to: https://www.exist.ru/Price/?pid=3750C9CC
632	[2019-04-25] [13:17:21.659]	https://www.exist.ru/Price/?pid=3750C9CC successfully opened
633	[2019-04-25] [13:17:21.659]		Analyse page
634	[2019-04-25] [13:17:21.662]		Handle errors
635	[2019-04-25] [13:17:21.662]	Wait for: 668
636	[2019-04-25] [13:17:22.331]	Scrape: https://www.exist.ru/Price/?pid=3750C9CC
637	[2019-04-25] [13:17:22.331]		Start scraper
638	[2019-04-25] [13:17:22.331]	Get #priceBody.innerHTML
639	[2019-04-25] [13:17:22.358]	Page scrape 2 analogs
640	[2019-04-25] [13:17:22.358]	Go to: https://www.exist.ru/Price/?pid=0F20D9D2
641	[2019-04-25] [13:17:23.812]	https://www.exist.ru/Price/?pid=0F20D9D2 successfully opened
642	[2019-04-25] [13:17:23.812]		Analyse page
643	[2019-04-25] [13:17:23.817]		Handle errors
644	[2019-04-25] [13:17:23.817]	Wait for: 738
645	[2019-04-25] [13:17:24.556]	Scrape: https://www.exist.ru/Price/?pid=0F20D9D2
646	[2019-04-25] [13:17:24.556]		Start scraper
647	[2019-04-25] [13:17:24.556]	Get #priceBody.innerHTML
648	[2019-04-25] [13:17:24.576]	Page scrape 2 analogs
649	[2019-04-25] [13:17:24.577]	Go to: https://www.exist.ru/Price/?pid=36103C7D
650	[2019-04-25] [13:17:25.982]	https://www.exist.ru/Price/?pid=36103C7D successfully opened
651	[2019-04-25] [13:17:25.982]		Analyse page
652	[2019-04-25] [13:17:25.984]		Handle errors
653	[2019-04-25] [13:17:25.985]	Wait for: 734
654	[2019-04-25] [13:17:26.719]	Scrape: https://www.exist.ru/Price/?pid=36103C7D
655	[2019-04-25] [13:17:26.719]		Start scraper
656	[2019-04-25] [13:17:26.719]	Get #priceBody.innerHTML
657	[2019-04-25] [13:17:26.732]	Page scrape 1 analogs
658	[2019-04-25] [13:17:26.733]	Scraping https://www.exist.ru from article #14 344914
659	[2019-04-25] [13:17:26.734]	Scraping article: #14 344914 | category: Амортизаторы | https://www.exist.ru/Price/?pcode=344914
660	[2019-04-25] [13:17:28.454]	https://www.exist.ru/Price/?pcode=344914 successfully opened
661	[2019-04-25] [13:17:28.455]	Wait for: 714
662	[2019-04-25] [13:17:29.169]		Analyse page
663	[2019-04-25] [13:17:29.172]		Handle errors
664	[2019-04-25] [13:17:29.176]	Catalog links amount: 3
665	[2019-04-25] [13:17:29.177]	Link: #1 https://www.exist.ru/Price/?pid=3780C9CC
666	[2019-04-25] [13:17:29.178]	Link: #2 https://www.exist.ru/Price/?pid=0F50D9D2
667	[2019-04-25] [13:17:29.179]	Link: #3 https://www.exist.ru/Price/?pid=5B903C89
668	[2019-04-25] [13:17:29.180]	Category not found, download all links
669	[2019-04-25] [13:17:29.181]	Go to: https://www.exist.ru/Price/?pid=3780C9CC
670	[2019-04-25] [13:17:30.491]	https://www.exist.ru/Price/?pid=3780C9CC successfully opened
671	[2019-04-25] [13:17:30.491]		Analyse page
672	[2019-04-25] [13:17:30.493]		Handle errors
673	[2019-04-25] [13:17:30.493]	Wait for: 640
674	[2019-04-25] [13:17:31.133]	Scrape: https://www.exist.ru/Price/?pid=3780C9CC
675	[2019-04-25] [13:17:31.133]		Start scraper
676	[2019-04-25] [13:17:31.133]	Get #priceBody.innerHTML
677	[2019-04-25] [13:17:31.167]	Page scrape 3 analogs
678	[2019-04-25] [13:17:31.167]	Go to: https://www.exist.ru/Price/?pid=0F50D9D2
679	[2019-04-25] [13:17:33.075]	https://www.exist.ru/Price/?pid=0F50D9D2 successfully opened
680	[2019-04-25] [13:17:33.075]		Analyse page
681	[2019-04-25] [13:17:33.077]		Handle errors
682	[2019-04-25] [13:17:33.077]	Wait for: 789
683	[2019-04-25] [13:17:33.866]	Scrape: https://www.exist.ru/Price/?pid=0F50D9D2
684	[2019-04-25] [13:17:33.866]		Start scraper
685	[2019-04-25] [13:17:33.866]	Get #priceBody.innerHTML
686	[2019-04-25] [13:17:33.897]	Page scrape 3 analogs
687	[2019-04-25] [13:17:33.897]	Go to: https://www.exist.ru/Price/?pid=5B903C89
688	[2019-04-25] [13:17:35.406]	https://www.exist.ru/Price/?pid=5B903C89 successfully opened
689	[2019-04-25] [13:17:35.406]		Analyse page
690	[2019-04-25] [13:17:35.409]		Handle errors
691	[2019-04-25] [13:17:35.409]	Wait for: 640
692	[2019-04-25] [13:17:36.049]	Scrape: https://www.exist.ru/Price/?pid=5B903C89
693	[2019-04-25] [13:17:36.049]		Start scraper
694	[2019-04-25] [13:17:36.049]	Get #priceBody.innerHTML
695	[2019-04-25] [13:17:36.071]	Page scrape 3 analogs
696	[2019-04-25] [13:17:36.072]	Scraping https://www.exist.ru from article #15 345020
697	[2019-04-25] [13:17:36.073]	Scraping article: #15 345020 | category: Амортизаторы | https://www.exist.ru/Price/?pcode=345020
698	[2019-04-25] [13:17:37.588]	https://www.exist.ru/Price/?pcode=345020 successfully opened
699	[2019-04-25] [13:17:37.589]	Wait for: 769
700	[2019-04-25] [13:17:38.358]		Analyse page
701	[2019-04-25] [13:17:38.361]		Handle errors
702	[2019-04-25] [13:17:38.370]	Catalog links amount: 8
703	[2019-04-25] [13:17:38.370]	Link: #1 https://www.exist.ru/Price/?pid=3AE0D2AE
704	[2019-04-25] [13:17:38.372]	Link: #2 https://www.exist.ru/Price/?pid=22809654
705	[2019-04-25] [13:17:38.373]	Link: #3 https://www.exist.ru/Price/?pid=7100E8F3
706	[2019-04-25] [13:17:38.374]	Link: #4 https://www.exist.ru/Price/?pid=73104BD3
707	[2019-04-25] [13:17:38.375]	Link: #5 https://www.exist.ru/Price/?pid=9B3008E0
708	[2019-04-25] [13:17:38.376]	Link: #6 https://www.exist.ru/Price/?pid=22D0D9D2
709	[2019-04-25] [13:17:38.377]	Link: #7 https://www.exist.ru/Price/?pid=5A900A0B
710	[2019-04-25] [13:17:38.379]	Category found, go to: https://www.exist.ru/Price/?pid=5A900A0B
711	[2019-04-25] [13:17:39.762]	https://www.exist.ru/Price/?pid=5A900A0B successfully opened
712	[2019-04-25] [13:17:39.762]		Analyse page
713	[2019-04-25] [13:17:39.764]		Handle errors
714	[2019-04-25] [13:17:39.764]	Wait for: 561
715	[2019-04-25] [13:17:40.325]	Scrape https://www.exist.ru/Price/?pid=5A900A0B
716	[2019-04-25] [13:17:40.325]		Start scraper
717	[2019-04-25] [13:17:40.325]	Get #priceBody.innerHTML
718	[2019-04-25] [13:17:40.377]	Page scrape 7 analogs
719	[2019-04-25] [13:17:40.378]	Scraping https://www.exist.ru from article #16 345134
720	[2019-04-25] [13:17:40.378]	Scraping article: #16 345134 | category: Амортизаторы | https://www.exist.ru/Price/?pcode=345134
721	[2019-04-25] [13:17:41.088]	https://www.exist.ru/Price/?pcode=345134 successfully opened
722	[2019-04-25] [13:17:41.088]	Wait for: 665
723	[2019-04-25] [13:17:41.753]		Analyse page
724	[2019-04-25] [13:17:41.755]		Handle errors
725	[2019-04-25] [13:17:41.759]	Catalog links amount: 4
726	[2019-04-25] [13:17:41.759]	Link: #1 https://www.exist.ru/Price/?pid=1220E1FA
727	[2019-04-25] [13:17:41.760]	Link: #2 https://www.exist.ru/Price/?pid=7F90DA1B
728	[2019-04-25] [13:17:41.761]	Link: #3 https://www.exist.ru/Price/?pid=AAA05445
729	[2019-04-25] [13:17:41.761]	Link: #4 https://www.exist.ru/Price/?pid=CA80A095
730	[2019-04-25] [13:17:41.761]	Category not found, download all links
731	[2019-04-25] [13:17:41.762]	Go to: https://www.exist.ru/Price/?pid=1220E1FA
732	[2019-04-25] [13:17:42.987]	https://www.exist.ru/Price/?pid=1220E1FA successfully opened
733	[2019-04-25] [13:17:42.987]		Analyse page
734	[2019-04-25] [13:17:42.989]		Handle errors
735	[2019-04-25] [13:17:42.989]	Wait for: 982
736	[2019-04-25] [13:17:43.972]	Scrape: https://www.exist.ru/Price/?pid=1220E1FA
737	[2019-04-25] [13:17:43.972]		Start scraper
738	[2019-04-25] [13:17:43.972]	Get #priceBody.innerHTML
739	[2019-04-25] [13:17:43.999]	Page scrape 2 analogs
740	[2019-04-25] [13:17:44.000]	Go to: https://www.exist.ru/Price/?pid=7F90DA1B
741	[2019-04-25] [13:17:45.215]	https://www.exist.ru/Price/?pid=7F90DA1B successfully opened
742	[2019-04-25] [13:17:45.215]		Analyse page
743	[2019-04-25] [13:17:45.218]		Handle errors
744	[2019-04-25] [13:17:45.218]	Wait for: 922
745	[2019-04-25] [13:17:46.141]	Scrape: https://www.exist.ru/Price/?pid=7F90DA1B
746	[2019-04-25] [13:17:46.141]		Start scraper
747	[2019-04-25] [13:17:46.141]	Get #priceBody.innerHTML
748	[2019-04-25] [13:17:46.174]	Page scrape 2 analogs
749	[2019-04-25] [13:17:46.175]	Go to: https://www.exist.ru/Price/?pid=AAA05445
750	[2019-04-25] [13:17:47.768]	https://www.exist.ru/Price/?pid=AAA05445 successfully opened
751	[2019-04-25] [13:17:47.769]		Analyse page
752	[2019-04-25] [13:17:47.770]		Handle errors
753	[2019-04-25] [13:17:47.770]	Wait for: 894
754	[2019-04-25] [13:17:48.665]	Scrape: https://www.exist.ru/Price/?pid=AAA05445
755	[2019-04-25] [13:17:48.665]		Start scraper
756	[2019-04-25] [13:17:48.665]	Get #priceBody.innerHTML
757	[2019-04-25] [13:17:48.680]	Page scrape 1 analogs
758	[2019-04-25] [13:17:48.680]	Go to: https://www.exist.ru/Price/?pid=CA80A095
759	[2019-04-25] [13:17:50.090]	https://www.exist.ru/Price/?pid=CA80A095 successfully opened
760	[2019-04-25] [13:17:50.090]		Analyse page
761	[2019-04-25] [13:17:50.095]		Handle errors
762	[2019-04-25] [13:17:50.095]	Wait for: 747
763	[2019-04-25] [13:17:50.843]	Scrape: https://www.exist.ru/Price/?pid=CA80A095
764	[2019-04-25] [13:17:50.843]		Start scraper
765	[2019-04-25] [13:17:50.843]	Get #priceBody.innerHTML
766	[2019-04-25] [13:17:50.866]	Page scrape 2 analogs
767	[2019-04-25] [13:17:50.867]	Scraping https://www.exist.ru from article #17 345135
768	[2019-04-25] [13:17:50.868]	Scraping article: #17 345135 | category: Амортизаторы | https://www.exist.ru/Price/?pcode=345135
769	[2019-04-25] [13:17:52.152]	https://www.exist.ru/Price/?pcode=345135 successfully opened
770	[2019-04-25] [13:17:52.153]	Wait for: 876
771	[2019-04-25] [13:17:53.029]		Analyse page
772	[2019-04-25] [13:17:53.032]		Handle errors
773	[2019-04-25] [13:17:53.036]	Catalog links amount: 5
774	[2019-04-25] [13:17:53.037]	Link: #1 https://www.exist.ru/Price/?pid=10D0E1FA
775	[2019-04-25] [13:17:53.038]	Link: #2 https://www.exist.ru/Price/?pid=8DE008E0
776	[2019-04-25] [13:17:53.039]	Link: #3 https://www.exist.ru/Price/?pid=7FC0DA1B
777	[2019-04-25] [13:17:53.040]	Link: #4 https://www.exist.ru/Price/?pid=AAD05445
778	[2019-04-25] [13:17:53.041]	Link: #5 https://www.exist.ru/Price/?pid=CAB0A095
779	[2019-04-25] [13:17:53.042]	Category not found, download all links
780	[2019-04-25] [13:17:53.043]	Go to: https://www.exist.ru/Price/?pid=10D0E1FA
781	[2019-04-25] [13:17:54.047]	https://www.exist.ru/Price/?pid=10D0E1FA successfully opened
782	[2019-04-25] [13:17:54.047]		Analyse page
783	[2019-04-25] [13:17:54.050]		Handle errors
784	[2019-04-25] [13:17:54.050]	Wait for: 727
785	[2019-04-25] [13:17:54.777]	Scrape: https://www.exist.ru/Price/?pid=10D0E1FA
786	[2019-04-25] [13:17:54.777]		Start scraper
787	[2019-04-25] [13:17:54.777]	Get #priceBody.innerHTML
788	[2019-04-25] [13:17:54.785]	Page scrape 2 analogs
789	[2019-04-25] [13:17:54.786]	Go to: https://www.exist.ru/Price/?pid=8DE008E0
790	[2019-04-25] [13:17:55.951]	https://www.exist.ru/Price/?pid=8DE008E0 successfully opened
791	[2019-04-25] [13:17:55.951]		Analyse page
792	[2019-04-25] [13:17:55.954]		Handle errors
793	[2019-04-25] [13:17:55.954]	Wait for: 598
794	[2019-04-25] [13:17:56.552]	Scrape: https://www.exist.ru/Price/?pid=8DE008E0
795	[2019-04-25] [13:17:56.552]		Start scraper
796	[2019-04-25] [13:17:56.552]	Get #priceBody.innerHTML
797	[2019-04-25] [13:17:56.570]	Page scrape 2 analogs
798	[2019-04-25] [13:17:56.571]	Go to: https://www.exist.ru/Price/?pid=7FC0DA1B
799	[2019-04-25] [13:17:59.093]	https://www.exist.ru/Price/?pid=7FC0DA1B successfully opened
800	[2019-04-25] [13:17:59.093]		Analyse page
801	[2019-04-25] [13:17:59.095]		Handle errors
802	[2019-04-25] [13:17:59.095]	Wait for: 677
803	[2019-04-25] [13:17:59.772]	Scrape: https://www.exist.ru/Price/?pid=7FC0DA1B
804	[2019-04-25] [13:17:59.772]		Start scraper
805	[2019-04-25] [13:17:59.772]	Get #priceBody.innerHTML
806	[2019-04-25] [13:17:59.783]	Page scrape 2 analogs
807	[2019-04-25] [13:17:59.784]	Go to: https://www.exist.ru/Price/?pid=AAD05445
808	[2019-04-25] [13:18:01.041]	https://www.exist.ru/Price/?pid=AAD05445 successfully opened
809	[2019-04-25] [13:18:01.041]		Analyse page
810	[2019-04-25] [13:18:01.043]		Handle errors
811	[2019-04-25] [13:18:01.043]	Wait for: 767
812	[2019-04-25] [13:18:01.810]	Scrape: https://www.exist.ru/Price/?pid=AAD05445
813	[2019-04-25] [13:18:01.810]		Start scraper
814	[2019-04-25] [13:18:01.810]	Get #priceBody.innerHTML
815	[2019-04-25] [13:18:01.827]	Page scrape 1 analogs
816	[2019-04-25] [13:18:01.827]	Go to: https://www.exist.ru/Price/?pid=CAB0A095
817	[2019-04-25] [13:18:03.949]	https://www.exist.ru/Price/?pid=CAB0A095 successfully opened
818	[2019-04-25] [13:18:03.949]		Analyse page
819	[2019-04-25] [13:18:03.952]		Handle errors
820	[2019-04-25] [13:18:03.952]	Wait for: 900
821	[2019-04-25] [13:18:04.852]	Scrape: https://www.exist.ru/Price/?pid=CAB0A095
822	[2019-04-25] [13:18:04.852]		Start scraper
823	[2019-04-25] [13:18:04.852]	Get #priceBody.innerHTML
824	[2019-04-25] [13:18:04.878]	Page scrape 3 analogs
825	[2019-04-25] [13:18:04.880]	Scraping https://www.exist.ru from article #18 345136
826	[2019-04-25] [13:18:04.880]	Scraping article: #18 345136 | category: Амортизаторы | https://www.exist.ru/Price/?pcode=345136
827	[2019-04-25] [13:18:05.953]	https://www.exist.ru/Price/?pcode=345136 successfully opened
828	[2019-04-25] [13:18:05.954]	Wait for: 598
829	[2019-04-25] [13:18:06.552]		Analyse page
830	[2019-04-25] [13:18:06.554]		Handle errors
831	[2019-04-25] [13:18:06.557]	Catalog links amount: 4
832	[2019-04-25] [13:18:06.557]	Link: #1 https://www.exist.ru/Price/?pid=0C20E1FA
833	[2019-04-25] [13:18:06.558]	Link: #2 https://www.exist.ru/Price/?pid=DBA0E0F0
834	[2019-04-25] [13:18:06.559]	Link: #3 https://www.exist.ru/Price/?pid=AB005445
835	[2019-04-25] [13:18:06.570]	Link: #4 https://www.exist.ru/Price/?pid=CAE0A095
836	[2019-04-25] [13:18:06.571]	Category not found, download all links
837	[2019-04-25] [13:18:06.571]	Go to: https://www.exist.ru/Price/?pid=0C20E1FA
838	[2019-04-25] [13:18:08.470]	https://www.exist.ru/Price/?pid=0C20E1FA successfully opened
839	[2019-04-25] [13:18:08.470]		Analyse page
840	[2019-04-25] [13:18:08.473]		Handle errors
841	[2019-04-25] [13:18:08.473]	Wait for: 929
842	[2019-04-25] [13:18:09.401]	Scrape: https://www.exist.ru/Price/?pid=0C20E1FA
843	[2019-04-25] [13:18:09.402]		Start scraper
844	[2019-04-25] [13:18:09.402]	Get #priceBody.innerHTML
845	[2019-04-25] [13:18:09.428]	Page scrape 2 analogs
846	[2019-04-25] [13:18:09.429]	Go to: https://www.exist.ru/Price/?pid=DBA0E0F0
847	[2019-04-25] [13:18:10.599]	https://www.exist.ru/Price/?pid=DBA0E0F0 successfully opened
848	[2019-04-25] [13:18:10.599]		Analyse page
849	[2019-04-25] [13:18:10.602]		Handle errors
850	[2019-04-25] [13:18:10.602]	Wait for: 745
851	[2019-04-25] [13:18:11.347]	Scrape: https://www.exist.ru/Price/?pid=DBA0E0F0
852	[2019-04-25] [13:18:11.347]		Start scraper
853	[2019-04-25] [13:18:11.347]	Get #priceBody.innerHTML
854	[2019-04-25] [13:18:11.376]	Page scrape 2 analogs
855	[2019-04-25] [13:18:11.376]	Go to: https://www.exist.ru/Price/?pid=AB005445
856	[2019-04-25] [13:18:13.112]	https://www.exist.ru/Price/?pid=AB005445 successfully opened
857	[2019-04-25] [13:18:13.112]		Analyse page
858	[2019-04-25] [13:18:13.115]		Handle errors
859	[2019-04-25] [13:18:13.115]	Wait for: 762
860	[2019-04-25] [13:18:13.877]	Scrape: https://www.exist.ru/Price/?pid=AB005445
861	[2019-04-25] [13:18:13.877]		Start scraper
862	[2019-04-25] [13:18:13.877]	Get #priceBody.innerHTML
863	[2019-04-25] [13:18:13.889]	Page scrape 1 analogs
864	[2019-04-25] [13:18:13.889]	Go to: https://www.exist.ru/Price/?pid=CAE0A095
865	[2019-04-25] [13:18:15.127]	https://www.exist.ru/Price/?pid=CAE0A095 successfully opened
866	[2019-04-25] [13:18:15.127]		Analyse page
867	[2019-04-25] [13:18:15.129]		Handle errors
868	[2019-04-25] [13:18:15.129]	Wait for: 857
869	[2019-04-25] [13:18:15.988]	Scrape: https://www.exist.ru/Price/?pid=CAE0A095
870	[2019-04-25] [13:18:15.989]		Start scraper
871	[2019-04-25] [13:18:15.989]	Get #priceBody.innerHTML
872	[2019-04-25] [13:18:16.032]	Page scrape 7 analogs
873	[2019-04-25] [13:18:16.033]	Scraping https://www.exist.ru from article #19 345137
874	[2019-04-25] [13:18:16.034]	Scraping article: #19 345137 | category: Амортизаторы | https://www.exist.ru/Price/?pcode=345137
875	[2019-04-25] [13:18:17.376]	https://www.exist.ru/Price/?pcode=345137 successfully opened
876	[2019-04-25] [13:18:17.377]	Wait for: 576
877	[2019-04-25] [13:18:17.954]		Analyse page
878	[2019-04-25] [13:18:17.957]		Handle errors
879	[2019-04-25] [13:18:17.960]	Catalog links amount: 5
880	[2019-04-25] [13:18:17.961]	Link: #1 https://www.exist.ru/Price/?pid=1130E1FA
881	[2019-04-25] [13:18:17.961]	Link: #2 https://www.exist.ru/Price/?pid=8E1008E0
882	[2019-04-25] [13:18:17.962]	Link: #3 https://www.exist.ru/Price/?pid=DD20E0F0
883	[2019-04-25] [13:18:17.962]	Link: #4 https://www.exist.ru/Price/?pid=AC805445
884	[2019-04-25] [13:18:17.963]	Link: #5 https://www.exist.ru/Price/?pid=CB10A095
885	[2019-04-25] [13:18:17.963]	Category not found, download all links
886	[2019-04-25] [13:18:17.964]	Go to: https://www.exist.ru/Price/?pid=1130E1FA
887	[2019-04-25] [13:18:19.109]	https://www.exist.ru/Price/?pid=1130E1FA successfully opened
888	[2019-04-25] [13:18:19.109]		Analyse page
889	[2019-04-25] [13:18:19.111]		Handle errors
890	[2019-04-25] [13:18:19.112]	Wait for: 585
891	[2019-04-25] [13:18:19.697]	Scrape: https://www.exist.ru/Price/?pid=1130E1FA
892	[2019-04-25] [13:18:19.697]		Start scraper
893	[2019-04-25] [13:18:19.697]	Get #priceBody.innerHTML
894	[2019-04-25] [13:18:19.716]	Page scrape 2 analogs
895	[2019-04-25] [13:18:19.717]	Go to: https://www.exist.ru/Price/?pid=8E1008E0
896	[2019-04-25] [13:18:20.955]	https://www.exist.ru/Price/?pid=8E1008E0 successfully opened
897	[2019-04-25] [13:18:20.955]		Analyse page
898	[2019-04-25] [13:18:20.958]		Handle errors
899	[2019-04-25] [13:18:20.958]	Wait for: 614
900	[2019-04-25] [13:18:21.572]	Scrape: https://www.exist.ru/Price/?pid=8E1008E0
901	[2019-04-25] [13:18:21.572]		Start scraper
902	[2019-04-25] [13:18:21.572]	Get #priceBody.innerHTML
903	[2019-04-25] [13:18:21.588]	Page scrape 2 analogs
904	[2019-04-25] [13:18:21.589]	Go to: https://www.exist.ru/Price/?pid=DD20E0F0
905	[2019-04-25] [13:18:23.452]	https://www.exist.ru/Price/?pid=DD20E0F0 successfully opened
906	[2019-04-25] [13:18:23.452]		Analyse page
907	[2019-04-25] [13:18:23.454]		Handle errors
908	[2019-04-25] [13:18:23.454]	Wait for: 912
909	[2019-04-25] [13:18:24.366]	Scrape: https://www.exist.ru/Price/?pid=DD20E0F0
910	[2019-04-25] [13:18:24.366]		Start scraper
911	[2019-04-25] [13:18:24.366]	Get #priceBody.innerHTML
912	[2019-04-25] [13:18:24.394]	Page scrape 2 analogs
913	[2019-04-25] [13:18:24.394]	Go to: https://www.exist.ru/Price/?pid=AC805445
914	[2019-04-25] [13:18:25.726]	https://www.exist.ru/Price/?pid=AC805445 successfully opened
915	[2019-04-25] [13:18:25.726]		Analyse page
916	[2019-04-25] [13:18:25.729]		Handle errors
917	[2019-04-25] [13:18:25.729]	Wait for: 723
918	[2019-04-25] [13:18:26.453]	Scrape: https://www.exist.ru/Price/?pid=AC805445
919	[2019-04-25] [13:18:26.453]		Start scraper
920	[2019-04-25] [13:18:26.453]	Get #priceBody.innerHTML
921	[2019-04-25] [13:18:26.463]	Page scrape 1 analogs
922	[2019-04-25] [13:18:26.464]	Go to: https://www.exist.ru/Price/?pid=CB10A095
923	[2019-04-25] [13:18:28.217]	https://www.exist.ru/Price/?pid=CB10A095 successfully opened
924	[2019-04-25] [13:18:28.218]		Analyse page
925	[2019-04-25] [13:18:28.221]		Handle errors
926	[2019-04-25] [13:18:28.221]	Wait for: 894
927	[2019-04-25] [13:18:29.115]	Scrape: https://www.exist.ru/Price/?pid=CB10A095
928	[2019-04-25] [13:18:29.115]		Start scraper
929	[2019-04-25] [13:18:29.115]	Get #priceBody.innerHTML
930	[2019-04-25] [13:18:29.135]	Page scrape 2 analogs
931	[2019-04-25] [13:18:29.136]	Scraping https://www.exist.ru from article #20 350176
932	[2019-04-25] [13:18:29.137]	Scraping article: #20 350176 | category: Рычаги подвески | https://www.exist.ru/Price/?pcode=350176
933	[2019-04-25] [13:18:30.472]	https://www.exist.ru/Price/?pcode=350176 successfully opened
934	[2019-04-25] [13:18:30.472]	Wait for: 791
935	[2019-04-25] [13:18:31.263]		Analyse page
936	[2019-04-25] [13:18:31.266]		Handle errors
937	[2019-04-25] [13:18:31.274]	Catalog links amount: 12
938	[2019-04-25] [13:18:31.275]	Link: #1 https://www.exist.ru/Price/?pid=1AD0690F
939	[2019-04-25] [13:18:31.276]	Link: #2 https://www.exist.ru/Price/?pid=1B10AF13
940	[2019-04-25] [13:18:31.278]	Link: #3 https://www.exist.ru/Price/?pid=AAE0AE7D
941	[2019-04-25] [13:18:31.279]	Link: #4 https://www.exist.ru/Price/?pid=97B002D6
942	[2019-04-25] [13:18:31.280]	Link: #5 https://www.exist.ru/Price/?pid=F4D0A285
943	[2019-04-25] [13:18:31.282]	Link: #6 https://www.exist.ru/Price/?pid=B220A6E0
944	[2019-04-25] [13:18:31.283]	Link: #7 https://www.exist.ru/Price/?pid=59C0654A
945	[2019-04-25] [13:18:31.284]	Link: #8 https://www.exist.ru/Price/?pid=E640A7CA
946	[2019-04-25] [13:18:31.286]	Link: #9 https://www.exist.ru/Price/?pid=E590BF5D
947	[2019-04-25] [13:18:31.287]	Link: #10 https://www.exist.ru/Price/?pid=69608BB3
948	[2019-04-25] [13:18:31.289]	Link: #11 https://www.exist.ru/Price/?pid=E15017BC
949	[2019-04-25] [13:18:31.290]	Link: #12 https://www.exist.ru/Price/?pid=61C0B531
950	[2019-04-25] [13:18:31.291]	Category not found, download all links
951	[2019-04-25] [13:18:31.292]	Go to: https://www.exist.ru/Price/?pid=1AD0690F
952	[2019-04-25] [13:18:32.809]	https://www.exist.ru/Price/?pid=1AD0690F successfully opened
953	[2019-04-25] [13:18:32.809]		Analyse page
954	[2019-04-25] [13:18:32.812]		Handle errors
955	[2019-04-25] [13:18:32.812]	Wait for: 779
956	[2019-04-25] [13:18:33.591]	Scrape: https://www.exist.ru/Price/?pid=1AD0690F
957	[2019-04-25] [13:18:33.591]		Start scraper
958	[2019-04-25] [13:18:33.591]	Get #priceBody.innerHTML
959	[2019-04-25] [13:18:33.634]	Page scrape 3 analogs
960	[2019-04-25] [13:18:33.634]	Go to: https://www.exist.ru/Price/?pid=1B10AF13
961	[2019-04-25] [13:18:35.012]	https://www.exist.ru/Price/?pid=1B10AF13 successfully opened
962	[2019-04-25] [13:18:35.012]		Analyse page
963	[2019-04-25] [13:18:35.014]		Handle errors
964	[2019-04-25] [13:18:35.014]	Wait for: 755
965	[2019-04-25] [13:18:35.769]	Scrape: https://www.exist.ru/Price/?pid=1B10AF13
966	[2019-04-25] [13:18:35.769]		Start scraper
967	[2019-04-25] [13:18:35.769]	Get #priceBody.innerHTML
968	[2019-04-25] [13:18:35.782]	Page scrape 1 analogs
969	[2019-04-25] [13:18:35.782]	Go to: https://www.exist.ru/Price/?pid=AAE0AE7D
970	[2019-04-25] [13:18:36.843]	https://www.exist.ru/Price/?pid=AAE0AE7D successfully opened
971	[2019-04-25] [13:18:36.843]		Analyse page
972	[2019-04-25] [13:18:36.846]		Handle errors
973	[2019-04-25] [13:18:36.846]	Wait for: 779
974	[2019-04-25] [13:18:37.625]	Scrape: https://www.exist.ru/Price/?pid=AAE0AE7D
975	[2019-04-25] [13:18:37.625]		Start scraper
976	[2019-04-25] [13:18:37.625]	Get #priceBody.innerHTML
977	[2019-04-25] [13:18:37.637]	Page scrape 1 analogs
978	[2019-04-25] [13:18:37.638]	Go to: https://www.exist.ru/Price/?pid=97B002D6
979	[2019-04-25] [13:18:39.148]	https://www.exist.ru/Price/?pid=97B002D6 successfully opened
980	[2019-04-25] [13:18:39.148]		Analyse page
981	[2019-04-25] [13:18:39.152]		Handle errors
982	[2019-04-25] [13:18:39.152]	Wait for: 595
983	[2019-04-25] [13:18:39.747]	Scrape: https://www.exist.ru/Price/?pid=97B002D6
984	[2019-04-25] [13:18:39.747]		Start scraper
985	[2019-04-25] [13:18:39.748]	Get #priceBody.innerHTML
986	[2019-04-25] [13:18:39.759]	Page scrape 1 analogs
987	[2019-04-25] [13:18:39.760]	Go to: https://www.exist.ru/Price/?pid=F4D0A285
988	[2019-04-25] [13:18:41.343]	https://www.exist.ru/Price/?pid=F4D0A285 successfully opened
989	[2019-04-25] [13:18:41.343]		Analyse page
990	[2019-04-25] [13:18:41.346]		Handle errors
991	[2019-04-25] [13:18:41.346]	Wait for: 912
992	[2019-04-25] [13:18:42.259]	Scrape: https://www.exist.ru/Price/?pid=F4D0A285
993	[2019-04-25] [13:18:42.260]		Start scraper
994	[2019-04-25] [13:18:42.260]	Get #priceBody.innerHTML
995	[2019-04-25] [13:18:42.278]	Page scrape 2 analogs
996	[2019-04-25] [13:18:42.278]	Go to: https://www.exist.ru/Price/?pid=B220A6E0
997	[2019-04-25] [13:18:43.417]	https://www.exist.ru/Price/?pid=B220A6E0 successfully opened
998	[2019-04-25] [13:18:43.417]		Analyse page
999	[2019-04-25] [13:18:43.420]		Handle errors
1000	[2019-04-25] [13:18:43.420]	Wait for: 654
1001	[2019-04-25] [13:18:44.074]	Scrape: https://www.exist.ru/Price/?pid=B220A6E0
1002	[2019-04-25] [13:18:44.074]		Start scraper
1003	[2019-04-25] [13:18:44.074]	Get #priceBody.innerHTML
1004	[2019-04-25] [13:18:44.087]	Page scrape 1 analogs
1005	[2019-04-25] [13:18:44.088]	Go to: https://www.exist.ru/Price/?pid=59C0654A
1006	[2019-04-25] [13:18:45.335]	https://www.exist.ru/Price/?pid=59C0654A successfully opened
1007	[2019-04-25] [13:18:45.335]		Analyse page
1008	[2019-04-25] [13:18:45.340]		Handle errors
1009	[2019-04-25] [13:18:45.340]	Wait for: 801
1010	[2019-04-25] [13:18:46.141]	Scrape: https://www.exist.ru/Price/?pid=59C0654A
1011	[2019-04-25] [13:18:46.141]		Start scraper
1012	[2019-04-25] [13:18:46.141]	Get #priceBody.innerHTML
1013	[2019-04-25] [13:18:46.163]	Page scrape 2 analogs
1014	[2019-04-25] [13:18:46.163]	Go to: https://www.exist.ru/Price/?pid=E640A7CA
1015	[2019-04-25] [13:18:47.551]	https://www.exist.ru/Price/?pid=E640A7CA successfully opened
1016	[2019-04-25] [13:18:47.551]		Analyse page
1017	[2019-04-25] [13:18:47.554]		Handle errors
1018	[2019-04-25] [13:18:47.554]	Wait for: 817
1019	[2019-04-25] [13:18:48.371]	Scrape: https://www.exist.ru/Price/?pid=E640A7CA
1020	[2019-04-25] [13:18:48.371]		Start scraper
1021	[2019-04-25] [13:18:48.371]	Get #priceBody.innerHTML
1022	[2019-04-25] [13:18:48.381]	Page scrape 1 analogs
1023	[2019-04-25] [13:18:48.382]	Go to: https://www.exist.ru/Price/?pid=E590BF5D
1024	[2019-04-25] [13:18:49.691]	https://www.exist.ru/Price/?pid=E590BF5D successfully opened
1025	[2019-04-25] [13:18:49.691]		Analyse page
1026	[2019-04-25] [13:18:49.693]		Handle errors
1027	[2019-04-25] [13:18:49.693]	Wait for: 848
1028	[2019-04-25] [13:18:50.542]	Scrape: https://www.exist.ru/Price/?pid=E590BF5D
1029	[2019-04-25] [13:18:50.542]		Start scraper
1030	[2019-04-25] [13:18:50.542]	Get #priceBody.innerHTML
1031	[2019-04-25] [13:18:50.559]	Page scrape 1 analogs
1032	[2019-04-25] [13:18:50.561]	Go to: https://www.exist.ru/Price/?pid=69608BB3
1033	[2019-04-25] [13:18:51.923]	https://www.exist.ru/Price/?pid=69608BB3 successfully opened
1034	[2019-04-25] [13:18:51.923]		Analyse page
1035	[2019-04-25] [13:18:51.925]		Handle errors
1036	[2019-04-25] [13:18:51.925]	Wait for: 800
1037	[2019-04-25] [13:18:52.725]	Scrape: https://www.exist.ru/Price/?pid=69608BB3
1038	[2019-04-25] [13:18:52.725]		Start scraper
1039	[2019-04-25] [13:18:52.725]	Get #priceBody.innerHTML
1040	[2019-04-25] [13:18:52.731]	Page scrape 1 analogs
1041	[2019-04-25] [13:18:52.731]	Go to: https://www.exist.ru/Price/?pid=E15017BC
1042	[2019-04-25] [13:18:59.242]	https://www.exist.ru/Price/?pid=E15017BC successfully opened
1043	[2019-04-25] [13:18:59.242]		Analyse page
1044	[2019-04-25] [13:18:59.246]		Handle errors
1045	[2019-04-25] [13:18:59.246]	Banner detected
1046	[2019-04-25] [13:18:59.247]	Wait for banner
1047	[2019-04-25] [13:19:29.255]	TimeoutError: waiting for selector ".user-banner__skip" failed: timeout 30000ms exceeded
1048	[2019-04-25] [13:19:32.870]	Open: https://www.exist.ru
1049	[2019-04-25] [13:19:35.224]	https://www.exist.ru successfully opened
1050	[2019-04-25] [13:19:36.225]	Source files/source/articles.xlsx loaded, length: 684
1051	[2019-04-25] [13:19:36.226]	Start main sequence.
1052	[2019-04-25] [13:19:36.226]	Scraping https://www.exist.ru from article #20 350176
1053	[2019-04-25] [13:19:36.226]	Scraping article: #20 350176 | category: Рычаги подвески | https://www.exist.ru/Price/?pcode=350176
1054	[2019-04-25] [13:19:37.373]	https://www.exist.ru/Price/?pcode=350176 successfully opened
1055	[2019-04-25] [13:19:37.374]	Wait for: 501
1056	[2019-04-25] [13:19:37.875]		Analyse page
1057	[2019-04-25] [13:19:37.878]		Handle errors
1058	[2019-04-25] [13:19:37.886]	Catalog links amount: 12
1059	[2019-04-25] [13:19:37.887]	Link: #1 https://www.exist.ru/Price/?pid=1AD0690F
1060	[2019-04-25] [13:19:37.888]	Link: #2 https://www.exist.ru/Price/?pid=1B10AF13
1061	[2019-04-25] [13:19:37.889]	Link: #3 https://www.exist.ru/Price/?pid=AAE0AE7D
1062	[2019-04-25] [13:19:37.891]	Link: #4 https://www.exist.ru/Price/?pid=97B002D6
1063	[2019-04-25] [13:19:37.892]	Link: #5 https://www.exist.ru/Price/?pid=F4D0A285
1064	[2019-04-25] [13:19:37.893]	Link: #6 https://www.exist.ru/Price/?pid=B220A6E0
1065	[2019-04-25] [13:19:37.894]	Link: #7 https://www.exist.ru/Price/?pid=59C0654A
1066	[2019-04-25] [13:19:37.896]	Link: #8 https://www.exist.ru/Price/?pid=E640A7CA
1067	[2019-04-25] [13:19:37.896]	Link: #9 https://www.exist.ru/Price/?pid=E590BF5D
1068	[2019-04-25] [13:19:37.897]	Link: #10 https://www.exist.ru/Price/?pid=69608BB3
1069	[2019-04-25] [13:19:37.898]	Link: #11 https://www.exist.ru/Price/?pid=E15017BC
1070	[2019-04-25] [13:19:37.899]	Link: #12 https://www.exist.ru/Price/?pid=61C0B531
1071	[2019-04-25] [13:19:37.899]	Category not found, download all links
1072	[2019-04-25] [13:19:37.899]	Go to: https://www.exist.ru/Price/?pid=1AD0690F
1073	[2019-04-25] [13:19:42.632]	https://www.exist.ru/Price/?pid=1AD0690F successfully opened
1074	[2019-04-25] [13:19:42.632]		Analyse page
1075	[2019-04-25] [13:19:42.635]		Handle errors
1076	[2019-04-25] [13:19:42.635]	Banner detected
1077	[2019-04-25] [13:19:42.636]	Wait for banner
1078	[2019-04-25] [13:19:50.561]	Banner skiped
1079	[2019-04-25] [13:19:50.562]	Wait for: 777
1080	[2019-04-25] [13:19:51.338]	Scrape: https://www.exist.ru/Price/?pid=1AD0690F
1081	[2019-04-25] [13:19:51.339]		Start scraper
1082	[2019-04-25] [13:19:51.339]	Get #priceBody.innerHTML
1083	[2019-04-25] [13:19:51.373]	Page scrape 3 analogs
1084	[2019-04-25] [13:19:51.374]	Go to: https://www.exist.ru/Price/?pid=1B10AF13
1085	[2019-04-25] [13:19:56.387]	https://www.exist.ru/Price/?pid=1B10AF13 successfully opened
1086	[2019-04-25] [13:19:56.387]		Analyse page
1087	[2019-04-25] [13:19:56.389]		Handle errors
1088	[2019-04-25] [13:19:56.390]	Banner detected
1089	[2019-04-25] [13:19:56.390]	Wait for banner
1090	[2019-04-25] [13:20:04.828]	Banner skiped
1091	[2019-04-25] [13:20:04.828]	Wait for: 776
1092	[2019-04-25] [13:20:05.604]	Scrape: https://www.exist.ru/Price/?pid=1B10AF13
1093	[2019-04-25] [13:20:05.604]		Start scraper
1094	[2019-04-25] [13:20:05.604]	Get #priceBody.innerHTML
1095	[2019-04-25] [13:20:05.615]	Page scrape 1 analogs
1096	[2019-04-25] [13:20:05.616]	Go to: https://www.exist.ru/Price/?pid=AAE0AE7D
1097	[2019-04-25] [13:20:11.071]	https://www.exist.ru/Price/?pid=AAE0AE7D successfully opened
1098	[2019-04-25] [13:20:11.071]		Analyse page
1099	[2019-04-25] [13:20:11.074]		Handle errors
1100	[2019-04-25] [13:20:11.074]	Banner detected
1101	[2019-04-25] [13:20:11.075]	Wait for banner
1102	[2019-04-25] [13:20:17.755]	Banner skiped
1103	[2019-04-25] [13:20:17.756]	Wait for: 612
1104	[2019-04-25] [13:20:18.368]	Scrape: https://www.exist.ru/Price/?pid=AAE0AE7D
1105	[2019-04-25] [13:20:18.368]		Start scraper
1106	[2019-04-25] [13:20:18.368]	Get #priceBody.innerHTML
1107	[2019-04-25] [13:20:18.377]	Page scrape 1 analogs
1108	[2019-04-25] [13:20:18.378]	Go to: https://www.exist.ru/Price/?pid=97B002D6
1109	[2019-04-25] [13:20:25.455]	https://www.exist.ru/Price/?pid=97B002D6 successfully opened
1110	[2019-04-25] [13:20:25.455]		Analyse page
1111	[2019-04-25] [13:20:25.458]		Handle errors
1112	[2019-04-25] [13:20:25.458]	Banner detected
1113	[2019-04-25] [13:20:25.459]	Wait for banner
1114	[2019-04-25] [13:20:33.166]	Banner skiped
1115	[2019-04-25] [13:20:33.166]	Wait for: 729
1116	[2019-04-25] [13:20:33.895]	Scrape: https://www.exist.ru/Price/?pid=97B002D6
1117	[2019-04-25] [13:20:33.895]		Start scraper
1118	[2019-04-25] [13:20:33.895]	Get #priceBody.innerHTML
1119	[2019-04-25] [13:20:33.906]	Page scrape 1 analogs
1120	[2019-04-25] [13:20:33.907]	Go to: https://www.exist.ru/Price/?pid=F4D0A285
1121	[2019-04-25] [13:20:41.053]	https://www.exist.ru/Price/?pid=F4D0A285 successfully opened
1122	[2019-04-25] [13:20:41.054]		Analyse page
1123	[2019-04-25] [13:20:41.055]		Handle errors
1124	[2019-04-25] [13:20:41.055]	Captcha cached
1125	[2019-04-25] [13:20:41.055]	[object Object]
