1	[2019-04-24] [09:52:23.094]	Start program
2	[2019-04-24] [09:52:25.639]	Open: https://www.exist.ru
3	[2019-04-24] [09:52:28.998]	https://www.exist.ru successfully opened
4	[2019-04-24] [09:52:37.975]	Source files/source/articles.xlsx loaded, length: 684
5	[2019-04-24] [09:52:37.975]	Results files/result/result.xlsx loaded, length: 3720
6	[2019-04-24] [09:52:37.976]	Scraping https://www.exist.ru from article #6 328036
7	[2019-04-24] [09:52:37.976]	Start main sequence.
8	[2019-04-24] [09:52:37.977]	Scraping article: #6 328036 | category: Выжимные подшипники | https://www.exist.ru/Price/?pcode=328036
9	[2019-04-24] [09:52:39.940]	https://www.exist.ru/Price/?pcode=328036 successfully opened
10	[2019-04-24] [09:52:39.940]	Wait for: 2989
11	[2019-04-24] [09:52:43.141]		Analyse page
12	[2019-04-24] [09:52:43.155]		Handle errors
13	[2019-04-24] [09:52:43.173]	Catalog links amount: 4
14	[2019-04-24] [09:52:43.175]	Link: #1 https://www.exist.ru/Price/?pid=D780D9B8
15	[2019-04-24] [09:52:43.176]	Link: #2 https://www.exist.ru/Price/?pid=29202813
16	[2019-04-24] [09:52:43.177]	Link: #3 https://www.exist.ru/Price/?pid=5640DB51
17	[2019-04-24] [09:52:43.177]	Link: #4 https://www.exist.ru/Price/?pid=9C30A8BD
18	[2019-04-24] [09:52:43.178]	Category not found, download all links
19	[2019-04-24] [09:52:43.178]	Go to: https://www.exist.ru/Price/?pid=D780D9B8
20	[2019-04-24] [09:52:44.889]	https://www.exist.ru/Price/?pid=D780D9B8 successfully opened
21	[2019-04-24] [09:52:44.889]		Analyse page
22	[2019-04-24] [09:52:44.891]		Handle errors
23	[2019-04-24] [09:52:44.892]	Wait for: 2944
24	[2019-04-24] [09:52:47.835]	Scrape: https://www.exist.ru/Price/?pid=D780D9B8
25	[2019-04-24] [09:52:47.836]		Start scraper
26	[2019-04-24] [09:52:47.836]	Get #priceBody.innerHTML
27	[2019-04-24] [09:52:47.861]	Page scrape 1 analogs
28	[2019-04-24] [09:52:47.861]	Go to: https://www.exist.ru/Price/?pid=29202813
29	[2019-04-24] [09:52:49.133]	https://www.exist.ru/Price/?pid=29202813 successfully opened
30	[2019-04-24] [09:52:49.134]		Analyse page
31	[2019-04-24] [09:52:49.135]		Handle errors
32	[2019-04-24] [09:52:49.136]	Wait for: 2169
33	[2019-04-24] [09:52:51.308]	Scrape: https://www.exist.ru/Price/?pid=29202813
34	[2019-04-24] [09:52:51.308]		Start scraper
35	[2019-04-24] [09:52:51.308]	Get #priceBody.innerHTML
36	[2019-04-24] [09:52:51.327]	Page scrape 2 analogs
37	[2019-04-24] [09:52:51.327]	Go to: https://www.exist.ru/Price/?pid=5640DB51
38	[2019-04-24] [09:52:52.605]	https://www.exist.ru/Price/?pid=5640DB51 successfully opened
39	[2019-04-24] [09:52:52.605]		Analyse page
40	[2019-04-24] [09:52:52.609]		Handle errors
41	[2019-04-24] [09:52:52.609]	Wait for: 2903
42	[2019-04-24] [09:52:55.522]	Scrape: https://www.exist.ru/Price/?pid=5640DB51
43	[2019-04-24] [09:52:55.522]		Start scraper
44	[2019-04-24] [09:52:55.522]	Get #priceBody.innerHTML
45	[2019-04-24] [09:52:55.534]	Page scrape 1 analogs
46	[2019-04-24] [09:52:55.534]	Go to: https://www.exist.ru/Price/?pid=9C30A8BD
47	[2019-04-24] [09:52:56.723]	https://www.exist.ru/Price/?pid=9C30A8BD successfully opened
48	[2019-04-24] [09:52:56.723]		Analyse page
49	[2019-04-24] [09:52:56.728]		Handle errors
50	[2019-04-24] [09:52:56.728]	Wait for: 2406
51	[2019-04-24] [09:52:59.141]	Scrape: https://www.exist.ru/Price/?pid=9C30A8BD
52	[2019-04-24] [09:52:59.141]		Start scraper
53	[2019-04-24] [09:52:59.141]	Get #priceBody.innerHTML
54	[2019-04-24] [09:52:59.165]	Page scrape 2 analogs
55	[2019-04-24] [09:52:59.166]	Write XLSX to: files/source/articles.xlsx
56	[2019-04-24] [09:52:59.216]	Write XLSX to: files/result/result.xlsx
57	[2019-04-24] [09:52:59.455]	Script execution finished.
58	[2019-04-24] [09:52:59.456]	***
