1	[2019-04-23] [09:05:57.539]	Start program
2	[2019-04-23] [09:06:01.573]	Open: https://exist.ru
3	[2019-04-23] [09:06:04.329]	https://exist.ru successfully opened
4	[2019-04-23] [09:06:14.384]	Login successfully.
5	[2019-04-23] [09:06:14.637]	Source files/source/articles.xlsx loaded, length: 684
6	[2019-04-23] [09:06:14.637]	Results files/result/result.xlsx loaded, length: 1913
7	[2019-04-23] [09:06:14.638]	Scraping https://exist.ru from article #36 569069
8	[2019-04-23] [09:06:14.639]	Start main sequence.
9	[2019-04-23] [09:06:14.639]	Scraping article: #36 569069 | category: Тормозные диски | https://exist.ru/Price/?pcode=569069
10	[2019-04-23] [09:06:15.855]	https://exist.ru/Price/?pcode=569069 successfully opened
11	[2019-04-23] [09:06:15.855]	Wait for: 1046
12	[2019-04-23] [09:06:16.901]		Analyse page
13	[2019-04-23] [09:06:16.904]		Handle errors
14	[2019-04-23] [09:06:16.931]	Catalog links amount: 2
15	[2019-04-23] [09:06:16.935]	Link: #1 https://exist.ru/Price/?pid=F0C0E4E7
16	[2019-04-23] [09:06:16.936]	Category found, go to: https://exist.ru/Price/?pid=F0C0E4E7
17	[2019-04-23] [09:06:24.026]	https://exist.ru/Price/?pid=F0C0E4E7 successfully opened
18	[2019-04-23] [09:06:24.026]		Analyse page
19	[2019-04-23] [09:06:24.031]		Handle errors
20	[2019-04-23] [09:06:24.031]	Banner detected
21	[2019-04-23] [09:06:24.032]	Wait for banner
22	[2019-04-23] [09:06:31.059]	Banner skiped
23	[2019-04-23] [09:06:31.059]	Wait for: 1113
24	[2019-04-23] [09:06:32.172]	Scrape https://exist.ru/Price/?pid=F0C0E4E7
25	[2019-04-23] [09:06:32.172]		Start scraper
26	[2019-04-23] [09:06:32.172]	Get #priceBody.innerHTML
27	[2019-04-23] [09:06:32.209]	Page scrape 2 analogs
28	[2019-04-23] [09:06:32.209]	Get #priceBody.innerHTML
29	[2019-04-23] [09:06:32.223]	Page scrape 2 analogs
30	[2019-04-23] [09:06:32.223]	Get #priceBody.innerHTML
31	[2019-04-23] [09:06:32.235]	Page scrape 2 analogs
32	[2019-04-23] [09:06:32.236]	Get #priceBody.innerHTML
33	[2019-04-23] [09:06:32.248]	Page scrape 2 analogs
34	[2019-04-23] [09:06:32.248]	Get #priceBody.innerHTML
35	[2019-04-23] [09:06:32.260]	Page scrape 2 analogs
36	[2019-04-23] [09:06:32.261]	Scraping article: #37 569070 | category: Тормозные диски | https://exist.ru/Price/?pcode=569070
37	[2019-04-23] [09:06:33.815]	https://exist.ru/Price/?pcode=569070 successfully opened
38	[2019-04-23] [09:06:33.815]	Wait for: 1101
39	[2019-04-23] [09:06:34.917]		Analyse page
40	[2019-04-23] [09:06:34.920]		Handle errors
41	[2019-04-23] [09:06:34.924]	Catalog links amount: 5
42	[2019-04-23] [09:06:34.925]	Link: #1 https://exist.ru/Price/?pid=8BF0D28C
43	[2019-04-23] [09:06:34.926]	Link: #2 https://exist.ru/Price/?pid=DD10A0BC
44	[2019-04-23] [09:06:34.927]	Link: #3 https://exist.ru/Price/?pid=8D004179
45	[2019-04-23] [09:06:34.928]	Link: #4 https://exist.ru/Price/?pid=3DF0A091
46	[2019-04-23] [09:06:34.929]	Link: #5 https://exist.ru/Price/?pid=2580C561
47	[2019-04-23] [09:06:34.930]	Category not found, download all links
48	[2019-04-23] [09:06:34.930]	Go to: https://exist.ru/Price/?pid=8BF0D28C
49	[2019-04-23] [09:06:40.682]	https://exist.ru/Price/?pid=8BF0D28C successfully opened
50	[2019-04-23] [09:06:40.682]		Analyse page
51	[2019-04-23] [09:06:40.684]		Handle errors
52	[2019-04-23] [09:06:40.684]	Banner detected
53	[2019-04-23] [09:06:40.684]	Wait for banner
54	[2019-04-23] [09:06:48.307]	Banner skiped
55	[2019-04-23] [09:06:48.307]	Wait for: 1221
56	[2019-04-23] [09:06:49.528]	Scrape: https://exist.ru/Price/?pid=8BF0D28C
57	[2019-04-23] [09:06:49.528]		Start scraper
58	[2019-04-23] [09:06:49.528]	Get #priceBody.innerHTML
59	[2019-04-23] [09:06:49.557]	Page scrape 3 analogs
60	[2019-04-23] [09:06:49.557]	Get #priceBody.innerHTML
61	[2019-04-23] [09:06:49.577]	Page scrape 3 analogs
62	[2019-04-23] [09:06:49.577]	Get #priceBody.innerHTML
63	[2019-04-23] [09:06:49.592]	Page scrape 3 analogs
64	[2019-04-23] [09:06:49.593]	Get #priceBody.innerHTML
65	[2019-04-23] [09:06:49.655]	Page scrape 3 analogs
66	[2019-04-23] [09:06:49.655]	Get #priceBody.innerHTML
67	[2019-04-23] [09:06:49.670]	Page scrape 3 analogs
68	[2019-04-23] [09:06:49.670]	Go to: https://exist.ru/Price/?pid=DD10A0BC
69	[2019-04-23] [09:06:54.829]	https://exist.ru/Price/?pid=DD10A0BC successfully opened
70	[2019-04-23] [09:06:54.829]		Analyse page
71	[2019-04-23] [09:06:54.834]		Handle errors
72	[2019-04-23] [09:06:54.834]	Banner detected
73	[2019-04-23] [09:06:54.836]	Wait for banner
74	[2019-04-23] [09:07:01.882]	Banner skiped
75	[2019-04-23] [09:07:01.882]	Wait for: 1440
76	[2019-04-23] [09:07:03.322]	Scrape: https://exist.ru/Price/?pid=DD10A0BC
77	[2019-04-23] [09:07:03.322]		Start scraper
78	[2019-04-23] [09:07:03.322]	Get #priceBody.innerHTML
79	[2019-04-23] [09:07:03.507]	Page scrape 23 analogs
80	[2019-04-23] [09:07:03.507]	Get #priceBody.innerHTML
81	[2019-04-23] [09:07:03.649]	Page scrape 23 analogs
82	[2019-04-23] [09:07:03.649]	Get #priceBody.innerHTML
83	[2019-04-23] [09:07:03.769]	Page scrape 23 analogs
84	[2019-04-23] [09:07:03.769]	Get #priceBody.innerHTML
85	[2019-04-23] [09:07:03.913]	Page scrape 23 analogs
86	[2019-04-23] [09:07:03.913]	Get #priceBody.innerHTML
87	[2019-04-23] [09:07:04.024]	Page scrape 23 analogs
88	[2019-04-23] [09:07:04.024]	Go to: https://exist.ru/Price/?pid=8D004179
89	[2019-04-23] [09:07:08.714]	https://exist.ru/Price/?pid=8D004179 successfully opened
90	[2019-04-23] [09:07:08.714]		Analyse page
91	[2019-04-23] [09:07:08.721]		Handle errors
92	[2019-04-23] [09:07:08.721]	Banner detected
93	[2019-04-23] [09:07:08.722]	Wait for banner
