1	[2019-04-25] [10:32:55.753]	Start program
2	[2019-04-25] [10:33:27.076]	Open: https://www.exist.ru
3	[2019-04-25] [10:33:34.447]	https://www.exist.ru successfully opened
4	[2019-04-25] [10:33:47.456]	Source files/source/articles.xlsx loaded, length: 684
5	[2019-04-25] [10:33:47.457]	Start main sequence.
6	[2019-04-25] [10:33:47.457]	Scraping https://www.exist.ru from article #1 326012
7	[2019-04-25] [10:33:47.459]	Scraping https://www.exist.ru from article #2 328006
8	[2019-04-25] [10:33:47.459]	Scraping https://www.exist.ru from article #3 328008
9	[2019-04-25] [10:33:47.460]	Scraping https://www.exist.ru from article #4 328021
10	[2019-04-25] [10:33:47.460]	Scraping https://www.exist.ru from article #5 328035
11	[2019-04-25] [10:33:47.460]	Scraping https://www.exist.ru from article #6 328036
12	[2019-04-25] [10:33:47.461]	Scraping https://www.exist.ru from article #7 328037
13	[2019-04-25] [10:33:47.461]	Scraping https://www.exist.ru from article #8 344573
14	[2019-04-25] [10:33:47.462]	Scraping https://www.exist.ru from article #9 344685
15	[2019-04-25] [10:33:47.463]	Scraping article: #9 344685 | category: Амортизаторы | https://www.exist.ru/Price/?pcode=344685
16	[2019-04-25] [10:33:50.232]	https://www.exist.ru/Price/?pcode=344685 successfully opened
17	[2019-04-25] [10:33:50.232]	Wait for: 2459
18	[2019-04-25] [10:33:52.692]		Analyse page
19	[2019-04-25] [10:33:52.698]		Handle errors
20	[2019-04-25] [10:33:52.790]	Catalog links amount: 3
21	[2019-04-25] [10:33:52.794]	Link: #1 https://www.exist.ru/Price/?pid=7B00B6A0
22	[2019-04-25] [10:33:52.796]	Link: #2 https://www.exist.ru/Price/?pid=E460D9D1
23	[2019-04-25] [10:33:52.797]	Link: #3 https://www.exist.ru/Price/?pid=74A0B289
24	[2019-04-25] [10:33:52.797]	Category not found, download all links
25	[2019-04-25] [10:33:52.798]	Go to: https://www.exist.ru/Price/?pid=7B00B6A0
26	[2019-04-25] [10:33:53.949]	https://www.exist.ru/Price/?pid=7B00B6A0 successfully opened
27	[2019-04-25] [10:33:53.949]		Analyse page
28	[2019-04-25] [10:33:53.954]		Handle errors
29	[2019-04-25] [10:33:53.954]	Banner detected
30	[2019-04-25] [10:33:53.955]	Wait for banner
31	[2019-04-25] [10:34:01.749]	Banner skiped
32	[2019-04-25] [10:34:01.750]	Wait for: 2919
33	[2019-04-25] [10:34:04.669]	Scrape: https://www.exist.ru/Price/?pid=7B00B6A0
34	[2019-04-25] [10:34:04.669]		Start scraper
35	[2019-04-25] [10:34:04.669]	Get #priceBody.innerHTML
36	[2019-04-25] [10:34:04.705]	Page scrape 2 analogs
37	[2019-04-25] [10:34:04.705]	Go to: https://www.exist.ru/Price/?pid=E460D9D1
38	[2019-04-25] [10:34:05.765]	https://www.exist.ru/Price/?pid=E460D9D1 successfully opened
39	[2019-04-25] [10:34:05.765]		Analyse page
40	[2019-04-25] [10:34:05.769]		Handle errors
41	[2019-04-25] [10:34:05.769]	Banner detected
42	[2019-04-25] [10:34:05.769]	Wait for banner
43	[2019-04-25] [10:34:13.253]	Banner skiped
44	[2019-04-25] [10:34:13.253]	Wait for: 2764
45	[2019-04-25] [10:34:16.017]	Scrape: https://www.exist.ru/Price/?pid=E460D9D1
46	[2019-04-25] [10:34:16.017]		Start scraper
47	[2019-04-25] [10:34:16.017]	Get #priceBody.innerHTML
48	[2019-04-25] [10:34:16.046]	Page scrape 3 analogs
49	[2019-04-25] [10:34:16.046]	Go to: https://www.exist.ru/Price/?pid=74A0B289
50	[2019-04-25] [10:34:17.127]	https://www.exist.ru/Price/?pid=74A0B289 successfully opened
51	[2019-04-25] [10:34:17.127]		Analyse page
52	[2019-04-25] [10:34:17.132]		Handle errors
53	[2019-04-25] [10:34:17.132]	Banner detected
54	[2019-04-25] [10:34:17.133]	Wait for banner
55	[2019-04-25] [10:34:24.771]	Banner skiped
56	[2019-04-25] [10:34:24.771]	Wait for: 2757
57	[2019-04-25] [10:34:27.528]	Scrape: https://www.exist.ru/Price/?pid=74A0B289
58	[2019-04-25] [10:34:27.529]		Start scraper
59	[2019-04-25] [10:34:27.529]	Get #priceBody.innerHTML
60	[2019-04-25] [10:34:27.547]	Page scrape 1 analogs
61	[2019-04-25] [10:34:27.549]	Scraping https://www.exist.ru from article #10 344686
62	[2019-04-25] [10:34:27.550]	Scraping article: #10 344686 | category: Амортизаторы | https://www.exist.ru/Price/?pcode=344686
63	[2019-04-25] [10:34:28.590]	https://www.exist.ru/Price/?pcode=344686 successfully opened
64	[2019-04-25] [10:34:28.590]	Wait for: 2190
65	[2019-04-25] [10:34:30.781]		Analyse page
66	[2019-04-25] [10:34:30.784]		Handle errors
67	[2019-04-25] [10:34:30.788]	Catalog links amount: 4
68	[2019-04-25] [10:34:30.789]	Link: #1 https://www.exist.ru/Price/?pid=7B30B6A0
69	[2019-04-25] [10:34:30.792]	Link: #2 https://www.exist.ru/Price/?pid=E490D9D1
70	[2019-04-25] [10:34:30.794]	Link: #3 https://www.exist.ru/Price/?pid=14C0BEC0
71	[2019-04-25] [10:34:30.795]	Link: #4 https://www.exist.ru/Price/?pid=7CE08571
72	[2019-04-25] [10:34:30.796]	Category not found, download all links
73	[2019-04-25] [10:34:30.796]	Go to: https://www.exist.ru/Price/?pid=7B30B6A0
74	[2019-04-25] [10:34:32.603]	https://www.exist.ru/Price/?pid=7B30B6A0 successfully opened
75	[2019-04-25] [10:34:32.603]		Analyse page
76	[2019-04-25] [10:34:32.605]		Handle errors
77	[2019-04-25] [10:34:32.605]	Banner detected
78	[2019-04-25] [10:34:32.606]	Wait for banner
79	[2019-04-25] [10:34:39.558]	Banner skiped
80	[2019-04-25] [10:34:39.558]	Wait for: 2761
81	[2019-04-25] [10:34:42.319]	Scrape: https://www.exist.ru/Price/?pid=7B30B6A0
82	[2019-04-25] [10:34:42.319]		Start scraper
83	[2019-04-25] [10:34:42.319]	Get #priceBody.innerHTML
84	[2019-04-25] [10:34:42.334]	Page scrape 2 analogs
85	[2019-04-25] [10:34:42.334]	Go to: https://www.exist.ru/Price/?pid=E490D9D1
86	[2019-04-25] [10:34:44.154]	https://www.exist.ru/Price/?pid=E490D9D1 successfully opened
87	[2019-04-25] [10:34:44.154]		Analyse page
88	[2019-04-25] [10:34:44.164]		Handle errors
89	[2019-04-25] [10:34:44.164]	Banner detected
90	[2019-04-25] [10:34:44.165]	Wait for banner
91	[2019-04-25] [10:34:50.883]	Banner skiped
92	[2019-04-25] [10:34:50.883]	Wait for: 2819
93	[2019-04-25] [10:34:53.702]	Scrape: https://www.exist.ru/Price/?pid=E490D9D1
94	[2019-04-25] [10:34:53.702]		Start scraper
95	[2019-04-25] [10:34:53.703]	Get #priceBody.innerHTML
96	[2019-04-25] [10:34:53.726]	Page scrape 2 analogs
97	[2019-04-25] [10:34:53.726]	Go to: https://www.exist.ru/Price/?pid=14C0BEC0
98	[2019-04-25] [10:34:54.785]	https://www.exist.ru/Price/?pid=14C0BEC0 successfully opened
99	[2019-04-25] [10:34:54.785]		Analyse page
100	[2019-04-25] [10:34:54.790]		Handle errors
101	[2019-04-25] [10:34:54.790]	Banner detected
102	[2019-04-25] [10:34:54.790]	Wait for banner
103	[2019-04-25] [10:35:02.019]	Banner skiped
104	[2019-04-25] [10:35:02.019]	Wait for: 2947
105	[2019-04-25] [10:35:04.966]	Scrape: https://www.exist.ru/Price/?pid=14C0BEC0
106	[2019-04-25] [10:35:04.966]		Start scraper
107	[2019-04-25] [10:35:04.966]	Get #priceBody.innerHTML
108	[2019-04-25] [10:35:04.976]	Page scrape 1 analogs
109	[2019-04-25] [10:35:04.977]	Go to: https://www.exist.ru/Price/?pid=7CE08571
110	[2019-04-25] [10:35:06.402]	https://www.exist.ru/Price/?pid=7CE08571 successfully opened
111	[2019-04-25] [10:35:06.402]		Analyse page
112	[2019-04-25] [10:35:06.405]		Handle errors
113	[2019-04-25] [10:35:06.405]	Banner detected
114	[2019-04-25] [10:35:06.406]	Wait for banner
115	[2019-04-25] [10:35:14.228]	Banner skiped
116	[2019-04-25] [10:35:14.228]	Wait for: 2900
117	[2019-04-25] [10:35:17.128]	Scrape: https://www.exist.ru/Price/?pid=7CE08571
118	[2019-04-25] [10:35:17.128]		Start scraper
119	[2019-04-25] [10:35:17.128]	Get #priceBody.innerHTML
120	[2019-04-25] [10:35:17.173]	Page scrape 6 analogs
121	[2019-04-25] [10:35:17.175]	Scraping https://www.exist.ru from article #11 344884
122	[2019-04-25] [10:35:17.175]	Scraping article: #11 344884 | category: Амортизаторы | https://www.exist.ru/Price/?pcode=344884
123	[2019-04-25] [10:35:18.671]	https://www.exist.ru/Price/?pcode=344884 successfully opened
124	[2019-04-25] [10:35:18.671]	Wait for: 2108
125	[2019-04-25] [10:35:20.779]		Analyse page
126	[2019-04-25] [10:35:20.784]		Handle errors
127	[2019-04-25] [10:35:20.788]	Catalog links amount: 3
128	[2019-04-25] [10:35:20.789]	Link: #1 https://www.exist.ru/Price/?pid=31E0C9CC
129	[2019-04-25] [10:35:20.791]	Link: #2 https://www.exist.ru/Price/?pid=09B0D9D2
130	[2019-04-25] [10:35:20.792]	Link: #3 https://www.exist.ru/Price/?pid=59503C89
131	[2019-04-25] [10:35:20.793]	Category not found, download all links
132	[2019-04-25] [10:35:20.793]	Go to: https://www.exist.ru/Price/?pid=31E0C9CC
133	[2019-04-25] [10:35:22.207]	https://www.exist.ru/Price/?pid=31E0C9CC successfully opened
134	[2019-04-25] [10:35:22.207]		Analyse page
135	[2019-04-25] [10:35:22.210]		Handle errors
136	[2019-04-25] [10:35:22.210]	Banner detected
137	[2019-04-25] [10:35:22.211]	Wait for banner
138	[2019-04-25] [10:35:29.727]	Banner skiped
139	[2019-04-25] [10:35:29.727]	Wait for: 2266
140	[2019-04-25] [10:35:31.994]	Scrape: https://www.exist.ru/Price/?pid=31E0C9CC
141	[2019-04-25] [10:35:31.994]		Start scraper
142	[2019-04-25] [10:35:31.994]	Get #priceBody.innerHTML
143	[2019-04-25] [10:35:32.014]	Page scrape 2 analogs
144	[2019-04-25] [10:35:32.015]	Go to: https://www.exist.ru/Price/?pid=09B0D9D2
145	[2019-04-25] [10:35:33.413]	https://www.exist.ru/Price/?pid=09B0D9D2 successfully opened
146	[2019-04-25] [10:35:33.413]		Analyse page
147	[2019-04-25] [10:35:33.418]		Handle errors
148	[2019-04-25] [10:35:33.418]	Banner detected
149	[2019-04-25] [10:35:33.419]	Wait for banner
150	[2019-04-25] [10:35:41.087]	Banner skiped
151	[2019-04-25] [10:35:41.087]	Wait for: 2650
152	[2019-04-25] [10:35:43.740]	Scrape: https://www.exist.ru/Price/?pid=09B0D9D2
153	[2019-04-25] [10:35:43.740]		Start scraper
154	[2019-04-25] [10:35:43.740]	Get #priceBody.innerHTML
155	[2019-04-25] [10:35:43.783]	Page scrape 4 analogs
156	[2019-04-25] [10:35:43.783]	Go to: https://www.exist.ru/Price/?pid=59503C89
157	[2019-04-25] [10:35:44.890]	https://www.exist.ru/Price/?pid=59503C89 successfully opened
158	[2019-04-25] [10:35:44.890]		Analyse page
159	[2019-04-25] [10:35:44.895]		Handle errors
160	[2019-04-25] [10:35:44.895]	Banner detected
161	[2019-04-25] [10:35:44.896]	Wait for banner
162	[2019-04-25] [10:36:20.321]	TimeoutError: Navigation Timeout Exceeded: 30000ms exceeded
163	[2019-04-25] [10:36:29.037]	Open: https://www.exist.ru
164	[2019-04-25] [10:36:31.202]	https://www.exist.ru successfully opened
165	[2019-04-25] [10:36:32.202]	Source files/source/articles.xlsx loaded, length: 684
166	[2019-04-25] [10:36:32.203]	Start main sequence.
167	[2019-04-25] [10:36:32.203]	Scraping https://www.exist.ru from article #1 326012
168	[2019-04-25] [10:36:32.203]	Script execution finished.
169	[2019-04-25] [10:36:32.203]	***
