1	[2019-04-23] [07:20:23.590]	Start program
2	[2019-04-23] [07:20:27.215]	Open: https://exist.ru
3	[2019-04-23] [07:20:40.875]	https://exist.ru successfully opened
4	[2019-04-23] [07:21:31.741]	Login successfully.
5	[2019-04-23] [07:21:41.423]	Source files/source/articles.xlsx loaded, length: 684
6	[2019-04-23] [07:21:41.423]	Scraping https://exist.ru from article #1 326012
7	[2019-04-23] [07:21:41.424]	Start main sequence.
8	[2019-04-23] [07:21:41.424]	Scraping article: #1 326012 | category: Выжимные подшипники | https://exist.ru/Price/?pcode=326012
9	[2019-04-23] [07:21:46.499]	https://exist.ru/Price/?pcode=326012 successfully opened
10	[2019-04-23] [07:21:46.499]	Wait for: 1489
11	[2019-04-23] [07:21:47.989]		Analyse page
12	[2019-04-23] [07:21:47.992]		Handle errors
13	[2019-04-23] [07:21:48.024]	Catalog links amount: 8
14	[2019-04-23] [07:21:48.027]	Link: #1 https://exist.ru/Price/?pid=27606B9A
15	[2019-04-23] [07:21:48.029]	Link: #2 https://exist.ru/Price/?pid=FA208E7D
16	[2019-04-23] [07:21:48.029]	Link: #3 https://exist.ru/Price/?pid=57F0D215
17	[2019-04-23] [07:21:48.030]	Link: #4 https://exist.ru/Price/?pid=8800068C
18	[2019-04-23] [07:21:48.031]	Link: #5 https://exist.ru/Price/?pid=8EF07E11
19	[2019-04-23] [07:21:48.032]	Link: #6 https://exist.ru/Price/?pid=F360BBF5
20	[2019-04-23] [07:21:48.032]	Link: #7 https://exist.ru/Price/?pid=89A0B4E1
21	[2019-04-23] [07:21:48.033]	Link: #8 https://exist.ru/Price/?pid=A3805A60
22	[2019-04-23] [07:21:48.034]	Category not found, download all links
23	[2019-04-23] [07:21:48.034]	Go to: https://exist.ru/Price/?pid=27606B9A
24	[2019-04-23] [07:22:29.661]	https://exist.ru/Price/?pid=27606B9A successfully opened
25	[2019-04-23] [07:22:29.661]		Analyse page
26	[2019-04-23] [07:22:29.669]		Handle errors
27	[2019-04-23] [07:22:29.669]	Wait for: 1340
28	[2019-04-23] [07:22:31.009]	Scrape: https://exist.ru/Price/?pid=27606B9A
29	[2019-04-23] [07:22:31.009]		Start scraper
30	[2019-04-23] [07:22:31.019]	Get #priceBody.innerHTML
31	[2019-04-23] [07:22:31.023]	Error: Evaluation failed: ReferenceError: cheerio is not defined
    at __puppeteer_evaluation_script__:3:15
32	[2019-04-23] [07:22:31.023]	Write XLSX to: files/source/articles.xlsx
33	[2019-04-23] [07:22:31.076]	Write XLSX to: files/result/result.xlsx
34	[2019-04-23] [07:22:31.080]	Script execution finished.
35	[2019-04-23] [07:22:31.080]	***
36	[2019-04-23] [07:22:44.865]	Source files/source/articles.xlsx loaded, length: 684
37	[2019-04-23] [07:22:44.865]	Scraping https://exist.ru from article #1 326012
38	[2019-04-23] [07:22:44.865]	Start main sequence.
39	[2019-04-23] [07:22:44.865]	Scraping article: #1 326012 | category: Выжимные подшипники | https://exist.ru/Price/?pcode=326012
40	[2019-04-23] [07:22:47.722]	https://exist.ru/Price/?pcode=326012 successfully opened
41	[2019-04-23] [07:22:47.722]	Wait for: 1306
42	[2019-04-23] [07:22:49.028]		Analyse page
43	[2019-04-23] [07:22:49.030]		Handle errors
44	[2019-04-23] [07:22:49.041]	Catalog links amount: 8
45	[2019-04-23] [07:22:49.041]	Link: #1 https://exist.ru/Price/?pid=27606B9A
46	[2019-04-23] [07:22:49.043]	Link: #2 https://exist.ru/Price/?pid=FA208E7D
47	[2019-04-23] [07:22:49.044]	Link: #3 https://exist.ru/Price/?pid=57F0D215
48	[2019-04-23] [07:22:49.045]	Link: #4 https://exist.ru/Price/?pid=8800068C
49	[2019-04-23] [07:22:49.046]	Link: #5 https://exist.ru/Price/?pid=8EF07E11
50	[2019-04-23] [07:22:49.048]	Link: #6 https://exist.ru/Price/?pid=F360BBF5
51	[2019-04-23] [07:22:49.049]	Link: #7 https://exist.ru/Price/?pid=89A0B4E1
52	[2019-04-23] [07:22:49.051]	Link: #8 https://exist.ru/Price/?pid=A3805A60
53	[2019-04-23] [07:22:49.051]	Category not found, download all links
54	[2019-04-23] [07:22:49.051]	Go to: https://exist.ru/Price/?pid=27606B9A
55	[2019-04-23] [07:22:51.652]	https://exist.ru/Price/?pid=27606B9A successfully opened
56	[2019-04-23] [07:22:51.652]		Analyse page
57	[2019-04-23] [07:22:51.659]		Handle errors
58	[2019-04-23] [07:22:51.659]	Wait for: 1444
59	[2019-04-23] [07:22:53.103]	Scrape: https://exist.ru/Price/?pid=27606B9A
60	[2019-04-23] [07:22:53.103]		Start scraper
61	[2019-04-23] [07:22:53.112]	Get #priceBody.innerHTML
62	[2019-04-23] [07:22:53.115]	Error: Evaluation failed: ReferenceError: cheerio is not defined
    at __puppeteer_evaluation_script__:3:15
63	[2019-04-23] [07:22:53.116]	Write XLSX to: files/source/articles.xlsx
64	[2019-04-23] [07:22:53.209]	Write XLSX to: files/result/result.xlsx
65	[2019-04-23] [07:22:53.217]	Script execution finished.
66	[2019-04-23] [07:22:53.218]	***
