1	[2019-04-25] [13:45:37.631]	Start program
2	[2019-04-25] [13:45:39.998]	Open: https://www.exist.ru
3	[2019-04-25] [13:45:51.614]	https://www.exist.ru successfully opened
4	[2019-04-25] [13:46:05.861]	Source files/source/articles.xlsx loaded, length: 2
5	[2019-04-25] [13:46:05.861]	Start main sequence.
6	[2019-04-25] [13:46:05.861]	Scraping https://www.exist.ru from article #1 4014766073419
7	[2019-04-25] [13:46:05.862]	Scraping article: #1 4014766073419 | category: Масло | https://www.exist.ru/Price/?pcode=4014766073419
8	[2019-04-25] [13:46:12.673]	https://www.exist.ru/Price/?pcode=4014766073419 successfully opened
9	[2019-04-25] [13:46:12.674]	Wait for: 1133
10	[2019-04-25] [13:46:13.807]		Analyse page
11	[2019-04-25] [13:46:13.812]		Handle errors
12	[2019-04-25] [13:46:13.812]	Captcha cached
13	[2019-04-25] [13:46:13.812]	[object Object]
14	[2019-04-25] [13:46:13.814]	Script execution finished.
15	[2019-04-25] [13:46:52.743]	Source files/source/articles.xlsx loaded, length: 2
16	[2019-04-25] [13:46:52.744]	Start main sequence.
17	[2019-04-25] [13:46:52.744]	Scraping https://www.exist.ru from article #1 4014766073419
18	[2019-04-25] [13:46:52.744]	Scraping article: #1 4014766073419 | category: Масло | https://www.exist.ru/Price/?pcode=4014766073419
19	[2019-04-25] [13:46:55.068]	https://www.exist.ru/Price/?pcode=4014766073419 successfully opened
20	[2019-04-25] [13:46:55.069]	Wait for: 1022
21	[2019-04-25] [13:46:56.091]		Analyse page
22	[2019-04-25] [13:46:56.094]		Handle errors
23	[2019-04-25] [13:46:56.095]		Start scraper
24	[2019-04-25] [13:46:56.095]	Get #priceBody.innerHTML
25	[2019-04-25] [13:46:56.095]	Scraping https://www.exist.ru from article #2 352532
26	[2019-04-25] [13:46:56.096]	Scraping article: #2 352532 | category: пневматическая подвеска | https://www.exist.ru/Price/?pcode=352532
27	[2019-04-25] [13:46:56.150]	Page scrape 1 analogs
28	[2019-04-25] [13:46:57.356]	https://www.exist.ru/Price/?pcode=352532 successfully opened
29	[2019-04-25] [13:46:57.357]	Wait for: 1422
30	[2019-04-25] [13:46:58.779]		Analyse page
31	[2019-04-25] [13:46:58.783]		Handle errors
32	[2019-04-25] [13:46:58.783]		Start scraper
33	[2019-04-25] [13:46:58.783]	Get #priceBody.innerHTML
34	[2019-04-25] [13:46:58.784]	***
35	[2019-04-25] [13:46:58.785]	Script execution finished.
36	[2019-04-25] [13:46:58.819]	Page scrape 1 analogs
