1	[2019-04-23] [09:46:32.668]	Start program
2	[2019-04-23] [09:46:34.564]	Open: https://exist.ru
3	[2019-04-23] [09:46:57.013]	https://exist.ru successfully opened
4	[2019-04-23] [09:47:13.185]	Login successfully.
5	[2019-04-23] [09:47:18.868]	Source files/source/articles.xlsx loaded, length: 684
6	[2019-04-23] [09:47:18.868]	Results files/result/result.xlsx loaded, length: 2136
7	[2019-04-23] [09:47:18.868]	Scraping https://exist.ru from article #58 834126
8	[2019-04-23] [09:47:18.868]	Start main sequence.
9	[2019-04-23] [09:47:18.868]	Scraping article: #58 834126 | category: Фильтры воздушные двигателя | https://exist.ru/Price/?pcode=834126
10	[2019-04-23] [09:47:40.198]	https://exist.ru/Price/?pcode=834126 successfully opened
11	[2019-04-23] [09:47:40.198]	Wait for: 1129
12	[2019-04-23] [09:47:41.327]		Analyse page
13	[2019-04-23] [09:47:41.330]		Handle errors
14	[2019-04-23] [09:47:41.354]	Catalog links amount: 2
15	[2019-04-23] [09:47:41.356]	Link: #1 https://exist.ru/Price/?pid=E620958A
16	[2019-04-23] [09:47:41.357]	Link: #2 https://exist.ru/Price/?pid=1C40CA75
17	[2019-04-23] [09:47:41.357]	Category not found, download all links
18	[2019-04-23] [09:47:41.357]	Go to: https://exist.ru/Price/?pid=E620958A
19	[2019-04-23] [09:47:48.842]	https://exist.ru/Price/?pid=E620958A successfully opened
20	[2019-04-23] [09:47:48.842]		Analyse page
21	[2019-04-23] [09:47:48.847]		Handle errors
22	[2019-04-23] [09:47:48.847]	Banner detected
23	[2019-04-23] [09:47:48.849]	Wait for banner
