1	[2019-04-24] [10:25:09.355]	Start program
2	[2019-04-24] [10:25:10.994]	Open: https://www.exist.ru
3	[2019-04-24] [10:25:15.969]	https://www.exist.ru successfully opened
4	[2019-04-24] [10:25:19.045]	Source files/source/articles.xlsx loaded, length: 684
5	[2019-04-24] [10:25:19.046]	Results files/result/result.xlsx loaded, length: 3821
6	[2019-04-24] [10:25:19.046]	Scraping https://www.exist.ru from article #17 345135
7	[2019-04-24] [10:25:19.047]	Start main sequence.
8	[2019-04-24] [10:25:19.049]	Scraping article: #17 345135 | category: Амортизаторы | https://www.exist.ru/Price/?pcode=345135
9	[2019-04-24] [10:25:20.502]	https://www.exist.ru/Price/?pcode=345135 successfully opened
10	[2019-04-24] [10:25:20.502]	Wait for: 2760
11	[2019-04-24] [10:25:23.262]		Analyse page
12	[2019-04-24] [10:25:23.267]		Handle errors
13	[2019-04-24] [10:25:23.296]	Catalog links amount: 5
14	[2019-04-24] [10:25:23.300]	Link: #1 https://www.exist.ru/Price/?pid=10D0E1FA
15	[2019-04-24] [10:25:23.302]	Link: #2 https://www.exist.ru/Price/?pid=8DE008E0
16	[2019-04-24] [10:25:23.303]	Link: #3 https://www.exist.ru/Price/?pid=7FC0DA1B
17	[2019-04-24] [10:25:23.304]	Link: #4 https://www.exist.ru/Price/?pid=AAD05445
18	[2019-04-24] [10:25:23.306]	Link: #5 https://www.exist.ru/Price/?pid=CAB0A095
19	[2019-04-24] [10:25:23.306]	Category not found, download all links
20	[2019-04-24] [10:25:23.306]	Go to: https://www.exist.ru/Price/?pid=10D0E1FA
21	[2019-04-24] [10:25:24.779]	https://www.exist.ru/Price/?pid=10D0E1FA successfully opened
22	[2019-04-24] [10:25:24.779]		Analyse page
23	[2019-04-24] [10:25:24.781]		Handle errors
24	[2019-04-24] [10:25:24.782]	Wait for: 2646
25	[2019-04-24] [10:25:27.427]	Scrape: https://www.exist.ru/Price/?pid=10D0E1FA
26	[2019-04-24] [10:25:27.428]		Start scraper
27	[2019-04-24] [10:25:27.428]	Get #priceBody.innerHTML
28	[2019-04-24] [10:25:27.456]	Page scrape 2 analogs
29	[2019-04-24] [10:25:27.457]	Go to: https://www.exist.ru/Price/?pid=8DE008E0
30	[2019-04-24] [10:25:28.770]	https://www.exist.ru/Price/?pid=8DE008E0 successfully opened
31	[2019-04-24] [10:25:28.770]		Analyse page
32	[2019-04-24] [10:25:28.776]		Handle errors
33	[2019-04-24] [10:25:28.776]	Wait for: 2633
34	[2019-04-24] [10:25:31.409]	Scrape: https://www.exist.ru/Price/?pid=8DE008E0
35	[2019-04-24] [10:25:31.410]		Start scraper
36	[2019-04-24] [10:25:31.410]	Get #priceBody.innerHTML
37	[2019-04-24] [10:25:31.435]	Page scrape 2 analogs
38	[2019-04-24] [10:25:31.435]	Go to: https://www.exist.ru/Price/?pid=7FC0DA1B
39	[2019-04-24] [10:25:32.884]	https://www.exist.ru/Price/?pid=7FC0DA1B successfully opened
40	[2019-04-24] [10:25:32.884]		Analyse page
41	[2019-04-24] [10:25:32.887]		Handle errors
42	[2019-04-24] [10:25:32.887]	Wait for: 2843
43	[2019-04-24] [10:25:35.731]	Scrape: https://www.exist.ru/Price/?pid=7FC0DA1B
44	[2019-04-24] [10:25:35.731]		Start scraper
45	[2019-04-24] [10:25:35.731]	Get #priceBody.innerHTML
46	[2019-04-24] [10:25:35.755]	Page scrape 2 analogs
47	[2019-04-24] [10:25:35.755]	Go to: https://www.exist.ru/Price/?pid=AAD05445
48	[2019-04-24] [10:25:37.141]	https://www.exist.ru/Price/?pid=AAD05445 successfully opened
49	[2019-04-24] [10:25:37.141]		Analyse page
50	[2019-04-24] [10:25:37.149]		Handle errors
51	[2019-04-24] [10:25:37.149]	Wait for: 2489
52	[2019-04-24] [10:25:39.638]	Scrape: https://www.exist.ru/Price/?pid=AAD05445
53	[2019-04-24] [10:25:39.638]		Start scraper
54	[2019-04-24] [10:25:39.638]	Get #priceBody.innerHTML
55	[2019-04-24] [10:25:39.653]	Page scrape 1 analogs
56	[2019-04-24] [10:25:39.653]	Go to: https://www.exist.ru/Price/?pid=CAB0A095
57	[2019-04-24] [10:25:41.335]	https://www.exist.ru/Price/?pid=CAB0A095 successfully opened
58	[2019-04-24] [10:25:41.335]		Analyse page
59	[2019-04-24] [10:25:41.343]		Handle errors
60	[2019-04-24] [10:25:41.343]	Wait for: 2170
61	[2019-04-24] [10:25:43.513]	Scrape: https://www.exist.ru/Price/?pid=CAB0A095
62	[2019-04-24] [10:25:43.513]		Start scraper
63	[2019-04-24] [10:25:43.513]	Get #priceBody.innerHTML
64	[2019-04-24] [10:25:43.531]	Page scrape 3 analogs
65	[2019-04-24] [10:25:43.532]	Scraping article: #18 345136 | category: Амортизаторы | https://www.exist.ru/Price/?pcode=345136
66	[2019-04-24] [10:25:44.619]	https://www.exist.ru/Price/?pcode=345136 successfully opened
67	[2019-04-24] [10:25:44.619]	Wait for: 2039
68	[2019-04-24] [10:25:46.657]		Analyse page
69	[2019-04-24] [10:25:46.659]		Handle errors
70	[2019-04-24] [10:25:46.664]	Catalog links amount: 4
71	[2019-04-24] [10:25:46.665]	Link: #1 https://www.exist.ru/Price/?pid=0C20E1FA
72	[2019-04-24] [10:25:46.666]	Link: #2 https://www.exist.ru/Price/?pid=DBA0E0F0
73	[2019-04-24] [10:25:46.667]	Link: #3 https://www.exist.ru/Price/?pid=AB005445
74	[2019-04-24] [10:25:46.668]	Link: #4 https://www.exist.ru/Price/?pid=CAE0A095
75	[2019-04-24] [10:25:46.669]	Category not found, download all links
76	[2019-04-24] [10:25:46.669]	Go to: https://www.exist.ru/Price/?pid=0C20E1FA
77	[2019-04-24] [10:25:48.014]	https://www.exist.ru/Price/?pid=0C20E1FA successfully opened
78	[2019-04-24] [10:25:48.014]		Analyse page
79	[2019-04-24] [10:25:48.019]		Handle errors
80	[2019-04-24] [10:25:48.019]	Wait for: 2315
81	[2019-04-24] [10:25:50.334]	Scrape: https://www.exist.ru/Price/?pid=0C20E1FA
82	[2019-04-24] [10:25:50.334]		Start scraper
83	[2019-04-24] [10:25:50.334]	Get #priceBody.innerHTML
84	[2019-04-24] [10:25:50.354]	Page scrape 2 analogs
85	[2019-04-24] [10:25:50.355]	Go to: https://www.exist.ru/Price/?pid=DBA0E0F0
86	[2019-04-24] [10:25:51.759]	https://www.exist.ru/Price/?pid=DBA0E0F0 successfully opened
87	[2019-04-24] [10:25:51.759]		Analyse page
88	[2019-04-24] [10:25:51.764]		Handle errors
89	[2019-04-24] [10:25:51.764]	Wait for: 2945
90	[2019-04-24] [10:25:54.709]	Scrape: https://www.exist.ru/Price/?pid=DBA0E0F0
91	[2019-04-24] [10:25:54.709]		Start scraper
92	[2019-04-24] [10:25:54.709]	Get #priceBody.innerHTML
93	[2019-04-24] [10:25:54.728]	Page scrape 2 analogs
94	[2019-04-24] [10:25:54.728]	Go to: https://www.exist.ru/Price/?pid=AB005445
95	[2019-04-24] [10:25:55.996]	https://www.exist.ru/Price/?pid=AB005445 successfully opened
96	[2019-04-24] [10:25:55.996]		Analyse page
97	[2019-04-24] [10:25:55.998]		Handle errors
98	[2019-04-24] [10:25:55.998]	Wait for: 2932
99	[2019-04-24] [10:25:58.930]	Scrape: https://www.exist.ru/Price/?pid=AB005445
100	[2019-04-24] [10:25:58.931]		Start scraper
101	[2019-04-24] [10:25:58.931]	Get #priceBody.innerHTML
102	[2019-04-24] [10:25:58.942]	Page scrape 1 analogs
103	[2019-04-24] [10:25:58.942]	Go to: https://www.exist.ru/Price/?pid=CAE0A095
104	[2019-04-24] [10:26:00.144]	https://www.exist.ru/Price/?pid=CAE0A095 successfully opened
105	[2019-04-24] [10:26:00.144]		Analyse page
106	[2019-04-24] [10:26:00.147]		Handle errors
107	[2019-04-24] [10:26:00.147]	Wait for: 2415
108	[2019-04-24] [10:26:02.563]	Scrape: https://www.exist.ru/Price/?pid=CAE0A095
109	[2019-04-24] [10:26:02.563]		Start scraper
110	[2019-04-24] [10:26:02.563]	Get #priceBody.innerHTML
111	[2019-04-24] [10:26:02.601]	Page scrape 7 analogs
112	[2019-04-24] [10:26:02.603]	Scraping article: #19 345137 | category: Амортизаторы | https://www.exist.ru/Price/?pcode=345137
113	[2019-04-24] [10:26:03.619]	https://www.exist.ru/Price/?pcode=345137 successfully opened
114	[2019-04-24] [10:26:03.619]	Wait for: 2780
115	[2019-04-24] [10:26:06.400]		Analyse page
116	[2019-04-24] [10:26:06.402]		Handle errors
117	[2019-04-24] [10:26:06.406]	Catalog links amount: 5
118	[2019-04-24] [10:26:06.407]	Link: #1 https://www.exist.ru/Price/?pid=1130E1FA
119	[2019-04-24] [10:26:06.408]	Link: #2 https://www.exist.ru/Price/?pid=8E1008E0
120	[2019-04-24] [10:26:06.409]	Link: #3 https://www.exist.ru/Price/?pid=DD20E0F0
121	[2019-04-24] [10:26:06.410]	Link: #4 https://www.exist.ru/Price/?pid=AC805445
122	[2019-04-24] [10:26:06.411]	Link: #5 https://www.exist.ru/Price/?pid=CB10A095
123	[2019-04-24] [10:26:06.411]	Category not found, download all links
124	[2019-04-24] [10:26:06.411]	Go to: https://www.exist.ru/Price/?pid=1130E1FA
125	[2019-04-24] [10:26:07.983]	https://www.exist.ru/Price/?pid=1130E1FA successfully opened
126	[2019-04-24] [10:26:07.984]		Analyse page
127	[2019-04-24] [10:26:07.987]		Handle errors
128	[2019-04-24] [10:26:07.987]	Wait for: 2181
129	[2019-04-24] [10:26:10.156]	Scrape: https://www.exist.ru/Price/?pid=1130E1FA
130	[2019-04-24] [10:26:10.156]		Start scraper
131	[2019-04-24] [10:26:10.157]	Get #priceBody.innerHTML
132	[2019-04-24] [10:26:10.173]	Page scrape 2 analogs
133	[2019-04-24] [10:26:10.173]	Go to: https://www.exist.ru/Price/?pid=8E1008E0
134	[2019-04-24] [10:26:11.464]	https://www.exist.ru/Price/?pid=8E1008E0 successfully opened
135	[2019-04-24] [10:26:11.464]		Analyse page
136	[2019-04-24] [10:26:11.468]		Handle errors
137	[2019-04-24] [10:26:11.469]	Wait for: 2134
138	[2019-04-24] [10:26:13.603]	Scrape: https://www.exist.ru/Price/?pid=8E1008E0
139	[2019-04-24] [10:26:13.603]		Start scraper
140	[2019-04-24] [10:26:13.603]	Get #priceBody.innerHTML
141	[2019-04-24] [10:26:13.630]	Page scrape 2 analogs
142	[2019-04-24] [10:26:13.630]	Go to: https://www.exist.ru/Price/?pid=DD20E0F0
143	[2019-04-24] [10:26:14.936]	https://www.exist.ru/Price/?pid=DD20E0F0 successfully opened
144	[2019-04-24] [10:26:14.936]		Analyse page
145	[2019-04-24] [10:26:14.938]		Handle errors
146	[2019-04-24] [10:26:14.938]	Wait for: 2152
147	[2019-04-24] [10:26:17.090]	Scrape: https://www.exist.ru/Price/?pid=DD20E0F0
148	[2019-04-24] [10:26:17.090]		Start scraper
149	[2019-04-24] [10:26:17.090]	Get #priceBody.innerHTML
150	[2019-04-24] [10:26:17.117]	Page scrape 2 analogs
151	[2019-04-24] [10:26:17.117]	Go to: https://www.exist.ru/Price/?pid=AC805445
152	[2019-04-24] [10:26:18.244]	https://www.exist.ru/Price/?pid=AC805445 successfully opened
153	[2019-04-24] [10:26:18.244]		Analyse page
154	[2019-04-24] [10:26:18.248]		Handle errors
155	[2019-04-24] [10:26:18.248]	Wait for: 2176
156	[2019-04-24] [10:26:20.424]	Scrape: https://www.exist.ru/Price/?pid=AC805445
157	[2019-04-24] [10:26:20.424]		Start scraper
158	[2019-04-24] [10:26:20.424]	Get #priceBody.innerHTML
159	[2019-04-24] [10:26:20.435]	Page scrape 1 analogs
160	[2019-04-24] [10:26:20.435]	Go to: https://www.exist.ru/Price/?pid=CB10A095
161	[2019-04-24] [10:26:21.937]	https://www.exist.ru/Price/?pid=CB10A095 successfully opened
162	[2019-04-24] [10:26:21.937]		Analyse page
163	[2019-04-24] [10:26:21.939]		Handle errors
164	[2019-04-24] [10:26:21.939]	Wait for: 2171
165	[2019-04-24] [10:26:24.110]	Scrape: https://www.exist.ru/Price/?pid=CB10A095
166	[2019-04-24] [10:26:24.110]		Start scraper
167	[2019-04-24] [10:26:24.110]	Get #priceBody.innerHTML
168	[2019-04-24] [10:26:24.131]	Page scrape 2 analogs
169	[2019-04-24] [10:26:24.133]	Scraping article: #20 350176 | category: Рычаги подвески | https://www.exist.ru/Price/?pcode=350176
170	[2019-04-24] [10:26:25.167]	https://www.exist.ru/Price/?pcode=350176 successfully opened
171	[2019-04-24] [10:26:25.167]	Wait for: 2114
172	[2019-04-24] [10:26:27.282]		Analyse page
173	[2019-04-24] [10:26:27.284]		Handle errors
174	[2019-04-24] [10:26:27.292]	Catalog links amount: 12
175	[2019-04-24] [10:26:27.293]	Link: #1 https://www.exist.ru/Price/?pid=1AD0690F
176	[2019-04-24] [10:26:27.294]	Link: #2 https://www.exist.ru/Price/?pid=1B10AF13
177	[2019-04-24] [10:26:27.295]	Link: #3 https://www.exist.ru/Price/?pid=AAE0AE7D
178	[2019-04-24] [10:26:27.296]	Link: #4 https://www.exist.ru/Price/?pid=97B002D6
179	[2019-04-24] [10:26:27.297]	Link: #5 https://www.exist.ru/Price/?pid=F4D0A285
180	[2019-04-24] [10:26:27.298]	Link: #6 https://www.exist.ru/Price/?pid=B220A6E0
181	[2019-04-24] [10:26:27.299]	Link: #7 https://www.exist.ru/Price/?pid=59C0654A
182	[2019-04-24] [10:26:27.300]	Link: #8 https://www.exist.ru/Price/?pid=E640A7CA
183	[2019-04-24] [10:26:27.301]	Link: #9 https://www.exist.ru/Price/?pid=E590BF5D
184	[2019-04-24] [10:26:27.302]	Link: #10 https://www.exist.ru/Price/?pid=69608BB3
185	[2019-04-24] [10:26:27.303]	Link: #11 https://www.exist.ru/Price/?pid=E15017BC
186	[2019-04-24] [10:26:27.304]	Link: #12 https://www.exist.ru/Price/?pid=61C0B531
187	[2019-04-24] [10:26:27.305]	Category not found, download all links
188	[2019-04-24] [10:26:27.305]	Go to: https://www.exist.ru/Price/?pid=1AD0690F
189	[2019-04-24] [10:26:28.507]	https://www.exist.ru/Price/?pid=1AD0690F successfully opened
190	[2019-04-24] [10:26:28.507]		Analyse page
191	[2019-04-24] [10:26:28.511]		Handle errors
192	[2019-04-24] [10:26:28.511]	Wait for: 2747
193	[2019-04-24] [10:26:31.258]	Scrape: https://www.exist.ru/Price/?pid=1AD0690F
194	[2019-04-24] [10:26:31.258]		Start scraper
195	[2019-04-24] [10:26:31.258]	Get #priceBody.innerHTML
196	[2019-04-24] [10:26:31.282]	Page scrape 3 analogs
197	[2019-04-24] [10:26:31.282]	Go to: https://www.exist.ru/Price/?pid=1B10AF13
198	[2019-04-24] [10:26:32.633]	https://www.exist.ru/Price/?pid=1B10AF13 successfully opened
199	[2019-04-24] [10:26:32.633]		Analyse page
200	[2019-04-24] [10:26:32.635]		Handle errors
201	[2019-04-24] [10:26:32.635]	Wait for: 2263
202	[2019-04-24] [10:26:34.897]	Scrape: https://www.exist.ru/Price/?pid=1B10AF13
203	[2019-04-24] [10:26:34.898]		Start scraper
204	[2019-04-24] [10:26:34.898]	Get #priceBody.innerHTML
205	[2019-04-24] [10:26:34.910]	Page scrape 1 analogs
206	[2019-04-24] [10:26:34.911]	Go to: https://www.exist.ru/Price/?pid=AAE0AE7D
207	[2019-04-24] [10:26:36.222]	https://www.exist.ru/Price/?pid=AAE0AE7D successfully opened
208	[2019-04-24] [10:26:36.223]		Analyse page
209	[2019-04-24] [10:26:36.229]		Handle errors
210	[2019-04-24] [10:26:36.229]	Wait for: 2054
211	[2019-04-24] [10:26:38.282]	Scrape: https://www.exist.ru/Price/?pid=AAE0AE7D
212	[2019-04-24] [10:26:38.283]		Start scraper
213	[2019-04-24] [10:26:38.283]	Get #priceBody.innerHTML
214	[2019-04-24] [10:26:38.288]	Page scrape 1 analogs
215	[2019-04-24] [10:26:38.289]	Go to: https://www.exist.ru/Price/?pid=97B002D6
216	[2019-04-24] [10:26:39.462]	https://www.exist.ru/Price/?pid=97B002D6 successfully opened
217	[2019-04-24] [10:26:39.462]		Analyse page
218	[2019-04-24] [10:26:39.471]		Handle errors
219	[2019-04-24] [10:26:39.471]	Wait for: 2777
220	[2019-04-24] [10:26:42.249]	Scrape: https://www.exist.ru/Price/?pid=97B002D6
221	[2019-04-24] [10:26:42.249]		Start scraper
222	[2019-04-24] [10:26:42.249]	Get #priceBody.innerHTML
223	[2019-04-24] [10:26:42.258]	Page scrape 1 analogs
224	[2019-04-24] [10:26:42.258]	Go to: https://www.exist.ru/Price/?pid=F4D0A285
225	[2019-04-24] [10:26:43.546]	https://www.exist.ru/Price/?pid=F4D0A285 successfully opened
226	[2019-04-24] [10:26:43.546]		Analyse page
227	[2019-04-24] [10:26:43.549]		Handle errors
228	[2019-04-24] [10:26:43.549]	Wait for: 2222
229	[2019-04-24] [10:26:45.771]	Scrape: https://www.exist.ru/Price/?pid=F4D0A285
230	[2019-04-24] [10:26:45.771]		Start scraper
231	[2019-04-24] [10:26:45.771]	Get #priceBody.innerHTML
232	[2019-04-24] [10:26:45.785]	Page scrape 2 analogs
233	[2019-04-24] [10:26:45.785]	Go to: https://www.exist.ru/Price/?pid=B220A6E0
234	[2019-04-24] [10:26:46.958]	https://www.exist.ru/Price/?pid=B220A6E0 successfully opened
235	[2019-04-24] [10:26:46.958]		Analyse page
236	[2019-04-24] [10:26:46.963]		Handle errors
237	[2019-04-24] [10:26:46.964]	Wait for: 2236
238	[2019-04-24] [10:26:49.200]	Scrape: https://www.exist.ru/Price/?pid=B220A6E0
239	[2019-04-24] [10:26:49.200]		Start scraper
240	[2019-04-24] [10:26:49.200]	Get #priceBody.innerHTML
241	[2019-04-24] [10:26:49.208]	Page scrape 1 analogs
242	[2019-04-24] [10:26:49.208]	Go to: https://www.exist.ru/Price/?pid=59C0654A
243	[2019-04-24] [10:26:50.477]	https://www.exist.ru/Price/?pid=59C0654A successfully opened
244	[2019-04-24] [10:26:50.477]		Analyse page
245	[2019-04-24] [10:26:50.480]		Handle errors
246	[2019-04-24] [10:26:50.480]	Wait for: 2187
247	[2019-04-24] [10:26:52.667]	Scrape: https://www.exist.ru/Price/?pid=59C0654A
248	[2019-04-24] [10:26:52.667]		Start scraper
249	[2019-04-24] [10:26:52.667]	Get #priceBody.innerHTML
250	[2019-04-24] [10:26:52.686]	Page scrape 2 analogs
251	[2019-04-24] [10:26:52.687]	Go to: https://www.exist.ru/Price/?pid=E640A7CA
252	[2019-04-24] [10:26:53.969]	https://www.exist.ru/Price/?pid=E640A7CA successfully opened
253	[2019-04-24] [10:26:53.970]		Analyse page
254	[2019-04-24] [10:26:53.982]		Handle errors
255	[2019-04-24] [10:26:53.982]	Wait for: 2677
256	[2019-04-24] [10:26:56.660]	Scrape: https://www.exist.ru/Price/?pid=E640A7CA
257	[2019-04-24] [10:26:56.660]		Start scraper
258	[2019-04-24] [10:26:56.660]	Get #priceBody.innerHTML
259	[2019-04-24] [10:26:56.669]	Page scrape 1 analogs
260	[2019-04-24] [10:26:56.669]	Go to: https://www.exist.ru/Price/?pid=E590BF5D
261	[2019-04-24] [10:26:57.966]	https://www.exist.ru/Price/?pid=E590BF5D successfully opened
262	[2019-04-24] [10:26:57.966]		Analyse page
263	[2019-04-24] [10:26:57.972]		Handle errors
264	[2019-04-24] [10:26:57.972]	Wait for: 2691
265	[2019-04-24] [10:27:00.663]	Scrape: https://www.exist.ru/Price/?pid=E590BF5D
266	[2019-04-24] [10:27:00.664]		Start scraper
267	[2019-04-24] [10:27:00.664]	Get #priceBody.innerHTML
268	[2019-04-24] [10:27:00.686]	Page scrape 1 analogs
269	[2019-04-24] [10:27:00.686]	Go to: https://www.exist.ru/Price/?pid=69608BB3
270	[2019-04-24] [10:27:01.999]	https://www.exist.ru/Price/?pid=69608BB3 successfully opened
271	[2019-04-24] [10:27:01.999]		Analyse page
272	[2019-04-24] [10:27:02.006]		Handle errors
273	[2019-04-24] [10:27:02.006]	Wait for: 2870
274	[2019-04-24] [10:27:04.875]	Scrape: https://www.exist.ru/Price/?pid=69608BB3
275	[2019-04-24] [10:27:04.876]		Start scraper
276	[2019-04-24] [10:27:04.876]	Get #priceBody.innerHTML
277	[2019-04-24] [10:27:04.906]	Page scrape 1 analogs
278	[2019-04-24] [10:27:04.906]	Go to: https://www.exist.ru/Price/?pid=E15017BC
279	[2019-04-24] [10:27:06.094]	https://www.exist.ru/Price/?pid=E15017BC successfully opened
280	[2019-04-24] [10:27:06.094]		Analyse page
281	[2019-04-24] [10:27:06.099]		Handle errors
282	[2019-04-24] [10:27:06.099]	Wait for: 2983
283	[2019-04-24] [10:27:09.082]	Scrape: https://www.exist.ru/Price/?pid=E15017BC
284	[2019-04-24] [10:27:09.082]		Start scraper
285	[2019-04-24] [10:27:09.082]	Get #priceBody.innerHTML
286	[2019-04-24] [10:27:09.094]	Page scrape 1 analogs
287	[2019-04-24] [10:27:09.094]	Go to: https://www.exist.ru/Price/?pid=61C0B531
288	[2019-04-24] [10:27:10.272]	https://www.exist.ru/Price/?pid=61C0B531 successfully opened
289	[2019-04-24] [10:27:10.273]		Analyse page
290	[2019-04-24] [10:27:10.282]		Handle errors
291	[2019-04-24] [10:27:10.282]	Wait for: 2670
292	[2019-04-24] [10:27:12.958]	Scrape: https://www.exist.ru/Price/?pid=61C0B531
293	[2019-04-24] [10:27:12.958]		Start scraper
294	[2019-04-24] [10:27:12.959]	Get #priceBody.innerHTML
295	[2019-04-24] [10:27:12.972]	Page scrape 1 analogs
296	[2019-04-24] [10:27:12.974]	Scraping article: #21 350617 | category: Рычаги подвески | https://www.exist.ru/Price/?pcode=350617
297	[2019-04-24] [10:27:13.969]	https://www.exist.ru/Price/?pcode=350617 successfully opened
298	[2019-04-24] [10:27:13.969]	Wait for: 2118
299	[2019-04-24] [10:27:16.087]		Analyse page
300	[2019-04-24] [10:27:16.088]		Handle errors
301	[2019-04-24] [10:27:16.090]	Catalog links amount: 4
302	[2019-04-24] [10:27:16.091]	Link: #1 https://www.exist.ru/Price/?pid=76C0AF13
303	[2019-04-24] [10:27:16.091]	Link: #2 https://www.exist.ru/Price/?pid=B4B0E344
304	[2019-04-24] [10:27:16.092]	Link: #3 https://www.exist.ru/Price/?pid=F2106552
305	[2019-04-24] [10:27:16.092]	Link: #4 https://www.exist.ru/Price/?pid=83D0A81E
306	[2019-04-24] [10:27:16.092]	Category not found, download all links
307	[2019-04-24] [10:27:16.092]	Go to: https://www.exist.ru/Price/?pid=76C0AF13
308	[2019-04-24] [10:27:17.347]	https://www.exist.ru/Price/?pid=76C0AF13 successfully opened
309	[2019-04-24] [10:27:17.347]		Analyse page
310	[2019-04-24] [10:27:17.351]		Handle errors
311	[2019-04-24] [10:27:17.351]	Wait for: 2831
312	[2019-04-24] [10:27:20.183]	Scrape: https://www.exist.ru/Price/?pid=76C0AF13
313	[2019-04-24] [10:27:20.183]		Start scraper
314	[2019-04-24] [10:27:20.183]	Get #priceBody.innerHTML
315	[2019-04-24] [10:27:20.192]	Page scrape 1 analogs
316	[2019-04-24] [10:27:20.192]	Go to: https://www.exist.ru/Price/?pid=B4B0E344
317	[2019-04-24] [10:27:21.460]	https://www.exist.ru/Price/?pid=B4B0E344 successfully opened
318	[2019-04-24] [10:27:21.460]		Analyse page
319	[2019-04-24] [10:27:21.469]		Handle errors
320	[2019-04-24] [10:27:21.469]	Wait for: 2852
321	[2019-04-24] [10:27:24.321]	Scrape: https://www.exist.ru/Price/?pid=B4B0E344
322	[2019-04-24] [10:27:24.321]		Start scraper
323	[2019-04-24] [10:27:24.321]	Get #priceBody.innerHTML
324	[2019-04-24] [10:27:24.332]	Page scrape 1 analogs
325	[2019-04-24] [10:27:24.332]	Go to: https://www.exist.ru/Price/?pid=F2106552
326	[2019-04-24] [10:27:25.705]	https://www.exist.ru/Price/?pid=F2106552 successfully opened
327	[2019-04-24] [10:27:25.706]		Analyse page
328	[2019-04-24] [10:27:25.708]		Handle errors
329	[2019-04-24] [10:27:25.708]	Wait for: 2404
330	[2019-04-24] [10:27:28.112]	Scrape: https://www.exist.ru/Price/?pid=F2106552
331	[2019-04-24] [10:27:28.112]		Start scraper
332	[2019-04-24] [10:27:28.112]	Get #priceBody.innerHTML
333	[2019-04-24] [10:27:28.162]	Page scrape 6 analogs
334	[2019-04-24] [10:27:28.162]	Go to: https://www.exist.ru/Price/?pid=83D0A81E
335	[2019-04-24] [10:27:29.698]	https://www.exist.ru/Price/?pid=83D0A81E successfully opened
336	[2019-04-24] [10:27:29.698]		Analyse page
337	[2019-04-24] [10:27:29.714]		Handle errors
338	[2019-04-24] [10:27:29.715]	Wait for: 2285
339	[2019-04-24] [10:27:31.999]	Scrape: https://www.exist.ru/Price/?pid=83D0A81E
340	[2019-04-24] [10:27:32.000]		Start scraper
341	[2019-04-24] [10:27:32.000]	Get #priceBody.innerHTML
342	[2019-04-24] [10:27:32.008]	Page scrape 1 analogs
343	[2019-04-24] [10:27:32.010]	Scraping article: #22 352532 | category: Рычаги подвески | https://www.exist.ru/Price/?pcode=352532
344	[2019-04-24] [10:27:33.138]	https://www.exist.ru/Price/?pcode=352532 successfully opened
345	[2019-04-24] [10:27:33.138]	Wait for: 2350
346	[2019-04-24] [10:27:35.488]		Analyse page
347	[2019-04-24] [10:27:35.490]		Handle errors
348	[2019-04-24] [10:27:35.490]		Start scraper
349	[2019-04-24] [10:27:35.490]	Get #priceBody.innerHTML
350	[2019-04-24] [10:27:35.492]	Scraping article: #23 352800 | category: Рычаги подвески | https://www.exist.ru/Price/?pcode=352800
351	[2019-04-24] [10:27:35.511]	Page scrape 1 analogs
352	[2019-04-24] [10:27:36.595]	https://www.exist.ru/Price/?pcode=352800 successfully opened
353	[2019-04-24] [10:27:36.595]	Wait for: 2762
354	[2019-04-24] [10:27:39.357]		Analyse page
355	[2019-04-24] [10:27:39.359]		Handle errors
356	[2019-04-24] [10:27:39.365]	Catalog links amount: 10
357	[2019-04-24] [10:27:39.365]	Link: #1 https://www.exist.ru/Price/?pid=BFF03019
358	[2019-04-24] [10:27:39.366]	Link: #2 https://www.exist.ru/Price/?pid=21E0AE7F
359	[2019-04-24] [10:27:39.367]	Link: #3 https://www.exist.ru/Price/?pid=3C20D267
360	[2019-04-24] [10:27:39.368]	Link: #4 https://www.exist.ru/Price/?pid=E1D0D63D
361	[2019-04-24] [10:27:39.369]	Link: #5 https://www.exist.ru/Price/?pid=C080D3B4
362	[2019-04-24] [10:27:39.370]	Link: #6 https://www.exist.ru/Price/?pid=3EB0595D
363	[2019-04-24] [10:27:39.372]	Link: #7 https://www.exist.ru/Price/?pid=CF80A9E4
364	[2019-04-24] [10:27:39.373]	Link: #8 https://www.exist.ru/Price/?pid=BF40E343
365	[2019-04-24] [10:27:39.374]	Link: #9 https://www.exist.ru/Price/?pid=FFA0CE60
366	[2019-04-24] [10:27:39.374]	Link: #10 https://www.exist.ru/Price/?pid=99D0C26C
367	[2019-04-24] [10:27:39.375]	Category not found, download all links
368	[2019-04-24] [10:27:39.375]	Go to: https://www.exist.ru/Price/?pid=BFF03019
369	[2019-04-24] [10:27:40.682]	https://www.exist.ru/Price/?pid=BFF03019 successfully opened
370	[2019-04-24] [10:27:40.682]		Analyse page
371	[2019-04-24] [10:27:40.685]		Handle errors
372	[2019-04-24] [10:27:40.685]	Wait for: 2517
373	[2019-04-24] [10:27:43.203]	Scrape: https://www.exist.ru/Price/?pid=BFF03019
374	[2019-04-24] [10:27:43.203]		Start scraper
375	[2019-04-24] [10:27:43.203]	Get #priceBody.innerHTML
376	[2019-04-24] [10:27:43.211]	Page scrape 1 analogs
377	[2019-04-24] [10:27:43.211]	Go to: https://www.exist.ru/Price/?pid=21E0AE7F
378	[2019-04-24] [10:27:44.355]	https://www.exist.ru/Price/?pid=21E0AE7F successfully opened
379	[2019-04-24] [10:27:44.355]		Analyse page
380	[2019-04-24] [10:27:44.358]		Handle errors
381	[2019-04-24] [10:27:44.358]	Wait for: 2054
382	[2019-04-24] [10:27:46.414]	Scrape: https://www.exist.ru/Price/?pid=21E0AE7F
383	[2019-04-24] [10:27:46.414]		Start scraper
384	[2019-04-24] [10:27:46.421]	Get #priceBody.innerHTML
385	[2019-04-24] [10:27:46.430]	Page scrape 1 analogs
386	[2019-04-24] [10:27:46.431]	Go to: https://www.exist.ru/Price/?pid=3C20D267
387	[2019-04-24] [10:27:47.595]	https://www.exist.ru/Price/?pid=3C20D267 successfully opened
388	[2019-04-24] [10:27:47.595]		Analyse page
389	[2019-04-24] [10:27:47.599]		Handle errors
390	[2019-04-24] [10:27:47.599]	Wait for: 2252
391	[2019-04-24] [10:27:49.851]	Scrape: https://www.exist.ru/Price/?pid=3C20D267
392	[2019-04-24] [10:27:49.851]		Start scraper
393	[2019-04-24] [10:27:49.851]	Get #priceBody.innerHTML
394	[2019-04-24] [10:27:49.860]	Page scrape 1 analogs
395	[2019-04-24] [10:27:49.860]	Go to: https://www.exist.ru/Price/?pid=E1D0D63D
396	[2019-04-24] [10:27:51.408]	https://www.exist.ru/Price/?pid=E1D0D63D successfully opened
397	[2019-04-24] [10:27:51.408]		Analyse page
398	[2019-04-24] [10:27:51.419]		Handle errors
399	[2019-04-24] [10:27:51.419]	Wait for: 2964
400	[2019-04-24] [10:27:54.383]	Scrape: https://www.exist.ru/Price/?pid=E1D0D63D
401	[2019-04-24] [10:27:54.383]		Start scraper
402	[2019-04-24] [10:27:54.383]	Get #priceBody.innerHTML
403	[2019-04-24] [10:27:54.508]	Page scrape 18 analogs
404	[2019-04-24] [10:27:54.508]	Go to: https://www.exist.ru/Price/?pid=C080D3B4
405	[2019-04-24] [10:27:55.788]	https://www.exist.ru/Price/?pid=C080D3B4 successfully opened
406	[2019-04-24] [10:27:55.788]		Analyse page
407	[2019-04-24] [10:27:55.792]		Handle errors
408	[2019-04-24] [10:27:55.792]	Wait for: 2879
409	[2019-04-24] [10:27:58.670]	Scrape: https://www.exist.ru/Price/?pid=C080D3B4
410	[2019-04-24] [10:27:58.671]		Start scraper
411	[2019-04-24] [10:27:58.671]	Get #priceBody.innerHTML
412	[2019-04-24] [10:27:58.679]	Page scrape 3 analogs
413	[2019-04-24] [10:27:58.679]	Go to: https://www.exist.ru/Price/?pid=3EB0595D
414	[2019-04-24] [10:28:00.051]	https://www.exist.ru/Price/?pid=3EB0595D successfully opened
415	[2019-04-24] [10:28:00.051]		Analyse page
416	[2019-04-24] [10:28:00.055]		Handle errors
417	[2019-04-24] [10:28:00.055]	Wait for: 2328
418	[2019-04-24] [10:28:02.383]	Scrape: https://www.exist.ru/Price/?pid=3EB0595D
419	[2019-04-24] [10:28:02.383]		Start scraper
420	[2019-04-24] [10:28:02.383]	Get #priceBody.innerHTML
421	[2019-04-24] [10:28:02.387]	Page scrape 1 analogs
422	[2019-04-24] [10:28:02.387]	Go to: https://www.exist.ru/Price/?pid=CF80A9E4
423	[2019-04-24] [10:28:03.565]	https://www.exist.ru/Price/?pid=CF80A9E4 successfully opened
424	[2019-04-24] [10:28:03.565]		Analyse page
425	[2019-04-24] [10:28:03.570]		Handle errors
426	[2019-04-24] [10:28:03.570]	Wait for: 2634
427	[2019-04-24] [10:28:06.204]	Scrape: https://www.exist.ru/Price/?pid=CF80A9E4
428	[2019-04-24] [10:28:06.204]		Start scraper
429	[2019-04-24] [10:28:06.204]	Get #priceBody.innerHTML
430	[2019-04-24] [10:28:06.217]	Page scrape 2 analogs
431	[2019-04-24] [10:28:06.217]	Go to: https://www.exist.ru/Price/?pid=BF40E343
432	[2019-04-24] [10:28:07.544]	https://www.exist.ru/Price/?pid=BF40E343 successfully opened
433	[2019-04-24] [10:28:07.544]		Analyse page
434	[2019-04-24] [10:28:07.551]		Handle errors
435	[2019-04-24] [10:28:07.551]	Wait for: 2221
436	[2019-04-24] [10:28:09.773]	Scrape: https://www.exist.ru/Price/?pid=BF40E343
437	[2019-04-24] [10:28:09.773]		Start scraper
438	[2019-04-24] [10:28:09.773]	Get #priceBody.innerHTML
439	[2019-04-24] [10:28:09.795]	Page scrape 3 analogs
440	[2019-04-24] [10:28:09.795]	Go to: https://www.exist.ru/Price/?pid=FFA0CE60
441	[2019-04-24] [10:28:11.076]	https://www.exist.ru/Price/?pid=FFA0CE60 successfully opened
442	[2019-04-24] [10:28:11.077]		Analyse page
443	[2019-04-24] [10:28:11.079]		Handle errors
444	[2019-04-24] [10:28:11.079]	Wait for: 2739
445	[2019-04-24] [10:28:13.818]	Scrape: https://www.exist.ru/Price/?pid=FFA0CE60
446	[2019-04-24] [10:28:13.819]		Start scraper
447	[2019-04-24] [10:28:13.819]	Get #priceBody.innerHTML
448	[2019-04-24] [10:28:13.827]	Page scrape 1 analogs
449	[2019-04-24] [10:28:13.827]	Go to: https://www.exist.ru/Price/?pid=99D0C26C
450	[2019-04-24] [10:28:15.309]	https://www.exist.ru/Price/?pid=99D0C26C successfully opened
451	[2019-04-24] [10:28:15.310]		Analyse page
452	[2019-04-24] [10:28:15.315]		Handle errors
453	[2019-04-24] [10:28:15.315]	Wait for: 2665
454	[2019-04-24] [10:28:17.980]	Scrape: https://www.exist.ru/Price/?pid=99D0C26C
455	[2019-04-24] [10:28:17.980]		Start scraper
456	[2019-04-24] [10:28:17.980]	Get #priceBody.innerHTML
457	[2019-04-24] [10:28:17.989]	Page scrape 1 analogs
458	[2019-04-24] [10:28:17.991]	Scraping article: #24 420001 | category: Выжимные подшипники | https://www.exist.ru/Price/?pcode=420001
459	[2019-04-24] [10:28:19.144]	https://www.exist.ru/Price/?pcode=420001 successfully opened
460	[2019-04-24] [10:28:19.144]	Wait for: 2712
461	[2019-04-24] [10:28:21.856]		Analyse page
462	[2019-04-24] [10:28:21.858]		Handle errors
463	[2019-04-24] [10:28:21.865]	Catalog links amount: 22
464	[2019-04-24] [10:28:21.866]	Link: #1 https://www.exist.ru/Price/?pid=DDC0257B
465	[2019-04-24] [10:28:21.867]	Link: #2 https://www.exist.ru/Price/?pid=7F60782F
466	[2019-04-24] [10:28:21.869]	Link: #3 https://www.exist.ru/Price/?pid=65406BA9
467	[2019-04-24] [10:28:21.870]	Link: #4 https://www.exist.ru/Price/?pid=1C808E71
468	[2019-04-24] [10:28:21.872]	Link: #5 https://www.exist.ru/Price/?pid=97F02A92
469	[2019-04-24] [10:28:21.873]	Link: #6 https://www.exist.ru/Price/?pid=60B0DF0C
470	[2019-04-24] [10:28:21.874]	Link: #7 https://www.exist.ru/Price/?pid=A9F07448
471	[2019-04-24] [10:28:21.876]	Link: #8 https://www.exist.ru/Price/?pid=6BD08EB6
472	[2019-04-24] [10:28:21.876]	Link: #9 https://www.exist.ru/Price/?pid=EFC0C2FB
473	[2019-04-24] [10:28:21.877]	Link: #10 https://www.exist.ru/Price/?pid=6D409BE0
474	[2019-04-24] [10:28:21.879]	Link: #11 https://www.exist.ru/Price/?pid=062085F3
475	[2019-04-24] [10:28:21.881]	Link: #12 https://www.exist.ru/Price/?pid=E8A09319
476	[2019-04-24] [10:28:21.882]	Link: #13 https://www.exist.ru/Price/?pid=0CD0CEE4
477	[2019-04-24] [10:28:21.883]	Link: #14 https://www.exist.ru/Price/?pid=7CC05B55
478	[2019-04-24] [10:28:21.883]	Link: #15 https://www.exist.ru/Price/?pid=05903832
479	[2019-04-24] [10:28:21.884]	Link: #16 https://www.exist.ru/Price/?pid=9B406BA9
480	[2019-04-24] [10:28:21.885]	Link: #17 https://www.exist.ru/Price/?pid=23309E17
481	[2019-04-24] [10:28:21.886]	Link: #18 https://www.exist.ru/Price/?pid=661060B0
482	[2019-04-24] [10:28:21.886]	Link: #19 https://www.exist.ru/Price/?pid=84D03050
483	[2019-04-24] [10:28:21.887]	Link: #20 https://www.exist.ru/Price/?pid=D65013E9
484	[2019-04-24] [10:28:21.888]	Link: #21 https://www.exist.ru/Price/?pid=E1C09384
485	[2019-04-24] [10:28:21.888]	Link: #22 https://www.exist.ru/Price/?pid=EB208E32
486	[2019-04-24] [10:28:21.889]	Category not found, download all links
487	[2019-04-24] [10:28:21.889]	Go to: https://www.exist.ru/Price/?pid=DDC0257B
488	[2019-04-24] [10:28:23.289]	https://www.exist.ru/Price/?pid=DDC0257B successfully opened
489	[2019-04-24] [10:28:23.289]		Analyse page
490	[2019-04-24] [10:28:23.293]		Handle errors
491	[2019-04-24] [10:28:23.293]	Wait for: 2609
492	[2019-04-24] [10:28:25.902]	Scrape: https://www.exist.ru/Price/?pid=DDC0257B
493	[2019-04-24] [10:28:25.902]		Start scraper
494	[2019-04-24] [10:28:25.902]	Get #priceBody.innerHTML
495	[2019-04-24] [10:28:25.922]	Page scrape 3 analogs
496	[2019-04-24] [10:28:25.922]	Go to: https://www.exist.ru/Price/?pid=7F60782F
497	[2019-04-24] [10:28:27.066]	https://www.exist.ru/Price/?pid=7F60782F successfully opened
498	[2019-04-24] [10:28:27.066]		Analyse page
499	[2019-04-24] [10:28:27.071]		Handle errors
500	[2019-04-24] [10:28:27.071]	Wait for: 2230
501	[2019-04-24] [10:28:29.301]	Scrape: https://www.exist.ru/Price/?pid=7F60782F
502	[2019-04-24] [10:28:29.301]		Start scraper
503	[2019-04-24] [10:28:29.301]	Get #priceBody.innerHTML
504	[2019-04-24] [10:28:29.310]	Page scrape 1 analogs
505	[2019-04-24] [10:28:29.310]	Go to: https://www.exist.ru/Price/?pid=65406BA9
506	[2019-04-24] [10:28:30.707]	https://www.exist.ru/Price/?pid=65406BA9 successfully opened
507	[2019-04-24] [10:28:30.707]		Analyse page
508	[2019-04-24] [10:28:30.710]		Handle errors
509	[2019-04-24] [10:28:30.710]	Wait for: 2143
510	[2019-04-24] [10:28:32.853]	Scrape: https://www.exist.ru/Price/?pid=65406BA9
511	[2019-04-24] [10:28:32.853]		Start scraper
512	[2019-04-24] [10:28:32.853]	Get #priceBody.innerHTML
513	[2019-04-24] [10:28:32.863]	Page scrape 1 analogs
514	[2019-04-24] [10:28:32.863]	Go to: https://www.exist.ru/Price/?pid=1C808E71
515	[2019-04-24] [10:28:34.056]	https://www.exist.ru/Price/?pid=1C808E71 successfully opened
516	[2019-04-24] [10:28:34.056]		Analyse page
517	[2019-04-24] [10:28:34.059]		Handle errors
518	[2019-04-24] [10:28:34.059]	Wait for: 2927
519	[2019-04-24] [10:28:36.986]	Scrape: https://www.exist.ru/Price/?pid=1C808E71
520	[2019-04-24] [10:28:36.987]		Start scraper
521	[2019-04-24] [10:28:36.987]	Get #priceBody.innerHTML
522	[2019-04-24] [10:28:37.001]	Page scrape 1 analogs
523	[2019-04-24] [10:28:37.001]	Go to: https://www.exist.ru/Price/?pid=97F02A92
524	[2019-04-24] [10:28:38.298]	https://www.exist.ru/Price/?pid=97F02A92 successfully opened
525	[2019-04-24] [10:28:38.298]		Analyse page
526	[2019-04-24] [10:28:38.301]		Handle errors
527	[2019-04-24] [10:28:38.301]	Wait for: 2479
528	[2019-04-24] [10:28:40.781]	Scrape: https://www.exist.ru/Price/?pid=97F02A92
529	[2019-04-24] [10:28:40.781]		Start scraper
530	[2019-04-24] [10:28:40.781]	Get #priceBody.innerHTML
531	[2019-04-24] [10:28:40.808]	Page scrape 4 analogs
532	[2019-04-24] [10:28:40.809]	Go to: https://www.exist.ru/Price/?pid=60B0DF0C
533	[2019-04-24] [10:28:44.801]	https://www.exist.ru/Price/?pid=60B0DF0C successfully opened
534	[2019-04-24] [10:28:44.801]		Analyse page
535	[2019-04-24] [10:28:44.804]		Handle errors
536	[2019-04-24] [10:28:44.805]	Wait for: 2514
537	[2019-04-24] [10:28:47.319]	Scrape: https://www.exist.ru/Price/?pid=60B0DF0C
538	[2019-04-24] [10:28:47.319]		Start scraper
539	[2019-04-24] [10:28:47.319]	Get #priceBody.innerHTML
540	[2019-04-24] [10:28:47.330]	Page scrape 1 analogs
541	[2019-04-24] [10:28:47.331]	Go to: https://www.exist.ru/Price/?pid=A9F07448
542	[2019-04-24] [10:28:52.295]	https://www.exist.ru/Price/?pid=A9F07448 successfully opened
543	[2019-04-24] [10:28:52.295]		Analyse page
544	[2019-04-24] [10:28:52.302]		Handle errors
545	[2019-04-24] [10:28:52.302]	Wait for: 2277
546	[2019-04-24] [10:28:54.579]	Scrape: https://www.exist.ru/Price/?pid=A9F07448
547	[2019-04-24] [10:28:54.579]		Start scraper
548	[2019-04-24] [10:28:54.579]	Get #priceBody.innerHTML
549	[2019-04-24] [10:28:54.594]	Page scrape 2 analogs
550	[2019-04-24] [10:28:54.594]	Go to: https://www.exist.ru/Price/?pid=6BD08EB6
551	[2019-04-24] [10:28:56.223]	https://www.exist.ru/Price/?pid=6BD08EB6 successfully opened
552	[2019-04-24] [10:28:56.223]		Analyse page
553	[2019-04-24] [10:28:56.225]		Handle errors
554	[2019-04-24] [10:28:56.225]	Wait for: 2600
555	[2019-04-24] [10:28:58.825]	Scrape: https://www.exist.ru/Price/?pid=6BD08EB6
556	[2019-04-24] [10:28:58.825]		Start scraper
557	[2019-04-24] [10:28:58.825]	Get #priceBody.innerHTML
558	[2019-04-24] [10:28:58.840]	Page scrape 2 analogs
559	[2019-04-24] [10:28:58.840]	Go to: https://www.exist.ru/Price/?pid=EFC0C2FB
560	[2019-04-24] [10:29:00.521]	https://www.exist.ru/Price/?pid=EFC0C2FB successfully opened
561	[2019-04-24] [10:29:00.521]		Analyse page
562	[2019-04-24] [10:29:00.524]		Handle errors
563	[2019-04-24] [10:29:00.524]	Wait for: 2925
564	[2019-04-24] [10:29:03.449]	Scrape: https://www.exist.ru/Price/?pid=EFC0C2FB
565	[2019-04-24] [10:29:03.450]		Start scraper
566	[2019-04-24] [10:29:03.450]	Get #priceBody.innerHTML
567	[2019-04-24] [10:29:03.477]	Page scrape 4 analogs
568	[2019-04-24] [10:29:03.477]	Go to: https://www.exist.ru/Price/?pid=6D409BE0
569	[2019-04-24] [10:29:05.101]	https://www.exist.ru/Price/?pid=6D409BE0 successfully opened
570	[2019-04-24] [10:29:05.101]		Analyse page
571	[2019-04-24] [10:29:05.105]		Handle errors
572	[2019-04-24] [10:29:05.105]	Wait for: 2594
573	[2019-04-24] [10:29:07.700]	Scrape: https://www.exist.ru/Price/?pid=6D409BE0
574	[2019-04-24] [10:29:07.700]		Start scraper
575	[2019-04-24] [10:29:07.700]	Get #priceBody.innerHTML
576	[2019-04-24] [10:29:07.713]	Page scrape 3 analogs
577	[2019-04-24] [10:29:07.713]	Go to: https://www.exist.ru/Price/?pid=062085F3
578	[2019-04-24] [10:29:09.307]	https://www.exist.ru/Price/?pid=062085F3 successfully opened
579	[2019-04-24] [10:29:09.308]		Analyse page
580	[2019-04-24] [10:29:09.310]		Handle errors
581	[2019-04-24] [10:29:09.310]	Wait for: 2923
582	[2019-04-24] [10:29:12.237]	Scrape: https://www.exist.ru/Price/?pid=062085F3
583	[2019-04-24] [10:29:12.237]		Start scraper
584	[2019-04-24] [10:29:12.237]	Get #priceBody.innerHTML
585	[2019-04-24] [10:29:12.244]	Page scrape 1 analogs
586	[2019-04-24] [10:29:12.245]	Go to: https://www.exist.ru/Price/?pid=E8A09319
587	[2019-04-24] [10:29:13.885]	https://www.exist.ru/Price/?pid=E8A09319 successfully opened
588	[2019-04-24] [10:29:13.885]		Analyse page
589	[2019-04-24] [10:29:13.887]		Handle errors
590	[2019-04-24] [10:29:13.887]	Wait for: 2138
591	[2019-04-24] [10:29:16.026]	Scrape: https://www.exist.ru/Price/?pid=E8A09319
592	[2019-04-24] [10:29:16.026]		Start scraper
593	[2019-04-24] [10:29:16.026]	Get #priceBody.innerHTML
594	[2019-04-24] [10:29:16.035]	Page scrape 1 analogs
595	[2019-04-24] [10:29:16.035]	Go to: https://www.exist.ru/Price/?pid=0CD0CEE4
596	[2019-04-24] [10:29:17.867]	https://www.exist.ru/Price/?pid=0CD0CEE4 successfully opened
597	[2019-04-24] [10:29:17.867]		Analyse page
598	[2019-04-24] [10:29:17.873]		Handle errors
599	[2019-04-24] [10:29:17.873]	Wait for: 2234
600	[2019-04-24] [10:29:20.107]	Scrape: https://www.exist.ru/Price/?pid=0CD0CEE4
601	[2019-04-24] [10:29:20.107]		Start scraper
602	[2019-04-24] [10:29:20.107]	Get #priceBody.innerHTML
603	[2019-04-24] [10:29:20.118]	Page scrape 1 analogs
604	[2019-04-24] [10:29:20.118]	Go to: https://www.exist.ru/Price/?pid=7CC05B55
605	[2019-04-24] [10:29:21.651]	https://www.exist.ru/Price/?pid=7CC05B55 successfully opened
606	[2019-04-24] [10:29:21.651]		Analyse page
607	[2019-04-24] [10:29:21.654]		Handle errors
608	[2019-04-24] [10:29:21.654]	Wait for: 2009
609	[2019-04-24] [10:29:23.663]	Scrape: https://www.exist.ru/Price/?pid=7CC05B55
610	[2019-04-24] [10:29:23.663]		Start scraper
611	[2019-04-24] [10:29:23.663]	Get #priceBody.innerHTML
612	[2019-04-24] [10:29:23.670]	Page scrape 1 analogs
613	[2019-04-24] [10:29:23.671]	Go to: https://www.exist.ru/Price/?pid=05903832
614	[2019-04-24] [10:29:25.105]	https://www.exist.ru/Price/?pid=05903832 successfully opened
615	[2019-04-24] [10:29:25.105]		Analyse page
616	[2019-04-24] [10:29:25.110]		Handle errors
617	[2019-04-24] [10:29:25.110]	Wait for: 2636
618	[2019-04-24] [10:29:27.746]	Scrape: https://www.exist.ru/Price/?pid=05903832
619	[2019-04-24] [10:29:27.746]		Start scraper
620	[2019-04-24] [10:29:27.746]	Get #priceBody.innerHTML
621	[2019-04-24] [10:29:27.761]	Page scrape 2 analogs
622	[2019-04-24] [10:29:27.761]	Go to: https://www.exist.ru/Price/?pid=9B406BA9
623	[2019-04-24] [10:29:29.185]	https://www.exist.ru/Price/?pid=9B406BA9 successfully opened
624	[2019-04-24] [10:29:29.185]		Analyse page
625	[2019-04-24] [10:29:29.192]		Handle errors
626	[2019-04-24] [10:29:29.192]	Wait for: 2685
627	[2019-04-24] [10:29:31.878]	Scrape: https://www.exist.ru/Price/?pid=9B406BA9
628	[2019-04-24] [10:29:31.878]		Start scraper
629	[2019-04-24] [10:29:31.878]	Get #priceBody.innerHTML
630	[2019-04-24] [10:29:31.889]	Page scrape 1 analogs
631	[2019-04-24] [10:29:31.889]	Go to: https://www.exist.ru/Price/?pid=23309E17
632	[2019-04-24] [10:29:33.411]	https://www.exist.ru/Price/?pid=23309E17 successfully opened
633	[2019-04-24] [10:29:33.411]		Analyse page
634	[2019-04-24] [10:29:33.413]		Handle errors
635	[2019-04-24] [10:29:33.413]	Wait for: 2536
636	[2019-04-24] [10:29:35.949]	Scrape: https://www.exist.ru/Price/?pid=23309E17
637	[2019-04-24] [10:29:35.950]		Start scraper
638	[2019-04-24] [10:29:35.950]	Get #priceBody.innerHTML
639	[2019-04-24] [10:29:35.964]	Page scrape 3 analogs
640	[2019-04-24] [10:29:35.964]	Go to: https://www.exist.ru/Price/?pid=661060B0
641	[2019-04-24] [10:29:37.361]	https://www.exist.ru/Price/?pid=661060B0 successfully opened
642	[2019-04-24] [10:29:37.362]		Analyse page
643	[2019-04-24] [10:29:37.363]		Handle errors
644	[2019-04-24] [10:29:37.363]	Wait for: 2283
645	[2019-04-24] [10:29:39.646]	Scrape: https://www.exist.ru/Price/?pid=661060B0
646	[2019-04-24] [10:29:39.646]		Start scraper
647	[2019-04-24] [10:29:39.646]	Get #priceBody.innerHTML
648	[2019-04-24] [10:29:39.654]	Page scrape 1 analogs
649	[2019-04-24] [10:29:39.654]	Go to: https://www.exist.ru/Price/?pid=84D03050
650	[2019-04-24] [10:29:41.219]	https://www.exist.ru/Price/?pid=84D03050 successfully opened
651	[2019-04-24] [10:29:41.219]		Analyse page
652	[2019-04-24] [10:29:41.223]		Handle errors
653	[2019-04-24] [10:29:41.223]	Wait for: 2234
654	[2019-04-24] [10:29:43.457]	Scrape: https://www.exist.ru/Price/?pid=84D03050
655	[2019-04-24] [10:29:43.457]		Start scraper
656	[2019-04-24] [10:29:43.457]	Get #priceBody.innerHTML
657	[2019-04-24] [10:29:43.475]	Page scrape 3 analogs
658	[2019-04-24] [10:29:43.475]	Go to: https://www.exist.ru/Price/?pid=D65013E9
659	[2019-04-24] [10:29:44.979]	https://www.exist.ru/Price/?pid=D65013E9 successfully opened
660	[2019-04-24] [10:29:44.979]		Analyse page
661	[2019-04-24] [10:29:44.984]		Handle errors
662	[2019-04-24] [10:29:44.984]	Wait for: 2863
663	[2019-04-24] [10:29:47.847]	Scrape: https://www.exist.ru/Price/?pid=D65013E9
664	[2019-04-24] [10:29:47.847]		Start scraper
665	[2019-04-24] [10:29:47.847]	Get #priceBody.innerHTML
666	[2019-04-24] [10:29:47.860]	Page scrape 2 analogs
667	[2019-04-24] [10:29:47.860]	Go to: https://www.exist.ru/Price/?pid=E1C09384
668	[2019-04-24] [10:29:49.418]	https://www.exist.ru/Price/?pid=E1C09384 successfully opened
669	[2019-04-24] [10:29:49.418]		Analyse page
670	[2019-04-24] [10:29:49.423]		Handle errors
671	[2019-04-24] [10:29:49.423]	Wait for: 2904
672	[2019-04-24] [10:29:52.327]	Scrape: https://www.exist.ru/Price/?pid=E1C09384
673	[2019-04-24] [10:29:52.327]		Start scraper
674	[2019-04-24] [10:29:52.327]	Get #priceBody.innerHTML
675	[2019-04-24] [10:29:52.339]	Page scrape 1 analogs
676	[2019-04-24] [10:29:52.339]	Go to: https://www.exist.ru/Price/?pid=EB208E32
677	[2019-04-24] [10:29:53.979]	https://www.exist.ru/Price/?pid=EB208E32 successfully opened
678	[2019-04-24] [10:29:53.979]		Analyse page
679	[2019-04-24] [10:29:53.993]		Handle errors
680	[2019-04-24] [10:29:53.994]	Wait for: 2025
681	[2019-04-24] [10:29:56.019]	Scrape: https://www.exist.ru/Price/?pid=EB208E32
682	[2019-04-24] [10:29:56.019]		Start scraper
683	[2019-04-24] [10:29:56.019]	Get #priceBody.innerHTML
684	[2019-04-24] [10:29:56.028]	Page scrape 2 analogs
685	[2019-04-24] [10:29:56.030]	Scraping article: #25 420004 | category: Выжимные подшипники | https://www.exist.ru/Price/?pcode=420004
686	[2019-04-24] [10:29:59.826]	https://www.exist.ru/Price/?pcode=420004 successfully opened
687	[2019-04-24] [10:29:59.826]	Wait for: 2838
688	[2019-04-24] [10:30:02.664]		Analyse page
689	[2019-04-24] [10:30:02.666]		Handle errors
690	[2019-04-24] [10:30:02.673]	Catalog links amount: 14
691	[2019-04-24] [10:30:02.674]	Link: #1 https://www.exist.ru/Price/?pid=65D06BA9
692	[2019-04-24] [10:30:02.675]	Link: #2 https://www.exist.ru/Price/?pid=98502A92
693	[2019-04-24] [10:30:02.676]	Link: #3 https://www.exist.ru/Price/?pid=7DE0CE12
694	[2019-04-24] [10:30:02.677]	Link: #4 https://www.exist.ru/Price/?pid=6C608EB6
695	[2019-04-24] [10:30:02.677]	Link: #5 https://www.exist.ru/Price/?pid=19604202
696	[2019-04-24] [10:30:02.678]	Link: #6 https://www.exist.ru/Price/?pid=EC309BD7
697	[2019-04-24] [10:30:02.679]	Link: #7 https://www.exist.ru/Price/?pid=C5A08FFD
698	[2019-04-24] [10:30:02.680]	Link: #8 https://www.exist.ru/Price/?pid=7D505B55
699	[2019-04-24] [10:30:02.681]	Link: #9 https://www.exist.ru/Price/?pid=06203832
700	[2019-04-24] [10:30:02.682]	Link: #10 https://www.exist.ru/Price/?pid=667060B0
701	[2019-04-24] [10:30:02.683]	Link: #11 https://www.exist.ru/Price/?pid=85603050
702	[2019-04-24] [10:30:02.684]	Link: #12 https://www.exist.ru/Price/?pid=D6E013E9
703	[2019-04-24] [10:30:02.684]	Link: #13 https://www.exist.ru/Price/?pid=F980AEEB
704	[2019-04-24] [10:30:02.685]	Link: #14 https://www.exist.ru/Price/?pid=B7D0A3B2
705	[2019-04-24] [10:30:02.686]	Category not found, download all links
706	[2019-04-24] [10:30:02.686]	Go to: https://www.exist.ru/Price/?pid=65D06BA9
