1	[2019-04-23] [08:40:07.515]	Start program
2	[2019-04-23] [08:40:10.041]	Open: https://exist.ru
3	[2019-04-23] [08:40:27.328]	https://exist.ru successfully opened
4	[2019-04-23] [08:40:35.762]	Login successfully.
5	[2019-04-23] [08:40:39.467]	Source files/source/articles.xlsx loaded, length: 684
6	[2019-04-23] [08:40:39.467]	Results files/result/result.xlsx loaded, length: 1825
7	[2019-04-23] [08:40:39.468]	Scraping https://exist.ru from article #33 568000
8	[2019-04-23] [08:40:39.468]	Start main sequence.
9	[2019-04-23] [08:40:39.468]	Scraping article: #33 568000 | category: Тормозные барабаны | https://exist.ru/Price/?pcode=568000
10	[2019-04-23] [08:40:41.132]	https://exist.ru/Price/?pcode=568000 successfully opened
11	[2019-04-23] [08:40:41.132]	Wait for: 1451
12	[2019-04-23] [08:40:42.583]		Analyse page
13	[2019-04-23] [08:40:42.586]		Handle errors
14	[2019-04-23] [08:40:42.617]	Catalog links amount: 7
15	[2019-04-23] [08:40:42.620]	Link: #1 https://exist.ru/Price/?pid=84C096AE
16	[2019-04-23] [08:40:42.621]	Link: #2 https://exist.ru/Price/?pid=9F6000FC
17	[2019-04-23] [08:40:42.621]	Link: #3 https://exist.ru/Price/?pid=C6C0CC1E
18	[2019-04-23] [08:40:42.622]	Link: #4 https://exist.ru/Price/?pid=7BE0A2AF
19	[2019-04-23] [08:40:42.623]	Link: #5 https://exist.ru/Price/?pid=72709B4E
20	[2019-04-23] [08:40:42.623]	Link: #6 https://exist.ru/Price/?pid=BFD0CE01
21	[2019-04-23] [08:40:42.624]	Link: #7 https://exist.ru/Price/?pid=DCC05435
22	[2019-04-23] [08:40:42.624]	Category not found, download all links
23	[2019-04-23] [08:40:42.624]	Go to: https://exist.ru/Price/?pid=84C096AE
24	[2019-04-23] [08:40:49.683]	https://exist.ru/Price/?pid=84C096AE successfully opened
25	[2019-04-23] [08:40:49.683]		Analyse page
26	[2019-04-23] [08:40:49.690]		Handle errors
27	[2019-04-23] [08:40:49.691]	Banner detected
28	[2019-04-23] [08:40:49.691]	Wait for banner
29	[2019-04-23] [08:40:56.792]	Banner skiped
30	[2019-04-23] [08:40:56.792]	Wait for: 1200
31	[2019-04-23] [08:40:57.993]	Scrape: https://exist.ru/Price/?pid=84C096AE
32	[2019-04-23] [08:40:57.994]		Start scraper
33	[2019-04-23] [08:40:57.994]	Get #priceBody.innerHTML
34	[2019-04-23] [08:40:58.016]	Page scrape 1 analogs
35	[2019-04-23] [08:40:58.016]	Get #priceBody.innerHTML
36	[2019-04-23] [08:40:58.037]	Page scrape 1 analogs
37	[2019-04-23] [08:40:58.037]	Get #priceBody.innerHTML
38	[2019-04-23] [08:40:58.043]	Page scrape 1 analogs
39	[2019-04-23] [08:40:58.043]	Get #priceBody.innerHTML
40	[2019-04-23] [08:40:58.050]	Page scrape 1 analogs
41	[2019-04-23] [08:40:58.050]	Get #priceBody.innerHTML
42	[2019-04-23] [08:40:58.057]	Page scrape 1 analogs
43	[2019-04-23] [08:40:58.057]	Go to: https://exist.ru/Price/?pid=9F6000FC
44	[2019-04-23] [08:41:05.119]	https://exist.ru/Price/?pid=9F6000FC successfully opened
45	[2019-04-23] [08:41:05.119]		Analyse page
46	[2019-04-23] [08:41:05.129]		Handle errors
47	[2019-04-23] [08:41:05.130]	Banner detected
48	[2019-04-23] [08:41:05.130]	Wait for banner
49	[2019-04-23] [08:41:12.750]	Banner skiped
50	[2019-04-23] [08:41:12.750]	Wait for: 1112
51	[2019-04-23] [08:41:13.862]	Scrape: https://exist.ru/Price/?pid=9F6000FC
52	[2019-04-23] [08:41:13.862]		Start scraper
53	[2019-04-23] [08:41:13.862]	Get #priceBody.innerHTML
54	[2019-04-23] [08:41:13.886]	Page scrape 1 analogs
55	[2019-04-23] [08:41:13.886]	Get #priceBody.innerHTML
56	[2019-04-23] [08:41:13.907]	Page scrape 1 analogs
57	[2019-04-23] [08:41:13.907]	Get #priceBody.innerHTML
58	[2019-04-23] [08:41:13.918]	Page scrape 1 analogs
59	[2019-04-23] [08:41:13.918]	Get #priceBody.innerHTML
60	[2019-04-23] [08:41:13.926]	Page scrape 1 analogs
61	[2019-04-23] [08:41:13.926]	Get #priceBody.innerHTML
62	[2019-04-23] [08:41:13.936]	Page scrape 1 analogs
63	[2019-04-23] [08:41:13.936]	Go to: https://exist.ru/Price/?pid=C6C0CC1E
64	[2019-04-23] [08:41:19.023]	https://exist.ru/Price/?pid=C6C0CC1E successfully opened
65	[2019-04-23] [08:41:19.023]		Analyse page
66	[2019-04-23] [08:41:19.029]		Handle errors
67	[2019-04-23] [08:41:19.029]	Banner detected
68	[2019-04-23] [08:41:19.030]	Wait for banner
69	[2019-04-23] [08:41:25.819]	Banner skiped
70	[2019-04-23] [08:41:25.819]	Wait for: 1370
71	[2019-04-23] [08:41:27.190]	Scrape: https://exist.ru/Price/?pid=C6C0CC1E
72	[2019-04-23] [08:41:27.190]		Start scraper
73	[2019-04-23] [08:41:27.190]	Get #priceBody.innerHTML
74	[2019-04-23] [08:41:27.206]	Page scrape 1 analogs
75	[2019-04-23] [08:41:27.206]	Get #priceBody.innerHTML
76	[2019-04-23] [08:41:27.220]	Page scrape 1 analogs
77	[2019-04-23] [08:41:27.220]	Get #priceBody.innerHTML
78	[2019-04-23] [08:41:27.233]	Page scrape 1 analogs
79	[2019-04-23] [08:41:27.233]	Get #priceBody.innerHTML
80	[2019-04-23] [08:41:27.242]	Page scrape 1 analogs
81	[2019-04-23] [08:41:27.242]	Get #priceBody.innerHTML
82	[2019-04-23] [08:41:27.251]	Page scrape 1 analogs
83	[2019-04-23] [08:41:27.251]	Go to: https://exist.ru/Price/?pid=7BE0A2AF
84	[2019-04-23] [08:41:31.383]	https://exist.ru/Price/?pid=7BE0A2AF successfully opened
85	[2019-04-23] [08:41:31.383]		Analyse page
86	[2019-04-23] [08:41:31.388]		Handle errors
87	[2019-04-23] [08:41:31.388]	Banner detected
88	[2019-04-23] [08:41:31.389]	Wait for banner
89	[2019-04-23] [08:41:38.121]	Banner skiped
90	[2019-04-23] [08:41:38.121]	Wait for: 1251
91	[2019-04-23] [08:41:39.372]	Scrape: https://exist.ru/Price/?pid=7BE0A2AF
92	[2019-04-23] [08:41:39.372]		Start scraper
93	[2019-04-23] [08:41:39.372]	Get #priceBody.innerHTML
94	[2019-04-23] [08:41:39.387]	Page scrape 1 analogs
95	[2019-04-23] [08:41:39.387]	Get #priceBody.innerHTML
96	[2019-04-23] [08:41:39.400]	Page scrape 1 analogs
97	[2019-04-23] [08:41:39.400]	Get #priceBody.innerHTML
98	[2019-04-23] [08:41:39.413]	Page scrape 1 analogs
99	[2019-04-23] [08:41:39.413]	Get #priceBody.innerHTML
100	[2019-04-23] [08:41:39.420]	Page scrape 1 analogs
101	[2019-04-23] [08:41:39.421]	Get #priceBody.innerHTML
102	[2019-04-23] [08:41:39.428]	Page scrape 1 analogs
103	[2019-04-23] [08:41:39.428]	Go to: https://exist.ru/Price/?pid=72709B4E
104	[2019-04-23] [08:41:47.290]	https://exist.ru/Price/?pid=72709B4E successfully opened
105	[2019-04-23] [08:41:47.291]		Analyse page
106	[2019-04-23] [08:41:47.297]		Handle errors
107	[2019-04-23] [08:41:47.297]	Banner detected
108	[2019-04-23] [08:41:47.298]	Wait for banner
109	[2019-04-23] [08:41:54.774]	Banner skiped
110	[2019-04-23] [08:41:54.774]	Wait for: 1220
111	[2019-04-23] [08:41:55.995]	Scrape: https://exist.ru/Price/?pid=72709B4E
112	[2019-04-23] [08:41:55.995]		Start scraper
113	[2019-04-23] [08:41:55.995]	Get #priceBody.innerHTML
114	[2019-04-23] [08:41:56.014]	Page scrape 1 analogs
115	[2019-04-23] [08:41:56.015]	Get #priceBody.innerHTML
116	[2019-04-23] [08:41:56.034]	Page scrape 1 analogs
117	[2019-04-23] [08:41:56.034]	Get #priceBody.innerHTML
118	[2019-04-23] [08:41:56.043]	Page scrape 1 analogs
119	[2019-04-23] [08:41:56.043]	Get #priceBody.innerHTML
120	[2019-04-23] [08:41:56.050]	Page scrape 1 analogs
121	[2019-04-23] [08:41:56.050]	Get #priceBody.innerHTML
122	[2019-04-23] [08:41:56.059]	Page scrape 1 analogs
123	[2019-04-23] [08:41:56.059]	Go to: https://exist.ru/Price/?pid=BFD0CE01
124	[2019-04-23] [08:42:01.209]	https://exist.ru/Price/?pid=BFD0CE01 successfully opened
125	[2019-04-23] [08:42:01.209]		Analyse page
126	[2019-04-23] [08:42:01.215]		Handle errors
127	[2019-04-23] [08:42:01.215]	Banner detected
128	[2019-04-23] [08:42:01.216]	Wait for banner
129	[2019-04-23] [08:42:08.048]	Banner skiped
130	[2019-04-23] [08:42:08.048]	Wait for: 1012
131	[2019-04-23] [08:42:09.060]	Scrape: https://exist.ru/Price/?pid=BFD0CE01
132	[2019-04-23] [08:42:09.060]		Start scraper
133	[2019-04-23] [08:42:09.060]	Get #priceBody.innerHTML
134	[2019-04-23] [08:42:09.074]	Page scrape 1 analogs
135	[2019-04-23] [08:42:09.074]	Get #priceBody.innerHTML
136	[2019-04-23] [08:42:09.086]	Page scrape 1 analogs
137	[2019-04-23] [08:42:09.086]	Get #priceBody.innerHTML
138	[2019-04-23] [08:42:09.093]	Page scrape 1 analogs
139	[2019-04-23] [08:42:09.093]	Get #priceBody.innerHTML
140	[2019-04-23] [08:42:09.101]	Page scrape 1 analogs
141	[2019-04-23] [08:42:09.101]	Get #priceBody.innerHTML
142	[2019-04-23] [08:42:09.109]	Page scrape 1 analogs
143	[2019-04-23] [08:42:09.109]	Go to: https://exist.ru/Price/?pid=DCC05435
144	[2019-04-23] [08:42:14.911]	https://exist.ru/Price/?pid=DCC05435 successfully opened
145	[2019-04-23] [08:42:14.914]		Analyse page
146	[2019-04-23] [08:42:14.918]		Handle errors
147	[2019-04-23] [08:42:14.918]	Banner detected
148	[2019-04-23] [08:42:14.919]	Wait for banner
149	[2019-04-23] [08:42:22.509]	Banner skiped
150	[2019-04-23] [08:42:22.509]	Wait for: 1071
151	[2019-04-23] [08:42:23.580]	Scrape: https://exist.ru/Price/?pid=DCC05435
152	[2019-04-23] [08:42:23.580]		Start scraper
153	[2019-04-23] [08:42:23.580]	Get #priceBody.innerHTML
154	[2019-04-23] [08:42:23.588]	Page scrape 1 analogs
155	[2019-04-23] [08:42:23.588]	Get #priceBody.innerHTML
156	[2019-04-23] [08:42:23.598]	Page scrape 1 analogs
157	[2019-04-23] [08:42:23.598]	Get #priceBody.innerHTML
158	[2019-04-23] [08:42:23.606]	Page scrape 1 analogs
159	[2019-04-23] [08:42:23.606]	Get #priceBody.innerHTML
160	[2019-04-23] [08:42:23.613]	Page scrape 1 analogs
161	[2019-04-23] [08:42:23.613]	Get #priceBody.innerHTML
162	[2019-04-23] [08:42:23.620]	Page scrape 1 analogs
163	[2019-04-23] [08:42:23.621]	Scraping article: #34 0569061 | category: Тормозные диски | https://exist.ru/Price/?pcode=0569061
164	[2019-04-23] [08:42:28.742]	https://exist.ru/Price/?pcode=0569061 successfully opened
165	[2019-04-23] [08:42:28.742]	Wait for: 1134
166	[2019-04-23] [08:42:29.876]		Analyse page
167	[2019-04-23] [08:42:29.878]		Handle errors
168	[2019-04-23] [08:42:29.878]	Banner detected
169	[2019-04-23] [08:42:29.879]	Wait for banner
170	[2019-04-23] [08:42:37.616]	Banner skiped
171	[2019-04-23] [08:42:37.616]		Start scraper
172	[2019-04-23] [08:42:37.616]	Get #priceBody.innerHTML
173	[2019-04-23] [08:42:37.617]	Scraping article: #35 569065 | category: Тормозные диски | https://exist.ru/Price/?pcode=569065
174	[2019-04-23] [08:42:38.093]	Page scrape 53 analogs
175	[2019-04-23] [08:42:38.093]	Get #priceBody.innerHTML
176	[2019-04-23] [08:42:41.244]	#priceBody not found. Reload page: attempt 2
177	[2019-04-23] [08:42:41.892]	https://exist.ru/Price/?pcode=569065 successfully opened
178	[2019-04-23] [08:42:41.892]	Wait for: 1342
179	[2019-04-23] [08:42:43.234]		Analyse page
180	[2019-04-23] [08:42:46.905]	Error: Execution context was destroyed, most likely because of a navigation.
181	[2019-04-23] [08:42:46.906]	Write XLSX to: files/source/articles.xlsx
182	[2019-04-23] [08:42:47.019]	Write XLSX to: files/result/result.xlsx
183	[2019-04-23] [08:42:47.224]	Script execution finished.
184	[2019-04-23] [08:42:47.224]	***
185	[2019-04-23] [08:42:47.796]	Get #priceBody.innerHTML
186	[2019-04-23] [08:42:47.798]	#priceBody not found. Reload page: attempt 3
187	[2019-04-23] [08:42:54.144]	Get #priceBody.innerHTML
188	[2019-04-23] [08:42:54.146]	#priceBody not found. Reload page: attempt 4
189	[2019-04-23] [08:42:59.467]	Get #priceBody.innerHTML
190	[2019-04-23] [08:42:59.469]	#priceBody not found. Reload page: attempt 5
