1	[2019-04-25] [12:02:22.423]	Start program
2	[2019-04-25] [12:02:24.567]	Open: https://www.exist.ru
3	[2019-04-25] [12:02:28.485]	https://www.exist.ru successfully opened
4	[2019-04-25] [12:04:11.347]	Source files/source/articles.xlsx loaded, length: 684
5	[2019-04-25] [12:04:11.347]	Start main sequence.
6	[2019-04-25] [12:04:11.348]	Scraping https://www.exist.ru from article #31 436825
7	[2019-04-25] [12:04:11.350]	Scraping article: #31 436825 | category: Амортизаторы | https://www.exist.ru/Price/?pcode=436825
8	[2019-04-25] [12:04:14.697]	https://www.exist.ru/Price/?pcode=436825 successfully opened
9	[2019-04-25] [12:04:14.697]	Wait for: 2067
10	[2019-04-25] [12:04:16.765]		Analyse page
11	[2019-04-25] [12:04:16.769]		Handle errors
12	[2019-04-25] [12:04:16.798]	Catalog links amount: 2
13	[2019-04-25] [12:04:16.802]	Link: #1 https://www.exist.ru/Price/?pid=E78054B5
14	[2019-04-25] [12:04:16.804]	Link: #2 https://www.exist.ru/Price/?pid=0780E4D2
15	[2019-04-25] [12:04:16.805]	Category not found, download all links
16	[2019-04-25] [12:04:16.806]	Go to: https://www.exist.ru/Price/?pid=E78054B5
17	[2019-04-25] [12:04:18.458]	https://www.exist.ru/Price/?pid=E78054B5 successfully opened
18	[2019-04-25] [12:04:18.458]		Analyse page
19	[2019-04-25] [12:04:18.462]		Handle errors
20	[2019-04-25] [12:04:18.462]	Wait for: 2321
21	[2019-04-25] [12:04:20.784]	Scrape: https://www.exist.ru/Price/?pid=E78054B5
22	[2019-04-25] [12:04:20.784]		Start scraper
23	[2019-04-25] [12:04:20.784]	Get #priceBody.innerHTML
24	[2019-04-25] [12:04:20.789]	Error: Evaluation failed: ReferenceError: work is not defined
    at __puppeteer_evaluation_script__:3:11
25	[2019-04-25] [12:04:25.045]	Open: https://www.exist.ru
26	[2019-04-25] [12:04:31.075]	https://www.exist.ru successfully opened
27	[2019-04-25] [12:04:32.077]	Source files/source/articles.xlsx loaded, length: 684
28	[2019-04-25] [12:04:32.077]	Start main sequence.
29	[2019-04-25] [12:04:32.078]	Scraping https://www.exist.ru from article #31 436825
30	[2019-04-25] [12:04:32.079]	Scraping article: #31 436825 | category: Амортизаторы | https://www.exist.ru/Price/?pcode=436825
31	[2019-04-25] [12:04:33.719]	https://www.exist.ru/Price/?pcode=436825 successfully opened
32	[2019-04-25] [12:04:33.719]	Wait for: 2050
33	[2019-04-25] [12:04:35.768]		Analyse page
34	[2019-04-25] [12:04:35.771]		Handle errors
35	[2019-04-25] [12:04:35.776]	Catalog links amount: 2
36	[2019-04-25] [12:04:35.777]	Link: #1 https://www.exist.ru/Price/?pid=E78054B5
37	[2019-04-25] [12:04:35.779]	Link: #2 https://www.exist.ru/Price/?pid=0780E4D2
38	[2019-04-25] [12:04:35.780]	Category not found, download all links
39	[2019-04-25] [12:04:35.780]	Go to: https://www.exist.ru/Price/?pid=E78054B5
40	[2019-04-25] [12:04:37.297]	https://www.exist.ru/Price/?pid=E78054B5 successfully opened
41	[2019-04-25] [12:04:37.297]		Analyse page
42	[2019-04-25] [12:04:37.299]		Handle errors
43	[2019-04-25] [12:04:37.299]	Wait for: 2004
44	[2019-04-25] [12:04:39.303]	Scrape: https://www.exist.ru/Price/?pid=E78054B5
45	[2019-04-25] [12:04:39.303]		Start scraper
46	[2019-04-25] [12:04:39.303]	Get #priceBody.innerHTML
47	[2019-04-25] [12:04:39.310]	Error: Evaluation failed: ReferenceError: work is not defined
    at __puppeteer_evaluation_script__:3:11
48	[2019-04-25] [12:04:43.132]	Open: https://www.exist.ru
49	[2019-04-25] [12:04:45.445]	https://www.exist.ru successfully opened
50	[2019-04-25] [12:04:46.445]	Source files/source/articles.xlsx loaded, length: 684
51	[2019-04-25] [12:04:46.445]	Start main sequence.
52	[2019-04-25] [12:04:46.445]	Script execution finished.
53	[2019-04-25] [12:04:46.445]	***
