1	[2019-04-25] [11:47:46.370]	Start program
2	[2019-04-25] [11:47:49.192]	Open: https://www.exist.ru
3	[2019-04-25] [11:47:53.574]	https://www.exist.ru successfully opened
4	[2019-04-25] [11:48:06.443]	Source files/source/articles.xlsx loaded, length: 684
5	[2019-04-25] [11:48:06.444]	Start main sequence.
6	[2019-04-25] [11:48:06.445]	Scraping https://www.exist.ru from article #23 352800
7	[2019-04-25] [11:48:06.446]	Scraping article: #23 352800 | category: Рычаги подвески | https://www.exist.ru/Price/?pcode=352800
8	[2019-04-25] [11:48:09.302]	https://www.exist.ru/Price/?pcode=352800 successfully opened
9	[2019-04-25] [11:48:09.302]	Wait for: 2641
10	[2019-04-25] [11:48:11.943]		Analyse page
11	[2019-04-25] [11:48:11.951]		Handle errors
12	[2019-04-25] [11:48:11.982]	Catalog links amount: 10
13	[2019-04-25] [11:48:11.984]	Link: #1 https://www.exist.ru/Price/?pid=BFF03019
14	[2019-04-25] [11:48:11.986]	Link: #2 https://www.exist.ru/Price/?pid=21E0AE7F
15	[2019-04-25] [11:48:11.987]	Link: #3 https://www.exist.ru/Price/?pid=3C20D267
16	[2019-04-25] [11:48:11.988]	Link: #4 https://www.exist.ru/Price/?pid=E1D0D63D
17	[2019-04-25] [11:48:11.989]	Link: #5 https://www.exist.ru/Price/?pid=C080D3B4
18	[2019-04-25] [11:48:11.989]	Link: #6 https://www.exist.ru/Price/?pid=3EB0595D
19	[2019-04-25] [11:48:11.990]	Link: #7 https://www.exist.ru/Price/?pid=CF80A9E4
20	[2019-04-25] [11:48:11.991]	Link: #8 https://www.exist.ru/Price/?pid=BF40E343
21	[2019-04-25] [11:48:11.992]	Link: #9 https://www.exist.ru/Price/?pid=FFA0CE60
22	[2019-04-25] [11:48:11.994]	Link: #10 https://www.exist.ru/Price/?pid=99D0C26C
23	[2019-04-25] [11:48:11.994]	Category not found, download all links
24	[2019-04-25] [11:48:11.995]	Go to: https://www.exist.ru/Price/?pid=BFF03019
25	[2019-04-25] [11:48:14.425]	https://www.exist.ru/Price/?pid=BFF03019 successfully opened
26	[2019-04-25] [11:48:14.425]		Analyse page
27	[2019-04-25] [11:48:14.428]		Handle errors
28	[2019-04-25] [11:48:14.428]	Wait for: 2999
29	[2019-04-25] [11:48:17.427]	Scrape: https://www.exist.ru/Price/?pid=BFF03019
30	[2019-04-25] [11:48:17.428]		Start scraper
31	[2019-04-25] [11:48:17.428]	Get #priceBody.innerHTML
32	[2019-04-25] [11:48:17.450]	Page scrape 1 analogs
33	[2019-04-25] [11:48:17.450]	Go to: https://www.exist.ru/Price/?pid=21E0AE7F
34	[2019-04-25] [11:48:18.783]	https://www.exist.ru/Price/?pid=21E0AE7F successfully opened
35	[2019-04-25] [11:48:18.783]		Analyse page
36	[2019-04-25] [11:48:18.786]		Handle errors
37	[2019-04-25] [11:48:18.786]	Wait for: 2308
38	[2019-04-25] [11:48:21.094]	Scrape: https://www.exist.ru/Price/?pid=21E0AE7F
39	[2019-04-25] [11:48:21.095]		Start scraper
40	[2019-04-25] [11:48:21.095]	Get #priceBody.innerHTML
41	[2019-04-25] [11:48:21.125]	Page scrape 1 analogs
42	[2019-04-25] [11:48:21.126]	Go to: https://www.exist.ru/Price/?pid=3C20D267
43	[2019-04-25] [11:48:22.420]	https://www.exist.ru/Price/?pid=3C20D267 successfully opened
44	[2019-04-25] [11:48:22.421]		Analyse page
45	[2019-04-25] [11:48:22.422]		Handle errors
46	[2019-04-25] [11:48:22.423]	Wait for: 2390
47	[2019-04-25] [11:48:24.813]	Scrape: https://www.exist.ru/Price/?pid=3C20D267
48	[2019-04-25] [11:48:24.813]		Start scraper
49	[2019-04-25] [11:48:24.813]	Get #priceBody.innerHTML
50	[2019-04-25] [11:48:24.823]	Page scrape 1 analogs
51	[2019-04-25] [11:48:24.823]	Go to: https://www.exist.ru/Price/?pid=E1D0D63D
52	[2019-04-25] [11:48:27.125]	https://www.exist.ru/Price/?pid=E1D0D63D successfully opened
53	[2019-04-25] [11:48:27.125]		Analyse page
54	[2019-04-25] [11:48:27.128]		Handle errors
55	[2019-04-25] [11:48:27.128]	Wait for: 2170
56	[2019-04-25] [11:48:29.299]	Scrape: https://www.exist.ru/Price/?pid=E1D0D63D
57	[2019-04-25] [11:48:29.299]		Start scraper
58	[2019-04-25] [11:48:29.299]	Get #priceBody.innerHTML
59	[2019-04-25] [11:48:29.519]	Page scrape 18 analogs
60	[2019-04-25] [11:48:29.519]	Go to: https://www.exist.ru/Price/?pid=C080D3B4
61	[2019-04-25] [11:48:30.977]	https://www.exist.ru/Price/?pid=C080D3B4 successfully opened
62	[2019-04-25] [11:48:30.977]		Analyse page
63	[2019-04-25] [11:48:30.980]		Handle errors
64	[2019-04-25] [11:48:30.980]	Wait for: 2212
65	[2019-04-25] [11:48:33.192]	Scrape: https://www.exist.ru/Price/?pid=C080D3B4
66	[2019-04-25] [11:48:33.192]		Start scraper
67	[2019-04-25] [11:48:33.192]	Get #priceBody.innerHTML
68	[2019-04-25] [11:48:33.235]	Page scrape 3 analogs
69	[2019-04-25] [11:48:33.236]	Go to: https://www.exist.ru/Price/?pid=3EB0595D
70	[2019-04-25] [11:48:35.165]	https://www.exist.ru/Price/?pid=3EB0595D successfully opened
71	[2019-04-25] [11:48:35.165]		Analyse page
72	[2019-04-25] [11:48:35.168]		Handle errors
73	[2019-04-25] [11:48:35.168]	Wait for: 2293
74	[2019-04-25] [11:48:37.461]	Scrape: https://www.exist.ru/Price/?pid=3EB0595D
75	[2019-04-25] [11:48:37.462]		Start scraper
76	[2019-04-25] [11:48:37.462]	Get #priceBody.innerHTML
77	[2019-04-25] [11:48:37.478]	Page scrape 1 analogs
78	[2019-04-25] [11:48:37.479]	Go to: https://www.exist.ru/Price/?pid=CF80A9E4
79	[2019-04-25] [11:48:38.704]	https://www.exist.ru/Price/?pid=CF80A9E4 successfully opened
80	[2019-04-25] [11:48:38.704]		Analyse page
81	[2019-04-25] [11:48:38.706]		Handle errors
82	[2019-04-25] [11:48:38.706]	Wait for: 2252
83	[2019-04-25] [11:48:40.958]	Scrape: https://www.exist.ru/Price/?pid=CF80A9E4
84	[2019-04-25] [11:48:40.958]		Start scraper
85	[2019-04-25] [11:48:40.958]	Get #priceBody.innerHTML
86	[2019-04-25] [11:48:40.983]	Page scrape 2 analogs
87	[2019-04-25] [11:48:40.984]	Go to: https://www.exist.ru/Price/?pid=BF40E343
88	[2019-04-25] [11:48:53.132]	https://www.exist.ru/Price/?pid=BF40E343 successfully opened
89	[2019-04-25] [11:48:53.132]		Analyse page
90	[2019-04-25] [11:48:53.134]		Handle errors
91	[2019-04-25] [11:48:53.134]	Wait for: 2257
92	[2019-04-25] [11:48:55.391]	Scrape: https://www.exist.ru/Price/?pid=BF40E343
93	[2019-04-25] [11:48:55.391]		Start scraper
94	[2019-04-25] [11:48:55.391]	Get #priceBody.innerHTML
95	[2019-04-25] [11:48:55.426]	Page scrape 3 analogs
96	[2019-04-25] [11:48:55.426]	Go to: https://www.exist.ru/Price/?pid=FFA0CE60
97	[2019-04-25] [11:48:57.572]	https://www.exist.ru/Price/?pid=FFA0CE60 successfully opened
98	[2019-04-25] [11:48:57.572]		Analyse page
99	[2019-04-25] [11:48:57.574]		Handle errors
100	[2019-04-25] [11:48:57.574]	Wait for: 2765
101	[2019-04-25] [11:49:00.339]	Scrape: https://www.exist.ru/Price/?pid=FFA0CE60
102	[2019-04-25] [11:49:00.339]		Start scraper
103	[2019-04-25] [11:49:00.340]	Get #priceBody.innerHTML
104	[2019-04-25] [11:49:00.354]	Page scrape 1 analogs
105	[2019-04-25] [11:49:00.355]	Go to: https://www.exist.ru/Price/?pid=99D0C26C
106	[2019-04-25] [11:49:01.628]	https://www.exist.ru/Price/?pid=99D0C26C successfully opened
107	[2019-04-25] [11:49:01.628]		Analyse page
108	[2019-04-25] [11:49:01.631]		Handle errors
109	[2019-04-25] [11:49:01.632]	Wait for: 2413
110	[2019-04-25] [11:49:04.045]	Scrape: https://www.exist.ru/Price/?pid=99D0C26C
111	[2019-04-25] [11:49:04.045]		Start scraper
112	[2019-04-25] [11:49:04.045]	Get #priceBody.innerHTML
113	[2019-04-25] [11:49:04.061]	Page scrape 1 analogs
114	[2019-04-25] [11:49:04.062]	Scraping https://www.exist.ru from article #24 420001
115	[2019-04-25] [11:49:04.063]	Scraping article: #24 420001 | category: Выжимные подшипники | https://www.exist.ru/Price/?pcode=420001
116	[2019-04-25] [11:49:05.774]	https://www.exist.ru/Price/?pcode=420001 successfully opened
117	[2019-04-25] [11:49:05.775]	Wait for: 2826
118	[2019-04-25] [11:49:08.601]		Analyse page
119	[2019-04-25] [11:49:08.604]		Handle errors
120	[2019-04-25] [11:49:08.625]	Catalog links amount: 22
121	[2019-04-25] [11:49:08.626]	Link: #1 https://www.exist.ru/Price/?pid=DDC0257B
122	[2019-04-25] [11:49:08.627]	Link: #2 https://www.exist.ru/Price/?pid=7F60782F
123	[2019-04-25] [11:49:08.628]	Link: #3 https://www.exist.ru/Price/?pid=65406BA9
124	[2019-04-25] [11:49:08.629]	Link: #4 https://www.exist.ru/Price/?pid=1C808E71
125	[2019-04-25] [11:49:08.630]	Link: #5 https://www.exist.ru/Price/?pid=97F02A92
126	[2019-04-25] [11:49:08.631]	Link: #6 https://www.exist.ru/Price/?pid=60B0DF0C
127	[2019-04-25] [11:49:08.631]	Link: #7 https://www.exist.ru/Price/?pid=A9F07448
128	[2019-04-25] [11:49:08.633]	Link: #8 https://www.exist.ru/Price/?pid=6BD08EB6
129	[2019-04-25] [11:49:08.635]	Link: #9 https://www.exist.ru/Price/?pid=EFC0C2FB
130	[2019-04-25] [11:49:08.647]	Link: #10 https://www.exist.ru/Price/?pid=6D409BE0
131	[2019-04-25] [11:49:08.648]	Link: #11 https://www.exist.ru/Price/?pid=062085F3
132	[2019-04-25] [11:49:08.649]	Link: #12 https://www.exist.ru/Price/?pid=E8A09319
133	[2019-04-25] [11:49:08.650]	Link: #13 https://www.exist.ru/Price/?pid=0CD0CEE4
134	[2019-04-25] [11:49:08.651]	Link: #14 https://www.exist.ru/Price/?pid=7CC05B55
135	[2019-04-25] [11:49:08.652]	Link: #15 https://www.exist.ru/Price/?pid=05903832
136	[2019-04-25] [11:49:08.653]	Link: #16 https://www.exist.ru/Price/?pid=9B406BA9
137	[2019-04-25] [11:49:08.663]	Link: #17 https://www.exist.ru/Price/?pid=23309E17
138	[2019-04-25] [11:49:08.664]	Link: #18 https://www.exist.ru/Price/?pid=661060B0
139	[2019-04-25] [11:49:08.665]	Link: #19 https://www.exist.ru/Price/?pid=84D03050
140	[2019-04-25] [11:49:08.666]	Link: #20 https://www.exist.ru/Price/?pid=D65013E9
141	[2019-04-25] [11:49:08.666]	Link: #21 https://www.exist.ru/Price/?pid=E1C09384
142	[2019-04-25] [11:49:08.667]	Link: #22 https://www.exist.ru/Price/?pid=EB208E32
143	[2019-04-25] [11:49:08.667]	Category not found, download all links
144	[2019-04-25] [11:49:08.668]	Go to: https://www.exist.ru/Price/?pid=DDC0257B
145	[2019-04-25] [11:49:10.084]	https://www.exist.ru/Price/?pid=DDC0257B successfully opened
146	[2019-04-25] [11:49:10.084]		Analyse page
147	[2019-04-25] [11:49:10.089]		Handle errors
148	[2019-04-25] [11:49:10.089]	Wait for: 2735
149	[2019-04-25] [11:49:12.824]	Scrape: https://www.exist.ru/Price/?pid=DDC0257B
150	[2019-04-25] [11:49:12.824]		Start scraper
151	[2019-04-25] [11:49:12.824]	Get #priceBody.innerHTML
152	[2019-04-25] [11:49:12.864]	Page scrape 3 analogs
153	[2019-04-25] [11:49:12.865]	Go to: https://www.exist.ru/Price/?pid=7F60782F
154	[2019-04-25] [11:49:14.658]	https://www.exist.ru/Price/?pid=7F60782F successfully opened
155	[2019-04-25] [11:49:14.658]		Analyse page
156	[2019-04-25] [11:49:14.660]		Handle errors
157	[2019-04-25] [11:49:14.660]	Wait for: 2695
158	[2019-04-25] [11:49:17.356]	Scrape: https://www.exist.ru/Price/?pid=7F60782F
159	[2019-04-25] [11:49:17.356]		Start scraper
160	[2019-04-25] [11:49:17.356]	Get #priceBody.innerHTML
161	[2019-04-25] [11:49:17.369]	Page scrape 1 analogs
162	[2019-04-25] [11:49:17.370]	Go to: https://www.exist.ru/Price/?pid=65406BA9
163	[2019-04-25] [11:49:18.530]	https://www.exist.ru/Price/?pid=65406BA9 successfully opened
164	[2019-04-25] [11:49:18.530]		Analyse page
165	[2019-04-25] [11:49:18.533]		Handle errors
166	[2019-04-25] [11:49:18.533]	Wait for: 2721
167	[2019-04-25] [11:49:21.253]	Scrape: https://www.exist.ru/Price/?pid=65406BA9
168	[2019-04-25] [11:49:21.253]		Start scraper
169	[2019-04-25] [11:49:21.253]	Get #priceBody.innerHTML
170	[2019-04-25] [11:49:21.266]	Page scrape 1 analogs
171	[2019-04-25] [11:49:21.267]	Go to: https://www.exist.ru/Price/?pid=1C808E71
172	[2019-04-25] [11:49:22.494]	https://www.exist.ru/Price/?pid=1C808E71 successfully opened
173	[2019-04-25] [11:49:22.494]		Analyse page
174	[2019-04-25] [11:49:22.497]		Handle errors
175	[2019-04-25] [11:49:22.497]	Wait for: 2993
176	[2019-04-25] [11:49:25.490]	Scrape: https://www.exist.ru/Price/?pid=1C808E71
177	[2019-04-25] [11:49:25.491]		Start scraper
178	[2019-04-25] [11:49:25.491]	Get #priceBody.innerHTML
179	[2019-04-25] [11:49:25.506]	Page scrape 1 analogs
180	[2019-04-25] [11:49:25.507]	Go to: https://www.exist.ru/Price/?pid=97F02A92
181	[2019-04-25] [11:49:27.376]	https://www.exist.ru/Price/?pid=97F02A92 successfully opened
182	[2019-04-25] [11:49:27.376]		Analyse page
183	[2019-04-25] [11:49:27.378]		Handle errors
184	[2019-04-25] [11:49:27.378]	Wait for: 2234
185	[2019-04-25] [11:49:29.611]	Scrape: https://www.exist.ru/Price/?pid=97F02A92
186	[2019-04-25] [11:49:29.612]		Start scraper
187	[2019-04-25] [11:49:29.612]	Get #priceBody.innerHTML
188	[2019-04-25] [11:49:29.648]	Page scrape 4 analogs
189	[2019-04-25] [11:49:29.648]	Go to: https://www.exist.ru/Price/?pid=60B0DF0C
190	[2019-04-25] [11:49:30.849]	https://www.exist.ru/Price/?pid=60B0DF0C successfully opened
191	[2019-04-25] [11:49:30.849]		Analyse page
192	[2019-04-25] [11:49:30.853]		Handle errors
193	[2019-04-25] [11:49:30.853]	Wait for: 2287
194	[2019-04-25] [11:49:33.141]	Scrape: https://www.exist.ru/Price/?pid=60B0DF0C
195	[2019-04-25] [11:49:33.141]		Start scraper
196	[2019-04-25] [11:49:33.141]	Get #priceBody.innerHTML
197	[2019-04-25] [11:49:33.155]	Page scrape 1 analogs
198	[2019-04-25] [11:49:33.156]	Go to: https://www.exist.ru/Price/?pid=A9F07448
199	[2019-04-25] [11:49:35.040]	https://www.exist.ru/Price/?pid=A9F07448 successfully opened
200	[2019-04-25] [11:49:35.040]		Analyse page
201	[2019-04-25] [11:49:35.043]		Handle errors
202	[2019-04-25] [11:49:35.043]	Wait for: 2208
203	[2019-04-25] [11:49:37.252]	Scrape: https://www.exist.ru/Price/?pid=A9F07448
204	[2019-04-25] [11:49:37.252]		Start scraper
205	[2019-04-25] [11:49:37.252]	Get #priceBody.innerHTML
206	[2019-04-25] [11:49:37.272]	Page scrape 2 analogs
207	[2019-04-25] [11:49:37.273]	Go to: https://www.exist.ru/Price/?pid=6BD08EB6
208	[2019-04-25] [11:49:38.736]	https://www.exist.ru/Price/?pid=6BD08EB6 successfully opened
209	[2019-04-25] [11:49:38.736]		Analyse page
210	[2019-04-25] [11:49:38.738]		Handle errors
211	[2019-04-25] [11:49:38.739]	Wait for: 2255
212	[2019-04-25] [11:49:40.994]	Scrape: https://www.exist.ru/Price/?pid=6BD08EB6
213	[2019-04-25] [11:49:40.994]		Start scraper
214	[2019-04-25] [11:49:40.994]	Get #priceBody.innerHTML
215	[2019-04-25] [11:49:41.019]	Page scrape 2 analogs
216	[2019-04-25] [11:49:41.020]	Go to: https://www.exist.ru/Price/?pid=EFC0C2FB
217	[2019-04-25] [11:49:42.333]	https://www.exist.ru/Price/?pid=EFC0C2FB successfully opened
218	[2019-04-25] [11:49:42.333]		Analyse page
219	[2019-04-25] [11:49:42.336]		Handle errors
220	[2019-04-25] [11:49:42.336]	Wait for: 2939
221	[2019-04-25] [11:49:45.276]	Scrape: https://www.exist.ru/Price/?pid=EFC0C2FB
222	[2019-04-25] [11:49:45.276]		Start scraper
223	[2019-04-25] [11:49:45.276]	Get #priceBody.innerHTML
224	[2019-04-25] [11:49:45.338]	Page scrape 4 analogs
225	[2019-04-25] [11:49:45.338]	Go to: https://www.exist.ru/Price/?pid=6D409BE0
226	[2019-04-25] [11:49:47.450]	https://www.exist.ru/Price/?pid=6D409BE0 successfully opened
227	[2019-04-25] [11:49:47.451]		Analyse page
228	[2019-04-25] [11:49:47.453]		Handle errors
229	[2019-04-25] [11:49:47.453]	Wait for: 2094
230	[2019-04-25] [11:49:49.547]	Scrape: https://www.exist.ru/Price/?pid=6D409BE0
231	[2019-04-25] [11:49:49.547]		Start scraper
232	[2019-04-25] [11:49:49.547]	Get #priceBody.innerHTML
233	[2019-04-25] [11:49:49.581]	Page scrape 3 analogs
234	[2019-04-25] [11:49:49.581]	Go to: https://www.exist.ru/Price/?pid=062085F3
235	[2019-04-25] [11:49:50.787]	https://www.exist.ru/Price/?pid=062085F3 successfully opened
236	[2019-04-25] [11:49:50.787]		Analyse page
237	[2019-04-25] [11:49:50.790]		Handle errors
238	[2019-04-25] [11:49:50.790]	Wait for: 2334
239	[2019-04-25] [11:49:53.124]	Scrape: https://www.exist.ru/Price/?pid=062085F3
240	[2019-04-25] [11:49:53.124]		Start scraper
241	[2019-04-25] [11:49:53.124]	Get #priceBody.innerHTML
242	[2019-04-25] [11:49:53.136]	Page scrape 1 analogs
243	[2019-04-25] [11:49:53.137]	Go to: https://www.exist.ru/Price/?pid=E8A09319
244	[2019-04-25] [11:49:55.021]	https://www.exist.ru/Price/?pid=E8A09319 successfully opened
245	[2019-04-25] [11:49:55.021]		Analyse page
246	[2019-04-25] [11:49:55.023]		Handle errors
247	[2019-04-25] [11:49:55.023]	Wait for: 2915
248	[2019-04-25] [11:49:57.937]	Scrape: https://www.exist.ru/Price/?pid=E8A09319
249	[2019-04-25] [11:49:57.938]		Start scraper
250	[2019-04-25] [11:49:57.938]	Get #priceBody.innerHTML
251	[2019-04-25] [11:49:57.949]	Page scrape 1 analogs
252	[2019-04-25] [11:49:57.950]	Go to: https://www.exist.ru/Price/?pid=0CD0CEE4
253	[2019-04-25] [11:49:59.099]	https://www.exist.ru/Price/?pid=0CD0CEE4 successfully opened
254	[2019-04-25] [11:49:59.099]		Analyse page
255	[2019-04-25] [11:49:59.102]		Handle errors
256	[2019-04-25] [11:49:59.102]	Wait for: 2960
257	[2019-04-25] [11:50:02.062]	Scrape: https://www.exist.ru/Price/?pid=0CD0CEE4
258	[2019-04-25] [11:50:02.062]		Start scraper
259	[2019-04-25] [11:50:02.062]	Get #priceBody.innerHTML
260	[2019-04-25] [11:50:02.078]	Page scrape 1 analogs
261	[2019-04-25] [11:50:02.078]	Go to: https://www.exist.ru/Price/?pid=7CC05B55
262	[2019-04-25] [11:50:03.197]	https://www.exist.ru/Price/?pid=7CC05B55 successfully opened
263	[2019-04-25] [11:50:03.197]		Analyse page
264	[2019-04-25] [11:50:03.199]		Handle errors
265	[2019-04-25] [11:50:03.199]	Wait for: 2799
266	[2019-04-25] [11:50:05.999]	Scrape: https://www.exist.ru/Price/?pid=7CC05B55
267	[2019-04-25] [11:50:05.999]		Start scraper
268	[2019-04-25] [11:50:05.999]	Get #priceBody.innerHTML
269	[2019-04-25] [11:50:06.013]	Page scrape 1 analogs
270	[2019-04-25] [11:50:06.014]	Go to: https://www.exist.ru/Price/?pid=05903832
271	[2019-04-25] [11:50:07.257]	https://www.exist.ru/Price/?pid=05903832 successfully opened
272	[2019-04-25] [11:50:07.257]		Analyse page
273	[2019-04-25] [11:50:07.260]		Handle errors
274	[2019-04-25] [11:50:07.260]	Wait for: 2995
275	[2019-04-25] [11:50:10.256]	Scrape: https://www.exist.ru/Price/?pid=05903832
276	[2019-04-25] [11:50:10.256]		Start scraper
277	[2019-04-25] [11:50:10.256]	Get #priceBody.innerHTML
278	[2019-04-25] [11:50:10.277]	Page scrape 2 analogs
279	[2019-04-25] [11:50:10.278]	Go to: https://www.exist.ru/Price/?pid=9B406BA9
280	[2019-04-25] [11:50:11.544]	https://www.exist.ru/Price/?pid=9B406BA9 successfully opened
281	[2019-04-25] [11:50:11.544]		Analyse page
282	[2019-04-25] [11:50:11.546]		Handle errors
283	[2019-04-25] [11:50:11.546]	Wait for: 2452
284	[2019-04-25] [11:50:13.998]	Scrape: https://www.exist.ru/Price/?pid=9B406BA9
285	[2019-04-25] [11:50:13.998]		Start scraper
286	[2019-04-25] [11:50:13.998]	Get #priceBody.innerHTML
287	[2019-04-25] [11:50:14.012]	Page scrape 1 analogs
288	[2019-04-25] [11:50:14.012]	Go to: https://www.exist.ru/Price/?pid=23309E17
289	[2019-04-25] [11:50:15.883]	https://www.exist.ru/Price/?pid=23309E17 successfully opened
290	[2019-04-25] [11:50:15.883]		Analyse page
291	[2019-04-25] [11:50:15.887]		Handle errors
292	[2019-04-25] [11:50:15.888]	Wait for: 2396
293	[2019-04-25] [11:50:18.283]	Scrape: https://www.exist.ru/Price/?pid=23309E17
294	[2019-04-25] [11:50:18.283]		Start scraper
295	[2019-04-25] [11:50:18.283]	Get #priceBody.innerHTML
296	[2019-04-25] [11:50:18.309]	Page scrape 3 analogs
297	[2019-04-25] [11:50:18.309]	Go to: https://www.exist.ru/Price/?pid=661060B0
298	[2019-04-25] [11:50:19.518]	https://www.exist.ru/Price/?pid=661060B0 successfully opened
299	[2019-04-25] [11:50:19.518]		Analyse page
300	[2019-04-25] [11:50:19.520]		Handle errors
301	[2019-04-25] [11:50:19.520]	Wait for: 2983
302	[2019-04-25] [11:50:22.502]	Scrape: https://www.exist.ru/Price/?pid=661060B0
303	[2019-04-25] [11:50:22.502]		Start scraper
304	[2019-04-25] [11:50:22.502]	Get #priceBody.innerHTML
305	[2019-04-25] [11:50:22.514]	Page scrape 1 analogs
306	[2019-04-25] [11:50:22.515]	Go to: https://www.exist.ru/Price/?pid=84D03050
307	[2019-04-25] [11:50:23.859]	https://www.exist.ru/Price/?pid=84D03050 successfully opened
308	[2019-04-25] [11:50:23.859]		Analyse page
309	[2019-04-25] [11:50:23.861]		Handle errors
310	[2019-04-25] [11:50:23.861]	Wait for: 2868
311	[2019-04-25] [11:50:26.729]	Scrape: https://www.exist.ru/Price/?pid=84D03050
312	[2019-04-25] [11:50:26.730]		Start scraper
313	[2019-04-25] [11:50:26.730]	Get #priceBody.innerHTML
314	[2019-04-25] [11:50:26.758]	Page scrape 3 analogs
315	[2019-04-25] [11:50:26.759]	Go to: https://www.exist.ru/Price/?pid=D65013E9
316	[2019-04-25] [11:50:28.226]	https://www.exist.ru/Price/?pid=D65013E9 successfully opened
317	[2019-04-25] [11:50:28.226]		Analyse page
318	[2019-04-25] [11:50:28.229]		Handle errors
319	[2019-04-25] [11:50:28.229]	Wait for: 2947
320	[2019-04-25] [11:50:31.177]	Scrape: https://www.exist.ru/Price/?pid=D65013E9
321	[2019-04-25] [11:50:31.177]		Start scraper
322	[2019-04-25] [11:50:31.177]	Get #priceBody.innerHTML
323	[2019-04-25] [11:50:31.193]	Page scrape 2 analogs
324	[2019-04-25] [11:50:31.193]	Go to: https://www.exist.ru/Price/?pid=E1C09384
325	[2019-04-25] [11:50:32.462]	https://www.exist.ru/Price/?pid=E1C09384 successfully opened
326	[2019-04-25] [11:50:32.462]		Analyse page
327	[2019-04-25] [11:50:32.464]		Handle errors
328	[2019-04-25] [11:50:32.464]	Wait for: 2265
329	[2019-04-25] [11:50:34.730]	Scrape: https://www.exist.ru/Price/?pid=E1C09384
330	[2019-04-25] [11:50:34.730]		Start scraper
331	[2019-04-25] [11:50:34.730]	Get #priceBody.innerHTML
332	[2019-04-25] [11:50:34.746]	Page scrape 1 analogs
333	[2019-04-25] [11:50:34.747]	Go to: https://www.exist.ru/Price/?pid=EB208E32
334	[2019-04-25] [11:50:36.693]	https://www.exist.ru/Price/?pid=EB208E32 successfully opened
335	[2019-04-25] [11:50:36.693]		Analyse page
336	[2019-04-25] [11:50:36.695]		Handle errors
337	[2019-04-25] [11:50:36.695]	Wait for: 2324
338	[2019-04-25] [11:50:39.019]	Scrape: https://www.exist.ru/Price/?pid=EB208E32
339	[2019-04-25] [11:50:39.019]		Start scraper
340	[2019-04-25] [11:50:39.019]	Get #priceBody.innerHTML
341	[2019-04-25] [11:50:39.077]	Page scrape 2 analogs
342	[2019-04-25] [11:50:39.078]	Scraping https://www.exist.ru from article #25 420004
343	[2019-04-25] [11:50:39.078]	Scraping article: #25 420004 | category: Выжимные подшипники | https://www.exist.ru/Price/?pcode=420004
344	[2019-04-25] [11:50:40.181]	https://www.exist.ru/Price/?pcode=420004 successfully opened
345	[2019-04-25] [11:50:40.181]	Wait for: 2184
346	[2019-04-25] [11:50:42.365]		Analyse page
347	[2019-04-25] [11:50:42.368]		Handle errors
348	[2019-04-25] [11:50:42.379]	Catalog links amount: 14
349	[2019-04-25] [11:50:42.380]	Link: #1 https://www.exist.ru/Price/?pid=65D06BA9
350	[2019-04-25] [11:50:42.381]	Link: #2 https://www.exist.ru/Price/?pid=98502A92
351	[2019-04-25] [11:50:42.383]	Link: #3 https://www.exist.ru/Price/?pid=7DE0CE12
352	[2019-04-25] [11:50:42.384]	Link: #4 https://www.exist.ru/Price/?pid=6C608EB6
353	[2019-04-25] [11:50:42.385]	Link: #5 https://www.exist.ru/Price/?pid=19604202
354	[2019-04-25] [11:50:42.386]	Link: #6 https://www.exist.ru/Price/?pid=EC309BD7
355	[2019-04-25] [11:50:42.388]	Link: #7 https://www.exist.ru/Price/?pid=C5A08FFD
356	[2019-04-25] [11:50:42.390]	Link: #8 https://www.exist.ru/Price/?pid=7D505B55
357	[2019-04-25] [11:50:42.391]	Link: #9 https://www.exist.ru/Price/?pid=06203832
358	[2019-04-25] [11:50:42.392]	Link: #10 https://www.exist.ru/Price/?pid=667060B0
359	[2019-04-25] [11:50:42.394]	Link: #11 https://www.exist.ru/Price/?pid=85603050
360	[2019-04-25] [11:50:42.395]	Link: #12 https://www.exist.ru/Price/?pid=D6E013E9
361	[2019-04-25] [11:50:42.396]	Link: #13 https://www.exist.ru/Price/?pid=F980AEEB
362	[2019-04-25] [11:50:42.397]	Link: #14 https://www.exist.ru/Price/?pid=B7D0A3B2
363	[2019-04-25] [11:50:42.398]	Category not found, download all links
364	[2019-04-25] [11:50:42.398]	Go to: https://www.exist.ru/Price/?pid=65D06BA9
365	[2019-04-25] [11:50:43.632]	https://www.exist.ru/Price/?pid=65D06BA9 successfully opened
366	[2019-04-25] [11:50:43.632]		Analyse page
367	[2019-04-25] [11:50:43.635]		Handle errors
368	[2019-04-25] [11:50:43.635]	Wait for: 2206
369	[2019-04-25] [11:50:45.845]	Scrape: https://www.exist.ru/Price/?pid=65D06BA9
370	[2019-04-25] [11:50:45.845]		Start scraper
371	[2019-04-25] [11:50:45.845]	Get #priceBody.innerHTML
372	[2019-04-25] [11:50:45.865]	Page scrape 2 analogs
373	[2019-04-25] [11:50:45.866]	Go to: https://www.exist.ru/Price/?pid=98502A92
374	[2019-04-25] [11:50:47.136]	https://www.exist.ru/Price/?pid=98502A92 successfully opened
375	[2019-04-25] [11:50:47.136]		Analyse page
376	[2019-04-25] [11:50:47.139]		Handle errors
377	[2019-04-25] [11:50:47.140]	Wait for: 2856
378	[2019-04-25] [11:50:49.996]	Scrape: https://www.exist.ru/Price/?pid=98502A92
379	[2019-04-25] [11:50:49.996]		Start scraper
380	[2019-04-25] [11:50:49.996]	Get #priceBody.innerHTML
381	[2019-04-25] [11:50:50.028]	Page scrape 3 analogs
382	[2019-04-25] [11:50:50.029]	Go to: https://www.exist.ru/Price/?pid=7DE0CE12
383	[2019-04-25] [11:50:51.406]	https://www.exist.ru/Price/?pid=7DE0CE12 successfully opened
384	[2019-04-25] [11:50:51.406]		Analyse page
385	[2019-04-25] [11:50:51.408]		Handle errors
386	[2019-04-25] [11:50:51.408]	Wait for: 2734
387	[2019-04-25] [11:50:54.142]	Scrape: https://www.exist.ru/Price/?pid=7DE0CE12
388	[2019-04-25] [11:50:54.142]		Start scraper
389	[2019-04-25] [11:50:54.142]	Get #priceBody.innerHTML
390	[2019-04-25] [11:50:54.157]	Page scrape 3 analogs
391	[2019-04-25] [11:50:54.157]	Go to: https://www.exist.ru/Price/?pid=6C608EB6
392	[2019-04-25] [11:51:06.888]	https://www.exist.ru/Price/?pid=6C608EB6 successfully opened
393	[2019-04-25] [11:51:06.888]		Analyse page
394	[2019-04-25] [11:51:06.892]		Handle errors
395	[2019-04-25] [11:51:06.892]	Wait for: 2803
396	[2019-04-25] [11:51:09.695]	Scrape: https://www.exist.ru/Price/?pid=6C608EB6
397	[2019-04-25] [11:51:09.695]		Start scraper
398	[2019-04-25] [11:51:09.695]	Get #priceBody.innerHTML
399	[2019-04-25] [11:51:09.707]	Page scrape 1 analogs
400	[2019-04-25] [11:51:09.708]	Go to: https://www.exist.ru/Price/?pid=19604202
401	[2019-04-25] [11:51:12.178]	https://www.exist.ru/Price/?pid=19604202 successfully opened
402	[2019-04-25] [11:51:12.178]		Analyse page
403	[2019-04-25] [11:51:12.182]		Handle errors
404	[2019-04-25] [11:51:12.182]	Wait for: 2043
405	[2019-04-25] [11:51:14.225]	Scrape: https://www.exist.ru/Price/?pid=19604202
406	[2019-04-25] [11:51:14.225]		Start scraper
407	[2019-04-25] [11:51:14.225]	Get #priceBody.innerHTML
408	[2019-04-25] [11:51:14.242]	Page scrape 2 analogs
409	[2019-04-25] [11:51:14.243]	Go to: https://www.exist.ru/Price/?pid=EC309BD7
410	[2019-04-25] [11:51:16.380]	https://www.exist.ru/Price/?pid=EC309BD7 successfully opened
411	[2019-04-25] [11:51:16.380]		Analyse page
412	[2019-04-25] [11:51:16.386]		Handle errors
413	[2019-04-25] [11:51:16.386]	Wait for: 2132
414	[2019-04-25] [11:51:18.518]	Scrape: https://www.exist.ru/Price/?pid=EC309BD7
415	[2019-04-25] [11:51:18.518]		Start scraper
416	[2019-04-25] [11:51:18.518]	Get #priceBody.innerHTML
417	[2019-04-25] [11:51:18.562]	Page scrape 6 analogs
418	[2019-04-25] [11:51:18.562]	Go to: https://www.exist.ru/Price/?pid=C5A08FFD
419	[2019-04-25] [11:51:19.908]	https://www.exist.ru/Price/?pid=C5A08FFD successfully opened
420	[2019-04-25] [11:51:19.908]		Analyse page
421	[2019-04-25] [11:51:19.912]		Handle errors
422	[2019-04-25] [11:51:19.912]	Wait for: 2888
423	[2019-04-25] [11:51:22.800]	Scrape: https://www.exist.ru/Price/?pid=C5A08FFD
424	[2019-04-25] [11:51:22.800]		Start scraper
425	[2019-04-25] [11:51:22.801]	Get #priceBody.innerHTML
426	[2019-04-25] [11:51:22.824]	Page scrape 1 analogs
427	[2019-04-25] [11:51:22.825]	Go to: https://www.exist.ru/Price/?pid=7D505B55
428	[2019-04-25] [11:51:24.936]	https://www.exist.ru/Price/?pid=7D505B55 successfully opened
429	[2019-04-25] [11:51:24.936]		Analyse page
430	[2019-04-25] [11:51:24.939]		Handle errors
431	[2019-04-25] [11:51:24.939]	Wait for: 2535
432	[2019-04-25] [11:51:27.475]	Scrape: https://www.exist.ru/Price/?pid=7D505B55
433	[2019-04-25] [11:51:27.475]		Start scraper
434	[2019-04-25] [11:51:27.475]	Get #priceBody.innerHTML
435	[2019-04-25] [11:51:27.493]	Page scrape 1 analogs
436	[2019-04-25] [11:51:27.493]	Go to: https://www.exist.ru/Price/?pid=06203832
437	[2019-04-25] [11:51:28.694]	https://www.exist.ru/Price/?pid=06203832 successfully opened
438	[2019-04-25] [11:51:28.694]		Analyse page
439	[2019-04-25] [11:51:28.697]		Handle errors
440	[2019-04-25] [11:51:28.697]	Wait for: 2274
441	[2019-04-25] [11:51:30.971]	Scrape: https://www.exist.ru/Price/?pid=06203832
442	[2019-04-25] [11:51:30.971]		Start scraper
443	[2019-04-25] [11:51:30.971]	Get #priceBody.innerHTML
444	[2019-04-25] [11:51:30.996]	Page scrape 2 analogs
445	[2019-04-25] [11:51:30.997]	Go to: https://www.exist.ru/Price/?pid=667060B0
446	[2019-04-25] [11:51:32.224]	https://www.exist.ru/Price/?pid=667060B0 successfully opened
447	[2019-04-25] [11:51:32.224]		Analyse page
448	[2019-04-25] [11:51:32.228]		Handle errors
449	[2019-04-25] [11:51:32.228]	Wait for: 2298
450	[2019-04-25] [11:51:34.526]	Scrape: https://www.exist.ru/Price/?pid=667060B0
451	[2019-04-25] [11:51:34.526]		Start scraper
452	[2019-04-25] [11:51:34.526]	Get #priceBody.innerHTML
453	[2019-04-25] [11:51:34.539]	Page scrape 1 analogs
454	[2019-04-25] [11:51:34.540]	Go to: https://www.exist.ru/Price/?pid=85603050
455	[2019-04-25] [11:51:36.434]	https://www.exist.ru/Price/?pid=85603050 successfully opened
456	[2019-04-25] [11:51:36.434]		Analyse page
457	[2019-04-25] [11:51:36.437]		Handle errors
458	[2019-04-25] [11:51:36.437]	Wait for: 2527
459	[2019-04-25] [11:51:38.964]	Scrape: https://www.exist.ru/Price/?pid=85603050
460	[2019-04-25] [11:51:38.964]		Start scraper
461	[2019-04-25] [11:51:38.964]	Get #priceBody.innerHTML
462	[2019-04-25] [11:51:38.984]	Page scrape 2 analogs
463	[2019-04-25] [11:51:38.985]	Go to: https://www.exist.ru/Price/?pid=D6E013E9
464	[2019-04-25] [11:51:40.329]	https://www.exist.ru/Price/?pid=D6E013E9 successfully opened
465	[2019-04-25] [11:51:40.329]		Analyse page
466	[2019-04-25] [11:51:40.331]		Handle errors
467	[2019-04-25] [11:51:40.332]	Wait for: 2481
468	[2019-04-25] [11:51:42.813]	Scrape: https://www.exist.ru/Price/?pid=D6E013E9
469	[2019-04-25] [11:51:42.813]		Start scraper
470	[2019-04-25] [11:51:42.813]	Get #priceBody.innerHTML
471	[2019-04-25] [11:51:42.827]	Page scrape 1 analogs
472	[2019-04-25] [11:51:42.827]	Go to: https://www.exist.ru/Price/?pid=F980AEEB
473	[2019-04-25] [11:51:44.797]	https://www.exist.ru/Price/?pid=F980AEEB successfully opened
474	[2019-04-25] [11:51:44.797]		Analyse page
475	[2019-04-25] [11:51:44.800]		Handle errors
476	[2019-04-25] [11:51:44.800]	Wait for: 2766
477	[2019-04-25] [11:51:47.569]	Scrape: https://www.exist.ru/Price/?pid=F980AEEB
478	[2019-04-25] [11:51:47.569]		Start scraper
479	[2019-04-25] [11:51:47.569]	Get #priceBody.innerHTML
480	[2019-04-25] [11:51:47.594]	Page scrape 2 analogs
481	[2019-04-25] [11:51:47.595]	Go to: https://www.exist.ru/Price/?pid=B7D0A3B2
482	[2019-04-25] [11:51:49.144]	https://www.exist.ru/Price/?pid=B7D0A3B2 successfully opened
483	[2019-04-25] [11:51:49.144]		Analyse page
484	[2019-04-25] [11:51:49.147]		Handle errors
485	[2019-04-25] [11:51:49.147]	Wait for: 2908
486	[2019-04-25] [11:51:52.055]	Scrape: https://www.exist.ru/Price/?pid=B7D0A3B2
487	[2019-04-25] [11:51:52.055]		Start scraper
488	[2019-04-25] [11:51:52.055]	Get #priceBody.innerHTML
489	[2019-04-25] [11:51:52.070]	Page scrape 2 analogs
490	[2019-04-25] [11:51:52.071]	Scraping https://www.exist.ru from article #26 436333
491	[2019-04-25] [11:51:52.071]	Scraping article: #26 436333 | category: Амортизаторы | https://www.exist.ru/Price/?pcode=436333
492	[2019-04-25] [11:51:53.129]	https://www.exist.ru/Price/?pcode=436333 successfully opened
493	[2019-04-25] [11:51:53.129]	Wait for: 2650
494	[2019-04-25] [11:51:55.780]		Analyse page
495	[2019-04-25] [11:51:55.782]		Handle errors
496	[2019-04-25] [11:51:55.786]	Catalog links amount: 2
497	[2019-04-25] [11:51:55.787]	Link: #1 https://www.exist.ru/Price/?pid=46D054B5
498	[2019-04-25] [11:51:55.788]	Link: #2 https://www.exist.ru/Price/?pid=CA8017BE
499	[2019-04-25] [11:51:55.789]	Category not found, download all links
500	[2019-04-25] [11:51:55.790]	Go to: https://www.exist.ru/Price/?pid=46D054B5
501	[2019-04-25] [11:51:57.062]	https://www.exist.ru/Price/?pid=46D054B5 successfully opened
502	[2019-04-25] [11:51:57.062]		Analyse page
503	[2019-04-25] [11:51:57.064]		Handle errors
504	[2019-04-25] [11:51:57.064]	Wait for: 2658
505	[2019-04-25] [11:51:59.723]	Scrape: https://www.exist.ru/Price/?pid=46D054B5
506	[2019-04-25] [11:51:59.723]		Start scraper
507	[2019-04-25] [11:51:59.723]	Get #priceBody.innerHTML
508	[2019-04-25] [11:51:59.734]	Page scrape 1 analogs
509	[2019-04-25] [11:51:59.735]	Go to: https://www.exist.ru/Price/?pid=CA8017BE
510	[2019-04-25] [11:52:01.044]	https://www.exist.ru/Price/?pid=CA8017BE successfully opened
511	[2019-04-25] [11:52:01.044]		Analyse page
512	[2019-04-25] [11:52:01.046]		Handle errors
513	[2019-04-25] [11:52:01.046]	Wait for: 2698
514	[2019-04-25] [11:52:03.744]	Scrape: https://www.exist.ru/Price/?pid=CA8017BE
515	[2019-04-25] [11:52:03.744]		Start scraper
516	[2019-04-25] [11:52:03.744]	Get #priceBody.innerHTML
517	[2019-04-25] [11:52:03.772]	Page scrape 3 analogs
518	[2019-04-25] [11:52:03.773]	Scraping https://www.exist.ru from article #27 436670
519	[2019-04-25] [11:52:03.773]	Scraping article: #27 436670 | category: Амортизаторы | https://www.exist.ru/Price/?pcode=436670
520	[2019-04-25] [11:52:05.616]	https://www.exist.ru/Price/?pcode=436670 successfully opened
521	[2019-04-25] [11:52:05.616]	Wait for: 2591
522	[2019-04-25] [11:52:08.207]		Analyse page
523	[2019-04-25] [11:52:08.209]		Handle errors
524	[2019-04-25] [11:52:08.213]	Catalog links amount: 2
525	[2019-04-25] [11:52:08.214]	Link: #1 https://www.exist.ru/Price/?pid=C8F054B5
526	[2019-04-25] [11:52:08.214]	Link: #2 https://www.exist.ru/Price/?pid=008017BF
527	[2019-04-25] [11:52:08.215]	Category not found, download all links
528	[2019-04-25] [11:52:08.215]	Go to: https://www.exist.ru/Price/?pid=C8F054B5
529	[2019-04-25] [11:52:09.453]	https://www.exist.ru/Price/?pid=C8F054B5 successfully opened
530	[2019-04-25] [11:52:09.453]		Analyse page
531	[2019-04-25] [11:52:09.455]		Handle errors
532	[2019-04-25] [11:52:09.455]	Wait for: 2856
533	[2019-04-25] [11:52:12.311]	Scrape: https://www.exist.ru/Price/?pid=C8F054B5
534	[2019-04-25] [11:52:12.311]		Start scraper
535	[2019-04-25] [11:52:12.311]	Get #priceBody.innerHTML
536	[2019-04-25] [11:52:12.322]	Page scrape 1 analogs
537	[2019-04-25] [11:52:12.322]	Go to: https://www.exist.ru/Price/?pid=008017BF
538	[2019-04-25] [11:52:13.880]	https://www.exist.ru/Price/?pid=008017BF successfully opened
539	[2019-04-25] [11:52:13.880]		Analyse page
540	[2019-04-25] [11:52:13.882]		Handle errors
541	[2019-04-25] [11:52:13.882]	Wait for: 2082
542	[2019-04-25] [11:52:15.965]	Scrape: https://www.exist.ru/Price/?pid=008017BF
543	[2019-04-25] [11:52:15.966]		Start scraper
544	[2019-04-25] [11:52:15.966]	Get #priceBody.innerHTML
545	[2019-04-25] [11:52:15.987]	Page scrape 2 analogs
546	[2019-04-25] [11:52:15.988]	Scraping https://www.exist.ru from article #28 436770
547	[2019-04-25] [11:52:15.988]	Scraping article: #28 436770 | category: Амортизаторы | https://www.exist.ru/Price/?pcode=436770
548	[2019-04-25] [11:52:17.043]	https://www.exist.ru/Price/?pcode=436770 successfully opened
549	[2019-04-25] [11:52:17.043]	Wait for: 2923
550	[2019-04-25] [11:52:19.966]		Analyse page
551	[2019-04-25] [11:52:19.976]		Handle errors
552	[2019-04-25] [11:52:20.007]	Catalog links amount: 2
553	[2019-04-25] [11:52:20.008]	Link: #1 https://www.exist.ru/Price/?pid=DE5054B5
554	[2019-04-25] [11:52:20.009]	Link: #2 https://www.exist.ru/Price/?pid=04508C13
555	[2019-04-25] [11:52:20.009]	Category not found, download all links
556	[2019-04-25] [11:52:20.009]	Go to: https://www.exist.ru/Price/?pid=DE5054B5
557	[2019-04-25] [11:52:21.319]	https://www.exist.ru/Price/?pid=DE5054B5 successfully opened
558	[2019-04-25] [11:52:21.319]		Analyse page
559	[2019-04-25] [11:52:21.322]		Handle errors
560	[2019-04-25] [11:52:21.322]	Wait for: 2950
561	[2019-04-25] [11:52:24.272]	Scrape: https://www.exist.ru/Price/?pid=DE5054B5
562	[2019-04-25] [11:52:24.272]		Start scraper
563	[2019-04-25] [11:52:24.272]	Get #priceBody.innerHTML
564	[2019-04-25] [11:52:24.293]	Page scrape 1 analogs
565	[2019-04-25] [11:52:24.294]	Go to: https://www.exist.ru/Price/?pid=04508C13
566	[2019-04-25] [11:52:26.212]	https://www.exist.ru/Price/?pid=04508C13 successfully opened
567	[2019-04-25] [11:52:26.212]		Analyse page
568	[2019-04-25] [11:52:26.214]		Handle errors
569	[2019-04-25] [11:52:26.214]	Wait for: 2142
570	[2019-04-25] [11:52:28.356]	Scrape: https://www.exist.ru/Price/?pid=04508C13
571	[2019-04-25] [11:52:28.356]		Start scraper
572	[2019-04-25] [11:52:28.356]	Get #priceBody.innerHTML
573	[2019-04-25] [11:52:28.373]	Page scrape 1 analogs
574	[2019-04-25] [11:52:28.374]	Scraping https://www.exist.ru from article #29 436793
575	[2019-04-25] [11:52:28.375]	Scraping article: #29 436793 | category: Амортизаторы | https://www.exist.ru/Price/?pcode=436793
576	[2019-04-25] [11:52:29.952]	https://www.exist.ru/Price/?pcode=436793 successfully opened
577	[2019-04-25] [11:52:29.952]	Wait for: 2331
578	[2019-04-25] [11:52:32.283]		Analyse page
579	[2019-04-25] [11:52:32.286]		Handle errors
580	[2019-04-25] [11:52:32.290]	Catalog links amount: 2
581	[2019-04-25] [11:52:32.290]	Link: #1 https://www.exist.ru/Price/?pid=E15054B5
582	[2019-04-25] [11:52:32.292]	Link: #2 https://www.exist.ru/Price/?pid=07E08C13
583	[2019-04-25] [11:52:32.292]	Category not found, download all links
584	[2019-04-25] [11:52:32.293]	Go to: https://www.exist.ru/Price/?pid=E15054B5
585	[2019-04-25] [11:52:33.526]	https://www.exist.ru/Price/?pid=E15054B5 successfully opened
586	[2019-04-25] [11:52:33.526]		Analyse page
587	[2019-04-25] [11:52:33.528]		Handle errors
588	[2019-04-25] [11:52:33.528]	Wait for: 2823
589	[2019-04-25] [11:52:36.351]	Scrape: https://www.exist.ru/Price/?pid=E15054B5
590	[2019-04-25] [11:52:36.351]		Start scraper
591	[2019-04-25] [11:52:36.351]	Get #priceBody.innerHTML
592	[2019-04-25] [11:52:36.365]	Page scrape 1 analogs
593	[2019-04-25] [11:52:36.365]	Go to: https://www.exist.ru/Price/?pid=07E08C13
594	[2019-04-25] [11:52:37.536]	https://www.exist.ru/Price/?pid=07E08C13 successfully opened
595	[2019-04-25] [11:52:37.537]		Analyse page
596	[2019-04-25] [11:52:37.539]		Handle errors
597	[2019-04-25] [11:52:37.539]	Wait for: 2404
598	[2019-04-25] [11:52:39.943]	Scrape: https://www.exist.ru/Price/?pid=07E08C13
599	[2019-04-25] [11:52:39.943]		Start scraper
600	[2019-04-25] [11:52:39.943]	Get #priceBody.innerHTML
601	[2019-04-25] [11:52:39.956]	Page scrape 1 analogs
602	[2019-04-25] [11:52:39.957]	Scraping https://www.exist.ru from article #30 436824
603	[2019-04-25] [11:52:39.958]	Scraping article: #30 436824 | category: Амортизаторы | https://www.exist.ru/Price/?pcode=436824
604	[2019-04-25] [11:52:41.394]	https://www.exist.ru/Price/?pcode=436824 successfully opened
605	[2019-04-25] [11:52:41.394]	Wait for: 2817
606	[2019-04-25] [11:52:44.211]		Analyse page
607	[2019-04-25] [11:52:44.214]		Handle errors
608	[2019-04-25] [11:52:44.214]		Start scraper
609	[2019-04-25] [11:52:44.214]	Get #priceBody.innerHTML
610	[2019-04-25] [11:52:44.216]	Scraping https://www.exist.ru from article #31 436825
611	[2019-04-25] [11:52:44.216]	Scraping article: #31 436825 | category: Амортизаторы | https://www.exist.ru/Price/?pcode=436825
612	[2019-04-25] [11:52:46.060]	https://www.exist.ru/Price/?pcode=436825 successfully opened
613	[2019-04-25] [11:52:46.060]	Wait for: 2780
614	[2019-04-25] [11:52:48.840]		Analyse page
615	[2019-04-25] [11:52:48.843]		Handle errors
616	[2019-04-25] [11:52:48.848]	Catalog links amount: 2
617	[2019-04-25] [11:52:48.849]	Link: #1 https://www.exist.ru/Price/?pid=E78054B5
618	[2019-04-25] [11:52:48.850]	Link: #2 https://www.exist.ru/Price/?pid=0780E4D2
619	[2019-04-25] [11:52:48.851]	Category not found, download all links
620	[2019-04-25] [11:52:48.851]	Go to: https://www.exist.ru/Price/?pid=E78054B5
621	[2019-04-25] [11:52:50.038]	https://www.exist.ru/Price/?pid=E78054B5 successfully opened
622	[2019-04-25] [11:52:50.038]		Analyse page
623	[2019-04-25] [11:52:50.041]		Handle errors
624	[2019-04-25] [11:52:50.041]	Wait for: 2522
625	[2019-04-25] [11:52:52.563]	Scrape: https://www.exist.ru/Price/?pid=E78054B5
626	[2019-04-25] [11:52:52.563]		Start scraper
627	[2019-04-25] [11:52:52.563]	Get #priceBody.innerHTML
628	[2019-04-25] [11:52:52.571]	Page scrape 1 analogs
629	[2019-04-25] [11:52:52.572]	Go to: https://www.exist.ru/Price/?pid=0780E4D2
630	[2019-04-25] [11:52:53.744]	https://www.exist.ru/Price/?pid=0780E4D2 successfully opened
631	[2019-04-25] [11:52:53.744]		Analyse page
632	[2019-04-25] [11:52:53.746]		Handle errors
633	[2019-04-25] [11:52:53.746]	Wait for: 2411
634	[2019-04-25] [11:52:56.158]	Scrape: https://www.exist.ru/Price/?pid=0780E4D2
635	[2019-04-25] [11:52:56.158]		Start scraper
636	[2019-04-25] [11:52:56.158]	Get #priceBody.innerHTML
637	[2019-04-25] [11:52:56.172]	Page scrape 1 analogs
638	[2019-04-25] [11:52:56.173]	Scraping https://www.exist.ru from article #32 436849
639	[2019-04-25] [11:52:56.174]	Scraping article: #32 436849 | category: Амортизаторы | https://www.exist.ru/Price/?pcode=436849
640	[2019-04-25] [11:52:57.505]	https://www.exist.ru/Price/?pcode=436849 successfully opened
641	[2019-04-25] [11:52:57.505]	Wait for: 2638
642	[2019-04-25] [11:53:00.143]		Analyse page
643	[2019-04-25] [11:53:00.146]		Handle errors
644	[2019-04-25] [11:53:00.146]		Start scraper
645	[2019-04-25] [11:53:00.146]	Get #priceBody.innerHTML
646	[2019-04-25] [11:53:00.148]	Scraping https://www.exist.ru from article #33 568000
647	[2019-04-25] [11:53:00.148]	Scraping article: #33 568000 | category: Тормозные барабаны | https://www.exist.ru/Price/?pcode=568000
648	[2019-04-25] [11:53:00.169]	Page scrape 1 analogs
649	[2019-04-25] [11:53:01.190]	https://www.exist.ru/Price/?pcode=568000 successfully opened
650	[2019-04-25] [11:53:01.190]	Wait for: 2444
651	[2019-04-25] [11:53:03.634]		Analyse page
652	[2019-04-25] [11:53:03.637]		Handle errors
653	[2019-04-25] [11:53:03.643]	Catalog links amount: 7
654	[2019-04-25] [11:53:03.644]	Link: #1 https://www.exist.ru/Price/?pid=84C096AE
655	[2019-04-25] [11:53:03.647]	Link: #2 https://www.exist.ru/Price/?pid=9F6000FC
656	[2019-04-25] [11:53:03.649]	Link: #3 https://www.exist.ru/Price/?pid=C6C0CC1E
657	[2019-04-25] [11:53:03.650]	Link: #4 https://www.exist.ru/Price/?pid=7BE0A2AF
658	[2019-04-25] [11:53:03.651]	Link: #5 https://www.exist.ru/Price/?pid=72709B4E
659	[2019-04-25] [11:53:03.652]	Link: #6 https://www.exist.ru/Price/?pid=BFD0CE01
660	[2019-04-25] [11:53:03.654]	Link: #7 https://www.exist.ru/Price/?pid=DCC05435
661	[2019-04-25] [11:53:03.655]	Category not found, download all links
662	[2019-04-25] [11:53:03.655]	Go to: https://www.exist.ru/Price/?pid=84C096AE
663	[2019-04-25] [11:53:05.714]	https://www.exist.ru/Price/?pid=84C096AE successfully opened
664	[2019-04-25] [11:53:05.714]		Analyse page
665	[2019-04-25] [11:53:05.717]		Handle errors
666	[2019-04-25] [11:53:05.717]	Wait for: 2393
667	[2019-04-25] [11:53:08.111]	Scrape: https://www.exist.ru/Price/?pid=84C096AE
668	[2019-04-25] [11:53:08.111]		Start scraper
669	[2019-04-25] [11:53:08.111]	Get #priceBody.innerHTML
670	[2019-04-25] [11:53:08.125]	Page scrape 1 analogs
671	[2019-04-25] [11:53:08.125]	Go to: https://www.exist.ru/Price/?pid=9F6000FC
672	[2019-04-25] [11:53:09.394]	https://www.exist.ru/Price/?pid=9F6000FC successfully opened
673	[2019-04-25] [11:53:09.394]		Analyse page
674	[2019-04-25] [11:53:09.396]		Handle errors
675	[2019-04-25] [11:53:09.396]	Wait for: 2341
676	[2019-04-25] [11:53:11.736]	Scrape: https://www.exist.ru/Price/?pid=9F6000FC
677	[2019-04-25] [11:53:11.737]		Start scraper
678	[2019-04-25] [11:53:11.737]	Get #priceBody.innerHTML
679	[2019-04-25] [11:53:11.746]	Page scrape 1 analogs
680	[2019-04-25] [11:53:11.746]	Go to: https://www.exist.ru/Price/?pid=C6C0CC1E
681	[2019-04-25] [11:53:12.909]	https://www.exist.ru/Price/?pid=C6C0CC1E successfully opened
682	[2019-04-25] [11:53:12.909]		Analyse page
683	[2019-04-25] [11:53:12.911]		Handle errors
684	[2019-04-25] [11:53:12.912]	Wait for: 2533
685	[2019-04-25] [11:53:15.445]	Scrape: https://www.exist.ru/Price/?pid=C6C0CC1E
686	[2019-04-25] [11:53:15.445]		Start scraper
687	[2019-04-25] [11:53:15.445]	Get #priceBody.innerHTML
688	[2019-04-25] [11:53:15.456]	Page scrape 1 analogs
689	[2019-04-25] [11:53:15.456]	Go to: https://www.exist.ru/Price/?pid=7BE0A2AF
690	[2019-04-25] [11:53:17.515]	https://www.exist.ru/Price/?pid=7BE0A2AF successfully opened
691	[2019-04-25] [11:53:17.515]		Analyse page
692	[2019-04-25] [11:53:17.518]		Handle errors
693	[2019-04-25] [11:53:17.518]	Wait for: 2777
694	[2019-04-25] [11:53:20.295]	Scrape: https://www.exist.ru/Price/?pid=7BE0A2AF
695	[2019-04-25] [11:53:20.295]		Start scraper
696	[2019-04-25] [11:53:20.295]	Get #priceBody.innerHTML
697	[2019-04-25] [11:53:20.309]	Page scrape 1 analogs
698	[2019-04-25] [11:53:20.309]	Go to: https://www.exist.ru/Price/?pid=72709B4E
699	[2019-04-25] [11:53:21.532]	https://www.exist.ru/Price/?pid=72709B4E successfully opened
700	[2019-04-25] [11:53:21.532]		Analyse page
701	[2019-04-25] [11:53:21.534]		Handle errors
702	[2019-04-25] [11:53:21.534]	Wait for: 2362
703	[2019-04-25] [11:53:23.897]	Scrape: https://www.exist.ru/Price/?pid=72709B4E
704	[2019-04-25] [11:53:23.897]		Start scraper
705	[2019-04-25] [11:53:23.897]	Get #priceBody.innerHTML
706	[2019-04-25] [11:53:23.907]	Page scrape 1 analogs
707	[2019-04-25] [11:53:23.907]	Go to: https://www.exist.ru/Price/?pid=BFD0CE01
708	[2019-04-25] [11:53:25.937]	https://www.exist.ru/Price/?pid=BFD0CE01 successfully opened
709	[2019-04-25] [11:53:25.937]		Analyse page
710	[2019-04-25] [11:53:25.939]		Handle errors
711	[2019-04-25] [11:53:25.939]	Wait for: 2223
712	[2019-04-25] [11:53:28.163]	Scrape: https://www.exist.ru/Price/?pid=BFD0CE01
713	[2019-04-25] [11:53:28.163]		Start scraper
714	[2019-04-25] [11:53:28.163]	Get #priceBody.innerHTML
715	[2019-04-25] [11:53:28.175]	Page scrape 1 analogs
716	[2019-04-25] [11:53:28.176]	Go to: https://www.exist.ru/Price/?pid=DCC05435
717	[2019-04-25] [11:53:29.838]	https://www.exist.ru/Price/?pid=DCC05435 successfully opened
718	[2019-04-25] [11:53:29.838]		Analyse page
719	[2019-04-25] [11:53:29.840]		Handle errors
720	[2019-04-25] [11:53:29.840]	Wait for: 2978
721	[2019-04-25] [11:53:32.818]	Scrape: https://www.exist.ru/Price/?pid=DCC05435
722	[2019-04-25] [11:53:32.818]		Start scraper
723	[2019-04-25] [11:53:32.818]	Get #priceBody.innerHTML
724	[2019-04-25] [11:53:32.825]	Page scrape 1 analogs
725	[2019-04-25] [11:53:32.826]	Scraping https://www.exist.ru from article #34 0569061
726	[2019-04-25] [11:53:32.826]	Scraping article: #34 0569061 | category: Тормозные диски | https://www.exist.ru/Price/?pcode=0569061
727	[2019-04-25] [11:53:35.781]	https://www.exist.ru/Price/?pcode=0569061 successfully opened
728	[2019-04-25] [11:53:35.781]	Wait for: 2583
729	[2019-04-25] [11:53:38.363]		Analyse page
730	[2019-04-25] [11:53:38.367]		Handle errors
731	[2019-04-25] [11:53:38.367]		Start scraper
732	[2019-04-25] [11:53:38.367]	Get #priceBody.innerHTML
733	[2019-04-25] [11:53:38.369]	Scraping https://www.exist.ru from article #35 569065
734	[2019-04-25] [11:53:38.369]	Scraping article: #35 569065 | category: Тормозные диски | https://www.exist.ru/Price/?pcode=569065
735	[2019-04-25] [11:53:39.630]	https://www.exist.ru/Price/?pcode=569065 successfully opened
736	[2019-04-25] [11:53:39.630]	Wait for: 2645
737	[2019-04-25] [11:53:42.276]		Analyse page
738	[2019-04-25] [11:53:42.278]		Handle errors
739	[2019-04-25] [11:53:42.278]		Start scraper
740	[2019-04-25] [11:53:42.278]	Get #priceBody.innerHTML
741	[2019-04-25] [11:53:42.279]	Scraping https://www.exist.ru from article #36 569069
742	[2019-04-25] [11:53:42.280]	Scraping article: #36 569069 | category: Тормозные диски | https://www.exist.ru/Price/?pcode=569069
743	[2019-04-25] [11:53:43.339]	https://www.exist.ru/Price/?pcode=569069 successfully opened
744	[2019-04-25] [11:53:43.339]	Wait for: 2067
745	[2019-04-25] [11:53:45.406]		Analyse page
746	[2019-04-25] [11:53:45.408]		Handle errors
747	[2019-04-25] [11:53:45.413]	Catalog links amount: 2
748	[2019-04-25] [11:53:45.414]	Link: #1 https://www.exist.ru/Price/?pid=F0C0E4E7
749	[2019-04-25] [11:53:45.415]	Category found, go to: https://www.exist.ru/Price/?pid=F0C0E4E7
750	[2019-04-25] [11:53:46.727]	https://www.exist.ru/Price/?pid=F0C0E4E7 successfully opened
751	[2019-04-25] [11:53:46.727]		Analyse page
752	[2019-04-25] [11:53:46.729]		Handle errors
753	[2019-04-25] [11:53:46.730]	Wait for: 2786
754	[2019-04-25] [11:53:49.516]	Scrape https://www.exist.ru/Price/?pid=F0C0E4E7
755	[2019-04-25] [11:53:49.516]		Start scraper
756	[2019-04-25] [11:53:49.516]	Get #priceBody.innerHTML
757	[2019-04-25] [11:53:49.536]	Page scrape 2 analogs
758	[2019-04-25] [11:53:49.536]	Scraping https://www.exist.ru from article #37 569070
759	[2019-04-25] [11:53:49.537]	Scraping article: #37 569070 | category: Тормозные диски | https://www.exist.ru/Price/?pcode=569070
760	[2019-04-25] [11:53:50.559]	https://www.exist.ru/Price/?pcode=569070 successfully opened
761	[2019-04-25] [11:53:50.560]	Wait for: 2407
762	[2019-04-25] [11:53:52.967]		Analyse page
763	[2019-04-25] [11:53:52.969]		Handle errors
764	[2019-04-25] [11:53:52.977]	Catalog links amount: 5
765	[2019-04-25] [11:53:52.977]	Link: #1 https://www.exist.ru/Price/?pid=8BF0D28C
766	[2019-04-25] [11:53:52.978]	Link: #2 https://www.exist.ru/Price/?pid=DD10A0BC
767	[2019-04-25] [11:53:52.979]	Link: #3 https://www.exist.ru/Price/?pid=8D004179
768	[2019-04-25] [11:53:52.979]	Link: #4 https://www.exist.ru/Price/?pid=3DF0A091
769	[2019-04-25] [11:53:52.980]	Link: #5 https://www.exist.ru/Price/?pid=2580C561
770	[2019-04-25] [11:53:52.980]	Category not found, download all links
771	[2019-04-25] [11:53:52.981]	Go to: https://www.exist.ru/Price/?pid=8BF0D28C
772	[2019-04-25] [11:53:54.790]	https://www.exist.ru/Price/?pid=8BF0D28C successfully opened
773	[2019-04-25] [11:53:54.790]		Analyse page
774	[2019-04-25] [11:53:54.793]		Handle errors
775	[2019-04-25] [11:53:54.793]	Wait for: 2149
776	[2019-04-25] [11:53:56.942]	Scrape: https://www.exist.ru/Price/?pid=8BF0D28C
777	[2019-04-25] [11:53:56.942]		Start scraper
778	[2019-04-25] [11:53:56.942]	Get #priceBody.innerHTML
779	[2019-04-25] [11:53:56.964]	Page scrape 2 analogs
780	[2019-04-25] [11:53:56.965]	Go to: https://www.exist.ru/Price/?pid=DD10A0BC
781	[2019-04-25] [11:53:58.376]	https://www.exist.ru/Price/?pid=DD10A0BC successfully opened
782	[2019-04-25] [11:53:58.376]		Analyse page
783	[2019-04-25] [11:53:58.378]		Handle errors
784	[2019-04-25] [11:53:58.378]	Wait for: 2831
785	[2019-04-25] [11:54:01.208]	Scrape: https://www.exist.ru/Price/?pid=DD10A0BC
786	[2019-04-25] [11:54:01.208]		Start scraper
787	[2019-04-25] [11:54:01.208]	Get #priceBody.innerHTML
788	[2019-04-25] [11:54:01.392]	Page scrape 23 analogs
789	[2019-04-25] [11:54:01.392]	Go to: https://www.exist.ru/Price/?pid=8D004179
790	[2019-04-25] [11:54:02.523]	https://www.exist.ru/Price/?pid=8D004179 successfully opened
791	[2019-04-25] [11:54:02.523]		Analyse page
792	[2019-04-25] [11:54:02.526]		Handle errors
793	[2019-04-25] [11:54:02.526]	Wait for: 2310
794	[2019-04-25] [11:54:04.835]	Scrape: https://www.exist.ru/Price/?pid=8D004179
795	[2019-04-25] [11:54:04.836]		Start scraper
796	[2019-04-25] [11:54:04.836]	Get #priceBody.innerHTML
797	[2019-04-25] [11:54:04.858]	Page scrape 1 analogs
798	[2019-04-25] [11:54:04.858]	Go to: https://www.exist.ru/Price/?pid=3DF0A091
799	[2019-04-25] [11:54:07.165]	https://www.exist.ru/Price/?pid=3DF0A091 successfully opened
800	[2019-04-25] [11:54:07.165]		Analyse page
801	[2019-04-25] [11:54:07.167]		Handle errors
802	[2019-04-25] [11:54:07.167]	Wait for: 2115
803	[2019-04-25] [11:54:09.283]	Scrape: https://www.exist.ru/Price/?pid=3DF0A091
804	[2019-04-25] [11:54:09.283]		Start scraper
805	[2019-04-25] [11:54:09.283]	Get #priceBody.innerHTML
806	[2019-04-25] [11:54:09.313]	Page scrape 2 analogs
807	[2019-04-25] [11:54:09.313]	Go to: https://www.exist.ru/Price/?pid=2580C561
808	[2019-04-25] [11:54:10.521]	https://www.exist.ru/Price/?pid=2580C561 successfully opened
809	[2019-04-25] [11:54:10.521]		Analyse page
810	[2019-04-25] [11:54:10.523]		Handle errors
811	[2019-04-25] [11:54:10.523]	Wait for: 2948
812	[2019-04-25] [11:54:13.471]	Scrape: https://www.exist.ru/Price/?pid=2580C561
813	[2019-04-25] [11:54:13.471]		Start scraper
814	[2019-04-25] [11:54:13.471]	Get #priceBody.innerHTML
815	[2019-04-25] [11:54:13.490]	Page scrape 1 analogs
816	[2019-04-25] [11:54:13.491]	Scraping https://www.exist.ru from article #38 569073
817	[2019-04-25] [11:54:13.492]	Scraping article: #38 569073 | category: Тормозные диски | https://www.exist.ru/Price/?pcode=569073
818	[2019-04-25] [11:54:15.296]	https://www.exist.ru/Price/?pcode=569073 successfully opened
819	[2019-04-25] [11:54:15.296]	Wait for: 2269
820	[2019-04-25] [11:54:17.565]		Analyse page
821	[2019-04-25] [11:54:17.568]		Handle errors
822	[2019-04-25] [11:54:17.572]	Catalog links amount: 2
823	[2019-04-25] [11:54:17.574]	Link: #1 https://www.exist.ru/Price/?pid=648067C8
824	[2019-04-25] [11:54:17.575]	Link: #2 https://www.exist.ru/Price/?pid=FD40B569
825	[2019-04-25] [11:54:17.576]	Category not found, download all links
826	[2019-04-25] [11:54:17.576]	Go to: https://www.exist.ru/Price/?pid=648067C8
827	[2019-04-25] [11:54:18.925]	https://www.exist.ru/Price/?pid=648067C8 successfully opened
828	[2019-04-25] [11:54:18.925]		Analyse page
829	[2019-04-25] [11:54:18.927]		Handle errors
830	[2019-04-25] [11:54:18.927]	Wait for: 2555
831	[2019-04-25] [11:54:21.483]	Scrape: https://www.exist.ru/Price/?pid=648067C8
832	[2019-04-25] [11:54:21.483]		Start scraper
833	[2019-04-25] [11:54:21.483]	Get #priceBody.innerHTML
834	[2019-04-25] [11:54:21.495]	Page scrape 1 analogs
835	[2019-04-25] [11:54:21.496]	Go to: https://www.exist.ru/Price/?pid=FD40B569
836	[2019-04-25] [11:54:22.759]	https://www.exist.ru/Price/?pid=FD40B569 successfully opened
837	[2019-04-25] [11:54:22.759]		Analyse page
838	[2019-04-25] [11:54:22.762]		Handle errors
839	[2019-04-25] [11:54:22.762]	Wait for: 2446
840	[2019-04-25] [11:54:25.207]	Scrape: https://www.exist.ru/Price/?pid=FD40B569
841	[2019-04-25] [11:54:25.207]		Start scraper
842	[2019-04-25] [11:54:25.207]	Get #priceBody.innerHTML
843	[2019-04-25] [11:54:25.220]	Page scrape 1 analogs
844	[2019-04-25] [11:54:25.221]	Scraping https://www.exist.ru from article #39 569074
845	[2019-04-25] [11:54:25.222]	Scraping article: #39 569074 | category: Тормозные диски | https://www.exist.ru/Price/?pcode=569074
846	[2019-04-25] [11:54:26.912]	https://www.exist.ru/Price/?pcode=569074 successfully opened
847	[2019-04-25] [11:54:26.912]	Wait for: 2615
848	[2019-04-25] [11:54:29.526]		Analyse page
849	[2019-04-25] [11:54:29.530]		Handle errors
850	[2019-04-25] [11:54:29.534]	Catalog links amount: 2
851	[2019-04-25] [11:54:29.535]	Link: #1 https://www.exist.ru/Price/?pid=C5A0C2FD
852	[2019-04-25] [11:54:29.536]	Category found, go to: https://www.exist.ru/Price/?pid=C5A0C2FD
853	[2019-04-25] [11:54:30.909]	https://www.exist.ru/Price/?pid=C5A0C2FD successfully opened
854	[2019-04-25] [11:54:30.909]		Analyse page
855	[2019-04-25] [11:54:30.912]		Handle errors
856	[2019-04-25] [11:54:30.912]	Wait for: 2182
857	[2019-04-25] [11:54:33.094]	Scrape https://www.exist.ru/Price/?pid=C5A0C2FD
858	[2019-04-25] [11:54:33.094]		Start scraper
859	[2019-04-25] [11:54:33.094]	Get #priceBody.innerHTML
860	[2019-04-25] [11:54:33.230]	Page scrape 16 analogs
861	[2019-04-25] [11:54:33.231]	Scraping https://www.exist.ru from article #40 569075
862	[2019-04-25] [11:54:33.231]	Scraping article: #40 569075 | category: Тормозные диски | https://www.exist.ru/Price/?pcode=569075
863	[2019-04-25] [11:54:34.948]	https://www.exist.ru/Price/?pcode=569075 successfully opened
864	[2019-04-25] [11:54:34.948]	Wait for: 2935
865	[2019-04-25] [11:54:37.883]		Analyse page
866	[2019-04-25] [11:54:37.885]		Handle errors
867	[2019-04-25] [11:54:37.892]	Catalog links amount: 4
868	[2019-04-25] [11:54:37.892]	Link: #1 https://www.exist.ru/Price/?pid=E770C2FC
869	[2019-04-25] [11:54:37.893]	Category found, go to: https://www.exist.ru/Price/?pid=E770C2FC
870	[2019-04-25] [11:54:39.266]	https://www.exist.ru/Price/?pid=E770C2FC successfully opened
871	[2019-04-25] [11:54:39.266]		Analyse page
872	[2019-04-25] [11:54:39.269]		Handle errors
873	[2019-04-25] [11:54:39.269]	Wait for: 2095
874	[2019-04-25] [11:54:41.364]	Scrape https://www.exist.ru/Price/?pid=E770C2FC
875	[2019-04-25] [11:54:41.364]		Start scraper
876	[2019-04-25] [11:54:41.364]	Get #priceBody.innerHTML
877	[2019-04-25] [11:54:41.465]	Page scrape 15 analogs
878	[2019-04-25] [11:54:41.466]	Scraping https://www.exist.ru from article #41 569076
879	[2019-04-25] [11:54:41.467]	Scraping article: #41 569076 | category: Тормозные диски | https://www.exist.ru/Price/?pcode=569076
880	[2019-04-25] [11:54:42.543]	https://www.exist.ru/Price/?pcode=569076 successfully opened
881	[2019-04-25] [11:54:42.544]	Wait for: 2071
882	[2019-04-25] [11:54:44.615]		Analyse page
883	[2019-04-25] [11:54:44.618]		Handle errors
884	[2019-04-25] [11:54:44.626]	Catalog links amount: 5
885	[2019-04-25] [11:54:44.627]	Link: #1 https://www.exist.ru/Price/?pid=2E90A0C7
886	[2019-04-25] [11:54:44.629]	Link: #2 https://www.exist.ru/Price/?pid=8D70B702
887	[2019-04-25] [11:54:44.631]	Link: #3 https://www.exist.ru/Price/?pid=76605468
888	[2019-04-25] [11:54:44.632]	Link: #4 https://www.exist.ru/Price/?pid=FD70B569
889	[2019-04-25] [11:54:44.633]	Link: #5 https://www.exist.ru/Price/?pid=43905A6B
890	[2019-04-25] [11:54:44.634]	Category not found, download all links
891	[2019-04-25] [11:54:44.634]	Go to: https://www.exist.ru/Price/?pid=2E90A0C7
892	[2019-04-25] [11:54:46.719]	https://www.exist.ru/Price/?pid=2E90A0C7 successfully opened
893	[2019-04-25] [11:54:46.719]		Analyse page
894	[2019-04-25] [11:54:46.721]		Handle errors
895	[2019-04-25] [11:54:46.722]	Wait for: 2547
896	[2019-04-25] [11:54:49.274]	Scrape: https://www.exist.ru/Price/?pid=2E90A0C7
897	[2019-04-25] [11:54:49.274]		Start scraper
898	[2019-04-25] [11:54:49.274]	Get #priceBody.innerHTML
899	[2019-04-25] [11:54:49.383]	Page scrape 16 analogs
900	[2019-04-25] [11:54:49.383]	Go to: https://www.exist.ru/Price/?pid=8D70B702
901	[2019-04-25] [11:54:50.633]	https://www.exist.ru/Price/?pid=8D70B702 successfully opened
902	[2019-04-25] [11:54:50.633]		Analyse page
903	[2019-04-25] [11:54:50.636]		Handle errors
904	[2019-04-25] [11:54:50.636]	Wait for: 2474
905	[2019-04-25] [11:54:53.110]	Scrape: https://www.exist.ru/Price/?pid=8D70B702
906	[2019-04-25] [11:54:53.110]		Start scraper
907	[2019-04-25] [11:54:53.110]	Get #priceBody.innerHTML
908	[2019-04-25] [11:54:53.127]	Page scrape 1 analogs
909	[2019-04-25] [11:54:53.127]	Go to: https://www.exist.ru/Price/?pid=76605468
910	[2019-04-25] [11:54:55.061]	https://www.exist.ru/Price/?pid=76605468 successfully opened
911	[2019-04-25] [11:54:55.061]		Analyse page
912	[2019-04-25] [11:54:55.064]		Handle errors
913	[2019-04-25] [11:54:55.064]	Wait for: 2424
914	[2019-04-25] [11:54:57.488]	Scrape: https://www.exist.ru/Price/?pid=76605468
915	[2019-04-25] [11:54:57.488]		Start scraper
916	[2019-04-25] [11:54:57.488]	Get #priceBody.innerHTML
917	[2019-04-25] [11:54:57.508]	Page scrape 1 analogs
918	[2019-04-25] [11:54:57.509]	Go to: https://www.exist.ru/Price/?pid=FD70B569
919	[2019-04-25] [11:54:58.680]	https://www.exist.ru/Price/?pid=FD70B569 successfully opened
920	[2019-04-25] [11:54:58.680]		Analyse page
921	[2019-04-25] [11:54:58.683]		Handle errors
922	[2019-04-25] [11:54:58.683]	Wait for: 2277
923	[2019-04-25] [11:55:00.960]	Scrape: https://www.exist.ru/Price/?pid=FD70B569
924	[2019-04-25] [11:55:00.960]		Start scraper
925	[2019-04-25] [11:55:00.960]	Get #priceBody.innerHTML
926	[2019-04-25] [11:55:00.972]	Page scrape 1 analogs
927	[2019-04-25] [11:55:00.972]	Go to: https://www.exist.ru/Price/?pid=43905A6B
928	[2019-04-25] [11:55:02.242]	https://www.exist.ru/Price/?pid=43905A6B successfully opened
929	[2019-04-25] [11:55:02.242]		Analyse page
930	[2019-04-25] [11:55:02.244]		Handle errors
931	[2019-04-25] [11:55:02.245]	Wait for: 2268
932	[2019-04-25] [11:55:04.513]	Scrape: https://www.exist.ru/Price/?pid=43905A6B
933	[2019-04-25] [11:55:04.513]		Start scraper
934	[2019-04-25] [11:55:04.513]	Get #priceBody.innerHTML
935	[2019-04-25] [11:55:04.527]	Page scrape 1 analogs
936	[2019-04-25] [11:55:04.528]	Scraping https://www.exist.ru from article #42 569078
937	[2019-04-25] [11:55:04.529]	Scraping article: #42 569078 | category: Тормозные диски | https://www.exist.ru/Price/?pcode=569078
938	[2019-04-25] [11:55:06.346]	https://www.exist.ru/Price/?pcode=569078 successfully opened
939	[2019-04-25] [11:55:06.346]	Wait for: 2247
940	[2019-04-25] [11:55:08.593]		Analyse page
941	[2019-04-25] [11:55:08.596]		Handle errors
942	[2019-04-25] [11:55:08.600]	Catalog links amount: 2
943	[2019-04-25] [11:55:08.601]	Link: #1 https://www.exist.ru/Price/?pid=9F70D2F5
944	[2019-04-25] [11:55:08.602]	Link: #2 https://www.exist.ru/Price/?pid=6D00B657
945	[2019-04-25] [11:55:08.603]	Category not found, download all links
946	[2019-04-25] [11:55:08.603]	Go to: https://www.exist.ru/Price/?pid=9F70D2F5
947	[2019-04-25] [11:55:09.941]	https://www.exist.ru/Price/?pid=9F70D2F5 successfully opened
948	[2019-04-25] [11:55:09.941]		Analyse page
949	[2019-04-25] [11:55:09.943]		Handle errors
950	[2019-04-25] [11:55:09.943]	Wait for: 2164
951	[2019-04-25] [11:55:12.107]	Scrape: https://www.exist.ru/Price/?pid=9F70D2F5
952	[2019-04-25] [11:55:12.107]		Start scraper
953	[2019-04-25] [11:55:12.107]	Get #priceBody.innerHTML
954	[2019-04-25] [11:55:12.120]	Page scrape 1 analogs
955	[2019-04-25] [11:55:12.121]	Go to: https://www.exist.ru/Price/?pid=6D00B657
956	[2019-04-25] [11:55:13.322]	https://www.exist.ru/Price/?pid=6D00B657 successfully opened
957	[2019-04-25] [11:55:13.322]		Analyse page
958	[2019-04-25] [11:55:13.327]		Handle errors
959	[2019-04-25] [11:55:13.327]	Wait for: 2420
960	[2019-04-25] [11:55:15.748]	Scrape: https://www.exist.ru/Price/?pid=6D00B657
961	[2019-04-25] [11:55:15.749]		Start scraper
962	[2019-04-25] [11:55:15.749]	Get #priceBody.innerHTML
963	[2019-04-25] [11:55:15.760]	Page scrape 1 analogs
964	[2019-04-25] [11:55:15.761]	Scraping https://www.exist.ru from article #43 569081
965	[2019-04-25] [11:55:15.762]	Scraping article: #43 569081 | category: Тормозные диски | https://www.exist.ru/Price/?pcode=569081
966	[2019-04-25] [11:55:16.920]	https://www.exist.ru/Price/?pcode=569081 successfully opened
967	[2019-04-25] [11:55:16.920]	Wait for: 2795
968	[2019-04-25] [11:55:19.715]		Analyse page
969	[2019-04-25] [11:55:19.718]		Handle errors
970	[2019-04-25] [11:55:19.723]	Catalog links amount: 4
971	[2019-04-25] [11:55:19.724]	Link: #1 https://www.exist.ru/Price/?pid=C0F0C180
972	[2019-04-25] [11:55:19.725]	Link: #2 https://www.exist.ru/Price/?pid=4700CBF8
973	[2019-04-25] [11:55:19.726]	Link: #3 https://www.exist.ru/Price/?pid=76905468
974	[2019-04-25] [11:55:19.727]	Link: #4 https://www.exist.ru/Price/?pid=43C05A6B
975	[2019-04-25] [11:55:19.728]	Category not found, download all links
976	[2019-04-25] [11:55:19.728]	Go to: https://www.exist.ru/Price/?pid=C0F0C180
977	[2019-04-25] [11:55:20.892]	https://www.exist.ru/Price/?pid=C0F0C180 successfully opened
978	[2019-04-25] [11:55:20.892]		Analyse page
979	[2019-04-25] [11:55:20.895]		Handle errors
980	[2019-04-25] [11:55:20.895]	Wait for: 2701
981	[2019-04-25] [11:55:23.596]	Scrape: https://www.exist.ru/Price/?pid=C0F0C180
982	[2019-04-25] [11:55:23.596]		Start scraper
983	[2019-04-25] [11:55:23.596]	Get #priceBody.innerHTML
984	[2019-04-25] [11:55:23.608]	Page scrape 1 analogs
985	[2019-04-25] [11:55:23.609]	Go to: https://www.exist.ru/Price/?pid=4700CBF8
986	[2019-04-25] [11:55:25.774]	https://www.exist.ru/Price/?pid=4700CBF8 successfully opened
987	[2019-04-25] [11:55:25.774]		Analyse page
988	[2019-04-25] [11:55:25.777]		Handle errors
989	[2019-04-25] [11:55:25.777]	Wait for: 2968
990	[2019-04-25] [11:55:28.745]	Scrape: https://www.exist.ru/Price/?pid=4700CBF8
991	[2019-04-25] [11:55:28.745]		Start scraper
992	[2019-04-25] [11:55:28.745]	Get #priceBody.innerHTML
993	[2019-04-25] [11:55:28.757]	Page scrape 1 analogs
994	[2019-04-25] [11:55:28.757]	Go to: https://www.exist.ru/Price/?pid=76905468
995	[2019-04-25] [11:55:30.074]	https://www.exist.ru/Price/?pid=76905468 successfully opened
996	[2019-04-25] [11:55:30.074]		Analyse page
997	[2019-04-25] [11:55:30.077]		Handle errors
998	[2019-04-25] [11:55:30.077]	Wait for: 2728
999	[2019-04-25] [11:55:32.805]	Scrape: https://www.exist.ru/Price/?pid=76905468
1000	[2019-04-25] [11:55:32.805]		Start scraper
1001	[2019-04-25] [11:55:32.805]	Get #priceBody.innerHTML
1002	[2019-04-25] [11:55:32.820]	Page scrape 1 analogs
1003	[2019-04-25] [11:55:32.821]	Go to: https://www.exist.ru/Price/?pid=43C05A6B
1004	[2019-04-25] [11:55:46.069]	https://www.exist.ru/Price/?pid=43C05A6B successfully opened
1005	[2019-04-25] [11:55:46.069]		Analyse page
1006	[2019-04-25] [11:55:46.072]		Handle errors
1007	[2019-04-25] [11:55:46.072]	Wait for: 2615
1008	[2019-04-25] [11:55:48.691]	Scrape: https://www.exist.ru/Price/?pid=43C05A6B
1009	[2019-04-25] [11:55:48.691]		Start scraper
1010	[2019-04-25] [11:55:48.691]	Get #priceBody.innerHTML
1011	[2019-04-25] [11:55:48.702]	Page scrape 1 analogs
1012	[2019-04-25] [11:55:48.703]	Scraping https://www.exist.ru from article #44 569083
1013	[2019-04-25] [11:55:48.704]	Scraping article: #44 569083 | category: Тормозные диски | https://www.exist.ru/Price/?pcode=569083
1014	[2019-04-25] [11:55:50.400]	https://www.exist.ru/Price/?pcode=569083 successfully opened
1015	[2019-04-25] [11:55:50.400]	Wait for: 2227
1016	[2019-04-25] [11:55:52.627]		Analyse page
1017	[2019-04-25] [11:55:52.629]		Handle errors
1018	[2019-04-25] [11:55:52.632]	Catalog links amount: 2
1019	[2019-04-25] [11:55:52.632]	Link: #1 https://www.exist.ru/Price/?pid=6C40DA99
1020	[2019-04-25] [11:55:52.633]	Category found, go to: https://www.exist.ru/Price/?pid=6C40DA99
1021	[2019-04-25] [11:55:54.159]	https://www.exist.ru/Price/?pid=6C40DA99 successfully opened
1022	[2019-04-25] [11:55:54.159]		Analyse page
1023	[2019-04-25] [11:55:54.162]		Handle errors
1024	[2019-04-25] [11:55:54.162]	Wait for: 2674
1025	[2019-04-25] [11:55:56.836]	Scrape https://www.exist.ru/Price/?pid=6C40DA99
1026	[2019-04-25] [11:55:56.836]		Start scraper
1027	[2019-04-25] [11:55:56.836]	Get #priceBody.innerHTML
1028	[2019-04-25] [11:55:56.889]	Page scrape 6 analogs
1029	[2019-04-25] [11:55:56.890]	Scraping https://www.exist.ru from article #45 569091
1030	[2019-04-25] [11:55:56.890]	Scraping article: #45 569091 | category: Тормозные диски | https://www.exist.ru/Price/?pcode=569091
1031	[2019-04-25] [11:55:57.970]	https://www.exist.ru/Price/?pcode=569091 successfully opened
1032	[2019-04-25] [11:55:57.970]	Wait for: 2328
1033	[2019-04-25] [11:56:00.298]		Analyse page
1034	[2019-04-25] [11:56:00.301]		Handle errors
1035	[2019-04-25] [11:56:00.305]	Catalog links amount: 2
1036	[2019-04-25] [11:56:00.305]	Link: #1 https://www.exist.ru/Price/?pid=3200C2FB
1037	[2019-04-25] [11:56:00.307]	Category found, go to: https://www.exist.ru/Price/?pid=3200C2FB
1038	[2019-04-25] [11:56:01.447]	https://www.exist.ru/Price/?pid=3200C2FB successfully opened
1039	[2019-04-25] [11:56:01.447]		Analyse page
1040	[2019-04-25] [11:56:01.456]		Handle errors
1041	[2019-04-25] [11:56:01.456]	Wait for: 2975
1042	[2019-04-25] [11:56:04.431]	Scrape https://www.exist.ru/Price/?pid=3200C2FB
1043	[2019-04-25] [11:56:04.431]		Start scraper
1044	[2019-04-25] [11:56:04.431]	Get #priceBody.innerHTML
1045	[2019-04-25] [11:56:04.466]	Page scrape 6 analogs
1046	[2019-04-25] [11:56:04.467]	Scraping https://www.exist.ru from article #46 569127
1047	[2019-04-25] [11:56:04.468]	Scraping article: #46 569127 | category: Тормозные диски | https://www.exist.ru/Price/?pcode=569127
1048	[2019-04-25] [11:56:06.501]	https://www.exist.ru/Price/?pcode=569127 successfully opened
1049	[2019-04-25] [11:56:06.501]	Wait for: 2439
1050	[2019-04-25] [11:56:08.941]		Analyse page
1051	[2019-04-25] [11:56:08.944]		Handle errors
1052	[2019-04-25] [11:56:08.944]		Start scraper
1053	[2019-04-25] [11:56:08.944]	Get #priceBody.innerHTML
1054	[2019-04-25] [11:56:08.945]	Scraping https://www.exist.ru from article #47 569128
1055	[2019-04-25] [11:56:08.946]	Scraping article: #47 569128 | category: Тормозные диски | https://www.exist.ru/Price/?pcode=569128
1056	[2019-04-25] [11:56:08.968]	Page scrape 2 analogs
1057	[2019-04-25] [11:56:10.014]	https://www.exist.ru/Price/?pcode=569128 successfully opened
1058	[2019-04-25] [11:56:10.014]	Wait for: 2300
1059	[2019-04-25] [11:56:12.314]		Analyse page
1060	[2019-04-25] [11:56:12.316]		Handle errors
1061	[2019-04-25] [11:56:12.323]	Catalog links amount: 5
1062	[2019-04-25] [11:56:12.324]	Link: #1 https://www.exist.ru/Price/?pid=8F20AF4F
1063	[2019-04-25] [11:56:12.325]	Link: #2 https://www.exist.ru/Price/?pid=9B90C2FB
1064	[2019-04-25] [11:56:12.327]	Category found, go to: https://www.exist.ru/Price/?pid=9B90C2FB
1065	[2019-04-25] [11:56:13.679]	https://www.exist.ru/Price/?pid=9B90C2FB successfully opened
1066	[2019-04-25] [11:56:13.679]		Analyse page
1067	[2019-04-25] [11:56:13.682]		Handle errors
1068	[2019-04-25] [11:56:13.682]	Wait for: 2497
1069	[2019-04-25] [11:56:16.179]	Scrape https://www.exist.ru/Price/?pid=9B90C2FB
1070	[2019-04-25] [11:56:16.179]		Start scraper
1071	[2019-04-25] [11:56:16.179]	Get #priceBody.innerHTML
1072	[2019-04-25] [11:56:16.211]	Page scrape 8 analogs
1073	[2019-04-25] [11:56:16.212]	Scraping https://www.exist.ru from article #48 636160
1074	[2019-04-25] [11:56:16.212]	Scraping article: #48 636160 | category: Ролики натяжителя ГРМ | https://www.exist.ru/Price/?pcode=636160
1075	[2019-04-25] [11:56:17.304]	https://www.exist.ru/Price/?pcode=636160 successfully opened
1076	[2019-04-25] [11:56:17.305]	Wait for: 2948
1077	[2019-04-25] [11:56:20.253]		Analyse page
1078	[2019-04-25] [11:56:20.256]		Handle errors
1079	[2019-04-25] [11:56:20.260]	Catalog links amount: 2
1080	[2019-04-25] [11:56:20.260]	Link: #1 https://www.exist.ru/Price/?pid=F10086EA
1081	[2019-04-25] [11:56:20.262]	Link: #2 https://www.exist.ru/Price/?pid=8020D5F2
1082	[2019-04-25] [11:56:20.262]	Category not found, download all links
1083	[2019-04-25] [11:56:20.263]	Go to: https://www.exist.ru/Price/?pid=F10086EA
1084	[2019-04-25] [11:56:21.694]	https://www.exist.ru/Price/?pid=F10086EA successfully opened
1085	[2019-04-25] [11:56:21.694]		Analyse page
1086	[2019-04-25] [11:56:21.696]		Handle errors
1087	[2019-04-25] [11:56:21.696]	Wait for: 2792
1088	[2019-04-25] [11:56:24.489]	Scrape: https://www.exist.ru/Price/?pid=F10086EA
1089	[2019-04-25] [11:56:24.489]		Start scraper
1090	[2019-04-25] [11:56:24.489]	Get #priceBody.innerHTML
1091	[2019-04-25] [11:56:24.514]	Page scrape 4 analogs
1092	[2019-04-25] [11:56:24.515]	Go to: https://www.exist.ru/Price/?pid=8020D5F2
1093	[2019-04-25] [11:56:26.710]	https://www.exist.ru/Price/?pid=8020D5F2 successfully opened
1094	[2019-04-25] [11:56:26.710]		Analyse page
1095	[2019-04-25] [11:56:26.713]		Handle errors
1096	[2019-04-25] [11:56:26.713]	Wait for: 2217
1097	[2019-04-25] [11:56:28.930]	Scrape: https://www.exist.ru/Price/?pid=8020D5F2
1098	[2019-04-25] [11:56:28.930]		Start scraper
1099	[2019-04-25] [11:56:28.930]	Get #priceBody.innerHTML
1100	[2019-04-25] [11:56:28.959]	Page scrape 4 analogs
1101	[2019-04-25] [11:56:28.960]	Scraping https://www.exist.ru from article #49 650172
1102	[2019-04-25] [11:56:28.961]	Scraping article: #49 650172 | category: Фильтры масляные | https://www.exist.ru/Price/?pcode=650172
1103	[2019-04-25] [11:56:30.055]	https://www.exist.ru/Price/?pcode=650172 successfully opened
1104	[2019-04-25] [11:56:30.055]	Wait for: 2965
1105	[2019-04-25] [11:56:33.021]		Analyse page
1106	[2019-04-25] [11:56:33.023]		Handle errors
1107	[2019-04-25] [11:56:33.028]	Catalog links amount: 5
1108	[2019-04-25] [11:56:33.028]	Link: #1 https://www.exist.ru/Price/?pid=03506D3F
1109	[2019-04-25] [11:56:33.030]	Link: #2 https://www.exist.ru/Price/?pid=CF109065
1110	[2019-04-25] [11:56:33.031]	Link: #3 https://www.exist.ru/Price/?pid=33B0CE59
1111	[2019-04-25] [11:56:33.032]	Category found, go to: https://www.exist.ru/Price/?pid=33B0CE59
1112	[2019-04-25] [11:56:35.326]	https://www.exist.ru/Price/?pid=33B0CE59 successfully opened
1113	[2019-04-25] [11:56:35.326]		Analyse page
1114	[2019-04-25] [11:56:35.328]		Handle errors
1115	[2019-04-25] [11:56:35.328]	Wait for: 2254
1116	[2019-04-25] [11:56:37.582]	Scrape https://www.exist.ru/Price/?pid=33B0CE59
1117	[2019-04-25] [11:56:37.582]		Start scraper
1118	[2019-04-25] [11:56:37.582]	Get #priceBody.innerHTML
1119	[2019-04-25] [11:56:37.599]	Page scrape 2 analogs
1120	[2019-04-25] [11:56:37.601]	Scraping https://www.exist.ru from article #50 664092
1121	[2019-04-25] [11:56:37.601]	Scraping article: #50 664092 | category: Комплекты сцепления | https://www.exist.ru/Price/?pcode=664092
1122	[2019-04-25] [11:56:38.597]	https://www.exist.ru/Price/?pcode=664092 successfully opened
1123	[2019-04-25] [11:56:38.597]	Wait for: 2572
1124	[2019-04-25] [11:56:41.169]		Analyse page
1125	[2019-04-25] [11:56:41.172]		Handle errors
1126	[2019-04-25] [11:56:41.176]	Catalog links amount: 3
1127	[2019-04-25] [11:56:41.177]	Link: #1 https://www.exist.ru/Price/?pid=01D09E02
1128	[2019-04-25] [11:56:41.179]	Link: #2 https://www.exist.ru/Price/?pid=C860D3CF
1129	[2019-04-25] [11:56:41.180]	Link: #3 https://www.exist.ru/Price/?pid=B4B013ED
1130	[2019-04-25] [11:56:41.180]	Category not found, download all links
1131	[2019-04-25] [11:56:41.181]	Go to: https://www.exist.ru/Price/?pid=01D09E02
1132	[2019-04-25] [11:56:42.509]	https://www.exist.ru/Price/?pid=01D09E02 successfully opened
1133	[2019-04-25] [11:56:42.509]		Analyse page
1134	[2019-04-25] [11:56:42.511]		Handle errors
1135	[2019-04-25] [11:56:42.511]	Wait for: 2257
1136	[2019-04-25] [11:56:44.768]	Scrape: https://www.exist.ru/Price/?pid=01D09E02
1137	[2019-04-25] [11:56:44.768]		Start scraper
1138	[2019-04-25] [11:56:44.768]	Get #priceBody.innerHTML
1139	[2019-04-25] [11:56:44.781]	Page scrape 1 analogs
1140	[2019-04-25] [11:56:44.782]	Go to: https://www.exist.ru/Price/?pid=C860D3CF
1141	[2019-04-25] [11:56:46.825]	https://www.exist.ru/Price/?pid=C860D3CF successfully opened
1142	[2019-04-25] [11:56:46.826]		Analyse page
1143	[2019-04-25] [11:56:46.828]		Handle errors
1144	[2019-04-25] [11:56:46.828]	Wait for: 2928
1145	[2019-04-25] [11:56:49.761]	Scrape: https://www.exist.ru/Price/?pid=C860D3CF
1146	[2019-04-25] [11:56:49.761]		Start scraper
1147	[2019-04-25] [11:56:49.761]	Get #priceBody.innerHTML
1148	[2019-04-25] [11:56:49.790]	Page scrape 2 analogs
1149	[2019-04-25] [11:56:49.790]	Go to: https://www.exist.ru/Price/?pid=B4B013ED
1150	[2019-04-25] [11:56:50.994]	https://www.exist.ru/Price/?pid=B4B013ED successfully opened
1151	[2019-04-25] [11:56:50.994]		Analyse page
1152	[2019-04-25] [11:56:50.997]		Handle errors
1153	[2019-04-25] [11:56:50.997]	Wait for: 2870
1154	[2019-04-25] [11:56:53.867]	Scrape: https://www.exist.ru/Price/?pid=B4B013ED
1155	[2019-04-25] [11:56:53.867]		Start scraper
1156	[2019-04-25] [11:56:53.867]	Get #priceBody.innerHTML
1157	[2019-04-25] [11:56:53.878]	Page scrape 1 analogs
1158	[2019-04-25] [11:56:53.879]	Scraping https://www.exist.ru from article #51 664103
1159	[2019-04-25] [11:56:53.879]	Scraping article: #51 664103 | category: Комплекты сцепления | https://www.exist.ru/Price/?pcode=664103
1160	[2019-04-25] [11:56:55.670]	https://www.exist.ru/Price/?pcode=664103 successfully opened
1161	[2019-04-25] [11:56:55.670]	Wait for: 2400
1162	[2019-04-25] [11:56:58.070]		Analyse page
1163	[2019-04-25] [11:56:58.073]		Handle errors
1164	[2019-04-25] [11:56:58.077]	Catalog links amount: 2
1165	[2019-04-25] [11:56:58.078]	Link: #1 https://www.exist.ru/Price/?pid=08108382
1166	[2019-04-25] [11:56:58.079]	Link: #2 https://www.exist.ru/Price/?pid=CA70D3CF
1167	[2019-04-25] [11:56:58.079]	Category not found, download all links
1168	[2019-04-25] [11:56:58.080]	Go to: https://www.exist.ru/Price/?pid=08108382
1169	[2019-04-25] [11:56:59.358]	https://www.exist.ru/Price/?pid=08108382 successfully opened
1170	[2019-04-25] [11:56:59.358]		Analyse page
1171	[2019-04-25] [11:56:59.361]		Handle errors
1172	[2019-04-25] [11:56:59.361]	Wait for: 2904
1173	[2019-04-25] [11:57:02.264]	Scrape: https://www.exist.ru/Price/?pid=08108382
1174	[2019-04-25] [11:57:02.265]		Start scraper
1175	[2019-04-25] [11:57:02.265]	Get #priceBody.innerHTML
1176	[2019-04-25] [11:57:02.279]	Page scrape 1 analogs
1177	[2019-04-25] [11:57:02.279]	Go to: https://www.exist.ru/Price/?pid=CA70D3CF
1178	[2019-04-25] [11:57:03.570]	https://www.exist.ru/Price/?pid=CA70D3CF successfully opened
1179	[2019-04-25] [11:57:03.570]		Analyse page
1180	[2019-04-25] [11:57:03.572]		Handle errors
1181	[2019-04-25] [11:57:03.572]	Wait for: 2001
1182	[2019-04-25] [11:57:05.573]	Scrape: https://www.exist.ru/Price/?pid=CA70D3CF
1183	[2019-04-25] [11:57:05.574]		Start scraper
1184	[2019-04-25] [11:57:05.574]	Get #priceBody.innerHTML
1185	[2019-04-25] [11:57:05.604]	Page scrape 3 analogs
1186	[2019-04-25] [11:57:05.605]	Scraping https://www.exist.ru from article #52 664287
1187	[2019-04-25] [11:57:05.606]	Scraping article: #52 664287 | category: Комплекты сцепления | https://www.exist.ru/Price/?pcode=664287
1188	[2019-04-25] [11:57:06.798]	https://www.exist.ru/Price/?pcode=664287 successfully opened
1189	[2019-04-25] [11:57:06.798]	Wait for: 2069
1190	[2019-04-25] [11:57:08.867]		Analyse page
1191	[2019-04-25] [11:57:08.869]		Handle errors
1192	[2019-04-25] [11:57:08.869]		Empty request, article not found
1193	[2019-04-25] [11:57:08.870]	Scraping https://www.exist.ru from article #53 664288
1194	[2019-04-25] [11:57:08.871]	Scraping article: #53 664288 | category: Комплекты сцепления | https://www.exist.ru/Price/?pcode=664288
1195	[2019-04-25] [11:57:09.994]	https://www.exist.ru/Price/?pcode=664288 successfully opened
1196	[2019-04-25] [11:57:09.994]	Wait for: 2532
1197	[2019-04-25] [11:57:12.527]		Analyse page
1198	[2019-04-25] [11:57:12.530]		Handle errors
1199	[2019-04-25] [11:57:12.530]		Start scraper
1200	[2019-04-25] [11:57:12.530]	Get #priceBody.innerHTML
1201	[2019-04-25] [11:57:12.531]	Scraping https://www.exist.ru from article #54 666141
1202	[2019-04-25] [11:57:12.532]	Scraping article: #54 666141 | category: Комплекты сцепления | https://www.exist.ru/Price/?pcode=666141
1203	[2019-04-25] [11:57:12.553]	Page scrape 1 analogs
1204	[2019-04-25] [11:57:13.857]	https://www.exist.ru/Price/?pcode=666141 successfully opened
1205	[2019-04-25] [11:57:13.857]	Wait for: 2054
1206	[2019-04-25] [11:57:15.912]		Analyse page
1207	[2019-04-25] [11:57:15.914]		Handle errors
1208	[2019-04-25] [11:57:15.914]		Start scraper
1209	[2019-04-25] [11:57:15.914]	Get #priceBody.innerHTML
1210	[2019-04-25] [11:57:15.915]	Scraping https://www.exist.ru from article #55 666145
1211	[2019-04-25] [11:57:15.915]	Scraping article: #55 666145 | category: Комплекты сцепления | https://www.exist.ru/Price/?pcode=666145
1212	[2019-04-25] [11:57:16.940]	https://www.exist.ru/Price/?pcode=666145 successfully opened
1213	[2019-04-25] [11:57:16.940]	Wait for: 2533
1214	[2019-04-25] [11:57:19.473]		Analyse page
1215	[2019-04-25] [11:57:19.477]		Handle errors
1216	[2019-04-25] [11:57:19.482]	Catalog links amount: 2
1217	[2019-04-25] [11:57:19.483]	Link: #1 https://www.exist.ru/Price/?pid=777039C0
1218	[2019-04-25] [11:57:19.484]	Link: #2 https://www.exist.ru/Price/?pid=90406626
1219	[2019-04-25] [11:57:19.485]	Category not found, download all links
1220	[2019-04-25] [11:57:19.485]	Go to: https://www.exist.ru/Price/?pid=777039C0
1221	[2019-04-25] [11:57:20.987]	https://www.exist.ru/Price/?pid=777039C0 successfully opened
1222	[2019-04-25] [11:57:20.987]		Analyse page
1223	[2019-04-25] [11:57:20.990]		Handle errors
1224	[2019-04-25] [11:57:20.990]	Wait for: 2391
1225	[2019-04-25] [11:57:23.381]	Scrape: https://www.exist.ru/Price/?pid=777039C0
1226	[2019-04-25] [11:57:23.381]		Start scraper
1227	[2019-04-25] [11:57:23.381]	Get #priceBody.innerHTML
1228	[2019-04-25] [11:57:23.394]	Page scrape 1 analogs
1229	[2019-04-25] [11:57:23.395]	Go to: https://www.exist.ru/Price/?pid=90406626
1230	[2019-04-25] [11:57:25.310]	https://www.exist.ru/Price/?pid=90406626 successfully opened
1231	[2019-04-25] [11:57:25.311]		Analyse page
1232	[2019-04-25] [11:57:25.313]		Handle errors
1233	[2019-04-25] [11:57:25.313]	Wait for: 2407
1234	[2019-04-25] [11:57:27.720]	Scrape: https://www.exist.ru/Price/?pid=90406626
1235	[2019-04-25] [11:57:27.720]		Start scraper
1236	[2019-04-25] [11:57:27.720]	Get #priceBody.innerHTML
1237	[2019-04-25] [11:57:27.738]	Page scrape 1 analogs
1238	[2019-04-25] [11:57:27.760]	Missing articles: 664287
1239	[2019-04-25] [11:57:27.760]	Script execution finished.
1240	[2019-04-25] [11:57:27.760]	***
