1	[2019-04-24] [08:48:35.720]	Start program
2	[2019-04-24] [08:48:38.361]	Open: https://www.exist.ru
3	[2019-04-24] [08:48:42.013]	https://www.exist.ru successfully opened
4	[2019-04-24] [08:48:54.003]	Login successfully.
5	[2019-04-24] [08:49:02.680]	Source files/source/articles.xlsx loaded, length: 684
6	[2019-04-24] [08:49:02.680]	Results files/result/result.xlsx loaded, length: 3574
7	[2019-04-24] [08:49:02.680]	Scraping https://www.exist.ru from article #48 636160
8	[2019-04-24] [08:49:02.681]	Start main sequence.
9	[2019-04-24] [08:49:02.682]	Scraping article: #48 636160 | category: Ролики натяжителя ГРМ | https://www.exist.ru/Price/?pcode=636160
10	[2019-04-24] [08:49:05.362]	https://www.exist.ru/Price/?pcode=636160 successfully opened
11	[2019-04-24] [08:49:05.362]	Wait for: 2250
12	[2019-04-24] [08:49:07.613]		Analyse page
13	[2019-04-24] [08:49:07.617]		Handle errors
14	[2019-04-24] [08:49:07.659]	Catalog links amount: 2
15	[2019-04-24] [08:49:07.662]	Link: #1 https://www.exist.ru/Price/?pid=F10086EA
16	[2019-04-24] [08:49:07.665]	Link: #2 https://www.exist.ru/Price/?pid=8020D5F2
17	[2019-04-24] [08:49:07.665]	Category not found, download all links
18	[2019-04-24] [08:49:07.665]	Go to: https://www.exist.ru/Price/?pid=F10086EA
19	[2019-04-24] [08:49:13.044]	https://www.exist.ru/Price/?pid=F10086EA successfully opened
20	[2019-04-24] [08:49:13.045]		Analyse page
21	[2019-04-24] [08:49:13.048]		Handle errors
22	[2019-04-24] [08:49:13.048]	Banner detected
23	[2019-04-24] [08:49:13.050]	Wait for banner
24	[2019-04-24] [08:49:20.678]	Banner skiped
25	[2019-04-24] [08:49:20.678]	Wait for: 2227
26	[2019-04-24] [08:49:22.905]	Scrape: https://www.exist.ru/Price/?pid=F10086EA
27	[2019-04-24] [08:49:22.905]		Start scraper
28	[2019-04-24] [08:49:22.905]	Get #priceBody.innerHTML
29	[2019-04-24] [08:49:22.973]	Page scrape 4 analogs
30	[2019-04-24] [08:49:22.974]	Go to: https://www.exist.ru/Price/?pid=8020D5F2
31	[2019-04-24] [08:49:30.714]	https://www.exist.ru/Price/?pid=8020D5F2 successfully opened
32	[2019-04-24] [08:49:30.714]		Analyse page
33	[2019-04-24] [08:49:30.720]		Handle errors
34	[2019-04-24] [08:49:30.720]	Banner detected
35	[2019-04-24] [08:49:30.721]	Wait for banner
36	[2019-04-24] [08:49:38.446]	Banner skiped
37	[2019-04-24] [08:49:38.447]	Wait for: 2907
38	[2019-04-24] [08:49:41.354]	Scrape: https://www.exist.ru/Price/?pid=8020D5F2
39	[2019-04-24] [08:49:41.354]		Start scraper
40	[2019-04-24] [08:49:41.354]	Get #priceBody.innerHTML
41	[2019-04-24] [08:49:41.405]	Page scrape 4 analogs
42	[2019-04-24] [08:49:41.409]	Scraping article: #49 664287 | category: Комплекты сцепления | https://www.exist.ru/Price/?pcode=664287
43	[2019-04-24] [08:49:43.441]	https://www.exist.ru/Price/?pcode=664287 successfully opened
44	[2019-04-24] [08:49:43.441]	Wait for: 2696
45	[2019-04-24] [08:49:46.137]		Analyse page
46	[2019-04-24] [08:49:46.140]		Handle errors
47	[2019-04-24] [08:49:46.140]		Empty request, article not found
48	[2019-04-24] [08:49:46.146]	Scraping article: #49 948115 | category: Ремни поликлиновые | https://www.exist.ru/Price/?pcode=948115
49	[2019-04-24] [08:49:47.298]	https://www.exist.ru/Price/?pcode=948115 successfully opened
50	[2019-04-24] [08:49:47.298]	Wait for: 2869
51	[2019-04-24] [08:49:50.167]		Analyse page
52	[2019-04-24] [08:49:50.170]		Handle errors
53	[2019-04-24] [08:49:50.171]		Empty request, article not found
54	[2019-04-24] [08:49:50.173]	Scraping article: #49 1300266 | category: Радиаторы охлаждения ДВС | https://www.exist.ru/Price/?pcode=1300266
55	[2019-04-24] [08:49:51.257]	https://www.exist.ru/Price/?pcode=1300266 successfully opened
56	[2019-04-24] [08:49:51.257]	Wait for: 2503
57	[2019-04-24] [08:49:53.760]		Analyse page
58	[2019-04-24] [08:49:53.762]		Handle errors
59	[2019-04-24] [08:49:53.765]	Catalog links amount: 4
60	[2019-04-24] [08:49:53.765]	Link: #1 https://www.exist.ru/Price/?pid=5DA0616D
61	[2019-04-24] [08:49:53.766]	Link: #2 https://www.exist.ru/Price/?pid=77E0A0C4
62	[2019-04-24] [08:49:53.767]	Link: #3 https://www.exist.ru/Price/?pid=C890E53F
63	[2019-04-24] [08:49:53.767]	Category found, go to: https://www.exist.ru/Price/?pid=C890E53F
64	[2019-04-24] [08:50:00.559]	https://www.exist.ru/Price/?pid=C890E53F successfully opened
65	[2019-04-24] [08:50:00.560]		Analyse page
66	[2019-04-24] [08:50:00.567]		Handle errors
67	[2019-04-24] [08:50:00.567]	Banner detected
68	[2019-04-24] [08:50:00.568]	Wait for banner
69	[2019-04-24] [08:50:08.148]	Banner skiped
70	[2019-04-24] [08:50:08.148]	Wait for: 2169
71	[2019-04-24] [08:50:10.317]	Scrape https://www.exist.ru/Price/?pid=C890E53F
72	[2019-04-24] [08:50:10.317]		Start scraper
73	[2019-04-24] [08:50:10.317]	Get #priceBody.innerHTML
74	[2019-04-24] [08:50:10.352]	Page scrape 3 analogs
75	[2019-04-24] [08:50:10.355]	Scraping article: #50 1300299 | category: Радиаторы охлаждения ДВС | https://www.exist.ru/Price/?pcode=1300299
76	[2019-04-24] [08:50:11.457]	https://www.exist.ru/Price/?pcode=1300299 successfully opened
77	[2019-04-24] [08:50:11.457]	Wait for: 2032
78	[2019-04-24] [08:50:13.490]		Analyse page
79	[2019-04-24] [08:50:13.493]		Handle errors
80	[2019-04-24] [08:50:13.499]	Catalog links amount: 5
81	[2019-04-24] [08:50:13.500]	Link: #1 https://www.exist.ru/Price/?pid=6C80A63F
82	[2019-04-24] [08:50:13.502]	Link: #2 https://www.exist.ru/Price/?pid=63D0616D
83	[2019-04-24] [08:50:13.503]	Link: #3 https://www.exist.ru/Price/?pid=AD10A932
84	[2019-04-24] [08:50:13.505]	Link: #4 https://www.exist.ru/Price/?pid=C950E53F
85	[2019-04-24] [08:50:13.506]	Category found, go to: https://www.exist.ru/Price/?pid=C950E53F
86	[2019-04-24] [08:50:17.848]	https://www.exist.ru/Price/?pid=C950E53F successfully opened
87	[2019-04-24] [08:50:17.848]		Analyse page
88	[2019-04-24] [08:50:17.854]		Handle errors
89	[2019-04-24] [08:50:17.854]	Banner detected
90	[2019-04-24] [08:50:17.854]	Wait for banner
91	[2019-04-24] [08:50:25.160]	Banner skiped
92	[2019-04-24] [08:50:25.160]	Wait for: 2231
93	[2019-04-24] [08:50:27.391]	Scrape https://www.exist.ru/Price/?pid=C950E53F
94	[2019-04-24] [08:50:27.391]		Start scraper
95	[2019-04-24] [08:50:27.391]	Get #priceBody.innerHTML
96	[2019-04-24] [08:50:27.439]	Page scrape 2 analogs
97	[2019-04-24] [08:50:27.442]	Scraping article: #51 1300302 | category: Радиаторы охлаждения ДВС | https://www.exist.ru/Price/?pcode=1300302
98	[2019-04-24] [08:50:28.658]	https://www.exist.ru/Price/?pcode=1300302 successfully opened
99	[2019-04-24] [08:50:28.658]	Wait for: 2938
100	[2019-04-24] [08:50:31.595]		Analyse page
101	[2019-04-24] [08:50:31.598]		Handle errors
102	[2019-04-24] [08:50:31.604]	Catalog links amount: 4
103	[2019-04-24] [08:50:31.605]	Link: #1 https://www.exist.ru/Price/?pid=6460616D
104	[2019-04-24] [08:50:31.606]	Link: #2 https://www.exist.ru/Price/?pid=B0A0A0A7
105	[2019-04-24] [08:50:31.608]	Link: #3 https://www.exist.ru/Price/?pid=79A0AE0A
106	[2019-04-24] [08:50:31.609]	Link: #4 https://www.exist.ru/Price/?pid=5790848A
107	[2019-04-24] [08:50:31.610]	Category not found, download all links
108	[2019-04-24] [08:50:31.610]	Go to: https://www.exist.ru/Price/?pid=6460616D
109	[2019-04-24] [08:50:39.323]	https://www.exist.ru/Price/?pid=6460616D successfully opened
110	[2019-04-24] [08:50:39.324]		Analyse page
111	[2019-04-24] [08:50:39.329]		Handle errors
112	[2019-04-24] [08:50:39.329]	Banner detected
113	[2019-04-24] [08:50:39.330]	Wait for banner
114	[2019-04-24] [08:50:46.671]	Banner skiped
115	[2019-04-24] [08:50:46.671]	Wait for: 2458
116	[2019-04-24] [08:50:49.130]	Scrape: https://www.exist.ru/Price/?pid=6460616D
117	[2019-04-24] [08:50:49.130]		Start scraper
118	[2019-04-24] [08:50:49.130]	Get #priceBody.innerHTML
119	[2019-04-24] [08:50:49.143]	Page scrape 1 analogs
120	[2019-04-24] [08:50:49.145]	Go to: https://www.exist.ru/Price/?pid=B0A0A0A7
121	[2019-04-24] [08:50:55.204]	https://www.exist.ru/Price/?pid=B0A0A0A7 successfully opened
122	[2019-04-24] [08:50:55.204]		Analyse page
123	[2019-04-24] [08:50:55.209]		Handle errors
124	[2019-04-24] [08:50:55.209]	Banner detected
125	[2019-04-24] [08:50:55.210]	Wait for banner
126	[2019-04-24] [08:51:02.062]	Banner skiped
127	[2019-04-24] [08:51:02.062]	Wait for: 2996
128	[2019-04-24] [08:51:05.058]	Scrape: https://www.exist.ru/Price/?pid=B0A0A0A7
129	[2019-04-24] [08:51:05.059]		Start scraper
130	[2019-04-24] [08:51:05.059]	Get #priceBody.innerHTML
131	[2019-04-24] [08:51:05.164]	Page scrape 10 analogs
132	[2019-04-24] [08:51:05.165]	Go to: https://www.exist.ru/Price/?pid=79A0AE0A
133	[2019-04-24] [08:51:10.205]	https://www.exist.ru/Price/?pid=79A0AE0A successfully opened
134	[2019-04-24] [08:51:10.206]		Analyse page
135	[2019-04-24] [08:51:10.210]		Handle errors
136	[2019-04-24] [08:51:10.210]	Banner detected
137	[2019-04-24] [08:51:10.210]	Wait for banner
138	[2019-04-24] [08:51:17.732]	Banner skiped
139	[2019-04-24] [08:51:17.732]	Wait for: 2704
140	[2019-04-24] [08:51:20.436]	Scrape: https://www.exist.ru/Price/?pid=79A0AE0A
141	[2019-04-24] [08:51:20.436]		Start scraper
142	[2019-04-24] [08:51:20.436]	Get #priceBody.innerHTML
143	[2019-04-24] [08:51:20.456]	Page scrape 1 analogs
144	[2019-04-24] [08:51:20.457]	Go to: https://www.exist.ru/Price/?pid=5790848A
145	[2019-04-24] [08:51:25.553]	https://www.exist.ru/Price/?pid=5790848A successfully opened
146	[2019-04-24] [08:51:25.553]		Analyse page
147	[2019-04-24] [08:51:25.562]		Handle errors
148	[2019-04-24] [08:51:25.562]	Banner detected
149	[2019-04-24] [08:51:25.562]	Wait for banner
150	[2019-04-24] [08:51:32.777]	Banner skiped
151	[2019-04-24] [08:51:32.778]	Wait for: 2581
152	[2019-04-24] [08:51:35.359]	Scrape: https://www.exist.ru/Price/?pid=5790848A
153	[2019-04-24] [08:51:35.359]		Start scraper
154	[2019-04-24] [08:51:35.359]	Get #priceBody.innerHTML
155	[2019-04-24] [08:51:35.580]	Page scrape 25 analogs
156	[2019-04-24] [08:51:35.582]	Scraping article: #52 1300306 | category: Радиаторы охлаждения ДВС | https://www.exist.ru/Price/?pcode=1300306
157	[2019-04-24] [08:51:36.674]	https://www.exist.ru/Price/?pcode=1300306 successfully opened
158	[2019-04-24] [08:51:36.675]	Wait for: 2646
159	[2019-04-24] [08:51:39.321]		Analyse page
160	[2019-04-24] [08:51:39.327]		Handle errors
161	[2019-04-24] [08:51:39.334]	Catalog links amount: 4
162	[2019-04-24] [08:51:39.334]	Link: #1 https://www.exist.ru/Price/?pid=6520616D
163	[2019-04-24] [08:51:39.336]	Link: #2 https://www.exist.ru/Price/?pid=B280A0A7
164	[2019-04-24] [08:51:39.337]	Link: #3 https://www.exist.ru/Price/?pid=7A60AE0A
165	[2019-04-24] [08:51:39.338]	Link: #4 https://www.exist.ru/Price/?pid=5820848A
166	[2019-04-24] [08:51:39.339]	Category not found, download all links
167	[2019-04-24] [08:51:39.339]	Go to: https://www.exist.ru/Price/?pid=6520616D
168	[2019-04-24] [08:51:43.454]	https://www.exist.ru/Price/?pid=6520616D successfully opened
169	[2019-04-24] [08:51:43.454]		Analyse page
170	[2019-04-24] [08:51:43.459]		Handle errors
171	[2019-04-24] [08:51:43.459]	Banner detected
172	[2019-04-24] [08:51:43.460]	Wait for banner
173	[2019-04-24] [08:51:50.287]	Banner skiped
174	[2019-04-24] [08:51:50.287]	Wait for: 2096
175	[2019-04-24] [08:51:52.383]	Scrape: https://www.exist.ru/Price/?pid=6520616D
176	[2019-04-24] [08:51:52.383]		Start scraper
177	[2019-04-24] [08:51:52.383]	Get #priceBody.innerHTML
178	[2019-04-24] [08:51:52.401]	Page scrape 1 analogs
179	[2019-04-24] [08:51:52.403]	Go to: https://www.exist.ru/Price/?pid=B280A0A7
180	[2019-04-24] [08:51:59.186]	https://www.exist.ru/Price/?pid=B280A0A7 successfully opened
181	[2019-04-24] [08:51:59.187]		Analyse page
182	[2019-04-24] [08:51:59.193]		Handle errors
183	[2019-04-24] [08:51:59.194]	Banner detected
184	[2019-04-24] [08:51:59.194]	Wait for banner
185	[2019-04-24] [08:52:06.717]	Banner skiped
186	[2019-04-24] [08:52:06.717]	Wait for: 2456
187	[2019-04-24] [08:52:09.174]	Scrape: https://www.exist.ru/Price/?pid=B280A0A7
188	[2019-04-24] [08:52:09.174]		Start scraper
189	[2019-04-24] [08:52:09.175]	Get #priceBody.innerHTML
190	[2019-04-24] [08:52:09.309]	Page scrape 20 analogs
191	[2019-04-24] [08:52:09.310]	Go to: https://www.exist.ru/Price/?pid=7A60AE0A
192	[2019-04-24] [08:52:16.365]	https://www.exist.ru/Price/?pid=7A60AE0A successfully opened
193	[2019-04-24] [08:52:16.365]		Analyse page
194	[2019-04-24] [08:52:16.371]		Handle errors
195	[2019-04-24] [08:52:16.371]	Banner detected
196	[2019-04-24] [08:52:16.372]	Wait for banner
197	[2019-04-24] [08:52:24.068]	Banner skiped
198	[2019-04-24] [08:52:24.069]	Wait for: 2493
199	[2019-04-24] [08:52:26.561]	Scrape: https://www.exist.ru/Price/?pid=7A60AE0A
200	[2019-04-24] [08:52:26.562]		Start scraper
201	[2019-04-24] [08:52:26.562]	Get #priceBody.innerHTML
202	[2019-04-24] [08:52:26.581]	Page scrape 1 analogs
203	[2019-04-24] [08:52:26.583]	Go to: https://www.exist.ru/Price/?pid=5820848A
204	[2019-04-24] [08:52:34.794]	https://www.exist.ru/Price/?pid=5820848A successfully opened
205	[2019-04-24] [08:52:34.794]		Analyse page
206	[2019-04-24] [08:52:34.799]		Handle errors
207	[2019-04-24] [08:52:34.799]	Banner detected
208	[2019-04-24] [08:52:34.799]	Wait for banner
209	[2019-04-24] [08:52:39.506]	Source files/source/articles.xlsx loaded, length: 684
210	[2019-04-24] [08:52:39.506]	Results files/result/result.xlsx loaded, length: 3647
211	[2019-04-24] [08:52:39.507]	Scraping https://www.exist.ru from article #69 948115
212	[2019-04-24] [08:52:39.507]	Start main sequence.
213	[2019-04-24] [08:52:39.507]	Scraping article: #69 948115 | category: Ремни поликлиновые | https://www.exist.ru/Price/?pcode=948115
214	[2019-04-24] [08:52:40.888]	https://www.exist.ru/Price/?pcode=948115 successfully opened
215	[2019-04-24] [08:52:40.888]	Wait for: 2109
216	[2019-04-24] [08:52:42.997]		Analyse page
217	[2019-04-24] [08:52:43.000]		Handle errors
218	[2019-04-24] [08:52:43.003]		Empty request, article not found
219	[2019-04-24] [08:52:43.005]	Write XLSX to: files/source/articles.xlsx
220	[2019-04-24] [08:52:43.024]	Write XLSX to: files/result/result.xlsx
221	[2019-04-24] [08:52:43.230]	Missing articles: 948115
222	[2019-04-24] [08:52:43.230]	Script execution finished.
223	[2019-04-24] [08:52:43.230]	***
224	[2019-04-24] [08:53:04.803]	TimeoutError: waiting for selector ".user-banner__skip" failed: timeout 30000ms exceeded
225	[2019-04-24] [08:53:08.377]	Open: https://www.exist.ru
226	[2019-04-24] [08:53:10.883]	https://www.exist.ru successfully opened
227	[2019-04-24] [08:53:14.760]	Login successfully.
228	[2019-04-24] [08:53:14.761]	Source files/source/articles.xlsx loaded, length: 684
229	[2019-04-24] [08:53:14.761]	Results files/result/result.xlsx loaded, length: 3648
230	[2019-04-24] [08:53:14.762]	Scraping https://www.exist.ru from article #69 948115
231	[2019-04-24] [08:53:14.762]	Start main sequence.
232	[2019-04-24] [08:53:14.763]	Write XLSX to: files/source/articles.xlsx
233	[2019-04-24] [08:53:14.797]	Write XLSX to: files/result/result.xlsx
234	[2019-04-24] [08:53:15.043]	Script execution finished.
235	[2019-04-24] [08:53:15.043]	***
