1	[2019-04-25] [12:17:32.415]	Start program
2	[2019-04-25] [12:17:34.571]	Open: https://www.exist.ru
3	[2019-04-25] [12:17:37.267]	https://www.exist.ru successfully opened
4	[2019-04-25] [12:17:56.977]	Source files/source/articles.xlsx loaded, length: 684
5	[2019-04-25] [12:17:56.977]	Start main sequence.
6	[2019-04-25] [12:17:56.978]	Scraping https://www.exist.ru from article #31 436825
7	[2019-04-25] [12:17:56.979]	Scraping article: #31 436825 | category: Амортизаторы | https://www.exist.ru/Price/?pcode=436825
8	[2019-04-25] [12:17:58.568]	https://www.exist.ru/Price/?pcode=436825 successfully opened
9	[2019-04-25] [12:17:58.568]	Wait for: 2463
10	[2019-04-25] [12:18:01.031]		Analyse page
11	[2019-04-25] [12:18:01.072]		Handle errors
12	[2019-04-25] [12:18:01.117]	Catalog links amount: 2
13	[2019-04-25] [12:18:01.121]	Link: #1 https://www.exist.ru/Price/?pid=E78054B5
14	[2019-04-25] [12:18:01.123]	Link: #2 https://www.exist.ru/Price/?pid=0780E4D2
15	[2019-04-25] [12:18:01.124]	Category not found, download all links
16	[2019-04-25] [12:18:01.125]	Go to: https://www.exist.ru/Price/?pid=E78054B5
17	[2019-04-25] [12:18:02.565]	https://www.exist.ru/Price/?pid=E78054B5 successfully opened
18	[2019-04-25] [12:18:02.565]		Analyse page
19	[2019-04-25] [12:18:02.568]		Handle errors
20	[2019-04-25] [12:18:02.568]	Wait for: 2631
21	[2019-04-25] [12:18:05.199]	Scrape: https://www.exist.ru/Price/?pid=E78054B5
22	[2019-04-25] [12:18:05.200]		Start scraper
23	[2019-04-25] [12:18:05.200]	Get #priceBody.innerHTML
24	[2019-04-25] [12:18:05.481]	TypeError: htmlElement.querySelectorAll is not a function
25	[2019-04-25] [12:18:12.151]	Open: https://www.exist.ru
26	[2019-04-25] [12:18:15.090]	https://www.exist.ru successfully opened
27	[2019-04-25] [12:18:16.091]	Source files/source/articles.xlsx loaded, length: 684
28	[2019-04-25] [12:18:16.091]	Start main sequence.
29	[2019-04-25] [12:18:16.091]	Script execution finished.
30	[2019-04-25] [12:18:16.091]	***
