1	[2019-04-23] [10:17:07.250]	Start program
2	[2019-04-23] [10:17:09.939]	Open: https://exist.ru
3	[2019-04-23] [10:17:12.726]	https://exist.ru successfully opened
4	[2019-04-23] [10:17:23.378]	Login successfully.
5	[2019-04-23] [10:17:25.972]	Source files/source/articles.xlsx loaded, length: 684
6	[2019-04-23] [10:17:25.972]	Results files/result/result.xlsx loaded, length: 2136
7	[2019-04-23] [10:17:25.972]	Scraping https://exist.ru from article #58 834126
8	[2019-04-23] [10:17:25.973]	Start main sequence.
9	[2019-04-23] [10:17:25.973]	Scraping article: #58 834126 | category: Фильтры воздушные двигателя | https://exist.ru/Price/?pcode=834126
10	[2019-04-23] [10:17:27.111]	https://exist.ru/Price/?pcode=834126 successfully opened
11	[2019-04-23] [10:17:27.111]	Wait for: 1193
12	[2019-04-23] [10:17:28.304]		Analyse page
13	[2019-04-23] [10:17:28.307]		Handle errors
14	[2019-04-23] [10:17:28.333]	Catalog links amount: 2
15	[2019-04-23] [10:17:28.336]	Link: #1 https://exist.ru/Price/?pid=E620958A
16	[2019-04-23] [10:17:28.337]	Link: #2 https://exist.ru/Price/?pid=1C40CA75
17	[2019-04-23] [10:17:28.337]	Category not found, download all links
18	[2019-04-23] [10:17:28.337]	Go to: https://exist.ru/Price/?pid=E620958A
19	[2019-04-23] [10:17:32.506]	https://exist.ru/Price/?pid=E620958A successfully opened
20	[2019-04-23] [10:17:32.506]		Analyse page
21	[2019-04-23] [10:17:32.511]		Handle errors
22	[2019-04-23] [10:17:32.511]	Banner detected
23	[2019-04-23] [10:17:32.512]	Wait for banner
24	[2019-04-23] [10:17:41.296]	Banner skiped
25	[2019-04-23] [10:17:41.296]	Wait for: 1414
26	[2019-04-23] [10:17:42.710]	Scrape: https://exist.ru/Price/?pid=E620958A
27	[2019-04-23] [10:17:42.711]		Start scraper
28	[2019-04-23] [10:17:42.711]	Get #priceBody.innerHTML
29	[2019-04-23] [10:17:42.885]	Page scrape 23 analogs
30	[2019-04-23] [10:17:42.885]	Go to: https://exist.ru/Price/?pid=1C40CA75
31	[2019-04-23] [10:17:48.710]	https://exist.ru/Price/?pid=1C40CA75 successfully opened
32	[2019-04-23] [10:17:48.711]		Analyse page
33	[2019-04-23] [10:17:48.717]		Handle errors
34	[2019-04-23] [10:17:48.717]	Banner detected
35	[2019-04-23] [10:17:48.718]	Wait for banner
36	[2019-04-23] [10:17:56.454]	Banner skiped
37	[2019-04-23] [10:17:56.454]	Wait for: 1092
38	[2019-04-23] [10:17:57.546]	Scrape: https://exist.ru/Price/?pid=1C40CA75
39	[2019-04-23] [10:17:57.546]		Start scraper
40	[2019-04-23] [10:17:57.546]	Get #priceBody.innerHTML
41	[2019-04-23] [10:17:57.566]	Page scrape 1 analogs
42	[2019-04-23] [10:17:57.568]	Scraping article: #59 834622 | category: Фильтры воздушные двигателя | https://exist.ru/Price/?pcode=834622
43	[2019-04-23] [10:17:58.555]	https://exist.ru/Price/?pcode=834622 successfully opened
44	[2019-04-23] [10:17:58.555]	Wait for: 1223
45	[2019-04-23] [10:17:59.778]		Analyse page
46	[2019-04-23] [10:17:59.780]		Handle errors
47	[2019-04-23] [10:17:59.785]	Catalog links amount: 2
48	[2019-04-23] [10:17:59.786]	Link: #1 https://exist.ru/Price/?pid=4110108F
49	[2019-04-23] [10:17:59.787]	Link: #2 https://exist.ru/Price/?pid=9BD05478
50	[2019-04-23] [10:17:59.788]	Category not found, download all links
51	[2019-04-23] [10:17:59.788]	Go to: https://exist.ru/Price/?pid=4110108F
52	[2019-04-23] [10:18:04.787]	https://exist.ru/Price/?pid=4110108F successfully opened
53	[2019-04-23] [10:18:04.787]		Analyse page
54	[2019-04-23] [10:18:04.792]		Handle errors
55	[2019-04-23] [10:18:04.792]	Banner detected
56	[2019-04-23] [10:18:04.793]	Wait for banner
57	[2019-04-23] [10:18:11.607]	Banner skiped
58	[2019-04-23] [10:18:11.607]	Wait for: 1162
59	[2019-04-23] [10:18:12.770]	Scrape: https://exist.ru/Price/?pid=4110108F
60	[2019-04-23] [10:18:12.770]		Start scraper
61	[2019-04-23] [10:18:12.770]	Get #priceBody.innerHTML
62	[2019-04-23] [10:18:12.787]	Page scrape 1 analogs
63	[2019-04-23] [10:18:12.787]	Go to: https://exist.ru/Price/?pid=9BD05478
64	[2019-04-23] [10:18:19.567]	https://exist.ru/Price/?pid=9BD05478 successfully opened
65	[2019-04-23] [10:18:19.567]		Analyse page
66	[2019-04-23] [10:18:19.574]		Handle errors
67	[2019-04-23] [10:18:19.574]	Banner detected
68	[2019-04-23] [10:18:19.575]	Wait for banner
69	[2019-04-23] [10:18:27.259]	Banner skiped
70	[2019-04-23] [10:18:27.259]	Wait for: 1192
71	[2019-04-23] [10:18:28.451]	Scrape: https://exist.ru/Price/?pid=9BD05478
72	[2019-04-23] [10:18:28.452]		Start scraper
73	[2019-04-23] [10:18:28.452]	Get #priceBody.innerHTML
74	[2019-04-23] [10:18:28.462]	Page scrape 1 analogs
75	[2019-04-23] [10:18:28.464]	Scraping article: #60 834762 | category: Фильтры воздушные двигателя | https://exist.ru/Price/?pcode=834762
76	[2019-04-23] [10:18:29.507]	https://exist.ru/Price/?pcode=834762 successfully opened
77	[2019-04-23] [10:18:29.507]	Wait for: 1135
78	[2019-04-23] [10:18:30.643]		Analyse page
79	[2019-04-23] [10:18:30.645]		Handle errors
80	[2019-04-23] [10:18:30.649]	Catalog links amount: 2
81	[2019-04-23] [10:18:30.649]	Link: #1 https://exist.ru/Price/?pid=1340C2F8
82	[2019-04-23] [10:18:30.650]	Link: #2 https://exist.ru/Price/?pid=A7A05478
83	[2019-04-23] [10:18:30.651]	Category not found, download all links
84	[2019-04-23] [10:18:30.651]	Go to: https://exist.ru/Price/?pid=1340C2F8
85	[2019-04-23] [10:18:35.686]	https://exist.ru/Price/?pid=1340C2F8 successfully opened
86	[2019-04-23] [10:18:35.686]		Analyse page
87	[2019-04-23] [10:18:35.689]		Handle errors
88	[2019-04-23] [10:18:35.689]	Banner detected
89	[2019-04-23] [10:18:35.690]	Wait for banner
90	[2019-04-23] [10:18:42.493]	Banner skiped
91	[2019-04-23] [10:18:42.493]	Wait for: 1370
92	[2019-04-23] [10:18:43.870]	Scrape: https://exist.ru/Price/?pid=1340C2F8
93	[2019-04-23] [10:18:43.870]		Start scraper
94	[2019-04-23] [10:18:43.870]	Get #priceBody.innerHTML
95	[2019-04-23] [10:18:43.939]	Page scrape 15 analogs
96	[2019-04-23] [10:18:43.940]	Go to: https://exist.ru/Price/?pid=A7A05478
97	[2019-04-23] [10:18:50.915]	https://exist.ru/Price/?pid=A7A05478 successfully opened
98	[2019-04-23] [10:18:50.915]		Analyse page
99	[2019-04-23] [10:18:50.921]		Handle errors
100	[2019-04-23] [10:18:50.921]	Banner detected
101	[2019-04-23] [10:18:50.921]	Wait for banner
102	[2019-04-23] [10:18:58.131]	Banner skiped
103	[2019-04-23] [10:18:58.132]	Wait for: 1145
104	[2019-04-23] [10:18:59.278]	Scrape: https://exist.ru/Price/?pid=A7A05478
105	[2019-04-23] [10:18:59.278]		Start scraper
106	[2019-04-23] [10:18:59.278]	Get #priceBody.innerHTML
107	[2019-04-23] [10:18:59.290]	Page scrape 1 analogs
108	[2019-04-23] [10:18:59.292]	Scraping article: #61 835056 | category: Фильтр | https://exist.ru/Price/?pcode=835056
109	[2019-04-23] [10:19:00.388]	https://exist.ru/Price/?pcode=835056 successfully opened
110	[2019-04-23] [10:19:00.388]	Wait for: 1220
111	[2019-04-23] [10:19:01.608]		Analyse page
112	[2019-04-23] [10:19:01.609]		Handle errors
113	[2019-04-23] [10:19:01.613]	Catalog links amount: 5
114	[2019-04-23] [10:19:01.613]	Link: #1 https://exist.ru/Price/?pid=86A03CCC
115	[2019-04-23] [10:19:01.614]	Link: #2 https://exist.ru/Price/?pid=A060D9BB
116	[2019-04-23] [10:19:01.614]	Link: #3 https://exist.ru/Price/?pid=A2305EB6
117	[2019-04-23] [10:19:01.615]	Link: #4 https://exist.ru/Price/?pid=96B011B9
118	[2019-04-23] [10:19:01.616]	Link: #5 https://exist.ru/Price/?pid=1640A096
119	[2019-04-23] [10:19:01.616]	Category not found, download all links
120	[2019-04-23] [10:19:01.616]	Go to: https://exist.ru/Price/?pid=86A03CCC
121	[2019-04-23] [10:19:08.646]	https://exist.ru/Price/?pid=86A03CCC successfully opened
122	[2019-04-23] [10:19:08.646]		Analyse page
123	[2019-04-23] [10:19:08.655]		Handle errors
124	[2019-04-23] [10:19:08.655]	Banner detected
125	[2019-04-23] [10:19:08.657]	Wait for banner
126	[2019-04-23] [10:19:16.161]	Banner skiped
127	[2019-04-23] [10:19:16.162]	Wait for: 1379
128	[2019-04-23] [10:19:17.540]	Scrape: https://exist.ru/Price/?pid=86A03CCC
129	[2019-04-23] [10:19:17.540]		Start scraper
130	[2019-04-23] [10:19:17.540]	Get #priceBody.innerHTML
131	[2019-04-23] [10:19:17.561]	Page scrape 1 analogs
132	[2019-04-23] [10:19:17.561]	Go to: https://exist.ru/Price/?pid=A060D9BB
133	[2019-04-23] [10:19:21.643]	https://exist.ru/Price/?pid=A060D9BB successfully opened
134	[2019-04-23] [10:19:21.643]		Analyse page
135	[2019-04-23] [10:19:21.648]		Handle errors
136	[2019-04-23] [10:19:21.649]	Banner detected
137	[2019-04-23] [10:19:21.650]	Wait for banner
138	[2019-04-23] [10:19:29.044]	Banner skiped
139	[2019-04-23] [10:19:29.044]	Wait for: 1231
140	[2019-04-23] [10:19:30.276]	Scrape: https://exist.ru/Price/?pid=A060D9BB
141	[2019-04-23] [10:19:30.276]		Start scraper
142	[2019-04-23] [10:19:30.276]	Get #priceBody.innerHTML
143	[2019-04-23] [10:19:30.305]	Page scrape 2 analogs
144	[2019-04-23] [10:19:30.305]	Go to: https://exist.ru/Price/?pid=A2305EB6
145	[2019-04-23] [10:19:35.348]	https://exist.ru/Price/?pid=A2305EB6 successfully opened
146	[2019-04-23] [10:19:35.349]		Analyse page
147	[2019-04-23] [10:19:35.355]		Handle errors
148	[2019-04-23] [10:19:35.355]	Banner detected
149	[2019-04-23] [10:19:35.356]	Wait for banner
150	[2019-04-23] [10:19:42.157]	Banner skiped
151	[2019-04-23] [10:19:42.157]	Wait for: 1242
152	[2019-04-23] [10:19:43.399]	Scrape: https://exist.ru/Price/?pid=A2305EB6
153	[2019-04-23] [10:19:43.399]		Start scraper
154	[2019-04-23] [10:19:43.400]	Get #priceBody.innerHTML
155	[2019-04-23] [10:19:43.411]	Page scrape 1 analogs
156	[2019-04-23] [10:19:43.412]	Go to: https://exist.ru/Price/?pid=96B011B9
157	[2019-04-23] [10:19:49.026]	https://exist.ru/Price/?pid=96B011B9 successfully opened
158	[2019-04-23] [10:19:49.026]		Analyse page
159	[2019-04-23] [10:19:49.029]		Handle errors
160	[2019-04-23] [10:19:49.029]	Banner detected
161	[2019-04-23] [10:19:49.030]	Wait for banner
162	[2019-04-23] [10:19:56.629]	Banner skiped
163	[2019-04-23] [10:19:56.629]	Wait for: 1389
164	[2019-04-23] [10:19:58.019]	Scrape: https://exist.ru/Price/?pid=96B011B9
165	[2019-04-23] [10:19:58.019]		Start scraper
166	[2019-04-23] [10:19:58.019]	Get #priceBody.innerHTML
167	[2019-04-23] [10:19:58.030]	Page scrape 1 analogs
168	[2019-04-23] [10:19:58.030]	Go to: https://exist.ru/Price/?pid=1640A096
169	[2019-04-23] [10:20:03.189]	https://exist.ru/Price/?pid=1640A096 successfully opened
170	[2019-04-23] [10:20:03.189]		Analyse page
171	[2019-04-23] [10:20:03.192]		Handle errors
172	[2019-04-23] [10:20:03.192]	Banner detected
173	[2019-04-23] [10:20:03.193]	Wait for banner
174	[2019-04-23] [10:20:09.929]	Banner skiped
175	[2019-04-23] [10:20:09.929]	Wait for: 1425
176	[2019-04-23] [10:20:11.354]	Scrape: https://exist.ru/Price/?pid=1640A096
177	[2019-04-23] [10:20:11.354]		Start scraper
178	[2019-04-23] [10:20:11.354]	Get #priceBody.innerHTML
179	[2019-04-23] [10:20:11.366]	Page scrape 1 analogs
180	[2019-04-23] [10:20:11.368]	Scraping article: #62 855235 | category: Кислородные датчники | https://exist.ru/Price/?pcode=855235
181	[2019-04-23] [10:20:12.425]	https://exist.ru/Price/?pcode=855235 successfully opened
182	[2019-04-23] [10:20:12.425]	Wait for: 1071
183	[2019-04-23] [10:20:13.496]		Analyse page
184	[2019-04-23] [10:20:13.499]		Handle errors
185	[2019-04-23] [10:20:13.503]	Catalog links amount: 2
186	[2019-04-23] [10:20:13.504]	Link: #1 https://exist.ru/Price/?pid=A290D61A
187	[2019-04-23] [10:20:13.505]	Link: #2 https://exist.ru/Price/?pid=00409320
188	[2019-04-23] [10:20:13.505]	Category not found, download all links
189	[2019-04-23] [10:20:13.505]	Go to: https://exist.ru/Price/?pid=A290D61A
190	[2019-04-23] [10:20:21.292]	https://exist.ru/Price/?pid=A290D61A successfully opened
191	[2019-04-23] [10:20:21.292]		Analyse page
192	[2019-04-23] [10:20:21.295]		Handle errors
193	[2019-04-23] [10:20:21.295]	Banner detected
194	[2019-04-23] [10:20:21.296]	Wait for banner
195	[2019-04-23] [10:20:28.896]	Banner skiped
196	[2019-04-23] [10:20:28.896]	Wait for: 1240
197	[2019-04-23] [10:20:30.136]	Scrape: https://exist.ru/Price/?pid=A290D61A
198	[2019-04-23] [10:20:30.137]		Start scraper
199	[2019-04-23] [10:20:30.137]	Get #priceBody.innerHTML
200	[2019-04-23] [10:20:30.158]	Page scrape 2 analogs
201	[2019-04-23] [10:20:30.158]	Go to: https://exist.ru/Price/?pid=00409320
202	[2019-04-23] [10:20:34.135]	https://exist.ru/Price/?pid=00409320 successfully opened
203	[2019-04-23] [10:20:34.135]		Analyse page
204	[2019-04-23] [10:20:34.140]		Handle errors
205	[2019-04-23] [10:20:34.140]	Banner detected
206	[2019-04-23] [10:20:34.141]	Wait for banner
207	[2019-04-23] [10:20:40.824]	Banner skiped
208	[2019-04-23] [10:20:40.825]	Wait for: 1048
209	[2019-04-23] [10:20:41.873]	Scrape: https://exist.ru/Price/?pid=00409320
210	[2019-04-23] [10:20:41.873]		Start scraper
211	[2019-04-23] [10:20:41.873]	Get #priceBody.innerHTML
212	[2019-04-23] [10:20:41.882]	Page scrape 1 analogs
213	[2019-04-23] [10:20:41.883]	Scraping article: #63 855252 | category: Кислородные датчники | https://exist.ru/Price/?pcode=855252
214	[2019-04-23] [10:20:48.061]	https://exist.ru/Price/?pcode=855252 successfully opened
215	[2019-04-23] [10:20:48.061]	Wait for: 1449
216	[2019-04-23] [10:20:49.511]		Analyse page
217	[2019-04-23] [10:20:49.514]		Handle errors
218	[2019-04-23] [10:20:49.514]	Banner detected
219	[2019-04-23] [10:20:49.515]	Wait for banner
220	[2019-04-23] [10:20:55.537]	Banner skiped
221	[2019-04-23] [10:20:55.537]		Start scraper
222	[2019-04-23] [10:20:55.537]	Get #priceBody.innerHTML
223	[2019-04-23] [10:20:55.539]	Scraping article: #64 855429 | category: Кислородные датчники | https://exist.ru/Price/?pcode=855429
224	[2019-04-23] [10:20:55.561]	Page scrape 1 analogs
225	[2019-04-23] [10:21:02.594]	https://exist.ru/Price/?pcode=855429 successfully opened
226	[2019-04-23] [10:21:02.594]	Wait for: 1171
227	[2019-04-23] [10:21:03.766]		Analyse page
228	[2019-04-23] [10:21:03.768]		Handle errors
229	[2019-04-23] [10:21:03.768]	Banner detected
230	[2019-04-23] [10:21:03.769]	Wait for banner
231	[2019-04-23] [10:21:09.434]	Banner skiped
232	[2019-04-23] [10:21:09.434]		Start scraper
233	[2019-04-23] [10:21:09.435]	Get #priceBody.innerHTML
234	[2019-04-23] [10:21:09.436]	Scraping article: #65 855554 | category: Кислородные датчники | https://exist.ru/Price/?pcode=855554
235	[2019-04-23] [10:21:09.466]	Page scrape 3 analogs
236	[2019-04-23] [10:21:13.479]	https://exist.ru/Price/?pcode=855554 successfully opened
237	[2019-04-23] [10:21:13.480]	Wait for: 1134
238	[2019-04-23] [10:21:14.614]		Analyse page
239	[2019-04-23] [10:21:14.617]		Handle errors
240	[2019-04-23] [10:21:14.617]	Banner detected
241	[2019-04-23] [10:21:14.617]	Wait for banner
242	[2019-04-23] [10:21:27.728]	Banner skiped
243	[2019-04-23] [10:21:27.728]		Start scraper
244	[2019-04-23] [10:21:27.728]	Get #priceBody.innerHTML
245	[2019-04-23] [10:21:27.729]	Scraping article: #66 920007 | category: Тяги рулевые | https://exist.ru/Price/?pcode=920007
246	[2019-04-23] [10:21:34.953]	https://exist.ru/Price/?pcode=920007 successfully opened
247	[2019-04-23] [10:21:34.953]	Wait for: 1034
248	[2019-04-23] [10:21:34.953]		Analyse page
249	[2019-04-23] [10:21:34.959]		Handle errors
250	[2019-04-23] [10:21:34.959]	Banner detected
251	[2019-04-23] [10:21:34.959]	Wait for banner
252	[2019-04-23] [10:21:35.986]		Analyse page
253	[2019-04-23] [10:21:36.001]		Handle errors
254	[2019-04-23] [10:21:36.001]	Banner detected
255	[2019-04-23] [10:21:36.003]	Wait for banner
256	[2019-04-23] [10:21:42.267]	Banner skiped
257	[2019-04-23] [10:21:42.267]	Banner skiped
258	[2019-04-23] [10:21:42.268]		Start scraper
259	[2019-04-23] [10:21:42.268]	Get #priceBody.innerHTML
260	[2019-04-23] [10:21:42.269]	Scraping article: #67 920008 | category: Рулевые наконечники | https://exist.ru/Price/?pcode=920008
261	[2019-04-23] [10:21:42.317]	Page scrape 1 analogs
262	[2019-04-23] [10:21:42.999]	https://exist.ru/Price/?pcode=920008 successfully opened
263	[2019-04-23] [10:21:42.999]	Wait for: 1430
264	[2019-04-23] [10:21:43.268]	Get #priceBody.innerHTML
265	[2019-04-23] [10:21:44.365]		Analyse page
266	[2019-04-23] [10:21:44.369]		Handle errors
267	[2019-04-23] [10:21:44.428]		Analyse page
268	[2019-04-23] [10:21:44.430]		Handle errors
269	[2019-04-23] [10:21:44.433]	Catalog links amount: 6
270	[2019-04-23] [10:21:44.433]	Link: #1 https://exist.ru/Price/?pid=CE70C141
271	[2019-04-23] [10:21:44.434]	Link: #2 https://exist.ru/Price/?pid=C61064D3
272	[2019-04-23] [10:21:44.434]	Link: #3 https://exist.ru/Price/?pid=E3004624
273	[2019-04-23] [10:21:44.435]	Link: #4 https://exist.ru/Price/?pid=A1D02A39
274	[2019-04-23] [10:21:44.435]	Link: #5 https://exist.ru/Price/?pid=CBF06BE9
275	[2019-04-23] [10:21:44.436]	Link: #6 https://exist.ru/Price/?pid=53C0CA63
276	[2019-04-23] [10:21:44.436]	Category not found, download all links
277	[2019-04-23] [10:21:44.436]	Go to: https://exist.ru/Price/?pid=CE70C141
278	[2019-04-23] [10:21:45.369]	Get #priceBody.innerHTML
279	[2019-04-23] [10:21:51.253]	https://exist.ru/Price/?pid=CE70C141 successfully opened
280	[2019-04-23] [10:21:51.253]		Analyse page
281	[2019-04-23] [10:21:57.827]		Analyse page
282	[2019-04-23] [10:21:57.830]		Handle errors
283	[2019-04-23] [10:21:57.830]	Banner detected
284	[2019-04-23] [10:21:57.905]	Wait for banner
285	[2019-04-23] [10:22:05.386]	Banner skiped
286	[2019-04-23] [10:22:06.386]	Get #priceBody.innerHTML
287	[2019-04-23] [10:22:06.396]	Page scrape 1 analogs
