1	[2019-04-25] [12:47:34.727]	Start program
2	[2019-04-25] [12:47:36.853]	Open: https://www.exist.ru
3	[2019-04-25] [12:47:39.285]	https://www.exist.ru successfully opened
4	[2019-04-25] [12:47:49.710]	Source files/source/articles.xlsx loaded, length: 684
5	[2019-04-25] [12:47:49.710]	Start main sequence.
6	[2019-04-25] [12:47:49.721]	Scraping https://www.exist.ru from article #36 569069
7	[2019-04-25] [12:47:49.722]	Scraping article: #36 569069 | category: Тормозные диски | https://www.exist.ru/Price/?pcode=569069
8	[2019-04-25] [12:47:52.082]	https://www.exist.ru/Price/?pcode=569069 successfully opened
9	[2019-04-25] [12:47:52.083]	Wait for: 2533
10	[2019-04-25] [12:47:54.616]		Analyse page
11	[2019-04-25] [12:47:54.619]		Handle errors
12	[2019-04-25] [12:47:54.632]	Catalog links amount: 2
13	[2019-04-25] [12:47:54.634]	Link: #1 https://www.exist.ru/Price/?pid=F0C0E4E7
14	[2019-04-25] [12:47:54.635]	Category found, go to: https://www.exist.ru/Price/?pid=F0C0E4E7
15	[2019-04-25] [12:47:56.217]	https://www.exist.ru/Price/?pid=F0C0E4E7 successfully opened
16	[2019-04-25] [12:47:56.217]		Analyse page
17	[2019-04-25] [12:47:56.220]		Handle errors
18	[2019-04-25] [12:47:56.220]	Wait for: 2326
19	[2019-04-25] [12:47:58.546]	Scrape https://www.exist.ru/Price/?pid=F0C0E4E7
20	[2019-04-25] [12:47:58.546]		Start scraper
21	[2019-04-25] [12:47:58.546]	Get #priceBody.innerHTML
22	[2019-04-25] [12:47:58.586]	Page scrape 2 analogs
23	[2019-04-25] [12:47:58.589]	Scraping https://www.exist.ru from article #40 569075
24	[2019-04-25] [12:47:58.590]	Scraping article: #40 569075 | category: Тормозные диски | https://www.exist.ru/Price/?pcode=569075
25	[2019-04-25] [12:47:59.667]	https://www.exist.ru/Price/?pcode=569075 successfully opened
26	[2019-04-25] [12:47:59.667]	Wait for: 2496
27	[2019-04-25] [12:48:02.163]		Analyse page
28	[2019-04-25] [12:48:02.166]		Handle errors
29	[2019-04-25] [12:48:02.174]	Catalog links amount: 4
30	[2019-04-25] [12:48:02.175]	Link: #1 https://www.exist.ru/Price/?pid=E770C2FC
31	[2019-04-25] [12:48:02.176]	Category found, go to: https://www.exist.ru/Price/?pid=E770C2FC
32	[2019-04-25] [12:48:04.562]	https://www.exist.ru/Price/?pid=E770C2FC successfully opened
33	[2019-04-25] [12:48:04.562]		Analyse page
34	[2019-04-25] [12:48:04.566]		Handle errors
35	[2019-04-25] [12:48:04.566]	Wait for: 2042
36	[2019-04-25] [12:48:06.608]	Scrape https://www.exist.ru/Price/?pid=E770C2FC
37	[2019-04-25] [12:48:06.608]		Start scraper
38	[2019-04-25] [12:48:06.609]	Get #priceBody.innerHTML
39	[2019-04-25] [12:48:06.733]	Page scrape 15 analogs
40	[2019-04-25] [12:48:06.734]	Scraping https://www.exist.ru from article #41 569076
41	[2019-04-25] [12:48:06.735]	Scraping article: #41 569076 | category: Тормозные диски | https://www.exist.ru/Price/?pcode=569076
42	[2019-04-25] [12:48:07.823]	https://www.exist.ru/Price/?pcode=569076 successfully opened
43	[2019-04-25] [12:48:07.823]	Wait for: 2356
44	[2019-04-25] [12:48:10.179]		Analyse page
45	[2019-04-25] [12:48:10.183]		Handle errors
46	[2019-04-25] [12:48:10.190]	Catalog links amount: 5
47	[2019-04-25] [12:48:10.191]	Link: #1 https://www.exist.ru/Price/?pid=2E90A0C7
48	[2019-04-25] [12:48:10.192]	Link: #2 https://www.exist.ru/Price/?pid=8D70B702
49	[2019-04-25] [12:48:10.194]	Link: #3 https://www.exist.ru/Price/?pid=76605468
50	[2019-04-25] [12:48:10.195]	Link: #4 https://www.exist.ru/Price/?pid=FD70B569
51	[2019-04-25] [12:48:10.196]	Link: #5 https://www.exist.ru/Price/?pid=43905A6B
52	[2019-04-25] [12:48:10.197]	Category not found, download all links
53	[2019-04-25] [12:48:10.198]	Go to: https://www.exist.ru/Price/?pid=2E90A0C7
54	[2019-04-25] [12:48:12.459]	https://www.exist.ru/Price/?pid=2E90A0C7 successfully opened
55	[2019-04-25] [12:48:12.459]		Analyse page
56	[2019-04-25] [12:48:12.462]		Handle errors
57	[2019-04-25] [12:48:12.462]	Wait for: 2072
58	[2019-04-25] [12:48:14.534]	Scrape: https://www.exist.ru/Price/?pid=2E90A0C7
59	[2019-04-25] [12:48:14.534]		Start scraper
60	[2019-04-25] [12:48:14.534]	Get #priceBody.innerHTML
61	[2019-04-25] [12:48:14.684]	Page scrape 16 analogs
62	[2019-04-25] [12:48:14.684]	Go to: https://www.exist.ru/Price/?pid=8D70B702
63	[2019-04-25] [12:48:17.887]	https://www.exist.ru/Price/?pid=8D70B702 successfully opened
64	[2019-04-25] [12:48:17.887]		Analyse page
65	[2019-04-25] [12:48:17.889]		Handle errors
66	[2019-04-25] [12:48:17.889]	Wait for: 2463
67	[2019-04-25] [12:48:20.352]	Scrape: https://www.exist.ru/Price/?pid=8D70B702
68	[2019-04-25] [12:48:20.352]		Start scraper
69	[2019-04-25] [12:48:20.352]	Get #priceBody.innerHTML
70	[2019-04-25] [12:48:20.373]	Page scrape 1 analogs
71	[2019-04-25] [12:48:20.373]	Go to: https://www.exist.ru/Price/?pid=76605468
72	[2019-04-25] [12:48:21.605]	https://www.exist.ru/Price/?pid=76605468 successfully opened
73	[2019-04-25] [12:48:21.605]		Analyse page
74	[2019-04-25] [12:48:21.608]		Handle errors
75	[2019-04-25] [12:48:21.608]	Wait for: 2337
76	[2019-04-25] [12:48:23.945]	Scrape: https://www.exist.ru/Price/?pid=76605468
77	[2019-04-25] [12:48:23.945]		Start scraper
78	[2019-04-25] [12:48:23.945]	Get #priceBody.innerHTML
79	[2019-04-25] [12:48:23.963]	Page scrape 1 analogs
80	[2019-04-25] [12:48:23.964]	Go to: https://www.exist.ru/Price/?pid=FD70B569
81	[2019-04-25] [12:48:25.117]	https://www.exist.ru/Price/?pid=FD70B569 successfully opened
82	[2019-04-25] [12:48:25.117]		Analyse page
83	[2019-04-25] [12:48:25.121]		Handle errors
84	[2019-04-25] [12:48:25.121]	Wait for: 2589
85	[2019-04-25] [12:48:27.711]	Scrape: https://www.exist.ru/Price/?pid=FD70B569
86	[2019-04-25] [12:48:27.711]		Start scraper
87	[2019-04-25] [12:48:27.711]	Get #priceBody.innerHTML
88	[2019-04-25] [12:48:27.733]	Page scrape 1 analogs
89	[2019-04-25] [12:48:27.734]	Script execution finished.
90	[2019-04-25] [12:48:27.734]	***
