1	[2019-04-25] [09:22:38.209]	Start program
2	[2019-04-25] [09:22:39.570]	Open: https://www.exist.ru
3	[2019-04-25] [09:22:42.547]	https://www.exist.ru successfully opened
4	[2019-04-25] [09:23:26.156]	Source files/source/articles.xlsx loaded, length: 684
5	[2019-04-25] [09:23:26.157]	Start main sequence.
6	[2019-04-25] [09:23:26.158]	Scraping https://www.exist.ru from article #1 326012
7	[2019-04-25] [09:23:26.159]	Scraping https://www.exist.ru from article #2 328006
8	[2019-04-25] [09:23:26.159]	Scraping https://www.exist.ru from article #3 328008
9	[2019-04-25] [09:23:26.160]	Scraping https://www.exist.ru from article #4 328021
10	[2019-04-25] [09:23:26.161]	Scraping article: #4 328021 | category: Выжимные подшипники | https://www.exist.ru/Price/?pcode=328021
11	[2019-04-25] [09:23:28.260]	https://www.exist.ru/Price/?pcode=328021 successfully opened
12	[2019-04-25] [09:23:28.261]	Wait for: 2307
13	[2019-04-25] [09:23:30.569]		Analyse page
14	[2019-04-25] [09:23:30.573]		Handle errors
15	[2019-04-25] [09:23:30.601]	Catalog links amount: 7
16	[2019-04-25] [09:23:30.603]	Link: #1 https://www.exist.ru/Price/?pid=C2204637
17	[2019-04-25] [09:23:30.605]	Link: #2 https://www.exist.ru/Price/?pid=57C08EB6
18	[2019-04-25] [09:23:30.606]	Link: #3 https://www.exist.ru/Price/?pid=7B003309
19	[2019-04-25] [09:23:30.607]	Link: #4 https://www.exist.ru/Price/?pid=258011A0
20	[2019-04-25] [09:23:30.608]	Link: #5 https://www.exist.ru/Price/?pid=99C0A8BD
21	[2019-04-25] [09:23:30.609]	Link: #6 https://www.exist.ru/Price/?pid=76C017CC
22	[2019-04-25] [09:23:30.610]	Link: #7 https://www.exist.ru/Price/?pid=0880DA87
23	[2019-04-25] [09:23:30.610]	Category not found, download all links
24	[2019-04-25] [09:23:30.610]	Go to: https://www.exist.ru/Price/?pid=C2204637
25	[2019-04-25] [09:23:31.820]	https://www.exist.ru/Price/?pid=C2204637 successfully opened
26	[2019-04-25] [09:23:31.820]		Analyse page
27	[2019-04-25] [09:23:31.823]		Handle errors
28	[2019-04-25] [09:23:31.823]	Wait for: 2117
29	[2019-04-25] [09:23:33.940]	Scrape: https://www.exist.ru/Price/?pid=C2204637
30	[2019-04-25] [09:23:33.941]		Start scraper
31	[2019-04-25] [09:23:33.941]	Get #priceBody.innerHTML
32	[2019-04-25] [09:23:33.954]	Page scrape 1 analogs
33	[2019-04-25] [09:23:33.955]	Go to: https://www.exist.ru/Price/?pid=57C08EB6
34	[2019-04-25] [09:23:35.903]	https://www.exist.ru/Price/?pid=57C08EB6 successfully opened
35	[2019-04-25] [09:23:35.903]		Analyse page
36	[2019-04-25] [09:23:35.907]		Handle errors
37	[2019-04-25] [09:23:35.907]	Wait for: 2972
38	[2019-04-25] [09:23:38.855]	Scrape: https://www.exist.ru/Price/?pid=57C08EB6
39	[2019-04-25] [09:23:38.855]		Start scraper
40	[2019-04-25] [09:23:38.855]	Get #priceBody.innerHTML
41	[2019-04-25] [09:23:38.878]	Page scrape 2 analogs
42	[2019-04-25] [09:23:38.879]	Go to: https://www.exist.ru/Price/?pid=7B003309
43	[2019-04-25] [09:23:39.994]	https://www.exist.ru/Price/?pid=7B003309 successfully opened
44	[2019-04-25] [09:23:39.994]		Analyse page
45	[2019-04-25] [09:23:39.999]		Handle errors
46	[2019-04-25] [09:23:39.999]	Wait for: 2371
47	[2019-04-25] [09:23:42.371]	Scrape: https://www.exist.ru/Price/?pid=7B003309
48	[2019-04-25] [09:23:42.371]		Start scraper
49	[2019-04-25] [09:23:42.371]	Get #priceBody.innerHTML
50	[2019-04-25] [09:23:42.386]	Page scrape 1 analogs
51	[2019-04-25] [09:23:42.387]	Go to: https://www.exist.ru/Price/?pid=258011A0
52	[2019-04-25] [09:23:43.818]	https://www.exist.ru/Price/?pid=258011A0 successfully opened
53	[2019-04-25] [09:23:43.818]		Analyse page
54	[2019-04-25] [09:23:43.823]		Handle errors
55	[2019-04-25] [09:23:43.823]	Wait for: 2633
56	[2019-04-25] [09:23:44.718]	Exit program
