1	[2019-04-23] [07:40:58.284]	Start program
2	[2019-04-23] [07:41:05.882]	Open: https://exist.ru
3	[2019-04-23] [07:41:09.953]	https://exist.ru successfully opened
4	[2019-04-23] [07:41:25.870]	Login successfully.
5	[2019-04-23] [07:41:38.168]	Source files/source/articles.xlsx loaded, length: 684
6	[2019-04-23] [07:41:38.168]	Scraping https://exist.ru from article #1 326012
7	[2019-04-23] [07:41:38.169]	Start main sequence.
8	[2019-04-23] [07:41:38.169]	Scraping article: #1 326012 | category: Выжимные подшипники | https://exist.ru/Price/?pcode=326012
9	[2019-04-23] [07:41:40.411]	https://exist.ru/Price/?pcode=326012 successfully opened
10	[2019-04-23] [07:41:40.411]	Wait for: 1350
11	[2019-04-23] [07:41:41.761]		Analyse page
12	[2019-04-23] [07:41:41.764]		Handle errors
13	[2019-04-23] [07:41:41.796]	Catalog links amount: 8
14	[2019-04-23] [07:41:41.801]	Link: #1 https://exist.ru/Price/?pid=27606B9A
15	[2019-04-23] [07:41:41.803]	Link: #2 https://exist.ru/Price/?pid=FA208E7D
16	[2019-04-23] [07:41:41.804]	Link: #3 https://exist.ru/Price/?pid=57F0D215
17	[2019-04-23] [07:41:41.805]	Link: #4 https://exist.ru/Price/?pid=8800068C
18	[2019-04-23] [07:41:41.807]	Link: #5 https://exist.ru/Price/?pid=8EF07E11
19	[2019-04-23] [07:41:41.808]	Link: #6 https://exist.ru/Price/?pid=F360BBF5
20	[2019-04-23] [07:41:41.810]	Link: #7 https://exist.ru/Price/?pid=89A0B4E1
21	[2019-04-23] [07:41:41.811]	Link: #8 https://exist.ru/Price/?pid=A3805A60
22	[2019-04-23] [07:41:41.812]	Category not found, download all links
23	[2019-04-23] [07:41:41.812]	Go to: https://exist.ru/Price/?pid=27606B9A
24	[2019-04-23] [07:41:43.548]	https://exist.ru/Price/?pid=27606B9A successfully opened
25	[2019-04-23] [07:41:43.548]		Analyse page
26	[2019-04-23] [07:41:43.550]		Handle errors
27	[2019-04-23] [07:41:43.551]	Wait for: 1433
28	[2019-04-23] [07:41:44.984]	Scrape: https://exist.ru/Price/?pid=27606B9A
29	[2019-04-23] [07:41:44.984]		Start scraper
30	[2019-04-23] [07:41:44.995]	Get #priceBody.innerHTML
31	[2019-04-23] [07:41:45.034]	Page scrape 4 analogs
32	[2019-04-23] [07:41:45.034]	Go to: https://exist.ru/Price/?pid=FA208E7D
33	[2019-04-23] [07:41:46.372]	https://exist.ru/Price/?pid=FA208E7D successfully opened
34	[2019-04-23] [07:41:46.372]		Analyse page
35	[2019-04-23] [07:41:46.373]		Handle errors
36	[2019-04-23] [07:41:46.373]	Wait for: 1456
37	[2019-04-23] [07:41:47.829]	Scrape: https://exist.ru/Price/?pid=FA208E7D
38	[2019-04-23] [07:41:47.829]		Start scraper
39	[2019-04-23] [07:41:47.835]	Get #priceBody.innerHTML
40	[2019-04-23] [07:41:47.850]	Page scrape 5 analogs
41	[2019-04-23] [07:41:47.851]	Go to: https://exist.ru/Price/?pid=57F0D215
42	[2019-04-23] [07:41:49.575]	https://exist.ru/Price/?pid=57F0D215 successfully opened
43	[2019-04-23] [07:41:49.575]		Analyse page
44	[2019-04-23] [07:41:49.580]		Handle errors
45	[2019-04-23] [07:41:49.580]	Wait for: 1097
46	[2019-04-23] [07:41:50.677]	Scrape: https://exist.ru/Price/?pid=57F0D215
47	[2019-04-23] [07:41:50.677]		Start scraper
48	[2019-04-23] [07:41:50.685]	Get #priceBody.innerHTML
49	[2019-04-23] [07:41:50.696]	Page scrape 1 analogs
50	[2019-04-23] [07:41:50.696]	Go to: https://exist.ru/Price/?pid=8800068C
51	[2019-04-23] [07:41:51.778]	https://exist.ru/Price/?pid=8800068C successfully opened
52	[2019-04-23] [07:41:51.778]		Analyse page
53	[2019-04-23] [07:41:51.784]		Handle errors
54	[2019-04-23] [07:41:51.784]	Wait for: 1496
55	[2019-04-23] [07:41:53.280]	Scrape: https://exist.ru/Price/?pid=8800068C
56	[2019-04-23] [07:41:53.280]		Start scraper
57	[2019-04-23] [07:41:53.288]	Get #priceBody.innerHTML
58	[2019-04-23] [07:41:53.326]	Page scrape 7 analogs
59	[2019-04-23] [07:41:53.326]	Go to: https://exist.ru/Price/?pid=8EF07E11
60	[2019-04-23] [07:41:54.909]	https://exist.ru/Price/?pid=8EF07E11 successfully opened
61	[2019-04-23] [07:41:54.909]		Analyse page
62	[2019-04-23] [07:41:54.920]		Handle errors
63	[2019-04-23] [07:41:54.920]	Wait for: 1172
64	[2019-04-23] [07:41:56.092]	Scrape: https://exist.ru/Price/?pid=8EF07E11
65	[2019-04-23] [07:41:56.092]		Start scraper
66	[2019-04-23] [07:41:56.100]	Get #priceBody.innerHTML
67	[2019-04-23] [07:41:56.154]	Page scrape 5 analogs
68	[2019-04-23] [07:41:56.154]	Go to: https://exist.ru/Price/?pid=F360BBF5
69	[2019-04-23] [07:41:57.686]	https://exist.ru/Price/?pid=F360BBF5 successfully opened
70	[2019-04-23] [07:41:57.686]		Analyse page
71	[2019-04-23] [07:41:57.689]		Handle errors
72	[2019-04-23] [07:41:57.689]	Wait for: 1094
73	[2019-04-23] [07:41:58.783]	Scrape: https://exist.ru/Price/?pid=F360BBF5
74	[2019-04-23] [07:41:58.783]		Start scraper
75	[2019-04-23] [07:41:58.792]	Get #priceBody.innerHTML
76	[2019-04-23] [07:41:58.826]	Page scrape 3 analogs
77	[2019-04-23] [07:41:58.826]	Go to: https://exist.ru/Price/?pid=89A0B4E1
78	[2019-04-23] [07:42:00.321]	https://exist.ru/Price/?pid=89A0B4E1 successfully opened
79	[2019-04-23] [07:42:00.321]		Analyse page
80	[2019-04-23] [07:42:00.325]		Handle errors
81	[2019-04-23] [07:42:00.325]	Wait for: 1148
82	[2019-04-23] [07:42:01.473]	Scrape: https://exist.ru/Price/?pid=89A0B4E1
83	[2019-04-23] [07:42:01.473]		Start scraper
84	[2019-04-23] [07:42:01.491]	Get #priceBody.innerHTML
85	[2019-04-23] [07:42:01.497]	Page scrape 1 analogs
86	[2019-04-23] [07:42:01.497]	Go to: https://exist.ru/Price/?pid=A3805A60
87	[2019-04-23] [07:42:02.959]	https://exist.ru/Price/?pid=A3805A60 successfully opened
88	[2019-04-23] [07:42:02.959]		Analyse page
89	[2019-04-23] [07:42:02.963]		Handle errors
90	[2019-04-23] [07:42:02.963]	Wait for: 1326
91	[2019-04-23] [07:42:04.289]	Scrape: https://exist.ru/Price/?pid=A3805A60
92	[2019-04-23] [07:42:04.289]		Start scraper
93	[2019-04-23] [07:42:04.299]	Get #priceBody.innerHTML
94	[2019-04-23] [07:42:04.316]	Page scrape 1 analogs
95	[2019-04-23] [07:42:04.318]	Scraping article: #2 328006 | category: Выжимные подшипники | https://exist.ru/Price/?pcode=328006
96	[2019-04-23] [07:42:05.263]	https://exist.ru/Price/?pcode=328006 successfully opened
97	[2019-04-23] [07:42:05.263]	Wait for: 1448
98	[2019-04-23] [07:42:06.711]		Analyse page
99	[2019-04-23] [07:42:06.715]		Handle errors
100	[2019-04-23] [07:42:06.721]	Catalog links amount: 3
101	[2019-04-23] [07:42:06.722]	Link: #1 https://exist.ru/Price/?pid=F6B047DA
102	[2019-04-23] [07:42:06.724]	Link: #2 https://exist.ru/Price/?pid=97F0068C
103	[2019-04-23] [07:42:06.725]	Link: #3 https://exist.ru/Price/?pid=9780A8BD
104	[2019-04-23] [07:42:06.726]	Category not found, download all links
105	[2019-04-23] [07:42:06.726]	Go to: https://exist.ru/Price/?pid=F6B047DA
106	[2019-04-23] [07:42:08.289]	https://exist.ru/Price/?pid=F6B047DA successfully opened
107	[2019-04-23] [07:42:08.289]		Analyse page
108	[2019-04-23] [07:42:08.296]		Handle errors
109	[2019-04-23] [07:42:08.296]	Wait for: 1362
110	[2019-04-23] [07:42:09.657]	Scrape: https://exist.ru/Price/?pid=F6B047DA
111	[2019-04-23] [07:42:09.658]		Start scraper
112	[2019-04-23] [07:42:09.667]	Get #priceBody.innerHTML
113	[2019-04-23] [07:42:09.702]	Page scrape 2 analogs
114	[2019-04-23] [07:42:09.702]	Go to: https://exist.ru/Price/?pid=97F0068C
115	[2019-04-23] [07:42:11.284]	https://exist.ru/Price/?pid=97F0068C successfully opened
116	[2019-04-23] [07:42:11.285]		Analyse page
117	[2019-04-23] [07:42:11.287]		Handle errors
118	[2019-04-23] [07:42:11.287]	Wait for: 1175
119	[2019-04-23] [07:42:12.462]	Scrape: https://exist.ru/Price/?pid=97F0068C
120	[2019-04-23] [07:42:12.462]		Start scraper
121	[2019-04-23] [07:42:12.470]	Get #priceBody.innerHTML
122	[2019-04-23] [07:42:12.784]	Page scrape 25 analogs
123	[2019-04-23] [07:42:12.784]	Go to: https://exist.ru/Price/?pid=9780A8BD
124	[2019-04-23] [07:42:14.802]	https://exist.ru/Price/?pid=9780A8BD successfully opened
125	[2019-04-23] [07:42:14.802]		Analyse page
126	[2019-04-23] [07:42:14.805]		Handle errors
127	[2019-04-23] [07:42:14.805]	Wait for: 1463
128	[2019-04-23] [07:42:16.269]	Scrape: https://exist.ru/Price/?pid=9780A8BD
129	[2019-04-23] [07:42:16.269]		Start scraper
130	[2019-04-23] [07:42:16.279]	Get #priceBody.innerHTML
131	[2019-04-23] [07:42:16.313]	Page scrape 2 analogs
132	[2019-04-23] [07:42:16.314]	Scraping article: #3 328008 | category: Выжимные подшипники | https://exist.ru/Price/?pcode=328008
133	[2019-04-23] [07:42:17.968]	https://exist.ru/Price/?pcode=328008 successfully opened
134	[2019-04-23] [07:42:17.968]	Wait for: 1148
135	[2019-04-23] [07:42:19.116]		Analyse page
136	[2019-04-23] [07:42:19.120]		Handle errors
137	[2019-04-23] [07:42:19.124]	Catalog links amount: 4
138	[2019-04-23] [07:42:19.124]	Link: #1 https://exist.ru/Price/?pid=F77047DA
139	[2019-04-23] [07:42:19.125]	Link: #2 https://exist.ru/Price/?pid=9820068C
140	[2019-04-23] [07:42:19.126]	Link: #3 https://exist.ru/Price/?pid=2A30654C
141	[2019-04-23] [07:42:19.127]	Link: #4 https://exist.ru/Price/?pid=97B0A8BD
142	[2019-04-23] [07:42:19.127]	Category not found, download all links
143	[2019-04-23] [07:42:19.127]	Go to: https://exist.ru/Price/?pid=F77047DA
144	[2019-04-23] [07:42:20.561]	https://exist.ru/Price/?pid=F77047DA successfully opened
145	[2019-04-23] [07:42:20.561]		Analyse page
146	[2019-04-23] [07:42:20.565]		Handle errors
147	[2019-04-23] [07:42:20.566]	Wait for: 1383
148	[2019-04-23] [07:42:21.949]	Scrape: https://exist.ru/Price/?pid=F77047DA
149	[2019-04-23] [07:42:21.949]		Start scraper
150	[2019-04-23] [07:42:21.962]	Get #priceBody.innerHTML
151	[2019-04-23] [07:42:21.982]	Page scrape 1 analogs
152	[2019-04-23] [07:42:21.982]	Go to: https://exist.ru/Price/?pid=9820068C
153	[2019-04-23] [07:42:23.832]	https://exist.ru/Price/?pid=9820068C successfully opened
154	[2019-04-23] [07:42:23.832]		Analyse page
155	[2019-04-23] [07:42:23.833]		Handle errors
156	[2019-04-23] [07:42:23.833]	Wait for: 1397
157	[2019-04-23] [07:42:25.230]	Scrape: https://exist.ru/Price/?pid=9820068C
158	[2019-04-23] [07:42:25.230]		Start scraper
159	[2019-04-23] [07:42:25.240]	Get #priceBody.innerHTML
160	[2019-04-23] [07:42:25.391]	Page scrape 19 analogs
161	[2019-04-23] [07:42:25.391]	Go to: https://exist.ru/Price/?pid=2A30654C
162	[2019-04-23] [07:42:26.593]	https://exist.ru/Price/?pid=2A30654C successfully opened
163	[2019-04-23] [07:42:26.593]		Analyse page
164	[2019-04-23] [07:42:26.596]		Handle errors
165	[2019-04-23] [07:42:26.597]	Wait for: 1069
166	[2019-04-23] [07:42:27.666]	Scrape: https://exist.ru/Price/?pid=2A30654C
167	[2019-04-23] [07:42:27.666]		Start scraper
168	[2019-04-23] [07:42:27.677]	Get #priceBody.innerHTML
169	[2019-04-23] [07:42:27.705]	Page scrape 2 analogs
170	[2019-04-23] [07:42:27.705]	Go to: https://exist.ru/Price/?pid=97B0A8BD
171	[2019-04-23] [07:42:29.944]	https://exist.ru/Price/?pid=97B0A8BD successfully opened
172	[2019-04-23] [07:42:29.944]		Analyse page
173	[2019-04-23] [07:42:29.949]		Handle errors
174	[2019-04-23] [07:42:29.949]	Wait for: 1133
175	[2019-04-23] [07:42:31.082]	Scrape: https://exist.ru/Price/?pid=97B0A8BD
176	[2019-04-23] [07:42:31.082]		Start scraper
177	[2019-04-23] [07:42:31.104]	Get #priceBody.innerHTML
178	[2019-04-23] [07:42:31.183]	Page scrape 3 analogs
179	[2019-04-23] [07:42:31.184]	Scraping article: #4 328021 | category: Выжимные подшипники | https://exist.ru/Price/?pcode=328021
180	[2019-04-23] [07:42:31.940]	https://exist.ru/Price/?pcode=328021 successfully opened
181	[2019-04-23] [07:42:31.940]	Wait for: 1238
182	[2019-04-23] [07:42:33.179]		Analyse page
183	[2019-04-23] [07:42:33.182]		Handle errors
184	[2019-04-23] [07:42:33.187]	Catalog links amount: 7
185	[2019-04-23] [07:42:33.188]	Link: #1 https://exist.ru/Price/?pid=C2204637
186	[2019-04-23] [07:42:33.189]	Link: #2 https://exist.ru/Price/?pid=57C08EB6
187	[2019-04-23] [07:42:33.191]	Link: #3 https://exist.ru/Price/?pid=7B003309
188	[2019-04-23] [07:42:33.192]	Link: #4 https://exist.ru/Price/?pid=258011A0
189	[2019-04-23] [07:42:33.192]	Link: #5 https://exist.ru/Price/?pid=99C0A8BD
190	[2019-04-23] [07:42:33.193]	Link: #6 https://exist.ru/Price/?pid=76C017CC
191	[2019-04-23] [07:42:33.194]	Link: #7 https://exist.ru/Price/?pid=0880DA87
192	[2019-04-23] [07:42:33.194]	Category not found, download all links
193	[2019-04-23] [07:42:33.194]	Go to: https://exist.ru/Price/?pid=C2204637
194	[2019-04-23] [07:42:34.463]	https://exist.ru/Price/?pid=C2204637 successfully opened
195	[2019-04-23] [07:42:34.463]		Analyse page
196	[2019-04-23] [07:42:34.465]		Handle errors
197	[2019-04-23] [07:42:34.465]	Wait for: 1029
198	[2019-04-23] [07:42:35.493]	Scrape: https://exist.ru/Price/?pid=C2204637
199	[2019-04-23] [07:42:35.494]		Start scraper
200	[2019-04-23] [07:42:35.501]	Get #priceBody.innerHTML
201	[2019-04-23] [07:42:35.510]	Page scrape 1 analogs
202	[2019-04-23] [07:42:35.510]	Go to: https://exist.ru/Price/?pid=57C08EB6
203	[2019-04-23] [07:42:36.575]	https://exist.ru/Price/?pid=57C08EB6 successfully opened
204	[2019-04-23] [07:42:36.575]		Analyse page
205	[2019-04-23] [07:42:36.578]		Handle errors
206	[2019-04-23] [07:42:36.578]	Wait for: 1057
207	[2019-04-23] [07:42:37.635]	Scrape: https://exist.ru/Price/?pid=57C08EB6
208	[2019-04-23] [07:42:37.635]		Start scraper
209	[2019-04-23] [07:42:37.642]	Get #priceBody.innerHTML
210	[2019-04-23] [07:42:37.663]	Page scrape 4 analogs
211	[2019-04-23] [07:42:37.664]	Go to: https://exist.ru/Price/?pid=7B003309
212	[2019-04-23] [07:42:38.853]	https://exist.ru/Price/?pid=7B003309 successfully opened
213	[2019-04-23] [07:42:38.853]		Analyse page
214	[2019-04-23] [07:42:38.860]		Handle errors
215	[2019-04-23] [07:42:38.860]	Wait for: 1431
216	[2019-04-23] [07:42:40.292]	Scrape: https://exist.ru/Price/?pid=7B003309
217	[2019-04-23] [07:42:40.292]		Start scraper
218	[2019-04-23] [07:42:40.302]	Get #priceBody.innerHTML
219	[2019-04-23] [07:42:40.321]	Page scrape 1 analogs
220	[2019-04-23] [07:42:40.321]	Go to: https://exist.ru/Price/?pid=258011A0
221	[2019-04-23] [07:42:41.506]	https://exist.ru/Price/?pid=258011A0 successfully opened
222	[2019-04-23] [07:42:41.506]		Analyse page
223	[2019-04-23] [07:42:41.511]		Handle errors
224	[2019-04-23] [07:42:41.511]	Wait for: 1363
225	[2019-04-23] [07:42:42.875]	Scrape: https://exist.ru/Price/?pid=258011A0
226	[2019-04-23] [07:42:42.875]		Start scraper
227	[2019-04-23] [07:42:42.898]	Get #priceBody.innerHTML
228	[2019-04-23] [07:42:42.920]	Page scrape 1 analogs
229	[2019-04-23] [07:42:42.920]	Go to: https://exist.ru/Price/?pid=99C0A8BD
230	[2019-04-23] [07:42:45.124]	https://exist.ru/Price/?pid=99C0A8BD successfully opened
231	[2019-04-23] [07:42:45.125]		Analyse page
232	[2019-04-23] [07:42:45.133]		Handle errors
233	[2019-04-23] [07:42:45.134]	Wait for: 1331
234	[2019-04-23] [07:42:46.465]	Scrape: https://exist.ru/Price/?pid=99C0A8BD
235	[2019-04-23] [07:42:46.465]		Start scraper
236	[2019-04-23] [07:42:46.475]	Get #priceBody.innerHTML
237	[2019-04-23] [07:42:46.612]	Page scrape 17 analogs
238	[2019-04-23] [07:42:46.612]	Go to: https://exist.ru/Price/?pid=76C017CC
239	[2019-04-23] [07:42:48.294]	https://exist.ru/Price/?pid=76C017CC successfully opened
240	[2019-04-23] [07:42:48.294]		Analyse page
241	[2019-04-23] [07:42:48.296]		Handle errors
242	[2019-04-23] [07:42:48.297]	Wait for: 1005
243	[2019-04-23] [07:42:49.302]	Scrape: https://exist.ru/Price/?pid=76C017CC
244	[2019-04-23] [07:42:49.302]		Start scraper
245	[2019-04-23] [07:42:49.308]	Get #priceBody.innerHTML
246	[2019-04-23] [07:42:49.327]	Page scrape 1 analogs
247	[2019-04-23] [07:42:49.327]	Go to: https://exist.ru/Price/?pid=0880DA87
248	[2019-04-23] [07:42:50.652]	https://exist.ru/Price/?pid=0880DA87 successfully opened
249	[2019-04-23] [07:42:50.652]		Analyse page
250	[2019-04-23] [07:42:50.662]		Handle errors
251	[2019-04-23] [07:42:50.662]	Wait for: 1202
252	[2019-04-23] [07:42:51.865]	Scrape: https://exist.ru/Price/?pid=0880DA87
253	[2019-04-23] [07:42:51.865]		Start scraper
254	[2019-04-23] [07:42:51.875]	Get #priceBody.innerHTML
255	[2019-04-23] [07:42:51.894]	Page scrape 1 analogs
256	[2019-04-23] [07:42:51.895]	Scraping article: #5 328035 | category: Выжимные подшипники | https://exist.ru/Price/?pcode=328035
257	[2019-04-23] [07:42:53.341]	https://exist.ru/Price/?pcode=328035 successfully opened
258	[2019-04-23] [07:42:53.341]	Wait for: 1490
259	[2019-04-23] [07:42:54.832]		Analyse page
260	[2019-04-23] [07:42:54.835]		Handle errors
261	[2019-04-23] [07:42:54.839]	Catalog links amount: 3
262	[2019-04-23] [07:42:54.840]	Link: #1 https://exist.ru/Price/?pid=71B0004A
263	[2019-04-23] [07:42:54.841]	Link: #2 https://exist.ru/Price/?pid=5A008EB6
264	[2019-04-23] [07:42:54.842]	Link: #3 https://exist.ru/Price/?pid=9C00A8BD
265	[2019-04-23] [07:42:54.844]	Category not found, download all links
266	[2019-04-23] [07:42:54.844]	Go to: https://exist.ru/Price/?pid=71B0004A
267	[2019-04-23] [07:42:56.254]	https://exist.ru/Price/?pid=71B0004A successfully opened
268	[2019-04-23] [07:42:56.254]		Analyse page
269	[2019-04-23] [07:42:56.260]		Handle errors
270	[2019-04-23] [07:42:56.260]	Wait for: 1162
271	[2019-04-23] [07:42:57.423]	Scrape: https://exist.ru/Price/?pid=71B0004A
272	[2019-04-23] [07:42:57.423]		Start scraper
273	[2019-04-23] [07:42:57.433]	Get #priceBody.innerHTML
274	[2019-04-23] [07:42:57.492]	Page scrape 8 analogs
275	[2019-04-23] [07:42:57.492]	Go to: https://exist.ru/Price/?pid=5A008EB6
276	[2019-04-23] [07:42:59.205]	https://exist.ru/Price/?pid=5A008EB6 successfully opened
277	[2019-04-23] [07:42:59.205]		Analyse page
278	[2019-04-23] [07:42:59.209]		Handle errors
279	[2019-04-23] [07:42:59.209]	Wait for: 1364
280	[2019-04-23] [07:43:00.572]	Scrape: https://exist.ru/Price/?pid=5A008EB6
281	[2019-04-23] [07:43:00.572]		Start scraper
282	[2019-04-23] [07:43:00.583]	Get #priceBody.innerHTML
283	[2019-04-23] [07:43:00.592]	Page scrape 1 analogs
284	[2019-04-23] [07:43:00.592]	Go to: https://exist.ru/Price/?pid=9C00A8BD
285	[2019-04-23] [07:43:01.500]	https://exist.ru/Price/?pid=9C00A8BD successfully opened
286	[2019-04-23] [07:43:01.500]		Analyse page
287	[2019-04-23] [07:43:01.505]		Handle errors
288	[2019-04-23] [07:43:01.505]	Wait for: 1084
289	[2019-04-23] [07:43:02.589]	Scrape: https://exist.ru/Price/?pid=9C00A8BD
290	[2019-04-23] [07:43:02.589]		Start scraper
291	[2019-04-23] [07:43:02.599]	Get #priceBody.innerHTML
292	[2019-04-23] [07:43:02.656]	Page scrape 7 analogs
293	[2019-04-23] [07:43:02.657]	Scraping article: #6 328036 | category: Выжимные подшипники | https://exist.ru/Price/?pcode=328036
294	[2019-04-23] [07:43:03.709]	https://exist.ru/Price/?pcode=328036 successfully opened
295	[2019-04-23] [07:43:03.709]	Wait for: 1001
296	[2019-04-23] [07:43:04.710]		Analyse page
297	[2019-04-23] [07:43:04.713]		Handle errors
298	[2019-04-23] [07:43:04.717]	Catalog links amount: 4
299	[2019-04-23] [07:43:04.718]	Link: #1 https://exist.ru/Price/?pid=D780D9B8
300	[2019-04-23] [07:43:04.719]	Link: #2 https://exist.ru/Price/?pid=29202813
301	[2019-04-23] [07:43:04.720]	Link: #3 https://exist.ru/Price/?pid=5640DB51
302	[2019-04-23] [07:43:04.721]	Link: #4 https://exist.ru/Price/?pid=9C30A8BD
303	[2019-04-23] [07:43:04.722]	Category not found, download all links
304	[2019-04-23] [07:43:04.722]	Go to: https://exist.ru/Price/?pid=D780D9B8
305	[2019-04-23] [07:43:05.994]	https://exist.ru/Price/?pid=D780D9B8 successfully opened
306	[2019-04-23] [07:43:05.994]		Analyse page
307	[2019-04-23] [07:43:05.997]		Handle errors
308	[2019-04-23] [07:43:05.997]	Wait for: 1176
309	[2019-04-23] [07:43:07.172]	Scrape: https://exist.ru/Price/?pid=D780D9B8
310	[2019-04-23] [07:43:07.173]		Start scraper
311	[2019-04-23] [07:43:07.185]	Get #priceBody.innerHTML
312	[2019-04-23] [07:43:07.197]	Page scrape 1 analogs
313	[2019-04-23] [07:43:07.198]	Go to: https://exist.ru/Price/?pid=29202813
314	[2019-04-23] [07:43:09.117]	https://exist.ru/Price/?pid=29202813 successfully opened
315	[2019-04-23] [07:43:09.117]		Analyse page
316	[2019-04-23] [07:43:09.119]		Handle errors
317	[2019-04-23] [07:43:09.119]	Wait for: 1193
318	[2019-04-23] [07:43:10.312]	Scrape: https://exist.ru/Price/?pid=29202813
319	[2019-04-23] [07:43:10.313]		Start scraper
320	[2019-04-23] [07:43:10.322]	Get #priceBody.innerHTML
321	[2019-04-23] [07:43:10.527]	Page scrape 31 analogs
322	[2019-04-23] [07:43:10.527]	Go to: https://exist.ru/Price/?pid=5640DB51
323	[2019-04-23] [07:43:11.647]	https://exist.ru/Price/?pid=5640DB51 successfully opened
324	[2019-04-23] [07:43:11.647]		Analyse page
325	[2019-04-23] [07:43:11.651]		Handle errors
326	[2019-04-23] [07:43:11.652]	Wait for: 1053
327	[2019-04-23] [07:43:12.705]	Scrape: https://exist.ru/Price/?pid=5640DB51
328	[2019-04-23] [07:43:12.705]		Start scraper
329	[2019-04-23] [07:43:12.714]	Get #priceBody.innerHTML
330	[2019-04-23] [07:43:12.723]	Page scrape 1 analogs
331	[2019-04-23] [07:43:12.723]	Go to: https://exist.ru/Price/?pid=9C30A8BD
332	[2019-04-23] [07:43:14.123]	https://exist.ru/Price/?pid=9C30A8BD successfully opened
333	[2019-04-23] [07:43:14.123]		Analyse page
334	[2019-04-23] [07:43:14.126]		Handle errors
335	[2019-04-23] [07:43:14.126]	Wait for: 1163
336	[2019-04-23] [07:43:15.290]	Scrape: https://exist.ru/Price/?pid=9C30A8BD
337	[2019-04-23] [07:43:15.290]		Start scraper
338	[2019-04-23] [07:43:15.299]	Get #priceBody.innerHTML
339	[2019-04-23] [07:43:15.338]	Page scrape 7 analogs
340	[2019-04-23] [07:43:15.338]	Scraping article: #7 328037 | category: Выжимные подшипники | https://exist.ru/Price/?pcode=328037
341	[2019-04-23] [07:43:16.340]	https://exist.ru/Price/?pcode=328037 successfully opened
342	[2019-04-23] [07:43:16.340]	Wait for: 1403
343	[2019-04-23] [07:43:17.744]		Analyse page
344	[2019-04-23] [07:43:17.746]		Handle errors
345	[2019-04-23] [07:43:17.749]	Catalog links amount: 2
346	[2019-04-23] [07:43:17.750]	Link: #1 https://exist.ru/Price/?pid=F6D00E66
347	[2019-04-23] [07:43:17.752]	Link: #2 https://exist.ru/Price/?pid=9C60A8BD
348	[2019-04-23] [07:43:17.752]	Category not found, download all links
349	[2019-04-23] [07:43:17.752]	Go to: https://exist.ru/Price/?pid=F6D00E66
350	[2019-04-23] [07:43:19.396]	https://exist.ru/Price/?pid=F6D00E66 successfully opened
351	[2019-04-23] [07:43:19.396]		Analyse page
352	[2019-04-23] [07:43:19.399]		Handle errors
353	[2019-04-23] [07:43:19.399]	Wait for: 1158
354	[2019-04-23] [07:43:20.558]	Scrape: https://exist.ru/Price/?pid=F6D00E66
355	[2019-04-23] [07:43:20.558]		Start scraper
356	[2019-04-23] [07:43:20.568]	Get #priceBody.innerHTML
357	[2019-04-23] [07:43:20.599]	Page scrape 2 analogs
358	[2019-04-23] [07:43:20.600]	Go to: https://exist.ru/Price/?pid=9C60A8BD
359	[2019-04-23] [07:43:21.595]	https://exist.ru/Price/?pid=9C60A8BD successfully opened
360	[2019-04-23] [07:43:21.596]		Analyse page
361	[2019-04-23] [07:43:21.600]		Handle errors
362	[2019-04-23] [07:43:21.600]	Wait for: 1194
363	[2019-04-23] [07:43:22.795]	Scrape: https://exist.ru/Price/?pid=9C60A8BD
364	[2019-04-23] [07:43:22.795]		Start scraper
365	[2019-04-23] [07:43:22.805]	Get #priceBody.innerHTML
366	[2019-04-23] [07:43:22.911]	Page scrape 15 analogs
367	[2019-04-23] [07:43:22.911]	Scraping article: #8 344573 | category: Рычаги подвески | https://exist.ru/Price/?pcode=344573
368	[2019-04-23] [07:43:24.145]	https://exist.ru/Price/?pcode=344573 successfully opened
369	[2019-04-23] [07:43:24.145]	Wait for: 1143
370	[2019-04-23] [07:43:25.287]		Analyse page
371	[2019-04-23] [07:43:25.289]		Handle errors
372	[2019-04-23] [07:43:25.294]	Catalog links amount: 4
373	[2019-04-23] [07:43:25.294]	Link: #1 https://exist.ru/Price/?pid=D230A053
374	[2019-04-23] [07:43:25.295]	Link: #2 https://exist.ru/Price/?pid=8460C2FA
375	[2019-04-23] [07:43:25.295]	Link: #3 https://exist.ru/Price/?pid=BB00A3F7
376	[2019-04-23] [07:43:25.296]	Link: #4 https://exist.ru/Price/?pid=E520B1AB
377	[2019-04-23] [07:43:25.296]	Category not found, download all links
378	[2019-04-23] [07:43:25.296]	Go to: https://exist.ru/Price/?pid=D230A053
379	[2019-04-23] [07:43:26.535]	https://exist.ru/Price/?pid=D230A053 successfully opened
380	[2019-04-23] [07:43:26.535]		Analyse page
381	[2019-04-23] [07:43:26.537]		Handle errors
382	[2019-04-23] [07:43:26.537]	Wait for: 1283
383	[2019-04-23] [07:43:27.820]	Scrape: https://exist.ru/Price/?pid=D230A053
384	[2019-04-23] [07:43:27.820]		Start scraper
385	[2019-04-23] [07:43:27.827]	Get #priceBody.innerHTML
386	[2019-04-23] [07:43:27.851]	Page scrape 3 analogs
387	[2019-04-23] [07:43:27.851]	Go to: https://exist.ru/Price/?pid=8460C2FA
388	[2019-04-23] [07:43:29.885]	https://exist.ru/Price/?pid=8460C2FA successfully opened
389	[2019-04-23] [07:43:29.885]		Analyse page
390	[2019-04-23] [07:43:29.888]		Handle errors
391	[2019-04-23] [07:43:29.888]	Wait for: 1307
392	[2019-04-23] [07:43:31.195]	Scrape: https://exist.ru/Price/?pid=8460C2FA
393	[2019-04-23] [07:43:31.195]		Start scraper
394	[2019-04-23] [07:43:31.205]	Get #priceBody.innerHTML
395	[2019-04-23] [07:43:31.302]	Page scrape 15 analogs
396	[2019-04-23] [07:43:31.302]	Go to: https://exist.ru/Price/?pid=BB00A3F7
397	[2019-04-23] [07:43:32.944]	https://exist.ru/Price/?pid=BB00A3F7 successfully opened
398	[2019-04-23] [07:43:32.944]		Analyse page
399	[2019-04-23] [07:43:32.951]		Handle errors
400	[2019-04-23] [07:43:32.951]	Wait for: 1358
401	[2019-04-23] [07:43:34.308]	Scrape: https://exist.ru/Price/?pid=BB00A3F7
402	[2019-04-23] [07:43:34.308]		Start scraper
403	[2019-04-23] [07:43:34.316]	Get #priceBody.innerHTML
404	[2019-04-23] [07:43:34.352]	Page scrape 3 analogs
405	[2019-04-23] [07:43:34.352]	Go to: https://exist.ru/Price/?pid=E520B1AB
406	[2019-04-23] [07:43:35.551]	https://exist.ru/Price/?pid=E520B1AB successfully opened
407	[2019-04-23] [07:43:35.551]		Analyse page
408	[2019-04-23] [07:43:35.554]		Handle errors
409	[2019-04-23] [07:43:35.554]	Wait for: 1259
410	[2019-04-23] [07:43:36.813]	Scrape: https://exist.ru/Price/?pid=E520B1AB
411	[2019-04-23] [07:43:36.814]		Start scraper
412	[2019-04-23] [07:43:36.823]	Get #priceBody.innerHTML
413	[2019-04-23] [07:43:36.840]	Page scrape 1 analogs
414	[2019-04-23] [07:43:36.841]	Scraping article: #9 344685 | category: Амортизаторы | https://exist.ru/Price/?pcode=344685
415	[2019-04-23] [07:43:38.490]	https://exist.ru/Price/?pcode=344685 successfully opened
416	[2019-04-23] [07:43:38.490]	Wait for: 1042
417	[2019-04-23] [07:43:39.533]		Analyse page
418	[2019-04-23] [07:43:39.539]		Handle errors
419	[2019-04-23] [07:43:39.544]	Catalog links amount: 3
420	[2019-04-23] [07:43:39.545]	Link: #1 https://exist.ru/Price/?pid=7B00B6A0
421	[2019-04-23] [07:43:39.546]	Link: #2 https://exist.ru/Price/?pid=E460D9D1
422	[2019-04-23] [07:43:39.547]	Link: #3 https://exist.ru/Price/?pid=74A0B289
423	[2019-04-23] [07:43:39.547]	Category not found, download all links
424	[2019-04-23] [07:43:39.547]	Go to: https://exist.ru/Price/?pid=7B00B6A0
425	[2019-04-23] [07:43:40.961]	https://exist.ru/Price/?pid=7B00B6A0 successfully opened
426	[2019-04-23] [07:43:40.961]		Analyse page
427	[2019-04-23] [07:43:40.963]		Handle errors
428	[2019-04-23] [07:43:40.963]	Wait for: 1033
429	[2019-04-23] [07:43:41.997]	Scrape: https://exist.ru/Price/?pid=7B00B6A0
430	[2019-04-23] [07:43:41.997]		Start scraper
431	[2019-04-23] [07:43:42.007]	Get #priceBody.innerHTML
432	[2019-04-23] [07:43:42.033]	Page scrape 4 analogs
433	[2019-04-23] [07:43:42.033]	Go to: https://exist.ru/Price/?pid=E460D9D1
434	[2019-04-23] [07:43:43.932]	https://exist.ru/Price/?pid=E460D9D1 successfully opened
435	[2019-04-23] [07:43:43.932]		Analyse page
436	[2019-04-23] [07:43:43.934]		Handle errors
437	[2019-04-23] [07:43:43.934]	Wait for: 1046
438	[2019-04-23] [07:43:44.981]	Scrape: https://exist.ru/Price/?pid=E460D9D1
439	[2019-04-23] [07:43:44.981]		Start scraper
440	[2019-04-23] [07:43:44.991]	Get #priceBody.innerHTML
441	[2019-04-23] [07:43:45.029]	Page scrape 5 analogs
442	[2019-04-23] [07:43:45.029]	Go to: https://exist.ru/Price/?pid=74A0B289
443	[2019-04-23] [07:43:46.718]	https://exist.ru/Price/?pid=74A0B289 successfully opened
444	[2019-04-23] [07:43:46.718]		Analyse page
445	[2019-04-23] [07:43:46.721]		Handle errors
446	[2019-04-23] [07:43:46.721]	Wait for: 1420
447	[2019-04-23] [07:43:48.141]	Scrape: https://exist.ru/Price/?pid=74A0B289
448	[2019-04-23] [07:43:48.141]		Start scraper
449	[2019-04-23] [07:43:48.154]	Get #priceBody.innerHTML
450	[2019-04-23] [07:43:48.165]	Page scrape 1 analogs
451	[2019-04-23] [07:43:48.167]	Scraping article: #10 344686 | category: Амортизаторы | https://exist.ru/Price/?pcode=344686
452	[2019-04-23] [07:43:49.915]	https://exist.ru/Price/?pcode=344686 successfully opened
453	[2019-04-23] [07:43:49.915]	Wait for: 1172
454	[2019-04-23] [07:43:51.087]		Analyse page
455	[2019-04-23] [07:43:51.090]		Handle errors
456	[2019-04-23] [07:43:51.093]	Catalog links amount: 4
457	[2019-04-23] [07:43:51.094]	Link: #1 https://exist.ru/Price/?pid=7B30B6A0
458	[2019-04-23] [07:43:51.095]	Link: #2 https://exist.ru/Price/?pid=E490D9D1
459	[2019-04-23] [07:43:51.096]	Link: #3 https://exist.ru/Price/?pid=14C0BEC0
460	[2019-04-23] [07:43:51.097]	Link: #4 https://exist.ru/Price/?pid=7CE08571
461	[2019-04-23] [07:43:51.098]	Category not found, download all links
462	[2019-04-23] [07:43:51.098]	Go to: https://exist.ru/Price/?pid=7B30B6A0
463	[2019-04-23] [07:43:52.143]	https://exist.ru/Price/?pid=7B30B6A0 successfully opened
464	[2019-04-23] [07:43:52.144]		Analyse page
465	[2019-04-23] [07:43:52.147]		Handle errors
466	[2019-04-23] [07:43:52.147]	Wait for: 1023
467	[2019-04-23] [07:43:53.170]	Scrape: https://exist.ru/Price/?pid=7B30B6A0
468	[2019-04-23] [07:43:53.170]		Start scraper
469	[2019-04-23] [07:44:08.170]	#priceBody not found. Reload page: attempt 1
470	[2019-04-23] [07:44:25.880]	#priceBody not found. Reload page: attempt 2
471	[2019-04-23] [07:44:43.125]	#priceBody not found. Reload page: attempt 3
472	[2019-04-23] [07:45:00.791]	#priceBody not found. Reload page: attempt 4
473	[2019-04-23] [07:45:18.010]	#priceBody not found. Reload page: attempt 5
474	[2019-04-23] [07:45:19.873]	Get #priceBody.innerHTML
475	[2019-04-23] [07:45:19.884]	Page scrape 2 analogs
476	[2019-04-23] [07:45:19.884]	Go to: https://exist.ru/Price/?pid=E490D9D1
477	[2019-04-23] [07:45:21.100]	https://exist.ru/Price/?pid=E490D9D1 successfully opened
478	[2019-04-23] [07:45:21.100]		Analyse page
479	[2019-04-23] [07:45:21.110]		Handle errors
480	[2019-04-23] [07:45:21.110]	Wait for: 1292
481	[2019-04-23] [07:45:22.402]	Scrape: https://exist.ru/Price/?pid=E490D9D1
482	[2019-04-23] [07:45:22.402]		Start scraper
483	[2019-04-23] [07:45:37.403]	#priceBody not found. Reload page: attempt 1
484	[2019-04-23] [07:45:54.753]	#priceBody not found. Reload page: attempt 2
485	[2019-04-23] [07:46:11.542]	#priceBody not found. Reload page: attempt 3
486	[2019-04-23] [07:46:28.440]	#priceBody not found. Reload page: attempt 4
487	[2019-04-23] [07:46:45.156]	#priceBody not found. Reload page: attempt 5
488	[2019-04-23] [07:46:47.374]	Get #priceBody.innerHTML
489	[2019-04-23] [07:46:47.395]	Page scrape 2 analogs
490	[2019-04-23] [07:46:47.395]	Go to: https://exist.ru/Price/?pid=14C0BEC0
491	[2019-04-23] [07:46:48.616]	https://exist.ru/Price/?pid=14C0BEC0 successfully opened
492	[2019-04-23] [07:46:48.616]		Analyse page
493	[2019-04-23] [07:46:48.621]		Handle errors
494	[2019-04-23] [07:46:48.621]	Wait for: 1085
495	[2019-04-23] [07:46:49.705]	Scrape: https://exist.ru/Price/?pid=14C0BEC0
496	[2019-04-23] [07:46:49.706]		Start scraper
497	[2019-04-23] [07:47:04.706]	#priceBody not found. Reload page: attempt 1
498	[2019-04-23] [07:47:21.723]	#priceBody not found. Reload page: attempt 2
499	[2019-04-23] [07:47:38.857]	#priceBody not found. Reload page: attempt 3
500	[2019-04-23] [07:47:55.906]	#priceBody not found. Reload page: attempt 4
501	[2019-04-23] [07:48:13.056]	#priceBody not found. Reload page: attempt 5
502	[2019-04-23] [07:48:15.177]	Get #priceBody.innerHTML
503	[2019-04-23] [07:48:15.196]	Page scrape 1 analogs
504	[2019-04-23] [07:48:15.196]	Go to: https://exist.ru/Price/?pid=7CE08571
505	[2019-04-23] [07:48:16.817]	https://exist.ru/Price/?pid=7CE08571 successfully opened
506	[2019-04-23] [07:48:16.817]		Analyse page
507	[2019-04-23] [07:48:16.820]		Handle errors
508	[2019-04-23] [07:48:16.820]	Wait for: 1040
509	[2019-04-23] [07:48:17.860]	Scrape: https://exist.ru/Price/?pid=7CE08571
510	[2019-04-23] [07:48:17.861]		Start scraper
511	[2019-04-23] [07:48:32.859]	#priceBody not found. Reload page: attempt 1
512	[2019-04-23] [07:48:50.070]	#priceBody not found. Reload page: attempt 2
513	[2019-04-23] [07:49:07.464]	#priceBody not found. Reload page: attempt 3
514	[2019-04-23] [07:49:24.588]	#priceBody not found. Reload page: attempt 4
515	[2019-04-23] [07:49:41.581]	#priceBody not found. Reload page: attempt 5
516	[2019-04-23] [07:49:43.720]	Get #priceBody.innerHTML
517	[2019-04-23] [07:49:43.774]	Page scrape 6 analogs
518	[2019-04-23] [07:49:43.775]	Write XLSX to: files/source/articles.xlsx
519	[2019-04-23] [07:49:43.890]	Write XLSX to: files/result/result.xlsx
520	[2019-04-23] [07:49:43.940]	Script execution finished.
521	[2019-04-23] [07:49:43.940]	***
