1	[2019-04-23] [07:24:38.917]	Start program
2	[2019-04-23] [07:24:40.013]	Open: https://exist.ru
3	[2019-04-23] [07:25:24.064]	https://exist.ru successfully opened
4	[2019-04-23] [07:25:36.825]	Login successfully.
5	[2019-04-23] [07:25:42.210]	Source files/source/articles.xlsx loaded, length: 684
6	[2019-04-23] [07:25:42.210]	Scraping https://exist.ru from article #1 326012
7	[2019-04-23] [07:25:42.211]	Start main sequence.
8	[2019-04-23] [07:25:42.211]	Scraping article: #1 326012 | category: Выжимные подшипники | https://exist.ru/Price/?pcode=326012
9	[2019-04-23] [07:25:44.206]	https://exist.ru/Price/?pcode=326012 successfully opened
10	[2019-04-23] [07:25:44.206]	Wait for: 1094
11	[2019-04-23] [07:25:45.301]		Analyse page
12	[2019-04-23] [07:25:45.304]		Handle errors
13	[2019-04-23] [07:25:45.335]	Catalog links amount: 8
14	[2019-04-23] [07:25:45.338]	Link: #1 https://exist.ru/Price/?pid=27606B9A
15	[2019-04-23] [07:25:45.339]	Link: #2 https://exist.ru/Price/?pid=FA208E7D
16	[2019-04-23] [07:25:45.340]	Link: #3 https://exist.ru/Price/?pid=57F0D215
17	[2019-04-23] [07:25:45.341]	Link: #4 https://exist.ru/Price/?pid=8800068C
18	[2019-04-23] [07:25:45.341]	Link: #5 https://exist.ru/Price/?pid=8EF07E11
19	[2019-04-23] [07:25:45.342]	Link: #6 https://exist.ru/Price/?pid=F360BBF5
20	[2019-04-23] [07:25:45.342]	Link: #7 https://exist.ru/Price/?pid=89A0B4E1
21	[2019-04-23] [07:25:45.343]	Link: #8 https://exist.ru/Price/?pid=A3805A60
22	[2019-04-23] [07:25:45.343]	Category not found, download all links
23	[2019-04-23] [07:25:45.343]	Go to: https://exist.ru/Price/?pid=27606B9A
24	[2019-04-23] [07:26:19.151]	https://exist.ru/Price/?pid=27606B9A successfully opened
25	[2019-04-23] [07:26:19.151]		Analyse page
26	[2019-04-23] [07:26:19.156]		Handle errors
27	[2019-04-23] [07:26:19.156]	Wait for: 1200
28	[2019-04-23] [07:26:20.356]	Scrape: https://exist.ru/Price/?pid=27606B9A
29	[2019-04-23] [07:26:20.357]		Start scraper
30	[2019-04-23] [07:26:20.368]	Get #priceBody.innerHTML
31	[2019-04-23] [07:26:20.371]	Error: Evaluation failed: TypeError: Cannot read property 'load' of undefined
    at __puppeteer_evaluation_script__:3:23
32	[2019-04-23] [07:26:20.427]	Write XLSX to: files/source/articles.xlsx
33	[2019-04-23] [07:26:20.490]	Write XLSX to: files/result/result.xlsx
34	[2019-04-23] [07:26:20.495]	Script execution finished.
35	[2019-04-23] [07:26:20.495]	***
