1	[2019-04-23] [09:49:12.925]	Start program
2	[2019-04-23] [09:49:16.015]	Open: https://exist.ru
3	[2019-04-23] [09:49:18.903]	https://exist.ru successfully opened
4	[2019-04-23] [09:49:24.159]	Login successfully.
5	[2019-04-23] [09:49:26.406]	Source files/source/articles.xlsx loaded, length: 684
6	[2019-04-23] [09:49:26.406]	Results files/result/result.xlsx loaded, length: 2136
7	[2019-04-23] [09:49:26.407]	Scraping https://exist.ru from article #58 834126
8	[2019-04-23] [09:49:26.407]	Start main sequence.
9	[2019-04-23] [09:49:26.407]	Scraping article: #58 834126 | category: Фильтры воздушные двигателя | https://exist.ru/Price/?pcode=834126
10	[2019-04-23] [09:49:27.753]	https://exist.ru/Price/?pcode=834126 successfully opened
11	[2019-04-23] [09:49:27.753]	Wait for: 1485
12	[2019-04-23] [09:49:29.239]		Analyse page
13	[2019-04-23] [09:49:29.242]		Handle errors
14	[2019-04-23] [09:49:29.270]	Catalog links amount: 2
15	[2019-04-23] [09:49:29.274]	Link: #1 https://exist.ru/Price/?pid=E620958A
16	[2019-04-23] [09:49:29.276]	Link: #2 https://exist.ru/Price/?pid=1C40CA75
17	[2019-04-23] [09:49:29.276]	Category not found, download all links
18	[2019-04-23] [09:49:29.276]	Go to: https://exist.ru/Price/?pid=E620958A
19	[2019-04-23] [09:49:34.599]	https://exist.ru/Price/?pid=E620958A successfully opened
20	[2019-04-23] [09:49:34.599]		Analyse page
21	[2019-04-23] [09:49:34.603]		Handle errors
22	[2019-04-23] [09:49:34.604]	Banner detected
23	[2019-04-23] [09:49:34.604]	Wait for banner
24	[2019-04-23] [09:49:42.998]	Banner skiped
25	[2019-04-23] [09:49:42.998]	Wait for: 1285
26	[2019-04-23] [09:49:44.282]	Scrape: https://exist.ru/Price/?pid=E620958A
27	[2019-04-23] [09:49:44.283]		Start scraper
28	[2019-04-23] [09:49:44.283]	Get #priceBody.innerHTML
29	[2019-04-23] [09:49:44.531]	Page scrape 23 analogs
30	[2019-04-23] [09:49:44.531]	Go to: https://exist.ru/Price/?pid=1C40CA75
31	[2019-04-23] [09:49:50.704]	https://exist.ru/Price/?pid=1C40CA75 successfully opened
32	[2019-04-23] [09:49:50.704]		Analyse page
33	[2019-04-23] [09:49:50.709]		Handle errors
34	[2019-04-23] [09:49:50.709]	Banner detected
35	[2019-04-23] [09:49:50.710]	Wait for banner
36	[2019-04-23] [09:49:57.546]	Banner skiped
37	[2019-04-23] [09:49:57.546]	Wait for: 1140
38	[2019-04-23] [09:49:58.687]	Scrape: https://exist.ru/Price/?pid=1C40CA75
39	[2019-04-23] [09:49:58.687]		Start scraper
40	[2019-04-23] [09:49:58.687]	Get #priceBody.innerHTML
41	[2019-04-23] [09:49:58.701]	Page scrape 1 analogs
42	[2019-04-23] [09:49:58.703]	Scraping article: #59 834622 | category: Фильтры воздушные двигателя | https://exist.ru/Price/?pcode=834622
43	[2019-04-23] [09:50:00.485]	https://exist.ru/Price/?pcode=834622 successfully opened
44	[2019-04-23] [09:50:00.485]	Wait for: 1073
45	[2019-04-23] [09:50:01.559]		Analyse page
46	[2019-04-23] [09:50:01.562]		Handle errors
47	[2019-04-23] [09:50:01.567]	Catalog links amount: 2
48	[2019-04-23] [09:50:01.568]	Link: #1 https://exist.ru/Price/?pid=4110108F
49	[2019-04-23] [09:50:01.569]	Link: #2 https://exist.ru/Price/?pid=9BD05478
50	[2019-04-23] [09:50:01.570]	Category not found, download all links
51	[2019-04-23] [09:50:01.570]	Go to: https://exist.ru/Price/?pid=4110108F
52	[2019-04-23] [09:50:08.753]	https://exist.ru/Price/?pid=4110108F successfully opened
53	[2019-04-23] [09:50:08.753]		Analyse page
54	[2019-04-23] [09:50:08.759]		Handle errors
55	[2019-04-23] [09:50:08.759]	Banner detected
56	[2019-04-23] [09:50:08.760]	Wait for banner
57	[2019-04-23] [09:50:15.573]	Banner skiped
58	[2019-04-23] [09:50:15.573]	Wait for: 1451
59	[2019-04-23] [09:50:17.024]	Scrape: https://exist.ru/Price/?pid=4110108F
60	[2019-04-23] [09:50:17.024]		Start scraper
61	[2019-04-23] [09:50:17.024]	Get #priceBody.innerHTML
62	[2019-04-23] [09:50:17.045]	Page scrape 1 analogs
63	[2019-04-23] [09:50:17.045]	Go to: https://exist.ru/Price/?pid=9BD05478
64	[2019-04-23] [09:50:23.184]	https://exist.ru/Price/?pid=9BD05478 successfully opened
65	[2019-04-23] [09:50:23.184]		Analyse page
66	[2019-04-23] [09:50:23.188]		Handle errors
67	[2019-04-23] [09:50:23.188]	Banner detected
68	[2019-04-23] [09:50:23.190]	Wait for banner
69	[2019-04-23] [09:50:30.523]	Banner skiped
70	[2019-04-23] [09:50:30.523]	Wait for: 1331
71	[2019-04-23] [09:50:31.854]	Scrape: https://exist.ru/Price/?pid=9BD05478
72	[2019-04-23] [09:50:31.854]		Start scraper
73	[2019-04-23] [09:50:31.855]	Get #priceBody.innerHTML
74	[2019-04-23] [09:50:31.872]	Page scrape 1 analogs
75	[2019-04-23] [09:50:31.873]	Scraping article: #60 834762 | category: Фильтры воздушные двигателя | https://exist.ru/Price/?pcode=834762
76	[2019-04-23] [09:50:32.969]	https://exist.ru/Price/?pcode=834762 successfully opened
77	[2019-04-23] [09:50:32.969]	Wait for: 1031
78	[2019-04-23] [09:50:33.999]		Analyse page
79	[2019-04-23] [09:50:34.002]		Handle errors
80	[2019-04-23] [09:50:34.006]	Catalog links amount: 2
81	[2019-04-23] [09:50:34.007]	Link: #1 https://exist.ru/Price/?pid=1340C2F8
82	[2019-04-23] [09:50:34.008]	Link: #2 https://exist.ru/Price/?pid=A7A05478
83	[2019-04-23] [09:50:34.009]	Category not found, download all links
84	[2019-04-23] [09:50:34.009]	Go to: https://exist.ru/Price/?pid=1340C2F8
85	[2019-04-23] [09:50:39.209]	https://exist.ru/Price/?pid=1340C2F8 successfully opened
86	[2019-04-23] [09:50:39.209]		Analyse page
87	[2019-04-23] [09:50:39.232]		Handle errors
88	[2019-04-23] [09:50:39.232]	Banner detected
89	[2019-04-23] [09:50:39.233]	Wait for banner
90	[2019-04-23] [09:50:46.170]	Banner skiped
91	[2019-04-23] [09:50:46.170]	Wait for: 1207
92	[2019-04-23] [09:50:47.377]	Scrape: https://exist.ru/Price/?pid=1340C2F8
93	[2019-04-23] [09:50:47.377]		Start scraper
94	[2019-04-23] [09:50:47.377]	Get #priceBody.innerHTML
95	[2019-04-23] [09:50:47.536]	Page scrape 15 analogs
96	[2019-04-23] [09:50:47.536]	Go to: https://exist.ru/Price/?pid=A7A05478
97	[2019-04-23] [09:50:53.770]	https://exist.ru/Price/?pid=A7A05478 successfully opened
98	[2019-04-23] [09:50:53.770]		Analyse page
99	[2019-04-23] [09:50:53.772]		Handle errors
100	[2019-04-23] [09:50:53.772]	Banner detected
101	[2019-04-23] [09:50:53.774]	Wait for banner
102	[2019-04-23] [09:51:01.219]	Banner skiped
103	[2019-04-23] [09:51:01.219]	Wait for: 1386
104	[2019-04-23] [09:51:02.605]	Scrape: https://exist.ru/Price/?pid=A7A05478
105	[2019-04-23] [09:51:02.605]		Start scraper
106	[2019-04-23] [09:51:02.606]	Get #priceBody.innerHTML
107	[2019-04-23] [09:51:02.629]	Page scrape 1 analogs
108	[2019-04-23] [09:51:02.630]	Scraping article: #61 835056 | category: Фильтр | https://exist.ru/Price/?pcode=835056
109	[2019-04-23] [09:51:04.289]	https://exist.ru/Price/?pcode=835056 successfully opened
110	[2019-04-23] [09:51:04.289]	Wait for: 1369
111	[2019-04-23] [09:51:05.658]		Analyse page
112	[2019-04-23] [09:51:05.662]		Handle errors
113	[2019-04-23] [09:51:05.668]	Catalog links amount: 5
114	[2019-04-23] [09:51:05.669]	Link: #1 https://exist.ru/Price/?pid=86A03CCC
115	[2019-04-23] [09:51:05.670]	Link: #2 https://exist.ru/Price/?pid=A060D9BB
116	[2019-04-23] [09:51:05.671]	Link: #3 https://exist.ru/Price/?pid=A2305EB6
117	[2019-04-23] [09:51:05.672]	Link: #4 https://exist.ru/Price/?pid=96B011B9
118	[2019-04-23] [09:51:05.674]	Link: #5 https://exist.ru/Price/?pid=1640A096
119	[2019-04-23] [09:51:05.674]	Category not found, download all links
120	[2019-04-23] [09:51:05.674]	Go to: https://exist.ru/Price/?pid=86A03CCC
121	[2019-04-23] [09:51:10.853]	https://exist.ru/Price/?pid=86A03CCC successfully opened
122	[2019-04-23] [09:51:10.853]		Analyse page
123	[2019-04-23] [09:51:10.862]		Handle errors
124	[2019-04-23] [09:51:10.862]	Banner detected
125	[2019-04-23] [09:51:10.863]	Wait for banner
126	[2019-04-23] [09:51:17.689]	Banner skiped
127	[2019-04-23] [09:51:17.689]	Wait for: 1278
128	[2019-04-23] [09:51:18.968]	Scrape: https://exist.ru/Price/?pid=86A03CCC
129	[2019-04-23] [09:51:18.968]		Start scraper
130	[2019-04-23] [09:51:18.969]	Get #priceBody.innerHTML
131	[2019-04-23] [09:51:18.986]	Page scrape 1 analogs
132	[2019-04-23] [09:51:18.986]	Go to: https://exist.ru/Price/?pid=A060D9BB
133	[2019-04-23] [09:51:23.695]	https://exist.ru/Price/?pid=A060D9BB successfully opened
134	[2019-04-23] [09:51:23.695]		Analyse page
135	[2019-04-23] [09:51:23.701]		Handle errors
136	[2019-04-23] [09:51:23.701]	Banner detected
137	[2019-04-23] [09:51:23.703]	Wait for banner
138	[2019-04-23] [09:51:31.152]	Banner skiped
139	[2019-04-23] [09:51:31.152]	Wait for: 1002
140	[2019-04-23] [09:51:32.154]	Scrape: https://exist.ru/Price/?pid=A060D9BB
141	[2019-04-23] [09:51:32.155]		Start scraper
142	[2019-04-23] [09:51:32.155]	Get #priceBody.innerHTML
143	[2019-04-23] [09:51:32.182]	Page scrape 2 analogs
144	[2019-04-23] [09:51:32.182]	Go to: https://exist.ru/Price/?pid=A2305EB6
145	[2019-04-23] [09:51:39.406]	https://exist.ru/Price/?pid=A2305EB6 successfully opened
146	[2019-04-23] [09:51:39.406]		Analyse page
147	[2019-04-23] [09:51:39.413]		Handle errors
148	[2019-04-23] [09:51:39.413]	Banner detected
149	[2019-04-23] [09:51:39.415]	Wait for banner
150	[2019-04-23] [09:51:46.186]	Banner skiped
151	[2019-04-23] [09:51:46.186]	Wait for: 1400
152	[2019-04-23] [09:51:47.586]	Scrape: https://exist.ru/Price/?pid=A2305EB6
153	[2019-04-23] [09:51:47.586]		Start scraper
154	[2019-04-23] [09:51:47.587]	Get #priceBody.innerHTML
155	[2019-04-23] [09:51:47.602]	Page scrape 1 analogs
156	[2019-04-23] [09:51:47.602]	Go to: https://exist.ru/Price/?pid=96B011B9
157	[2019-04-23] [09:51:53.722]	https://exist.ru/Price/?pid=96B011B9 successfully opened
158	[2019-04-23] [09:51:53.722]		Analyse page
159	[2019-04-23] [09:51:53.726]		Handle errors
160	[2019-04-23] [09:51:53.726]	Banner detected
161	[2019-04-23] [09:51:53.727]	Wait for banner
162	[2019-04-23] [09:52:01.051]	Banner skiped
163	[2019-04-23] [09:52:01.051]	Wait for: 1449
164	[2019-04-23] [09:52:02.500]	Scrape: https://exist.ru/Price/?pid=96B011B9
165	[2019-04-23] [09:52:02.500]		Start scraper
166	[2019-04-23] [09:52:02.500]	Get #priceBody.innerHTML
167	[2019-04-23] [09:52:02.515]	Page scrape 1 analogs
168	[2019-04-23] [09:52:02.515]	Go to: https://exist.ru/Price/?pid=1640A096
169	[2019-04-23] [09:52:09.609]	https://exist.ru/Price/?pid=1640A096 successfully opened
170	[2019-04-23] [09:52:09.609]		Analyse page
171	[2019-04-23] [09:52:09.615]		Handle errors
172	[2019-04-23] [09:52:09.615]	Banner detected
173	[2019-04-23] [09:52:09.616]	Wait for banner
174	[2019-04-23] [09:52:16.433]	Banner skiped
175	[2019-04-23] [09:52:16.433]	Wait for: 1261
176	[2019-04-23] [09:52:17.697]	Scrape: https://exist.ru/Price/?pid=1640A096
177	[2019-04-23] [09:52:17.697]		Start scraper
178	[2019-04-23] [09:52:17.697]	Get #priceBody.innerHTML
179	[2019-04-23] [09:52:17.719]	Page scrape 1 analogs
180	[2019-04-23] [09:52:17.720]	Scraping article: #62 855235 | category: Кислородные датчники | https://exist.ru/Price/?pcode=855235
181	[2019-04-23] [09:52:18.893]	https://exist.ru/Price/?pcode=855235 successfully opened
182	[2019-04-23] [09:52:18.894]	Wait for: 1329
183	[2019-04-23] [09:52:20.222]		Analyse page
184	[2019-04-23] [09:52:20.225]		Handle errors
185	[2019-04-23] [09:52:20.228]	Catalog links amount: 2
186	[2019-04-23] [09:52:20.230]	Link: #1 https://exist.ru/Price/?pid=A290D61A
187	[2019-04-23] [09:52:20.232]	Link: #2 https://exist.ru/Price/?pid=00409320
188	[2019-04-23] [09:52:20.232]	Category not found, download all links
189	[2019-04-23] [09:52:20.232]	Go to: https://exist.ru/Price/?pid=A290D61A
190	[2019-04-23] [09:52:25.686]	https://exist.ru/Price/?pid=A290D61A successfully opened
191	[2019-04-23] [09:52:25.686]		Analyse page
192	[2019-04-23] [09:52:25.691]		Handle errors
193	[2019-04-23] [09:52:25.692]	Banner detected
194	[2019-04-23] [09:52:25.693]	Wait for banner
195	[2019-04-23] [09:52:32.595]	Banner skiped
196	[2019-04-23] [09:52:32.595]	Wait for: 1381
197	[2019-04-23] [09:52:33.977]	Scrape: https://exist.ru/Price/?pid=A290D61A
198	[2019-04-23] [09:52:33.977]		Start scraper
199	[2019-04-23] [09:52:33.977]	Get #priceBody.innerHTML
200	[2019-04-23] [09:52:34.004]	Page scrape 2 analogs
201	[2019-04-23] [09:52:34.004]	Go to: https://exist.ru/Price/?pid=00409320
202	[2019-04-23] [09:52:39.799]	https://exist.ru/Price/?pid=00409320 successfully opened
203	[2019-04-23] [09:52:39.799]		Analyse page
204	[2019-04-23] [09:52:39.802]		Handle errors
205	[2019-04-23] [09:52:39.802]	Banner detected
206	[2019-04-23] [09:52:39.803]	Wait for banner
207	[2019-04-23] [09:52:47.378]	Banner skiped
208	[2019-04-23] [09:52:47.379]	Wait for: 1301
209	[2019-04-23] [09:52:48.679]	Scrape: https://exist.ru/Price/?pid=00409320
210	[2019-04-23] [09:52:48.679]		Start scraper
211	[2019-04-23] [09:52:48.680]	Get #priceBody.innerHTML
212	[2019-04-23] [09:52:48.700]	Page scrape 1 analogs
213	[2019-04-23] [09:52:48.702]	Scraping article: #63 855252 | category: Кислородные датчники | https://exist.ru/Price/?pcode=855252
214	[2019-04-23] [09:52:53.730]	https://exist.ru/Price/?pcode=855252 successfully opened
215	[2019-04-23] [09:52:53.730]	Wait for: 1205
216	[2019-04-23] [09:52:54.936]		Analyse page
217	[2019-04-23] [09:52:54.938]		Handle errors
218	[2019-04-23] [09:52:54.938]	Banner detected
219	[2019-04-23] [09:52:54.940]	Wait for banner
