1	[2019-04-23] [09:41:20.353]	Start program
2	[2019-04-23] [09:41:22.983]	Open: https://exist.ru
3	[2019-04-23] [09:41:26.275]	https://exist.ru successfully opened
4	[2019-04-23] [09:41:33.624]	Login successfully.
5	[2019-04-23] [09:41:36.693]	Source files/source/articles.xlsx loaded, length: 684
6	[2019-04-23] [09:41:36.693]	Results files/result/result.xlsx loaded, length: 2136
7	[2019-04-23] [09:41:36.693]	Scraping https://exist.ru from article #52 664287
8	[2019-04-23] [09:41:36.694]	Start main sequence.
9	[2019-04-23] [09:41:36.694]	Scraping article: #52 664287 | category: Комплекты сцепления | https://exist.ru/Price/?pcode=664287
10	[2019-04-23] [09:41:38.545]	https://exist.ru/Price/?pcode=664287 successfully opened
11	[2019-04-23] [09:41:38.545]	Wait for: 1213
12	[2019-04-23] [09:41:39.759]		Analyse page
13	[2019-04-23] [09:41:39.762]		Handle errors
14	[2019-04-23] [09:41:39.762]		Empty request, article not found
15	[2019-04-23] [09:41:39.764]	Scraping article: #53 664288 | category: Комплекты сцепления | https://exist.ru/Price/?pcode=664288
16	[2019-04-23] [09:41:44.890]	https://exist.ru/Price/?pcode=664288 successfully opened
17	[2019-04-23] [09:41:44.890]	Wait for: 1390
18	[2019-04-23] [09:41:46.280]		Analyse page
19	[2019-04-23] [09:41:46.282]		Handle errors
20	[2019-04-23] [09:41:46.282]	Banner detected
21	[2019-04-23] [09:41:46.283]	Wait for banner
22	[2019-04-23] [09:41:52.682]	Banner skiped
23	[2019-04-23] [09:41:52.683]		Start scraper
24	[2019-04-23] [09:41:52.683]	Get #priceBody.innerHTML
25	[2019-04-23] [09:41:52.685]	Scraping article: #54 666141 | category: Комплекты сцепления | https://exist.ru/Price/?pcode=666141
26	[2019-04-23] [09:41:58.859]	https://exist.ru/Price/?pcode=666141 successfully opened
27	[2019-04-23] [09:41:58.859]	Wait for: 1177
28	[2019-04-23] [09:42:00.036]		Analyse page
29	[2019-04-23] [09:42:04.570]	Error: Execution context was destroyed, most likely because of a navigation.
30	[2019-04-23] [09:42:04.571]	Write XLSX to: files/source/articles.xlsx
31	[2019-04-23] [09:42:04.636]	Write XLSX to: files/result/result.xlsx
32	[2019-04-23] [09:42:04.951]	Missing articles: 664287
33	[2019-04-23] [09:42:04.951]	Script execution finished.
34	[2019-04-23] [09:42:04.951]	***
35	[2019-04-23] [09:42:05.374]		Analyse page
36	[2019-04-23] [09:42:05.377]		Handle errors
37	[2019-04-23] [09:42:05.377]	Banner detected
38	[2019-04-23] [09:42:05.377]	Wait for banner
39	[2019-04-23] [09:42:12.717]	Banner skiped
40	[2019-04-23] [09:42:13.717]	Get #priceBody.innerHTML
41	[2019-04-23] [09:42:13.765]	Page scrape 1 analogs
