1	[2019-04-23] [09:16:25.848]	Start program
2	[2019-04-23] [09:16:28.662]	Open: https://exist.ru
3	[2019-04-23] [09:16:31.861]	https://exist.ru successfully opened
4	[2019-04-23] [09:16:41.284]	Login successfully.
5	[2019-04-23] [09:16:43.185]	Source files/source/articles.xlsx loaded, length: 684
6	[2019-04-23] [09:16:43.185]	Results files/result/result.xlsx loaded, length: 2003
7	[2019-04-23] [09:16:43.185]	Scraping https://exist.ru from article #41 569076
8	[2019-04-23] [09:16:43.186]	Start main sequence.
9	[2019-04-23] [09:16:43.186]	Scraping article: #41 569076 | category: Тормозные диски | https://exist.ru/Price/?pcode=569076
10	[2019-04-23] [09:16:44.988]	https://exist.ru/Price/?pcode=569076 successfully opened
11	[2019-04-23] [09:16:44.989]	Wait for: 1396
12	[2019-04-23] [09:16:46.385]		Analyse page
13	[2019-04-23] [09:16:46.388]		Handle errors
14	[2019-04-23] [09:16:46.404]	Catalog links amount: 5
15	[2019-04-23] [09:16:46.406]	Link: #1 https://exist.ru/Price/?pid=2E90A0C7
16	[2019-04-23] [09:16:46.408]	Link: #2 https://exist.ru/Price/?pid=8D70B702
17	[2019-04-23] [09:16:46.409]	Link: #3 https://exist.ru/Price/?pid=76605468
18	[2019-04-23] [09:16:46.410]	Link: #4 https://exist.ru/Price/?pid=FD70B569
19	[2019-04-23] [09:16:46.410]	Link: #5 https://exist.ru/Price/?pid=43905A6B
20	[2019-04-23] [09:16:46.411]	Category not found, download all links
21	[2019-04-23] [09:16:46.411]	Go to: https://exist.ru/Price/?pid=2E90A0C7
22	[2019-04-23] [09:16:52.414]	https://exist.ru/Price/?pid=2E90A0C7 successfully opened
23	[2019-04-23] [09:16:52.414]		Analyse page
24	[2019-04-23] [09:16:52.417]		Handle errors
25	[2019-04-23] [09:16:52.417]	Banner detected
26	[2019-04-23] [09:16:52.418]	Wait for banner
27	[2019-04-23] [09:16:59.628]	Banner skiped
28	[2019-04-23] [09:16:59.629]	Wait for: 1301
29	[2019-04-23] [09:17:00.930]	Scrape: https://exist.ru/Price/?pid=2E90A0C7
30	[2019-04-23] [09:17:00.930]		Start scraper
31	[2019-04-23] [09:17:00.930]	Get #priceBody.innerHTML
32	[2019-04-23] [09:17:01.117]	Page scrape 16 analogs
33	[2019-04-23] [09:17:01.117]	Go to: https://exist.ru/Price/?pid=8D70B702
34	[2019-04-23] [09:17:05.162]	https://exist.ru/Price/?pid=8D70B702 successfully opened
35	[2019-04-23] [09:17:05.162]		Analyse page
36	[2019-04-23] [09:17:05.175]		Handle errors
37	[2019-04-23] [09:17:05.175]	Banner detected
38	[2019-04-23] [09:17:05.176]	Wait for banner
39	[2019-04-23] [09:17:11.900]	Banner skiped
40	[2019-04-23] [09:17:11.901]	Wait for: 1395
41	[2019-04-23] [09:17:13.295]	Scrape: https://exist.ru/Price/?pid=8D70B702
42	[2019-04-23] [09:17:13.295]		Start scraper
43	[2019-04-23] [09:17:13.296]	Get #priceBody.innerHTML
44	[2019-04-23] [09:17:13.319]	Page scrape 1 analogs
45	[2019-04-23] [09:17:13.319]	Go to: https://exist.ru/Price/?pid=76605468
46	[2019-04-23] [09:17:17.600]	https://exist.ru/Price/?pid=76605468 successfully opened
47	[2019-04-23] [09:17:17.600]		Analyse page
48	[2019-04-23] [09:17:17.602]		Handle errors
49	[2019-04-23] [09:17:17.603]	Banner detected
50	[2019-04-23] [09:17:17.603]	Wait for banner
51	[2019-04-23] [09:17:24.904]	Banner skiped
52	[2019-04-23] [09:17:24.905]	Wait for: 1095
53	[2019-04-23] [09:17:25.999]	Scrape: https://exist.ru/Price/?pid=76605468
54	[2019-04-23] [09:17:26.000]		Start scraper
55	[2019-04-23] [09:17:26.000]	Get #priceBody.innerHTML
56	[2019-04-23] [09:17:26.011]	Page scrape 1 analogs
57	[2019-04-23] [09:17:26.011]	Go to: https://exist.ru/Price/?pid=FD70B569
58	[2019-04-23] [09:17:30.979]	https://exist.ru/Price/?pid=FD70B569 successfully opened
59	[2019-04-23] [09:17:30.979]		Analyse page
60	[2019-04-23] [09:17:30.986]		Handle errors
61	[2019-04-23] [09:17:30.986]	Banner detected
62	[2019-04-23] [09:17:30.987]	Wait for banner
63	[2019-04-23] [09:17:38.428]	Banner skiped
64	[2019-04-23] [09:17:38.428]	Wait for: 1218
65	[2019-04-23] [09:17:39.646]	Scrape: https://exist.ru/Price/?pid=FD70B569
66	[2019-04-23] [09:17:39.646]		Start scraper
67	[2019-04-23] [09:17:39.647]	Get #priceBody.innerHTML
68	[2019-04-23] [09:17:39.661]	Page scrape 1 analogs
69	[2019-04-23] [09:17:39.661]	Go to: https://exist.ru/Price/?pid=43905A6B
70	[2019-04-23] [09:17:46.724]	https://exist.ru/Price/?pid=43905A6B successfully opened
71	[2019-04-23] [09:17:46.725]		Analyse page
72	[2019-04-23] [09:17:46.732]		Handle errors
73	[2019-04-23] [09:17:46.733]	Banner detected
74	[2019-04-23] [09:17:46.734]	Wait for banner
75	[2019-04-23] [09:17:54.141]	Banner skiped
76	[2019-04-23] [09:17:54.141]	Wait for: 1304
77	[2019-04-23] [09:17:55.446]	Scrape: https://exist.ru/Price/?pid=43905A6B
78	[2019-04-23] [09:17:55.446]		Start scraper
79	[2019-04-23] [09:17:55.446]	Get #priceBody.innerHTML
80	[2019-04-23] [09:17:55.461]	Page scrape 1 analogs
81	[2019-04-23] [09:17:55.463]	Scraping article: #42 569078 | category: Тормозные диски | https://exist.ru/Price/?pcode=569078
82	[2019-04-23] [09:17:57.143]	https://exist.ru/Price/?pcode=569078 successfully opened
83	[2019-04-23] [09:17:57.143]	Wait for: 1385
84	[2019-04-23] [09:17:58.529]		Analyse page
85	[2019-04-23] [09:17:58.532]		Handle errors
86	[2019-04-23] [09:17:58.537]	Catalog links amount: 2
87	[2019-04-23] [09:17:58.537]	Link: #1 https://exist.ru/Price/?pid=9F70D2F5
88	[2019-04-23] [09:17:58.539]	Link: #2 https://exist.ru/Price/?pid=6D00B657
89	[2019-04-23] [09:17:58.541]	Category not found, download all links
90	[2019-04-23] [09:17:58.541]	Go to: https://exist.ru/Price/?pid=9F70D2F5
91	[2019-04-23] [09:18:06.011]	https://exist.ru/Price/?pid=9F70D2F5 successfully opened
92	[2019-04-23] [09:18:06.011]		Analyse page
93	[2019-04-23] [09:18:06.031]		Handle errors
94	[2019-04-23] [09:18:06.031]	Banner detected
95	[2019-04-23] [09:18:06.032]	Wait for banner
96	[2019-04-23] [09:18:13.026]	Banner skiped
97	[2019-04-23] [09:18:13.026]	Wait for: 1129
98	[2019-04-23] [09:18:14.155]	Scrape: https://exist.ru/Price/?pid=9F70D2F5
99	[2019-04-23] [09:18:14.156]		Start scraper
100	[2019-04-23] [09:18:14.156]	Get #priceBody.innerHTML
101	[2019-04-23] [09:18:14.170]	Page scrape 1 analogs
102	[2019-04-23] [09:18:14.170]	Go to: https://exist.ru/Price/?pid=6D00B657
103	[2019-04-23] [09:18:21.266]	https://exist.ru/Price/?pid=6D00B657 successfully opened
104	[2019-04-23] [09:18:21.266]		Analyse page
105	[2019-04-23] [09:18:21.270]		Handle errors
106	[2019-04-23] [09:18:21.270]	Banner detected
107	[2019-04-23] [09:18:21.271]	Wait for banner
108	[2019-04-23] [09:18:28.603]	Banner skiped
109	[2019-04-23] [09:18:28.603]	Wait for: 1051
110	[2019-04-23] [09:18:29.654]	Scrape: https://exist.ru/Price/?pid=6D00B657
111	[2019-04-23] [09:18:29.654]		Start scraper
112	[2019-04-23] [09:18:29.654]	Get #priceBody.innerHTML
113	[2019-04-23] [09:18:29.673]	Page scrape 1 analogs
114	[2019-04-23] [09:18:29.674]	Scraping article: #43 569081 | category: Тормозные диски | https://exist.ru/Price/?pcode=569081
115	[2019-04-23] [09:18:30.740]	https://exist.ru/Price/?pcode=569081 successfully opened
116	[2019-04-23] [09:18:30.740]	Wait for: 1166
117	[2019-04-23] [09:18:31.906]		Analyse page
118	[2019-04-23] [09:18:31.909]		Handle errors
119	[2019-04-23] [09:18:31.915]	Catalog links amount: 4
120	[2019-04-23] [09:18:31.915]	Link: #1 https://exist.ru/Price/?pid=C0F0C180
121	[2019-04-23] [09:18:31.917]	Link: #2 https://exist.ru/Price/?pid=4700CBF8
122	[2019-04-23] [09:18:31.918]	Link: #3 https://exist.ru/Price/?pid=76905468
123	[2019-04-23] [09:18:31.919]	Link: #4 https://exist.ru/Price/?pid=43C05A6B
124	[2019-04-23] [09:18:31.920]	Category not found, download all links
125	[2019-04-23] [09:18:31.920]	Go to: https://exist.ru/Price/?pid=C0F0C180
126	[2019-04-23] [09:18:37.639]	https://exist.ru/Price/?pid=C0F0C180 successfully opened
127	[2019-04-23] [09:18:37.639]		Analyse page
128	[2019-04-23] [09:18:37.647]		Handle errors
129	[2019-04-23] [09:18:37.647]	Banner detected
130	[2019-04-23] [09:18:37.648]	Wait for banner
131	[2019-04-23] [09:18:45.000]	Banner skiped
132	[2019-04-23] [09:18:45.000]	Wait for: 1061
133	[2019-04-23] [09:18:46.062]	Scrape: https://exist.ru/Price/?pid=C0F0C180
134	[2019-04-23] [09:18:46.062]		Start scraper
135	[2019-04-23] [09:18:46.062]	Get #priceBody.innerHTML
136	[2019-04-23] [09:18:46.076]	Page scrape 1 analogs
137	[2019-04-23] [09:18:46.076]	Go to: https://exist.ru/Price/?pid=4700CBF8
138	[2019-04-23] [09:18:53.234]	https://exist.ru/Price/?pid=4700CBF8 successfully opened
139	[2019-04-23] [09:18:53.234]		Analyse page
140	[2019-04-23] [09:18:53.238]		Handle errors
141	[2019-04-23] [09:18:53.239]	Banner detected
142	[2019-04-23] [09:18:53.240]	Wait for banner
143	[2019-04-23] [09:18:59.851]	Banner skiped
144	[2019-04-23] [09:18:59.852]	Wait for: 1360
145	[2019-04-23] [09:19:01.211]	Scrape: https://exist.ru/Price/?pid=4700CBF8
146	[2019-04-23] [09:19:01.211]		Start scraper
147	[2019-04-23] [09:19:01.212]	Get #priceBody.innerHTML
148	[2019-04-23] [09:19:01.225]	Page scrape 1 analogs
149	[2019-04-23] [09:19:01.225]	Go to: https://exist.ru/Price/?pid=76905468
150	[2019-04-23] [09:19:08.054]	https://exist.ru/Price/?pid=76905468 successfully opened
151	[2019-04-23] [09:19:08.054]		Analyse page
152	[2019-04-23] [09:19:08.059]		Handle errors
153	[2019-04-23] [09:19:08.059]	Banner detected
154	[2019-04-23] [09:19:08.061]	Wait for banner
155	[2019-04-23] [09:19:15.706]	Banner skiped
156	[2019-04-23] [09:19:15.706]	Wait for: 1115
157	[2019-04-23] [09:19:16.821]	Scrape: https://exist.ru/Price/?pid=76905468
158	[2019-04-23] [09:19:16.821]		Start scraper
159	[2019-04-23] [09:19:16.821]	Get #priceBody.innerHTML
160	[2019-04-23] [09:19:16.836]	Page scrape 1 analogs
161	[2019-04-23] [09:19:16.836]	Go to: https://exist.ru/Price/?pid=43C05A6B
162	[2019-04-23] [09:19:21.898]	https://exist.ru/Price/?pid=43C05A6B successfully opened
163	[2019-04-23] [09:19:21.899]		Analyse page
164	[2019-04-23] [09:19:21.904]		Handle errors
165	[2019-04-23] [09:19:21.904]	Banner detected
166	[2019-04-23] [09:19:21.905]	Wait for banner
167	[2019-04-23] [09:19:28.532]	Banner skiped
168	[2019-04-23] [09:19:28.532]	Wait for: 1227
169	[2019-04-23] [09:19:29.763]	Scrape: https://exist.ru/Price/?pid=43C05A6B
170	[2019-04-23] [09:19:29.763]		Start scraper
171	[2019-04-23] [09:19:29.764]	Get #priceBody.innerHTML
172	[2019-04-23] [09:19:29.778]	Page scrape 1 analogs
173	[2019-04-23] [09:19:29.779]	Scraping article: #44 569083 | category: Тормозные диски | https://exist.ru/Price/?pcode=569083
174	[2019-04-23] [09:19:30.976]	https://exist.ru/Price/?pcode=569083 successfully opened
175	[2019-04-23] [09:19:30.977]	Wait for: 1457
176	[2019-04-23] [09:19:32.434]		Analyse page
177	[2019-04-23] [09:19:32.436]		Handle errors
178	[2019-04-23] [09:19:32.438]	Catalog links amount: 2
179	[2019-04-23] [09:19:32.439]	Link: #1 https://exist.ru/Price/?pid=6C40DA99
180	[2019-04-23] [09:19:32.439]	Category found, go to: https://exist.ru/Price/?pid=6C40DA99
181	[2019-04-23] [09:19:39.155]	https://exist.ru/Price/?pid=6C40DA99 successfully opened
182	[2019-04-23] [09:19:39.155]		Analyse page
183	[2019-04-23] [09:19:39.160]		Handle errors
184	[2019-04-23] [09:19:39.161]	Banner detected
185	[2019-04-23] [09:19:39.162]	Wait for banner
186	[2019-04-23] [09:19:46.621]	Banner skiped
187	[2019-04-23] [09:19:46.622]	Wait for: 1116
188	[2019-04-23] [09:19:47.738]	Scrape https://exist.ru/Price/?pid=6C40DA99
189	[2019-04-23] [09:19:47.738]		Start scraper
190	[2019-04-23] [09:19:47.738]	Get #priceBody.innerHTML
191	[2019-04-23] [09:19:47.795]	Page scrape 6 analogs
192	[2019-04-23] [09:19:47.796]	Scraping article: #45 569091 | category: Тормозные диски | https://exist.ru/Price/?pcode=569091
193	[2019-04-23] [09:19:48.959]	https://exist.ru/Price/?pcode=569091 successfully opened
194	[2019-04-23] [09:19:48.959]	Wait for: 1089
195	[2019-04-23] [09:19:50.048]		Analyse page
196	[2019-04-23] [09:19:50.051]		Handle errors
197	[2019-04-23] [09:19:50.056]	Catalog links amount: 2
198	[2019-04-23] [09:19:50.057]	Link: #1 https://exist.ru/Price/?pid=3200C2FB
199	[2019-04-23] [09:19:50.058]	Category found, go to: https://exist.ru/Price/?pid=3200C2FB
200	[2019-04-23] [09:19:57.181]	https://exist.ru/Price/?pid=3200C2FB successfully opened
201	[2019-04-23] [09:19:57.181]		Analyse page
202	[2019-04-23] [09:19:57.184]		Handle errors
203	[2019-04-23] [09:19:57.184]	Banner detected
204	[2019-04-23] [09:19:57.185]	Wait for banner
205	[2019-04-23] [09:20:04.658]	Banner skiped
206	[2019-04-23] [09:20:04.658]	Wait for: 1081
207	[2019-04-23] [09:20:05.739]	Scrape https://exist.ru/Price/?pid=3200C2FB
208	[2019-04-23] [09:20:05.739]		Start scraper
209	[2019-04-23] [09:20:05.740]	Get #priceBody.innerHTML
210	[2019-04-23] [09:20:05.802]	Page scrape 7 analogs
211	[2019-04-23] [09:20:05.803]	Scraping article: #46 569127 | category: Тормозные диски | https://exist.ru/Price/?pcode=569127
212	[2019-04-23] [09:20:11.873]	https://exist.ru/Price/?pcode=569127 successfully opened
213	[2019-04-23] [09:20:11.873]	Wait for: 1242
214	[2019-04-23] [09:20:13.116]		Analyse page
215	[2019-04-23] [09:20:13.119]		Handle errors
216	[2019-04-23] [09:20:13.119]	Banner detected
217	[2019-04-23] [09:20:13.120]	Wait for banner
218	[2019-04-23] [09:20:18.956]	Banner skiped
219	[2019-04-23] [09:20:18.957]		Start scraper
220	[2019-04-23] [09:20:18.957]	Get #priceBody.innerHTML
221	[2019-04-23] [09:20:18.959]	Scraping article: #47 569128 | category: Тормозные диски | https://exist.ru/Price/?pcode=569128
222	[2019-04-23] [09:20:19.005]	Page scrape 2 analogs
223	[2019-04-23] [09:20:20.111]	https://exist.ru/Price/?pcode=569128 successfully opened
224	[2019-04-23] [09:20:20.111]	Wait for: 1220
225	[2019-04-23] [09:20:21.332]		Analyse page
226	[2019-04-23] [09:20:21.335]		Handle errors
227	[2019-04-23] [09:20:21.340]	Catalog links amount: 5
228	[2019-04-23] [09:20:21.341]	Link: #1 https://exist.ru/Price/?pid=8F20AF4F
229	[2019-04-23] [09:20:21.342]	Link: #2 https://exist.ru/Price/?pid=9B90C2FB
230	[2019-04-23] [09:20:21.343]	Category found, go to: https://exist.ru/Price/?pid=9B90C2FB
231	[2019-04-23] [09:20:26.039]	https://exist.ru/Price/?pid=9B90C2FB successfully opened
232	[2019-04-23] [09:20:26.039]		Analyse page
233	[2019-04-23] [09:20:26.042]		Handle errors
234	[2019-04-23] [09:20:26.042]	Banner detected
235	[2019-04-23] [09:20:26.043]	Wait for banner
236	[2019-04-23] [09:20:36.512]	Banner skiped
237	[2019-04-23] [09:20:36.512]	Wait for: 1332
238	[2019-04-23] [09:20:37.843]	Scrape https://exist.ru/Price/?pid=9B90C2FB
239	[2019-04-23] [09:20:37.843]		Start scraper
240	[2019-04-23] [09:20:37.844]	Get #priceBody.innerHTML
241	[2019-04-23] [09:20:37.920]	Page scrape 9 analogs
242	[2019-04-23] [09:20:37.921]	Scraping article: #48 636160 | category: Ролики натяжителя ГРМ | https://exist.ru/Price/?pcode=636160
243	[2019-04-23] [09:20:38.821]	https://exist.ru/Price/?pcode=636160 successfully opened
244	[2019-04-23] [09:20:38.821]	Wait for: 1128
245	[2019-04-23] [09:20:39.949]		Analyse page
246	[2019-04-23] [09:20:39.952]		Handle errors
247	[2019-04-23] [09:20:39.957]	Catalog links amount: 2
248	[2019-04-23] [09:20:39.957]	Link: #1 https://exist.ru/Price/?pid=F10086EA
249	[2019-04-23] [09:20:39.959]	Link: #2 https://exist.ru/Price/?pid=8020D5F2
250	[2019-04-23] [09:20:39.959]	Category not found, download all links
251	[2019-04-23] [09:20:39.960]	Go to: https://exist.ru/Price/?pid=F10086EA
252	[2019-04-23] [09:20:44.136]	https://exist.ru/Price/?pid=F10086EA successfully opened
253	[2019-04-23] [09:20:44.136]		Analyse page
254	[2019-04-23] [09:20:44.139]		Handle errors
255	[2019-04-23] [09:20:44.139]	Banner detected
256	[2019-04-23] [09:20:44.140]	Wait for banner
257	[2019-04-23] [09:20:50.893]	Banner skiped
258	[2019-04-23] [09:20:50.893]	Wait for: 1272
259	[2019-04-23] [09:20:52.166]	Scrape: https://exist.ru/Price/?pid=F10086EA
260	[2019-04-23] [09:20:52.166]		Start scraper
261	[2019-04-23] [09:20:52.166]	Get #priceBody.innerHTML
262	[2019-04-23] [09:20:52.203]	Page scrape 4 analogs
263	[2019-04-23] [09:20:52.203]	Go to: https://exist.ru/Price/?pid=8020D5F2
264	[2019-04-23] [09:20:59.938]	https://exist.ru/Price/?pid=8020D5F2 successfully opened
265	[2019-04-23] [09:20:59.938]		Analyse page
266	[2019-04-23] [09:20:59.943]		Handle errors
267	[2019-04-23] [09:20:59.943]	Banner detected
268	[2019-04-23] [09:20:59.944]	Wait for banner
269	[2019-04-23] [09:21:07.481]	Banner skiped
270	[2019-04-23] [09:21:07.481]	Wait for: 1004
271	[2019-04-23] [09:21:08.486]	Scrape: https://exist.ru/Price/?pid=8020D5F2
272	[2019-04-23] [09:21:08.486]		Start scraper
273	[2019-04-23] [09:21:08.486]	Get #priceBody.innerHTML
274	[2019-04-23] [09:21:08.532]	Page scrape 4 analogs
275	[2019-04-23] [09:21:08.533]	Scraping article: #49 650172 | category: Фильтры масляные | https://exist.ru/Price/?pcode=650172
276	[2019-04-23] [09:21:09.617]	https://exist.ru/Price/?pcode=650172 successfully opened
277	[2019-04-23] [09:21:09.617]	Wait for: 1012
278	[2019-04-23] [09:21:10.629]		Analyse page
279	[2019-04-23] [09:21:10.631]		Handle errors
280	[2019-04-23] [09:21:10.636]	Catalog links amount: 5
281	[2019-04-23] [09:21:10.637]	Link: #1 https://exist.ru/Price/?pid=03506D3F
282	[2019-04-23] [09:21:10.638]	Link: #2 https://exist.ru/Price/?pid=CF109065
283	[2019-04-23] [09:21:10.640]	Link: #3 https://exist.ru/Price/?pid=33B0CE59
284	[2019-04-23] [09:21:10.640]	Category found, go to: https://exist.ru/Price/?pid=33B0CE59
285	[2019-04-23] [09:21:17.719]	https://exist.ru/Price/?pid=33B0CE59 successfully opened
286	[2019-04-23] [09:21:17.719]		Analyse page
287	[2019-04-23] [09:21:17.725]		Handle errors
288	[2019-04-23] [09:21:17.725]	Banner detected
289	[2019-04-23] [09:21:17.726]	Wait for banner
290	[2019-04-23] [09:21:26.763]	Banner skiped
291	[2019-04-23] [09:21:26.763]	Wait for: 1195
292	[2019-04-23] [09:21:27.957]	Scrape https://exist.ru/Price/?pid=33B0CE59
293	[2019-04-23] [09:21:27.957]		Start scraper
294	[2019-04-23] [09:21:27.958]	Get #priceBody.innerHTML
295	[2019-04-23] [09:21:27.978]	Page scrape 2 analogs
296	[2019-04-23] [09:21:27.979]	Scraping article: #50 664092 | category: Комплекты сцепления | https://exist.ru/Price/?pcode=664092
297	[2019-04-23] [09:21:29.199]	https://exist.ru/Price/?pcode=664092 successfully opened
298	[2019-04-23] [09:21:29.199]	Wait for: 1303
299	[2019-04-23] [09:21:30.501]		Analyse page
300	[2019-04-23] [09:21:30.505]		Handle errors
301	[2019-04-23] [09:21:30.515]	Catalog links amount: 3
302	[2019-04-23] [09:21:30.516]	Link: #1 https://exist.ru/Price/?pid=01D09E02
303	[2019-04-23] [09:21:30.517]	Link: #2 https://exist.ru/Price/?pid=C860D3CF
304	[2019-04-23] [09:21:30.518]	Link: #3 https://exist.ru/Price/?pid=B4B013ED
305	[2019-04-23] [09:21:30.519]	Category not found, download all links
306	[2019-04-23] [09:21:30.519]	Go to: https://exist.ru/Price/?pid=01D09E02
307	[2019-04-23] [09:21:35.592]	https://exist.ru/Price/?pid=01D09E02 successfully opened
308	[2019-04-23] [09:21:35.592]		Analyse page
309	[2019-04-23] [09:21:35.597]		Handle errors
310	[2019-04-23] [09:21:35.597]	Banner detected
311	[2019-04-23] [09:21:35.599]	Wait for banner
312	[2019-04-23] [09:21:42.287]	Banner skiped
313	[2019-04-23] [09:21:42.287]	Wait for: 1094
314	[2019-04-23] [09:21:43.382]	Scrape: https://exist.ru/Price/?pid=01D09E02
315	[2019-04-23] [09:21:43.382]		Start scraper
316	[2019-04-23] [09:21:43.383]	Get #priceBody.innerHTML
317	[2019-04-23] [09:21:43.405]	Page scrape 1 analogs
318	[2019-04-23] [09:21:43.405]	Go to: https://exist.ru/Price/?pid=C860D3CF
319	[2019-04-23] [09:21:47.833]	https://exist.ru/Price/?pid=C860D3CF successfully opened
320	[2019-04-23] [09:21:47.833]		Analyse page
321	[2019-04-23] [09:21:47.840]		Handle errors
322	[2019-04-23] [09:21:47.840]	Banner detected
323	[2019-04-23] [09:21:47.841]	Wait for banner
324	[2019-04-23] [09:21:55.694]	Banner skiped
325	[2019-04-23] [09:21:55.694]	Wait for: 1149
326	[2019-04-23] [09:21:56.843]	Scrape: https://exist.ru/Price/?pid=C860D3CF
327	[2019-04-23] [09:21:56.843]		Start scraper
328	[2019-04-23] [09:21:56.843]	Get #priceBody.innerHTML
329	[2019-04-23] [09:21:56.974]	Page scrape 16 analogs
330	[2019-04-23] [09:21:56.974]	Go to: https://exist.ru/Price/?pid=B4B013ED
331	[2019-04-23] [09:22:02.108]	https://exist.ru/Price/?pid=B4B013ED successfully opened
332	[2019-04-23] [09:22:02.108]		Analyse page
333	[2019-04-23] [09:22:02.113]		Handle errors
334	[2019-04-23] [09:22:02.113]	Banner detected
335	[2019-04-23] [09:22:02.114]	Wait for banner
336	[2019-04-23] [09:22:32.130]	TimeoutError: waiting for selector ".user-banner__skip" failed: timeout 30000ms exceeded
337	[2019-04-23] [09:22:32.131]	Write XLSX to: files/source/articles.xlsx
338	[2019-04-23] [09:22:32.198]	Write XLSX to: files/result/result.xlsx
339	[2019-04-23] [09:22:32.387]	Script execution finished.
340	[2019-04-23] [09:22:32.387]	***
