1	[2019-04-23] [07:04:20.313]	Start program
2	[2019-04-23] [07:04:22.894]	Open: https://exist.ru
3	[2019-04-23] [07:04:52.736]	https://exist.ru successfully opened
4	[2019-04-23] [07:05:10.614]	Login successfully.
5	[2019-04-23] [07:06:11.444]	Source files/source/articles.xlsx loaded, length: 684
6	[2019-04-23] [07:06:11.454]	Scraping https://exist.ru from article #1 326012
7	[2019-04-23] [07:06:11.454]	Start main sequence.
8	[2019-04-23] [07:06:11.455]	Scraping article: #1 326012 | category: Выжимные подшипники | https://exist.ru/Price/?pcode=326012
9	[2019-04-23] [07:06:27.453]	https://exist.ru/Price/?pcode=326012 successfully opened
10	[2019-04-23] [07:06:27.453]	Wait for: 1442
11	[2019-04-23] [07:06:28.896]		Analyse page
12	[2019-04-23] [07:06:28.899]		Handle errors
13	[2019-04-23] [07:06:28.949]	Catalog links amount: 8
14	[2019-04-23] [07:06:28.959]	Link: #1 https://exist.ru/Price/?pid=27606B9A
15	[2019-04-23] [07:06:28.961]	Link: #2 https://exist.ru/Price/?pid=FA208E7D
16	[2019-04-23] [07:06:28.962]	Link: #3 https://exist.ru/Price/?pid=57F0D215
17	[2019-04-23] [07:06:28.963]	Link: #4 https://exist.ru/Price/?pid=8800068C
18	[2019-04-23] [07:06:28.964]	Link: #5 https://exist.ru/Price/?pid=8EF07E11
19	[2019-04-23] [07:06:28.966]	Link: #6 https://exist.ru/Price/?pid=F360BBF5
20	[2019-04-23] [07:06:28.967]	Link: #7 https://exist.ru/Price/?pid=89A0B4E1
21	[2019-04-23] [07:06:28.969]	Link: #8 https://exist.ru/Price/?pid=A3805A60
22	[2019-04-23] [07:06:28.970]	Category not found, download all links
23	[2019-04-23] [07:06:28.970]	Go to: https://exist.ru/Price/?pid=27606B9A
24	[2019-04-23] [07:06:40.876]	https://exist.ru/Price/?pid=27606B9A successfully opened
25	[2019-04-23] [07:06:40.876]		Analyse page
26	[2019-04-23] [07:06:40.883]		Handle errors
27	[2019-04-23] [07:06:40.883]	Wait for: 1036
28	[2019-04-23] [07:06:41.919]	Scrape: https://exist.ru/Price/?pid=27606B9A
29	[2019-04-23] [07:06:41.920]		Start scraper
30	[2019-04-23] [07:06:41.931]	Get #priceBody.innerHTML
31	[2019-04-23] [07:06:41.943]	Page scrape 0 analogs
32	[2019-04-23] [07:06:41.943]	Go to: https://exist.ru/Price/?pid=FA208E7D
33	[2019-04-23] [07:07:09.637]	https://exist.ru/Price/?pid=FA208E7D successfully opened
34	[2019-04-23] [07:07:09.637]		Analyse page
35	[2019-04-23] [07:07:09.640]		Handle errors
36	[2019-04-23] [07:07:09.640]	Wait for: 1386
37	[2019-04-23] [07:07:11.026]	Scrape: https://exist.ru/Price/?pid=FA208E7D
38	[2019-04-23] [07:07:11.026]		Start scraper
39	[2019-04-23] [07:07:11.036]	Get #priceBody.innerHTML
40	[2019-04-23] [07:07:11.081]	Page scrape 5 analogs
41	[2019-04-23] [07:07:11.081]	Go to: https://exist.ru/Price/?pid=57F0D215
42	[2019-04-23] [07:07:13.874]	https://exist.ru/Price/?pid=57F0D215 successfully opened
43	[2019-04-23] [07:07:13.874]		Analyse page
44	[2019-04-23] [07:07:13.878]		Handle errors
45	[2019-04-23] [07:07:13.878]	Wait for: 1430
46	[2019-04-23] [07:07:15.308]	Scrape: https://exist.ru/Price/?pid=57F0D215
47	[2019-04-23] [07:07:15.308]		Start scraper
48	[2019-04-23] [07:07:15.317]	Get #priceBody.innerHTML
49	[2019-04-23] [07:07:15.328]	Page scrape 1 analogs
50	[2019-04-23] [07:07:15.328]	Go to: https://exist.ru/Price/?pid=8800068C
51	[2019-04-23] [07:07:17.538]	https://exist.ru/Price/?pid=8800068C successfully opened
52	[2019-04-23] [07:07:17.538]		Analyse page
53	[2019-04-23] [07:07:17.543]		Handle errors
54	[2019-04-23] [07:07:17.544]	Wait for: 1458
55	[2019-04-23] [07:07:19.002]	Scrape: https://exist.ru/Price/?pid=8800068C
56	[2019-04-23] [07:07:19.002]		Start scraper
57	[2019-04-23] [07:07:19.009]	Get #priceBody.innerHTML
58	[2019-04-23] [07:07:19.046]	Page scrape 7 analogs
59	[2019-04-23] [07:07:19.046]	Go to: https://exist.ru/Price/?pid=8EF07E11
60	[2019-04-23] [07:07:20.185]	https://exist.ru/Price/?pid=8EF07E11 successfully opened
61	[2019-04-23] [07:07:20.185]		Analyse page
62	[2019-04-23] [07:07:20.200]	Error: Evaluation failed: TypeError: Cannot read property 'innerText' of null
    at __puppeteer_evaluation_script__:5:54
63	[2019-04-23] [07:07:20.200]	Write XLSX to: files/source/articles.xlsx
64	[2019-04-23] [07:07:20.269]	Write XLSX to: files/result/result.xlsx
65	[2019-04-23] [07:07:20.307]	Script execution finished.
66	[2019-04-23] [07:07:20.308]	***
67	[2019-04-23] [07:08:00.278]	Exit program
