1	[2019-04-24] [08:56:02.603]	Start program
2	[2019-04-24] [08:56:03.790]	Open: https://www.exist.ru
3	[2019-04-24] [08:56:06.882]	https://www.exist.ru successfully opened
4	[2019-04-24] [08:56:21.451]	Login successfully.
5	[2019-04-24] [08:57:41.550]	Source files/source/articles.xlsx loaded, length: 684
6	[2019-04-24] [08:57:41.550]	Scraping https://www.exist.ru from article #1 326012
7	[2019-04-24] [08:57:41.550]	Start main sequence.
8	[2019-04-24] [08:57:41.551]	Scraping article: #1 326012 | category: Выжимные подшипники | https://www.exist.ru/Price/?pcode=326012
9	[2019-04-24] [08:57:45.094]	https://www.exist.ru/Price/?pcode=326012 successfully opened
10	[2019-04-24] [08:57:45.094]	Wait for: 2416
11	[2019-04-24] [08:57:47.510]		Analyse page
12	[2019-04-24] [08:57:47.513]		Handle errors
13	[2019-04-24] [08:57:47.543]	Catalog links amount: 8
14	[2019-04-24] [08:57:47.545]	Link: #1 https://www.exist.ru/Price/?pid=27606B9A
15	[2019-04-24] [08:57:47.546]	Link: #2 https://www.exist.ru/Price/?pid=FA208E7D
16	[2019-04-24] [08:57:47.546]	Link: #3 https://www.exist.ru/Price/?pid=57F0D215
17	[2019-04-24] [08:57:47.547]	Link: #4 https://www.exist.ru/Price/?pid=8800068C
18	[2019-04-24] [08:57:47.547]	Link: #5 https://www.exist.ru/Price/?pid=8EF07E11
19	[2019-04-24] [08:57:47.548]	Link: #6 https://www.exist.ru/Price/?pid=F360BBF5
20	[2019-04-24] [08:57:47.548]	Link: #7 https://www.exist.ru/Price/?pid=89A0B4E1
21	[2019-04-24] [08:57:47.549]	Link: #8 https://www.exist.ru/Price/?pid=A3805A60
22	[2019-04-24] [08:57:47.549]	Category not found, download all links
23	[2019-04-24] [08:57:47.549]	Go to: https://www.exist.ru/Price/?pid=27606B9A
24	[2019-04-24] [08:57:51.778]	https://www.exist.ru/Price/?pid=27606B9A successfully opened
25	[2019-04-24] [08:57:51.778]		Analyse page
26	[2019-04-24] [08:57:51.779]		Handle errors
27	[2019-04-24] [08:57:51.780]	Banner detected
28	[2019-04-24] [08:57:51.780]	Wait for banner
29	[2019-04-24] [08:57:59.816]	Banner skiped
30	[2019-04-24] [08:57:59.816]	Wait for: 2066
31	[2019-04-24] [08:58:01.882]	Scrape: https://www.exist.ru/Price/?pid=27606B9A
32	[2019-04-24] [08:58:01.882]		Start scraper
33	[2019-04-24] [08:58:01.882]	Get #priceBody.innerHTML
34	[2019-04-24] [08:58:01.925]	Page scrape 4 analogs
35	[2019-04-24] [08:58:01.926]	Go to: https://www.exist.ru/Price/?pid=FA208E7D
36	[2019-04-24] [08:58:06.198]	https://www.exist.ru/Price/?pid=FA208E7D successfully opened
37	[2019-04-24] [08:58:06.198]		Analyse page
38	[2019-04-24] [08:58:06.203]		Handle errors
39	[2019-04-24] [08:58:06.203]	Banner detected
40	[2019-04-24] [08:58:06.203]	Wait for banner
41	[2019-04-24] [08:58:14.605]	Banner skiped
42	[2019-04-24] [08:58:14.605]	Wait for: 2300
43	[2019-04-24] [08:58:16.905]	Scrape: https://www.exist.ru/Price/?pid=FA208E7D
44	[2019-04-24] [08:58:16.905]		Start scraper
45	[2019-04-24] [08:58:16.905]	Get #priceBody.innerHTML
46	[2019-04-24] [08:58:16.910]	Error: Evaluation failed: TypeError: Cannot read property 'innerHTML' of null
    at __puppeteer_evaluation_script__:2:54
47	[2019-04-24] [08:58:20.125]	Open: https://www.exist.ru
48	[2019-04-24] [08:58:41.004]	https://www.exist.ru successfully opened
49	[2019-04-24] [08:58:48.129]	Login successfully.
50	[2019-04-24] [08:58:48.130]	Source files/source/articles.xlsx loaded, length: 684
51	[2019-04-24] [08:58:48.131]	Scraping https://www.exist.ru from article #1 326012
52	[2019-04-24] [08:58:48.131]	Start main sequence.
53	[2019-04-24] [08:58:48.131]	Scraping article: #1 326012 | category: Выжимные подшипники | https://www.exist.ru/Price/?pcode=326012
54	[2019-04-24] [08:58:51.857]	https://www.exist.ru/Price/?pcode=326012 successfully opened
55	[2019-04-24] [08:58:51.857]	Wait for: 2577
56	[2019-04-24] [08:58:54.434]		Analyse page
57	[2019-04-24] [08:58:54.437]		Handle errors
58	[2019-04-24] [08:58:54.444]	Catalog links amount: 8
59	[2019-04-24] [08:58:54.445]	Link: #1 https://www.exist.ru/Price/?pid=27606B9A
60	[2019-04-24] [08:58:54.445]	Link: #2 https://www.exist.ru/Price/?pid=FA208E7D
61	[2019-04-24] [08:58:54.446]	Link: #3 https://www.exist.ru/Price/?pid=57F0D215
62	[2019-04-24] [08:58:54.447]	Link: #4 https://www.exist.ru/Price/?pid=8800068C
63	[2019-04-24] [08:58:54.448]	Link: #5 https://www.exist.ru/Price/?pid=8EF07E11
64	[2019-04-24] [08:58:54.449]	Link: #6 https://www.exist.ru/Price/?pid=F360BBF5
65	[2019-04-24] [08:58:54.450]	Link: #7 https://www.exist.ru/Price/?pid=89A0B4E1
66	[2019-04-24] [08:58:54.451]	Link: #8 https://www.exist.ru/Price/?pid=A3805A60
67	[2019-04-24] [08:58:54.451]	Category not found, download all links
68	[2019-04-24] [08:58:54.451]	Go to: https://www.exist.ru/Price/?pid=27606B9A
69	[2019-04-24] [08:58:57.212]	https://www.exist.ru/Price/?pid=27606B9A successfully opened
70	[2019-04-24] [08:58:57.212]		Analyse page
71	[2019-04-24] [08:58:57.214]	Error: Evaluation failed: TypeError: Cannot read property 'innerText' of null
    at __puppeteer_evaluation_script__:5:54
72	[2019-04-24] [08:58:59.521]	Open: https://www.exist.ru
73	[2019-04-24] [08:59:09.668]	https://www.exist.ru successfully opened
74	[2019-04-24] [08:59:24.225]	Login successfully.
75	[2019-04-24] [08:59:24.226]	Source files/source/articles.xlsx loaded, length: 684
76	[2019-04-24] [08:59:24.226]	Scraping https://www.exist.ru from article #1 326012
77	[2019-04-24] [08:59:24.226]	Start main sequence.
78	[2019-04-24] [08:59:24.226]	Scraping article: #1 326012 | category: Выжимные подшипники | https://www.exist.ru/Price/?pcode=326012
79	[2019-04-24] [08:59:26.638]	https://www.exist.ru/Price/?pcode=326012 successfully opened
80	[2019-04-24] [08:59:26.638]	Wait for: 2053
81	[2019-04-24] [08:59:28.692]		Analyse page
82	[2019-04-24] [08:59:28.693]		Handle errors
83	[2019-04-24] [08:59:28.697]	Catalog links amount: 8
84	[2019-04-24] [08:59:28.697]	Link: #1 https://www.exist.ru/Price/?pid=27606B9A
85	[2019-04-24] [08:59:28.698]	Link: #2 https://www.exist.ru/Price/?pid=FA208E7D
86	[2019-04-24] [08:59:28.699]	Link: #3 https://www.exist.ru/Price/?pid=57F0D215
87	[2019-04-24] [08:59:28.699]	Link: #4 https://www.exist.ru/Price/?pid=8800068C
88	[2019-04-24] [08:59:28.700]	Link: #5 https://www.exist.ru/Price/?pid=8EF07E11
89	[2019-04-24] [08:59:28.700]	Link: #6 https://www.exist.ru/Price/?pid=F360BBF5
90	[2019-04-24] [08:59:28.701]	Link: #7 https://www.exist.ru/Price/?pid=89A0B4E1
91	[2019-04-24] [08:59:28.701]	Link: #8 https://www.exist.ru/Price/?pid=A3805A60
92	[2019-04-24] [08:59:28.702]	Category not found, download all links
93	[2019-04-24] [08:59:28.702]	Go to: https://www.exist.ru/Price/?pid=27606B9A
94	[2019-04-24] [08:59:33.690]	https://www.exist.ru/Price/?pid=27606B9A successfully opened
95	[2019-04-24] [08:59:33.690]		Analyse page
96	[2019-04-24] [08:59:33.694]		Handle errors
97	[2019-04-24] [08:59:33.695]	Banner detected
98	[2019-04-24] [08:59:33.695]	Wait for banner
99	[2019-04-24] [08:59:52.309]	Source files/source/articles.xlsx loaded, length: 684
100	[2019-04-24] [08:59:52.309]	Scraping https://www.exist.ru from article #1 326012
101	[2019-04-24] [08:59:52.309]	Start main sequence.
102	[2019-04-24] [08:59:52.309]	Scraping article: #1 326012 | category: Выжимные подшипники | https://www.exist.ru/Price/?pcode=326012
103	[2019-04-24] [09:00:04.081]	TimeoutError: Navigation Timeout Exceeded: 30000ms exceeded
104	[2019-04-24] [09:00:04.277]	Error: Navigation failed because browser has disconnected!
105	[2019-04-24] [09:00:06.825]	Open: https://www.exist.ru
106	[2019-04-24] [09:00:07.309]	Open: https://www.exist.ru
107	[2019-04-24] [09:00:17.571]	https://www.exist.ru successfully opened
108	[2019-04-24] [09:00:17.746]	https://www.exist.ru successfully opened
109	[2019-04-24] [09:00:23.066]	Login successfully.
110	[2019-04-24] [09:00:23.066]	Source files/source/articles.xlsx loaded, length: 684
111	[2019-04-24] [09:00:23.067]	Scraping https://www.exist.ru from article #1 326012
112	[2019-04-24] [09:00:23.067]	Start main sequence.
113	[2019-04-24] [09:00:23.067]	Write XLSX to: files/source/articles.xlsx
114	[2019-04-24] [09:00:23.101]	Write XLSX to: files/result/result.xlsx
115	[2019-04-24] [09:00:23.356]	Script execution finished.
116	[2019-04-24] [09:00:23.357]	***
117	[2019-04-24] [09:00:23.364]	Login successfully.
118	[2019-04-24] [09:00:23.365]	Source files/source/articles.xlsx loaded, length: 684
119	[2019-04-24] [09:00:23.365]	Scraping https://www.exist.ru from article #1 326012
120	[2019-04-24] [09:00:23.365]	Start main sequence.
121	[2019-04-24] [09:00:23.366]	Write XLSX to: files/source/articles.xlsx
122	[2019-04-24] [09:00:23.395]	Write XLSX to: files/result/result.xlsx
123	[2019-04-24] [09:00:23.533]	Script execution finished.
124	[2019-04-24] [09:00:23.534]	***
125	[2019-04-24] [09:01:05.180]	Exit program
