1	[2019-04-25] [11:36:08.860]	Start program
2	[2019-04-25] [11:36:10.390]	Open: https://www.exist.ru
3	[2019-04-25] [11:36:13.694]	https://www.exist.ru successfully opened
4	[2019-04-25] [11:36:24.860]	Source files/source/articles.xlsx loaded, length: 684
5	[2019-04-25] [11:36:24.860]	Start main sequence.
6	[2019-04-25] [11:36:24.861]	Scraping https://www.exist.ru from article #23 352800
7	[2019-04-25] [11:36:24.862]	Scraping article: #23 352800 | category: Рычаги подвески | https://www.exist.ru/Price/?pcode=352800
8	[2019-04-25] [11:36:27.264]	https://www.exist.ru/Price/?pcode=352800 successfully opened
9	[2019-04-25] [11:36:27.264]	Wait for: 2290
10	[2019-04-25] [11:36:29.554]		Analyse page
11	[2019-04-25] [11:36:29.560]		Handle errors
12	[2019-04-25] [11:36:29.591]	Catalog links amount: 10
13	[2019-04-25] [11:36:29.593]	Link: #1 https://www.exist.ru/Price/?pid=BFF03019
14	[2019-04-25] [11:36:29.595]	Link: #2 https://www.exist.ru/Price/?pid=21E0AE7F
15	[2019-04-25] [11:36:29.596]	Link: #3 https://www.exist.ru/Price/?pid=3C20D267
16	[2019-04-25] [11:36:29.597]	Link: #4 https://www.exist.ru/Price/?pid=E1D0D63D
17	[2019-04-25] [11:36:29.598]	Link: #5 https://www.exist.ru/Price/?pid=C080D3B4
18	[2019-04-25] [11:36:29.599]	Link: #6 https://www.exist.ru/Price/?pid=3EB0595D
19	[2019-04-25] [11:36:29.599]	Link: #7 https://www.exist.ru/Price/?pid=CF80A9E4
20	[2019-04-25] [11:36:29.600]	Link: #8 https://www.exist.ru/Price/?pid=BF40E343
21	[2019-04-25] [11:36:29.601]	Link: #9 https://www.exist.ru/Price/?pid=FFA0CE60
22	[2019-04-25] [11:36:29.602]	Link: #10 https://www.exist.ru/Price/?pid=99D0C26C
23	[2019-04-25] [11:36:29.603]	Category not found, download all links
24	[2019-04-25] [11:36:29.603]	Go to: https://www.exist.ru/Price/?pid=BFF03019
25	[2019-04-25] [11:36:30.914]	https://www.exist.ru/Price/?pid=BFF03019 successfully opened
26	[2019-04-25] [11:36:30.914]		Analyse page
27	[2019-04-25] [11:36:30.916]		Handle errors
28	[2019-04-25] [11:36:30.916]	Wait for: 2088
29	[2019-04-25] [11:36:33.005]	Scrape: https://www.exist.ru/Price/?pid=BFF03019
30	[2019-04-25] [11:36:33.005]		Start scraper
31	[2019-04-25] [11:36:33.005]	Get #priceBody.innerHTML
32	[2019-04-25] [11:36:33.028]	Page scrape 1 analogs
33	[2019-04-25] [11:36:33.029]	Go to: https://www.exist.ru/Price/?pid=21E0AE7F
34	[2019-04-25] [11:36:34.627]	https://www.exist.ru/Price/?pid=21E0AE7F successfully opened
35	[2019-04-25] [11:36:34.627]		Analyse page
36	[2019-04-25] [11:36:34.629]		Handle errors
37	[2019-04-25] [11:36:34.630]	Wait for: 2539
38	[2019-04-25] [11:36:37.169]	Scrape: https://www.exist.ru/Price/?pid=21E0AE7F
39	[2019-04-25] [11:36:37.169]		Start scraper
40	[2019-04-25] [11:36:37.169]	Get #priceBody.innerHTML
41	[2019-04-25] [11:36:37.190]	Page scrape 1 analogs
42	[2019-04-25] [11:36:37.191]	Script execution finished.
43	[2019-04-25] [11:36:37.192]	***
