1	[2019-04-24] [10:23:48.831]	Start program
2	[2019-04-24] [10:23:50.201]	Open: https://www.exist.ru
3	[2019-04-24] [10:23:56.139]	https://www.exist.ru successfully opened
4	[2019-04-24] [10:24:03.672]	Source files/source/articles.xlsx loaded, length: 684
5	[2019-04-24] [10:24:03.672]	Results files/result/result.xlsx loaded, length: 3792
6	[2019-04-24] [10:24:03.673]	Scraping https://www.exist.ru from article #13 344913
7	[2019-04-24] [10:24:03.673]	Start main sequence.
8	[2019-04-24] [10:24:03.675]	Scraping article: #13 344913 | category: Амортизаторы | https://www.exist.ru/Price/?pcode=344913
9	[2019-04-24] [10:24:04.957]	https://www.exist.ru/Price/?pcode=344913 successfully opened
10	[2019-04-24] [10:24:04.957]	Wait for: 2726
11	[2019-04-24] [10:24:07.683]		Analyse page
12	[2019-04-24] [10:24:07.688]		Handle errors
13	[2019-04-24] [10:24:07.716]	Catalog links amount: 3
14	[2019-04-24] [10:24:07.718]	Link: #1 https://www.exist.ru/Price/?pid=3750C9CC
15	[2019-04-24] [10:24:07.719]	Link: #2 https://www.exist.ru/Price/?pid=0F20D9D2
16	[2019-04-24] [10:24:07.719]	Link: #3 https://www.exist.ru/Price/?pid=36103C7D
17	[2019-04-24] [10:24:07.719]	Category not found, download all links
18	[2019-04-24] [10:24:07.719]	Go to: https://www.exist.ru/Price/?pid=3750C9CC
19	[2019-04-24] [10:24:08.974]	https://www.exist.ru/Price/?pid=3750C9CC successfully opened
20	[2019-04-24] [10:24:08.974]		Analyse page
21	[2019-04-24] [10:24:08.985]		Handle errors
22	[2019-04-24] [10:24:08.985]	Wait for: 2539
23	[2019-04-24] [10:24:11.524]	Scrape: https://www.exist.ru/Price/?pid=3750C9CC
24	[2019-04-24] [10:24:11.525]		Start scraper
25	[2019-04-24] [10:24:11.525]	Get #priceBody.innerHTML
26	[2019-04-24] [10:24:11.563]	Page scrape 2 analogs
27	[2019-04-24] [10:24:11.563]	Go to: https://www.exist.ru/Price/?pid=0F20D9D2
28	[2019-04-24] [10:24:12.878]	https://www.exist.ru/Price/?pid=0F20D9D2 successfully opened
29	[2019-04-24] [10:24:12.878]		Analyse page
30	[2019-04-24] [10:24:12.887]		Handle errors
31	[2019-04-24] [10:24:12.887]	Wait for: 2736
32	[2019-04-24] [10:24:15.622]	Scrape: https://www.exist.ru/Price/?pid=0F20D9D2
33	[2019-04-24] [10:24:15.623]		Start scraper
34	[2019-04-24] [10:24:15.623]	Get #priceBody.innerHTML
35	[2019-04-24] [10:24:15.660]	Page scrape 2 analogs
36	[2019-04-24] [10:24:15.660]	Go to: https://www.exist.ru/Price/?pid=36103C7D
37	[2019-04-24] [10:24:16.995]	https://www.exist.ru/Price/?pid=36103C7D successfully opened
38	[2019-04-24] [10:24:16.995]		Analyse page
39	[2019-04-24] [10:24:16.999]		Handle errors
40	[2019-04-24] [10:24:16.999]	Wait for: 2264
41	[2019-04-24] [10:24:19.263]	Scrape: https://www.exist.ru/Price/?pid=36103C7D
42	[2019-04-24] [10:24:19.263]		Start scraper
43	[2019-04-24] [10:24:19.263]	Get #priceBody.innerHTML
44	[2019-04-24] [10:24:19.272]	Page scrape 1 analogs
45	[2019-04-24] [10:24:19.274]	Scraping article: #14 344914 | category: Амортизаторы | https://www.exist.ru/Price/?pcode=344914
46	[2019-04-24] [10:24:20.374]	https://www.exist.ru/Price/?pcode=344914 successfully opened
47	[2019-04-24] [10:24:20.374]	Wait for: 2808
48	[2019-04-24] [10:24:23.182]		Analyse page
49	[2019-04-24] [10:24:23.185]		Handle errors
50	[2019-04-24] [10:24:23.191]	Catalog links amount: 3
51	[2019-04-24] [10:24:23.192]	Link: #1 https://www.exist.ru/Price/?pid=3780C9CC
52	[2019-04-24] [10:24:23.195]	Link: #2 https://www.exist.ru/Price/?pid=0F50D9D2
53	[2019-04-24] [10:24:23.196]	Link: #3 https://www.exist.ru/Price/?pid=5B903C89
54	[2019-04-24] [10:24:23.197]	Category not found, download all links
55	[2019-04-24] [10:24:23.197]	Go to: https://www.exist.ru/Price/?pid=3780C9CC
56	[2019-04-24] [10:24:24.602]	https://www.exist.ru/Price/?pid=3780C9CC successfully opened
57	[2019-04-24] [10:24:24.602]		Analyse page
58	[2019-04-24] [10:24:24.605]		Handle errors
59	[2019-04-24] [10:24:24.605]	Wait for: 2824
60	[2019-04-24] [10:24:27.429]	Scrape: https://www.exist.ru/Price/?pid=3780C9CC
61	[2019-04-24] [10:24:27.429]		Start scraper
62	[2019-04-24] [10:24:27.429]	Get #priceBody.innerHTML
63	[2019-04-24] [10:24:27.461]	Page scrape 3 analogs
64	[2019-04-24] [10:24:27.461]	Go to: https://www.exist.ru/Price/?pid=0F50D9D2
65	[2019-04-24] [10:24:28.971]	https://www.exist.ru/Price/?pid=0F50D9D2 successfully opened
66	[2019-04-24] [10:24:28.971]		Analyse page
67	[2019-04-24] [10:24:28.975]		Handle errors
68	[2019-04-24] [10:24:28.975]	Wait for: 2477
69	[2019-04-24] [10:24:31.452]	Scrape: https://www.exist.ru/Price/?pid=0F50D9D2
70	[2019-04-24] [10:24:31.452]		Start scraper
71	[2019-04-24] [10:24:31.452]	Get #priceBody.innerHTML
72	[2019-04-24] [10:24:31.480]	Page scrape 3 analogs
73	[2019-04-24] [10:24:31.481]	Go to: https://www.exist.ru/Price/?pid=5B903C89
74	[2019-04-24] [10:24:32.735]	https://www.exist.ru/Price/?pid=5B903C89 successfully opened
75	[2019-04-24] [10:24:32.735]		Analyse page
76	[2019-04-24] [10:24:32.739]		Handle errors
77	[2019-04-24] [10:24:32.739]	Wait for: 2419
78	[2019-04-24] [10:24:35.159]	Scrape: https://www.exist.ru/Price/?pid=5B903C89
79	[2019-04-24] [10:24:35.159]		Start scraper
80	[2019-04-24] [10:24:35.159]	Get #priceBody.innerHTML
81	[2019-04-24] [10:24:35.186]	Page scrape 3 analogs
82	[2019-04-24] [10:24:35.190]	Scraping article: #15 345020 | category: Амортизаторы | https://www.exist.ru/Price/?pcode=345020
83	[2019-04-24] [10:24:36.364]	https://www.exist.ru/Price/?pcode=345020 successfully opened
84	[2019-04-24] [10:24:36.364]	Wait for: 2311
85	[2019-04-24] [10:24:38.675]		Analyse page
86	[2019-04-24] [10:24:38.679]		Handle errors
87	[2019-04-24] [10:24:38.685]	Catalog links amount: 7
88	[2019-04-24] [10:24:38.686]	Link: #1 https://www.exist.ru/Price/?pid=3AE0D2AE
89	[2019-04-24] [10:24:38.688]	Link: #2 https://www.exist.ru/Price/?pid=22809654
90	[2019-04-24] [10:24:38.689]	Link: #3 https://www.exist.ru/Price/?pid=73104BD3
91	[2019-04-24] [10:24:38.690]	Link: #4 https://www.exist.ru/Price/?pid=9B3008E0
92	[2019-04-24] [10:24:38.692]	Link: #5 https://www.exist.ru/Price/?pid=22D0D9D2
93	[2019-04-24] [10:24:38.694]	Link: #6 https://www.exist.ru/Price/?pid=5A900A0B
94	[2019-04-24] [10:24:38.694]	Category found, go to: https://www.exist.ru/Price/?pid=5A900A0B
95	[2019-04-24] [10:24:39.978]	https://www.exist.ru/Price/?pid=5A900A0B successfully opened
96	[2019-04-24] [10:24:39.978]		Analyse page
97	[2019-04-24] [10:24:39.982]		Handle errors
98	[2019-04-24] [10:24:39.982]	Wait for: 2491
99	[2019-04-24] [10:24:42.474]	Scrape https://www.exist.ru/Price/?pid=5A900A0B
100	[2019-04-24] [10:24:42.474]		Start scraper
101	[2019-04-24] [10:24:42.474]	Get #priceBody.innerHTML
102	[2019-04-24] [10:24:42.555]	Page scrape 7 analogs
103	[2019-04-24] [10:24:42.558]	Scraping article: #16 345134 | category: Амортизаторы | https://www.exist.ru/Price/?pcode=345134
104	[2019-04-24] [10:24:43.674]	https://www.exist.ru/Price/?pcode=345134 successfully opened
105	[2019-04-24] [10:24:43.675]	Wait for: 2865
106	[2019-04-24] [10:24:46.540]		Analyse page
107	[2019-04-24] [10:24:46.542]		Handle errors
108	[2019-04-24] [10:24:46.549]	Catalog links amount: 4
109	[2019-04-24] [10:24:46.550]	Link: #1 https://www.exist.ru/Price/?pid=1220E1FA
110	[2019-04-24] [10:24:46.552]	Link: #2 https://www.exist.ru/Price/?pid=7F90DA1B
111	[2019-04-24] [10:24:46.553]	Link: #3 https://www.exist.ru/Price/?pid=AAA05445
112	[2019-04-24] [10:24:46.554]	Link: #4 https://www.exist.ru/Price/?pid=CA80A095
113	[2019-04-24] [10:24:46.555]	Category not found, download all links
114	[2019-04-24] [10:24:46.555]	Go to: https://www.exist.ru/Price/?pid=1220E1FA
115	[2019-04-24] [10:24:47.827]	https://www.exist.ru/Price/?pid=1220E1FA successfully opened
116	[2019-04-24] [10:24:47.827]		Analyse page
117	[2019-04-24] [10:24:47.813]		Handle errors
118	[2019-04-24] [10:24:47.813]	Wait for: 2258
119	[2019-04-24] [10:24:50.071]	Scrape: https://www.exist.ru/Price/?pid=1220E1FA
120	[2019-04-24] [10:24:50.071]		Start scraper
121	[2019-04-24] [10:24:50.071]	Get #priceBody.innerHTML
122	[2019-04-24] [10:24:50.095]	Page scrape 2 analogs
123	[2019-04-24] [10:24:50.096]	Go to: https://www.exist.ru/Price/?pid=7F90DA1B
124	[2019-04-24] [10:24:51.338]	https://www.exist.ru/Price/?pid=7F90DA1B successfully opened
125	[2019-04-24] [10:24:51.338]		Analyse page
126	[2019-04-24] [10:24:51.343]		Handle errors
127	[2019-04-24] [10:24:51.343]	Wait for: 2867
128	[2019-04-24] [10:24:54.210]	Scrape: https://www.exist.ru/Price/?pid=7F90DA1B
129	[2019-04-24] [10:24:54.210]		Start scraper
130	[2019-04-24] [10:24:54.210]	Get #priceBody.innerHTML
131	[2019-04-24] [10:24:54.243]	Page scrape 2 analogs
132	[2019-04-24] [10:24:54.244]	Go to: https://www.exist.ru/Price/?pid=AAA05445
133	[2019-04-24] [10:24:55.510]	https://www.exist.ru/Price/?pid=AAA05445 successfully opened
134	[2019-04-24] [10:24:55.510]		Analyse page
135	[2019-04-24] [10:24:55.518]		Handle errors
136	[2019-04-24] [10:24:55.518]	Wait for: 2897
137	[2019-04-24] [10:24:58.415]	Scrape: https://www.exist.ru/Price/?pid=AAA05445
138	[2019-04-24] [10:24:58.415]		Start scraper
139	[2019-04-24] [10:24:58.415]	Get #priceBody.innerHTML
140	[2019-04-24] [10:24:58.438]	Page scrape 1 analogs
141	[2019-04-24] [10:24:58.438]	Go to: https://www.exist.ru/Price/?pid=CA80A095
142	[2019-04-24] [10:24:59.860]	https://www.exist.ru/Price/?pid=CA80A095 successfully opened
143	[2019-04-24] [10:24:59.860]		Analyse page
144	[2019-04-24] [10:24:59.866]		Handle errors
145	[2019-04-24] [10:24:59.866]	Wait for: 2984
146	[2019-04-24] [10:25:02.851]	Scrape: https://www.exist.ru/Price/?pid=CA80A095
147	[2019-04-24] [10:25:02.851]		Start scraper
148	[2019-04-24] [10:25:02.851]	Get #priceBody.innerHTML
149	[2019-04-24] [10:25:02.868]	Page scrape 2 analogs
150	[2019-04-24] [10:25:02.870]	Write XLSX to: files/source/articles.xlsx
151	[2019-04-24] [10:25:02.907]	Write XLSX to: files/result/result.xlsx
152	[2019-04-24] [10:25:03.127]	Script execution finished.
153	[2019-04-24] [10:25:03.128]	***
