1	[2019-04-23] [08:44:14.086]	Start program
2	[2019-04-23] [08:44:16.407]	Open: https://exist.ru
3	[2019-04-23] [08:44:19.316]	https://exist.ru successfully opened
4	[2019-04-23] [08:44:30.178]	Login successfully.
5	[2019-04-23] [08:44:44.321]	Source files/source/articles.xlsx loaded, length: 684
6	[2019-04-23] [08:44:44.321]	Results files/result/result.xlsx loaded, length: 1913
7	[2019-04-23] [08:44:44.322]	Scraping https://exist.ru from article #35 569065
8	[2019-04-23] [08:44:44.322]	Start main sequence.
9	[2019-04-23] [08:44:44.323]	Scraping article: #35 569065 | category: Тормозные диски | https://exist.ru/Price/?pcode=569065
10	[2019-04-23] [08:44:52.367]	https://exist.ru/Price/?pcode=569065 successfully opened
11	[2019-04-23] [08:44:52.367]	Wait for: 1382
12	[2019-04-23] [08:44:53.749]		Analyse page
13	[2019-04-23] [08:44:53.752]		Handle errors
14	[2019-04-23] [08:44:53.752]	Banner detected
15	[2019-04-23] [08:44:53.753]	Wait for banner
16	[2019-04-23] [08:45:00.859]	Banner skiped
17	[2019-04-23] [08:45:00.860]		Start scraper
18	[2019-04-23] [08:45:00.860]	Get #priceBody.innerHTML
19	[2019-04-23] [08:45:00.861]	Scraping article: #36 569069 | category: Тормозные диски | https://exist.ru/Price/?pcode=569069
20	[2019-04-23] [08:45:01.390]	#priceBody not found. Reload page: attempt 1
21	[2019-04-23] [08:45:02.023]	https://exist.ru/Price/?pcode=569069 successfully opened
22	[2019-04-23] [08:45:02.023]	Wait for: 1065
23	[2019-04-23] [08:45:02.023]		Analyse page
24	[2019-04-23] [08:45:02.024]		Handle errors
25	[2019-04-23] [08:45:02.228]	Get #priceBody.innerHTML
26	[2019-04-23] [08:45:02.232]	#priceBody not found. Reload page: attempt 2
27	[2019-04-23] [08:45:03.062]		Analyse page
28	[2019-04-23] [08:45:03.069]		Handle errors
29	[2019-04-23] [08:45:03.088]		Analyse page
30	[2019-04-23] [08:45:03.090]		Handle errors
31	[2019-04-23] [08:45:03.107]	Catalog links amount: 2
32	[2019-04-23] [08:45:03.109]	Link: #1 https://exist.ru/Price/?pid=F0C0E4E7
33	[2019-04-23] [08:45:03.110]	Category found, go to: https://exist.ru/Price/?pid=F0C0E4E7
34	[2019-04-23] [08:45:03.269]	Get #priceBody.innerHTML
35	[2019-04-23] [08:45:06.663]	#priceBody not found. Reload page: attempt 3
36	[2019-04-23] [08:45:07.493]	https://exist.ru/Price/?pid=F0C0E4E7 successfully opened
37	[2019-04-23] [08:45:07.493]		Analyse page
38	[2019-04-23] [08:45:12.241]	Error: Execution context was destroyed, most likely because of a navigation.
39	[2019-04-23] [08:45:12.241]	Write XLSX to: files/source/articles.xlsx
40	[2019-04-23] [08:45:12.299]	Write XLSX to: files/result/result.xlsx
41	[2019-04-23] [08:45:12.539]	Script execution finished.
42	[2019-04-23] [08:45:12.540]	***
43	[2019-04-23] [08:45:12.953]		Analyse page
44	[2019-04-23] [08:45:12.957]		Handle errors
45	[2019-04-23] [08:45:12.957]	Banner detected
46	[2019-04-23] [08:45:12.958]	Wait for banner
47	[2019-04-23] [08:45:19.767]	Banner skiped
48	[2019-04-23] [08:45:19.967]	Get #priceBody.innerHTML
49	[2019-04-23] [08:45:20.007]	Page scrape 2 analogs
50	[2019-04-23] [08:45:20.007]	Get #priceBody.innerHTML
51	[2019-04-23] [08:45:20.026]	Page scrape 2 analogs
