1	[2019-04-23] [08:27:37.182]	Start program
2	[2019-04-23] [08:27:39.626]	Open: https://exist.ru
3	[2019-04-23] [08:27:42.601]	https://exist.ru successfully opened
4	[2019-04-23] [08:27:48.367]	Login successfully.
5	[2019-04-23] [08:27:51.209]	Source files/source/articles.xlsx loaded, length: 684
6	[2019-04-23] [08:27:51.209]	Results files/result/result.xlsx loaded, length: 935
7	[2019-04-23] [08:27:51.209]	Scraping https://exist.ru from article #23 352800
8	[2019-04-23] [08:27:51.210]	Start main sequence.
9	[2019-04-23] [08:27:51.210]	Scraping article: #23 352800 | category: Рычаги подвески | https://exist.ru/Price/?pcode=352800
10	[2019-04-23] [08:27:52.317]	https://exist.ru/Price/?pcode=352800 successfully opened
11	[2019-04-23] [08:27:52.318]	Wait for: 1438
12	[2019-04-23] [08:27:53.756]		Analyse page
13	[2019-04-23] [08:27:53.758]		Handle errors
14	[2019-04-23] [08:27:53.790]	Catalog links amount: 10
15	[2019-04-23] [08:27:53.794]	Link: #1 https://exist.ru/Price/?pid=BFF03019
16	[2019-04-23] [08:27:53.796]	Link: #2 https://exist.ru/Price/?pid=21E0AE7F
17	[2019-04-23] [08:27:53.797]	Link: #3 https://exist.ru/Price/?pid=3C20D267
18	[2019-04-23] [08:27:53.798]	Link: #4 https://exist.ru/Price/?pid=E1D0D63D
19	[2019-04-23] [08:27:53.799]	Link: #5 https://exist.ru/Price/?pid=C080D3B4
20	[2019-04-23] [08:27:53.800]	Link: #6 https://exist.ru/Price/?pid=3EB0595D
21	[2019-04-23] [08:27:53.802]	Link: #7 https://exist.ru/Price/?pid=CF80A9E4
22	[2019-04-23] [08:27:53.803]	Link: #8 https://exist.ru/Price/?pid=BF40E343
23	[2019-04-23] [08:27:53.804]	Link: #9 https://exist.ru/Price/?pid=FFA0CE60
24	[2019-04-23] [08:27:53.805]	Link: #10 https://exist.ru/Price/?pid=99D0C26C
25	[2019-04-23] [08:27:53.805]	Category not found, download all links
26	[2019-04-23] [08:27:53.805]	Go to: https://exist.ru/Price/?pid=BFF03019
27	[2019-04-23] [08:27:55.261]	https://exist.ru/Price/?pid=BFF03019 successfully opened
28	[2019-04-23] [08:27:55.261]		Analyse page
29	[2019-04-23] [08:27:55.264]		Handle errors
30	[2019-04-23] [08:27:55.264]	Wait for: 1233
31	[2019-04-23] [08:27:56.498]	Scrape: https://exist.ru/Price/?pid=BFF03019
32	[2019-04-23] [08:27:56.498]		Start scraper
33	[2019-04-23] [08:27:56.498]	Get #priceBody.innerHTML
34	[2019-04-23] [08:27:56.517]	Page scrape 1 analogs
35	[2019-04-23] [08:27:56.518]	Get #priceBody.innerHTML
36	[2019-04-23] [08:27:56.536]	Page scrape 1 analogs
37	[2019-04-23] [08:27:56.536]	Get #priceBody.innerHTML
38	[2019-04-23] [08:27:56.543]	Page scrape 1 analogs
39	[2019-04-23] [08:27:56.543]	Go to: https://exist.ru/Price/?pid=21E0AE7F
40	[2019-04-23] [08:27:57.980]	https://exist.ru/Price/?pid=21E0AE7F successfully opened
41	[2019-04-23] [08:27:57.980]		Analyse page
42	[2019-04-23] [08:27:57.984]		Handle errors
43	[2019-04-23] [08:27:57.984]	Wait for: 1030
44	[2019-04-23] [08:27:59.015]	Scrape: https://exist.ru/Price/?pid=21E0AE7F
45	[2019-04-23] [08:27:59.015]		Start scraper
46	[2019-04-23] [08:27:59.015]	Get #priceBody.innerHTML
47	[2019-04-23] [08:27:59.027]	Page scrape 1 analogs
48	[2019-04-23] [08:27:59.027]	Get #priceBody.innerHTML
49	[2019-04-23] [08:27:59.037]	Page scrape 1 analogs
50	[2019-04-23] [08:27:59.037]	Get #priceBody.innerHTML
51	[2019-04-23] [08:27:59.049]	Page scrape 1 analogs
52	[2019-04-23] [08:27:59.049]	Go to: https://exist.ru/Price/?pid=3C20D267
53	[2019-04-23] [08:28:00.372]	https://exist.ru/Price/?pid=3C20D267 successfully opened
54	[2019-04-23] [08:28:00.372]		Analyse page
55	[2019-04-23] [08:28:00.375]		Handle errors
56	[2019-04-23] [08:28:00.376]	Wait for: 1262
57	[2019-04-23] [08:28:01.638]	Scrape: https://exist.ru/Price/?pid=3C20D267
58	[2019-04-23] [08:28:01.638]		Start scraper
59	[2019-04-23] [08:28:01.638]	Get #priceBody.innerHTML
60	[2019-04-23] [08:28:01.651]	Page scrape 1 analogs
61	[2019-04-23] [08:28:01.651]	Get #priceBody.innerHTML
62	[2019-04-23] [08:28:01.666]	Page scrape 1 analogs
63	[2019-04-23] [08:28:01.666]	Get #priceBody.innerHTML
64	[2019-04-23] [08:28:01.676]	Page scrape 1 analogs
65	[2019-04-23] [08:28:01.676]	Go to: https://exist.ru/Price/?pid=E1D0D63D
66	[2019-04-23] [08:28:03.065]	https://exist.ru/Price/?pid=E1D0D63D successfully opened
67	[2019-04-23] [08:28:03.065]		Analyse page
68	[2019-04-23] [08:28:03.070]		Handle errors
69	[2019-04-23] [08:28:03.070]	Wait for: 1193
70	[2019-04-23] [08:28:04.263]	Scrape: https://exist.ru/Price/?pid=E1D0D63D
71	[2019-04-23] [08:28:04.263]		Start scraper
72	[2019-04-23] [08:28:04.263]	Get #priceBody.innerHTML
73	[2019-04-23] [08:28:04.380]	Page scrape 18 analogs
74	[2019-04-23] [08:28:04.380]	Get #priceBody.innerHTML
75	[2019-04-23] [08:28:04.474]	Page scrape 18 analogs
76	[2019-04-23] [08:28:04.474]	Get #priceBody.innerHTML
77	[2019-04-23] [08:28:04.555]	Page scrape 18 analogs
78	[2019-04-23] [08:28:04.555]	Go to: https://exist.ru/Price/?pid=C080D3B4
79	[2019-04-23] [08:28:05.846]	https://exist.ru/Price/?pid=C080D3B4 successfully opened
80	[2019-04-23] [08:28:05.846]		Analyse page
81	[2019-04-23] [08:28:05.848]		Handle errors
82	[2019-04-23] [08:28:05.848]	Wait for: 1064
83	[2019-04-23] [08:28:06.913]	Scrape: https://exist.ru/Price/?pid=C080D3B4
84	[2019-04-23] [08:28:06.913]		Start scraper
85	[2019-04-23] [08:28:06.913]	Get #priceBody.innerHTML
86	[2019-04-23] [08:28:06.960]	Page scrape 10 analogs
87	[2019-04-23] [08:28:06.960]	Get #priceBody.innerHTML
88	[2019-04-23] [08:28:06.998]	Page scrape 10 analogs
89	[2019-04-23] [08:28:06.998]	Get #priceBody.innerHTML
90	[2019-04-23] [08:28:07.029]	Page scrape 10 analogs
91	[2019-04-23] [08:28:07.029]	Go to: https://exist.ru/Price/?pid=3EB0595D
92	[2019-04-23] [08:28:08.283]	https://exist.ru/Price/?pid=3EB0595D successfully opened
93	[2019-04-23] [08:28:08.283]		Analyse page
94	[2019-04-23] [08:28:08.286]		Handle errors
95	[2019-04-23] [08:28:08.286]	Wait for: 1305
96	[2019-04-23] [08:28:09.592]	Scrape: https://exist.ru/Price/?pid=3EB0595D
97	[2019-04-23] [08:28:09.592]		Start scraper
98	[2019-04-23] [08:28:09.592]	Get #priceBody.innerHTML
99	[2019-04-23] [08:28:09.610]	Page scrape 1 analogs
100	[2019-04-23] [08:28:09.611]	Get #priceBody.innerHTML
101	[2019-04-23] [08:28:09.632]	Page scrape 1 analogs
102	[2019-04-23] [08:28:09.632]	Get #priceBody.innerHTML
103	[2019-04-23] [08:28:09.635]	Page scrape 1 analogs
104	[2019-04-23] [08:28:09.635]	Go to: https://exist.ru/Price/?pid=CF80A9E4
105	[2019-04-23] [08:28:11.523]	https://exist.ru/Price/?pid=CF80A9E4 successfully opened
106	[2019-04-23] [08:28:11.523]		Analyse page
107	[2019-04-23] [08:28:11.529]		Handle errors
108	[2019-04-23] [08:28:11.529]	Wait for: 1039
109	[2019-04-23] [08:28:12.568]	Scrape: https://exist.ru/Price/?pid=CF80A9E4
110	[2019-04-23] [08:28:12.568]		Start scraper
111	[2019-04-23] [08:28:12.568]	Get #priceBody.innerHTML
112	[2019-04-23] [08:28:12.696]	Page scrape 31 analogs
113	[2019-04-23] [08:28:12.696]	Get #priceBody.innerHTML
114	[2019-04-23] [08:28:12.798]	Page scrape 31 analogs
115	[2019-04-23] [08:28:12.798]	Get #priceBody.innerHTML
116	[2019-04-23] [08:28:12.921]	Page scrape 31 analogs
117	[2019-04-23] [08:28:12.921]	Go to: https://exist.ru/Price/?pid=BF40E343
118	[2019-04-23] [08:28:14.210]	https://exist.ru/Price/?pid=BF40E343 successfully opened
119	[2019-04-23] [08:28:14.210]		Analyse page
120	[2019-04-23] [08:28:14.215]		Handle errors
121	[2019-04-23] [08:28:14.215]	Wait for: 1238
122	[2019-04-23] [08:28:15.452]	Scrape: https://exist.ru/Price/?pid=BF40E343
123	[2019-04-23] [08:28:15.452]		Start scraper
124	[2019-04-23] [08:28:15.452]	Get #priceBody.innerHTML
125	[2019-04-23] [08:28:15.487]	Page scrape 3 analogs
126	[2019-04-23] [08:28:15.487]	Get #priceBody.innerHTML
127	[2019-04-23] [08:28:15.502]	Page scrape 3 analogs
128	[2019-04-23] [08:28:15.502]	Get #priceBody.innerHTML
129	[2019-04-23] [08:28:15.514]	Page scrape 3 analogs
130	[2019-04-23] [08:28:15.515]	Go to: https://exist.ru/Price/?pid=FFA0CE60
131	[2019-04-23] [08:28:16.872]	https://exist.ru/Price/?pid=FFA0CE60 successfully opened
132	[2019-04-23] [08:28:16.872]		Analyse page
133	[2019-04-23] [08:28:16.879]		Handle errors
134	[2019-04-23] [08:28:16.879]	Wait for: 1144
135	[2019-04-23] [08:28:18.022]	Scrape: https://exist.ru/Price/?pid=FFA0CE60
136	[2019-04-23] [08:28:18.023]		Start scraper
137	[2019-04-23] [08:28:18.023]	Get #priceBody.innerHTML
138	[2019-04-23] [08:28:18.036]	Page scrape 1 analogs
139	[2019-04-23] [08:28:18.036]	Get #priceBody.innerHTML
140	[2019-04-23] [08:28:18.046]	Page scrape 1 analogs
141	[2019-04-23] [08:28:18.046]	Get #priceBody.innerHTML
142	[2019-04-23] [08:28:18.053]	Page scrape 1 analogs
143	[2019-04-23] [08:28:18.053]	Go to: https://exist.ru/Price/?pid=99D0C26C
144	[2019-04-23] [08:28:19.885]	https://exist.ru/Price/?pid=99D0C26C successfully opened
145	[2019-04-23] [08:28:19.885]		Analyse page
146	[2019-04-23] [08:28:19.887]		Handle errors
147	[2019-04-23] [08:28:19.887]	Wait for: 1125
148	[2019-04-23] [08:28:21.016]	Scrape: https://exist.ru/Price/?pid=99D0C26C
149	[2019-04-23] [08:28:21.016]		Start scraper
150	[2019-04-23] [08:28:21.016]	Get #priceBody.innerHTML
151	[2019-04-23] [08:28:21.062]	Page scrape 1 analogs
152	[2019-04-23] [08:28:21.062]	Get #priceBody.innerHTML
153	[2019-04-23] [08:28:21.072]	Page scrape 1 analogs
154	[2019-04-23] [08:28:21.072]	Get #priceBody.innerHTML
155	[2019-04-23] [08:28:21.079]	Page scrape 1 analogs
156	[2019-04-23] [08:28:21.081]	Scraping article: #24 420001 | category: Выжимные подшипники | https://exist.ru/Price/?pcode=420001
157	[2019-04-23] [08:28:22.127]	https://exist.ru/Price/?pcode=420001 successfully opened
158	[2019-04-23] [08:28:22.127]	Wait for: 1201
159	[2019-04-23] [08:28:23.328]		Analyse page
160	[2019-04-23] [08:28:23.330]		Handle errors
161	[2019-04-23] [08:28:23.344]	Catalog links amount: 22
162	[2019-04-23] [08:28:23.345]	Link: #1 https://exist.ru/Price/?pid=DDC0257B
163	[2019-04-23] [08:28:23.345]	Link: #2 https://exist.ru/Price/?pid=7F60782F
164	[2019-04-23] [08:28:23.346]	Link: #3 https://exist.ru/Price/?pid=65406BA9
165	[2019-04-23] [08:28:23.347]	Link: #4 https://exist.ru/Price/?pid=1C808E71
166	[2019-04-23] [08:28:23.348]	Link: #5 https://exist.ru/Price/?pid=97F02A92
167	[2019-04-23] [08:28:23.348]	Link: #6 https://exist.ru/Price/?pid=60B0DF0C
168	[2019-04-23] [08:28:23.349]	Link: #7 https://exist.ru/Price/?pid=A9F07448
169	[2019-04-23] [08:28:23.350]	Link: #8 https://exist.ru/Price/?pid=6BD08EB6
170	[2019-04-23] [08:28:23.352]	Link: #9 https://exist.ru/Price/?pid=EFC0C2FB
171	[2019-04-23] [08:28:23.354]	Link: #10 https://exist.ru/Price/?pid=6D409BE0
172	[2019-04-23] [08:28:23.355]	Link: #11 https://exist.ru/Price/?pid=062085F3
173	[2019-04-23] [08:28:23.356]	Link: #12 https://exist.ru/Price/?pid=E8A09319
174	[2019-04-23] [08:28:23.357]	Link: #13 https://exist.ru/Price/?pid=0CD0CEE4
175	[2019-04-23] [08:28:23.358]	Link: #14 https://exist.ru/Price/?pid=7CC05B55
176	[2019-04-23] [08:28:23.359]	Link: #15 https://exist.ru/Price/?pid=05903832
177	[2019-04-23] [08:28:23.359]	Link: #16 https://exist.ru/Price/?pid=9B406BA9
178	[2019-04-23] [08:28:23.360]	Link: #17 https://exist.ru/Price/?pid=23309E17
179	[2019-04-23] [08:28:23.361]	Link: #18 https://exist.ru/Price/?pid=661060B0
180	[2019-04-23] [08:28:23.361]	Link: #19 https://exist.ru/Price/?pid=84D03050
181	[2019-04-23] [08:28:23.362]	Link: #20 https://exist.ru/Price/?pid=D65013E9
182	[2019-04-23] [08:28:23.362]	Link: #21 https://exist.ru/Price/?pid=E1C09384
183	[2019-04-23] [08:28:23.363]	Link: #22 https://exist.ru/Price/?pid=EB208E32
184	[2019-04-23] [08:28:23.363]	Category not found, download all links
185	[2019-04-23] [08:28:23.363]	Go to: https://exist.ru/Price/?pid=DDC0257B
186	[2019-04-23] [08:28:24.930]	https://exist.ru/Price/?pid=DDC0257B successfully opened
187	[2019-04-23] [08:28:24.930]		Analyse page
188	[2019-04-23] [08:28:24.932]		Handle errors
189	[2019-04-23] [08:28:24.932]	Wait for: 1173
190	[2019-04-23] [08:28:26.106]	Scrape: https://exist.ru/Price/?pid=DDC0257B
191	[2019-04-23] [08:28:26.106]		Start scraper
192	[2019-04-23] [08:28:26.106]	Get #priceBody.innerHTML
193	[2019-04-23] [08:28:26.176]	Page scrape 11 analogs
194	[2019-04-23] [08:28:26.176]	Get #priceBody.innerHTML
195	[2019-04-23] [08:28:26.242]	Page scrape 11 analogs
196	[2019-04-23] [08:28:26.242]	Get #priceBody.innerHTML
197	[2019-04-23] [08:28:26.314]	Page scrape 11 analogs
198	[2019-04-23] [08:28:26.314]	Go to: https://exist.ru/Price/?pid=7F60782F
199	[2019-04-23] [08:28:27.500]	https://exist.ru/Price/?pid=7F60782F successfully opened
200	[2019-04-23] [08:28:27.500]		Analyse page
201	[2019-04-23] [08:28:27.504]		Handle errors
202	[2019-04-23] [08:28:27.504]	Wait for: 1190
203	[2019-04-23] [08:28:28.694]	Scrape: https://exist.ru/Price/?pid=7F60782F
204	[2019-04-23] [08:28:28.694]		Start scraper
205	[2019-04-23] [08:28:28.694]	Get #priceBody.innerHTML
206	[2019-04-23] [08:28:28.707]	Page scrape 3 analogs
207	[2019-04-23] [08:28:28.708]	Get #priceBody.innerHTML
208	[2019-04-23] [08:28:28.723]	Page scrape 3 analogs
209	[2019-04-23] [08:28:28.723]	Get #priceBody.innerHTML
210	[2019-04-23] [08:28:28.731]	Page scrape 3 analogs
211	[2019-04-23] [08:28:28.731]	Go to: https://exist.ru/Price/?pid=65406BA9
212	[2019-04-23] [08:28:30.527]	https://exist.ru/Price/?pid=65406BA9 successfully opened
213	[2019-04-23] [08:28:30.527]		Analyse page
214	[2019-04-23] [08:28:30.530]		Handle errors
215	[2019-04-23] [08:28:30.530]	Wait for: 1483
216	[2019-04-23] [08:28:32.013]	Scrape: https://exist.ru/Price/?pid=65406BA9
217	[2019-04-23] [08:28:32.013]		Start scraper
218	[2019-04-23] [08:28:32.013]	Get #priceBody.innerHTML
219	[2019-04-23] [08:28:32.041]	Page scrape 7 analogs
220	[2019-04-23] [08:28:32.041]	Get #priceBody.innerHTML
221	[2019-04-23] [08:28:32.064]	Page scrape 7 analogs
222	[2019-04-23] [08:28:32.064]	Get #priceBody.innerHTML
223	[2019-04-23] [08:28:32.082]	Page scrape 7 analogs
224	[2019-04-23] [08:28:32.082]	Go to: https://exist.ru/Price/?pid=1C808E71
225	[2019-04-23] [08:28:33.389]	https://exist.ru/Price/?pid=1C808E71 successfully opened
226	[2019-04-23] [08:28:33.389]		Analyse page
227	[2019-04-23] [08:28:33.393]		Handle errors
228	[2019-04-23] [08:28:33.393]	Wait for: 1029
229	[2019-04-23] [08:28:34.423]	Scrape: https://exist.ru/Price/?pid=1C808E71
230	[2019-04-23] [08:28:34.423]		Start scraper
231	[2019-04-23] [08:28:34.423]	Get #priceBody.innerHTML
232	[2019-04-23] [08:28:34.433]	Page scrape 1 analogs
233	[2019-04-23] [08:28:34.433]	Get #priceBody.innerHTML
234	[2019-04-23] [08:28:34.445]	Page scrape 1 analogs
235	[2019-04-23] [08:28:34.445]	Get #priceBody.innerHTML
236	[2019-04-23] [08:28:34.454]	Page scrape 1 analogs
237	[2019-04-23] [08:28:34.454]	Go to: https://exist.ru/Price/?pid=97F02A92
238	[2019-04-23] [08:28:35.817]	https://exist.ru/Price/?pid=97F02A92 successfully opened
239	[2019-04-23] [08:28:35.817]		Analyse page
240	[2019-04-23] [08:28:35.825]		Handle errors
241	[2019-04-23] [08:28:35.825]	Wait for: 1137
242	[2019-04-23] [08:28:36.938]	Scrape: https://exist.ru/Price/?pid=97F02A92
243	[2019-04-23] [08:28:36.938]		Start scraper
244	[2019-04-23] [08:28:36.939]	Get #priceBody.innerHTML
245	[2019-04-23] [08:28:37.026]	Page scrape 12 analogs
246	[2019-04-23] [08:28:37.026]	Get #priceBody.innerHTML
247	[2019-04-23] [08:28:37.093]	Page scrape 12 analogs
248	[2019-04-23] [08:28:37.093]	Get #priceBody.innerHTML
249	[2019-04-23] [08:28:37.168]	Page scrape 12 analogs
250	[2019-04-23] [08:28:37.168]	Go to: https://exist.ru/Price/?pid=60B0DF0C
251	[2019-04-23] [08:28:38.409]	https://exist.ru/Price/?pid=60B0DF0C successfully opened
252	[2019-04-23] [08:28:38.409]		Analyse page
253	[2019-04-23] [08:28:38.412]		Handle errors
254	[2019-04-23] [08:28:38.412]	Wait for: 1046
255	[2019-04-23] [08:28:39.458]	Scrape: https://exist.ru/Price/?pid=60B0DF0C
256	[2019-04-23] [08:28:39.459]		Start scraper
257	[2019-04-23] [08:28:39.459]	Get #priceBody.innerHTML
258	[2019-04-23] [08:28:39.473]	Page scrape 1 analogs
259	[2019-04-23] [08:28:39.473]	Get #priceBody.innerHTML
260	[2019-04-23] [08:28:39.484]	Page scrape 1 analogs
261	[2019-04-23] [08:28:39.484]	Get #priceBody.innerHTML
262	[2019-04-23] [08:28:39.494]	Page scrape 1 analogs
263	[2019-04-23] [08:28:39.494]	Go to: https://exist.ru/Price/?pid=A9F07448
264	[2019-04-23] [08:28:40.816]	https://exist.ru/Price/?pid=A9F07448 successfully opened
265	[2019-04-23] [08:28:40.816]		Analyse page
266	[2019-04-23] [08:28:40.823]		Handle errors
267	[2019-04-23] [08:28:40.823]	Wait for: 1406
268	[2019-04-23] [08:28:42.229]	Scrape: https://exist.ru/Price/?pid=A9F07448
269	[2019-04-23] [08:28:42.229]		Start scraper
270	[2019-04-23] [08:28:42.229]	Get #priceBody.innerHTML
271	[2019-04-23] [08:28:42.274]	Page scrape 7 analogs
272	[2019-04-23] [08:28:42.274]	Get #priceBody.innerHTML
273	[2019-04-23] [08:28:42.305]	Page scrape 7 analogs
274	[2019-04-23] [08:28:42.305]	Get #priceBody.innerHTML
275	[2019-04-23] [08:28:42.345]	Page scrape 7 analogs
276	[2019-04-23] [08:28:42.345]	Go to: https://exist.ru/Price/?pid=6BD08EB6
277	[2019-04-23] [08:28:43.866]	https://exist.ru/Price/?pid=6BD08EB6 successfully opened
278	[2019-04-23] [08:28:43.866]		Analyse page
279	[2019-04-23] [08:28:43.872]		Handle errors
280	[2019-04-23] [08:28:43.872]	Wait for: 1399
281	[2019-04-23] [08:28:45.271]	Scrape: https://exist.ru/Price/?pid=6BD08EB6
282	[2019-04-23] [08:28:45.271]		Start scraper
283	[2019-04-23] [08:28:45.271]	Get #priceBody.innerHTML
284	[2019-04-23] [08:28:45.314]	Page scrape 4 analogs
285	[2019-04-23] [08:28:45.314]	Get #priceBody.innerHTML
286	[2019-04-23] [08:28:45.334]	Page scrape 4 analogs
287	[2019-04-23] [08:28:45.334]	Get #priceBody.innerHTML
288	[2019-04-23] [08:28:45.354]	Page scrape 4 analogs
289	[2019-04-23] [08:28:45.354]	Go to: https://exist.ru/Price/?pid=EFC0C2FB
290	[2019-04-23] [08:28:46.635]	https://exist.ru/Price/?pid=EFC0C2FB successfully opened
291	[2019-04-23] [08:28:46.635]		Analyse page
292	[2019-04-23] [08:28:46.642]		Handle errors
293	[2019-04-23] [08:28:46.642]	Wait for: 1458
294	[2019-04-23] [08:28:48.100]	Scrape: https://exist.ru/Price/?pid=EFC0C2FB
295	[2019-04-23] [08:28:48.100]		Start scraper
296	[2019-04-23] [08:28:48.100]	Get #priceBody.innerHTML
297	[2019-04-23] [08:28:48.118]	Page scrape 4 analogs
298	[2019-04-23] [08:28:48.118]	Get #priceBody.innerHTML
299	[2019-04-23] [08:28:48.142]	Page scrape 4 analogs
300	[2019-04-23] [08:28:48.142]	Get #priceBody.innerHTML
301	[2019-04-23] [08:28:48.180]	Page scrape 4 analogs
302	[2019-04-23] [08:28:48.180]	Go to: https://exist.ru/Price/?pid=6D409BE0
303	[2019-04-23] [08:28:50.093]	https://exist.ru/Price/?pid=6D409BE0 successfully opened
304	[2019-04-23] [08:28:50.093]		Analyse page
305	[2019-04-23] [08:28:50.096]		Handle errors
306	[2019-04-23] [08:28:50.097]	Wait for: 1485
307	[2019-04-23] [08:28:51.582]	Scrape: https://exist.ru/Price/?pid=6D409BE0
308	[2019-04-23] [08:28:51.582]		Start scraper
309	[2019-04-23] [08:28:51.582]	Get #priceBody.innerHTML
310	[2019-04-23] [08:28:51.601]	Page scrape 3 analogs
311	[2019-04-23] [08:28:51.601]	Get #priceBody.innerHTML
312	[2019-04-23] [08:28:51.620]	Page scrape 3 analogs
313	[2019-04-23] [08:28:51.620]	Get #priceBody.innerHTML
314	[2019-04-23] [08:28:51.630]	Page scrape 3 analogs
315	[2019-04-23] [08:28:51.630]	Go to: https://exist.ru/Price/?pid=062085F3
316	[2019-04-23] [08:28:52.875]	https://exist.ru/Price/?pid=062085F3 successfully opened
317	[2019-04-23] [08:28:52.875]		Analyse page
318	[2019-04-23] [08:28:52.879]		Handle errors
319	[2019-04-23] [08:28:52.879]	Wait for: 1097
320	[2019-04-23] [08:28:53.976]	Scrape: https://exist.ru/Price/?pid=062085F3
321	[2019-04-23] [08:28:53.976]		Start scraper
322	[2019-04-23] [08:28:53.976]	Get #priceBody.innerHTML
323	[2019-04-23] [08:28:53.996]	Page scrape 3 analogs
324	[2019-04-23] [08:28:53.996]	Get #priceBody.innerHTML
325	[2019-04-23] [08:28:54.040]	Page scrape 3 analogs
326	[2019-04-23] [08:28:54.040]	Get #priceBody.innerHTML
327	[2019-04-23] [08:28:54.056]	Page scrape 3 analogs
328	[2019-04-23] [08:28:54.056]	Go to: https://exist.ru/Price/?pid=E8A09319
329	[2019-04-23] [08:28:56.063]	https://exist.ru/Price/?pid=E8A09319 successfully opened
330	[2019-04-23] [08:28:56.063]		Analyse page
331	[2019-04-23] [08:28:56.064]		Handle errors
332	[2019-04-23] [08:28:56.064]	Wait for: 1367
333	[2019-04-23] [08:28:57.432]	Scrape: https://exist.ru/Price/?pid=E8A09319
334	[2019-04-23] [08:28:57.432]		Start scraper
335	[2019-04-23] [08:28:57.432]	Get #priceBody.innerHTML
336	[2019-04-23] [08:28:57.444]	Page scrape 1 analogs
337	[2019-04-23] [08:28:57.444]	Get #priceBody.innerHTML
338	[2019-04-23] [08:28:57.460]	Page scrape 1 analogs
339	[2019-04-23] [08:28:57.460]	Get #priceBody.innerHTML
340	[2019-04-23] [08:28:57.476]	Page scrape 1 analogs
341	[2019-04-23] [08:28:57.476]	Go to: https://exist.ru/Price/?pid=0CD0CEE4
342	[2019-04-23] [08:28:58.862]	https://exist.ru/Price/?pid=0CD0CEE4 successfully opened
343	[2019-04-23] [08:28:58.862]		Analyse page
344	[2019-04-23] [08:28:58.871]		Handle errors
345	[2019-04-23] [08:28:58.871]	Wait for: 1103
346	[2019-04-23] [08:28:59.974]	Scrape: https://exist.ru/Price/?pid=0CD0CEE4
347	[2019-04-23] [08:28:59.974]		Start scraper
348	[2019-04-23] [08:28:59.974]	Get #priceBody.innerHTML
349	[2019-04-23] [08:28:59.986]	Page scrape 1 analogs
350	[2019-04-23] [08:28:59.986]	Get #priceBody.innerHTML
351	[2019-04-23] [08:29:00.001]	Page scrape 1 analogs
352	[2019-04-23] [08:29:00.001]	Get #priceBody.innerHTML
353	[2019-04-23] [08:29:00.015]	Page scrape 1 analogs
354	[2019-04-23] [08:29:00.015]	Go to: https://exist.ru/Price/?pid=7CC05B55
355	[2019-04-23] [08:29:01.436]	https://exist.ru/Price/?pid=7CC05B55 successfully opened
356	[2019-04-23] [08:29:01.436]		Analyse page
357	[2019-04-23] [08:29:01.439]		Handle errors
358	[2019-04-23] [08:29:01.439]	Wait for: 1200
359	[2019-04-23] [08:29:02.638]	Scrape: https://exist.ru/Price/?pid=7CC05B55
360	[2019-04-23] [08:29:02.639]		Start scraper
361	[2019-04-23] [08:29:02.639]	Get #priceBody.innerHTML
362	[2019-04-23] [08:29:02.650]	Page scrape 1 analogs
363	[2019-04-23] [08:29:02.650]	Get #priceBody.innerHTML
364	[2019-04-23] [08:29:02.684]	Page scrape 1 analogs
365	[2019-04-23] [08:29:02.684]	Get #priceBody.innerHTML
366	[2019-04-23] [08:29:02.690]	Page scrape 1 analogs
367	[2019-04-23] [08:29:02.690]	Go to: https://exist.ru/Price/?pid=05903832
368	[2019-04-23] [08:29:06.213]	https://exist.ru/Price/?pid=05903832 successfully opened
369	[2019-04-23] [08:29:06.214]		Analyse page
370	[2019-04-23] [08:29:06.218]		Handle errors
371	[2019-04-23] [08:29:06.218]	Wait for: 1153
372	[2019-04-23] [08:29:07.371]	Scrape: https://exist.ru/Price/?pid=05903832
373	[2019-04-23] [08:29:07.371]		Start scraper
374	[2019-04-23] [08:29:07.371]	Get #priceBody.innerHTML
375	[2019-04-23] [08:29:07.392]	Page scrape 2 analogs
376	[2019-04-23] [08:29:07.392]	Get #priceBody.innerHTML
377	[2019-04-23] [08:29:07.407]	Page scrape 2 analogs
378	[2019-04-23] [08:29:07.407]	Get #priceBody.innerHTML
379	[2019-04-23] [08:29:07.419]	Page scrape 2 analogs
380	[2019-04-23] [08:29:07.419]	Go to: https://exist.ru/Price/?pid=9B406BA9
381	[2019-04-23] [08:29:08.655]	https://exist.ru/Price/?pid=9B406BA9 successfully opened
382	[2019-04-23] [08:29:08.655]		Analyse page
383	[2019-04-23] [08:29:08.662]		Handle errors
384	[2019-04-23] [08:29:08.662]	Wait for: 1294
385	[2019-04-23] [08:29:09.956]	Scrape: https://exist.ru/Price/?pid=9B406BA9
386	[2019-04-23] [08:29:09.956]		Start scraper
387	[2019-04-23] [08:29:09.956]	Get #priceBody.innerHTML
388	[2019-04-23] [08:29:09.976]	Page scrape 3 analogs
389	[2019-04-23] [08:29:09.976]	Get #priceBody.innerHTML
390	[2019-04-23] [08:29:09.991]	Page scrape 3 analogs
391	[2019-04-23] [08:29:09.992]	Get #priceBody.innerHTML
392	[2019-04-23] [08:29:10.004]	Page scrape 3 analogs
393	[2019-04-23] [08:29:10.004]	Go to: https://exist.ru/Price/?pid=23309E17
394	[2019-04-23] [08:29:11.476]	https://exist.ru/Price/?pid=23309E17 successfully opened
395	[2019-04-23] [08:29:11.476]		Analyse page
396	[2019-04-23] [08:29:11.480]		Handle errors
397	[2019-04-23] [08:29:11.480]	Wait for: 1126
398	[2019-04-23] [08:29:12.606]	Scrape: https://exist.ru/Price/?pid=23309E17
399	[2019-04-23] [08:29:12.606]		Start scraper
400	[2019-04-23] [08:29:12.606]	Get #priceBody.innerHTML
401	[2019-04-23] [08:29:12.638]	Page scrape 3 analogs
402	[2019-04-23] [08:29:12.638]	Get #priceBody.innerHTML
403	[2019-04-23] [08:29:12.662]	Page scrape 3 analogs
404	[2019-04-23] [08:29:12.662]	Get #priceBody.innerHTML
405	[2019-04-23] [08:29:12.687]	Page scrape 3 analogs
406	[2019-04-23] [08:29:12.687]	Go to: https://exist.ru/Price/?pid=661060B0
407	[2019-04-23] [08:29:13.845]	https://exist.ru/Price/?pid=661060B0 successfully opened
408	[2019-04-23] [08:29:13.845]		Analyse page
409	[2019-04-23] [08:29:13.848]		Handle errors
410	[2019-04-23] [08:29:13.848]	Wait for: 1410
411	[2019-04-23] [08:29:15.258]	Scrape: https://exist.ru/Price/?pid=661060B0
412	[2019-04-23] [08:29:15.258]		Start scraper
413	[2019-04-23] [08:29:15.258]	Get #priceBody.innerHTML
414	[2019-04-23] [08:29:15.270]	Page scrape 1 analogs
415	[2019-04-23] [08:29:15.271]	Get #priceBody.innerHTML
416	[2019-04-23] [08:29:15.281]	Page scrape 1 analogs
417	[2019-04-23] [08:29:15.281]	Get #priceBody.innerHTML
418	[2019-04-23] [08:29:15.292]	Page scrape 1 analogs
419	[2019-04-23] [08:29:15.292]	Go to: https://exist.ru/Price/?pid=84D03050
420	[2019-04-23] [08:29:16.690]	https://exist.ru/Price/?pid=84D03050 successfully opened
421	[2019-04-23] [08:29:16.690]		Analyse page
422	[2019-04-23] [08:29:16.699]		Handle errors
423	[2019-04-23] [08:29:16.699]	Wait for: 1089
424	[2019-04-23] [08:29:17.788]	Scrape: https://exist.ru/Price/?pid=84D03050
425	[2019-04-23] [08:29:17.788]		Start scraper
426	[2019-04-23] [08:29:17.788]	Get #priceBody.innerHTML
427	[2019-04-23] [08:29:17.813]	Page scrape 3 analogs
428	[2019-04-23] [08:29:17.813]	Get #priceBody.innerHTML
429	[2019-04-23] [08:29:17.828]	Page scrape 3 analogs
430	[2019-04-23] [08:29:17.828]	Get #priceBody.innerHTML
431	[2019-04-23] [08:29:17.866]	Page scrape 3 analogs
432	[2019-04-23] [08:29:17.866]	Go to: https://exist.ru/Price/?pid=D65013E9
433	[2019-04-23] [08:29:19.809]	https://exist.ru/Price/?pid=D65013E9 successfully opened
434	[2019-04-23] [08:29:19.809]		Analyse page
435	[2019-04-23] [08:29:19.813]		Handle errors
436	[2019-04-23] [08:29:19.813]	Wait for: 1022
437	[2019-04-23] [08:29:20.836]	Scrape: https://exist.ru/Price/?pid=D65013E9
438	[2019-04-23] [08:29:20.836]		Start scraper
439	[2019-04-23] [08:29:20.836]	Get #priceBody.innerHTML
440	[2019-04-23] [08:29:20.859]	Page scrape 2 analogs
441	[2019-04-23] [08:29:20.859]	Get #priceBody.innerHTML
442	[2019-04-23] [08:29:20.875]	Page scrape 2 analogs
443	[2019-04-23] [08:29:20.875]	Get #priceBody.innerHTML
444	[2019-04-23] [08:29:20.886]	Page scrape 2 analogs
445	[2019-04-23] [08:29:20.886]	Go to: https://exist.ru/Price/?pid=E1C09384
446	[2019-04-23] [08:29:22.130]	https://exist.ru/Price/?pid=E1C09384 successfully opened
447	[2019-04-23] [08:29:22.130]		Analyse page
448	[2019-04-23] [08:29:22.132]		Handle errors
449	[2019-04-23] [08:29:22.132]	Wait for: 1399
450	[2019-04-23] [08:29:23.532]	Scrape: https://exist.ru/Price/?pid=E1C09384
451	[2019-04-23] [08:29:23.532]		Start scraper
452	[2019-04-23] [08:29:23.532]	Get #priceBody.innerHTML
453	[2019-04-23] [08:29:23.540]	Page scrape 1 analogs
454	[2019-04-23] [08:29:23.540]	Get #priceBody.innerHTML
455	[2019-04-23] [08:29:23.551]	Page scrape 1 analogs
456	[2019-04-23] [08:29:23.551]	Get #priceBody.innerHTML
457	[2019-04-23] [08:29:23.558]	Page scrape 1 analogs
458	[2019-04-23] [08:29:23.558]	Go to: https://exist.ru/Price/?pid=EB208E32
459	[2019-04-23] [08:29:25.323]	https://exist.ru/Price/?pid=EB208E32 successfully opened
460	[2019-04-23] [08:29:25.323]		Analyse page
461	[2019-04-23] [08:29:25.328]		Handle errors
462	[2019-04-23] [08:29:25.328]	Wait for: 1491
463	[2019-04-23] [08:29:26.818]	Scrape: https://exist.ru/Price/?pid=EB208E32
464	[2019-04-23] [08:29:26.818]		Start scraper
465	[2019-04-23] [08:29:26.818]	Get #priceBody.innerHTML
466	[2019-04-23] [08:29:26.881]	Page scrape 8 analogs
467	[2019-04-23] [08:29:26.881]	Get #priceBody.innerHTML
468	[2019-04-23] [08:29:26.922]	Page scrape 8 analogs
469	[2019-04-23] [08:29:26.922]	Get #priceBody.innerHTML
470	[2019-04-23] [08:29:26.984]	Page scrape 8 analogs
471	[2019-04-23] [08:29:26.985]	Scraping article: #25 420004 | category: Выжимные подшипники | https://exist.ru/Price/?pcode=420004
472	[2019-04-23] [08:29:28.110]	https://exist.ru/Price/?pcode=420004 successfully opened
473	[2019-04-23] [08:29:28.110]	Wait for: 1133
474	[2019-04-23] [08:29:29.242]		Analyse page
475	[2019-04-23] [08:29:29.245]		Handle errors
476	[2019-04-23] [08:29:29.254]	Catalog links amount: 14
477	[2019-04-23] [08:29:29.255]	Link: #1 https://exist.ru/Price/?pid=65D06BA9
478	[2019-04-23] [08:29:29.256]	Link: #2 https://exist.ru/Price/?pid=98502A92
479	[2019-04-23] [08:29:29.258]	Link: #3 https://exist.ru/Price/?pid=7DE0CE12
480	[2019-04-23] [08:29:29.259]	Link: #4 https://exist.ru/Price/?pid=6C608EB6
481	[2019-04-23] [08:29:29.260]	Link: #5 https://exist.ru/Price/?pid=19604202
482	[2019-04-23] [08:29:29.261]	Link: #6 https://exist.ru/Price/?pid=EC309BD7
483	[2019-04-23] [08:29:29.262]	Link: #7 https://exist.ru/Price/?pid=C5A08FFD
484	[2019-04-23] [08:29:29.264]	Link: #8 https://exist.ru/Price/?pid=7D505B55
485	[2019-04-23] [08:29:29.265]	Link: #9 https://exist.ru/Price/?pid=06203832
486	[2019-04-23] [08:29:29.266]	Link: #10 https://exist.ru/Price/?pid=667060B0
487	[2019-04-23] [08:29:29.268]	Link: #11 https://exist.ru/Price/?pid=85603050
488	[2019-04-23] [08:29:29.269]	Link: #12 https://exist.ru/Price/?pid=D6E013E9
489	[2019-04-23] [08:29:29.270]	Link: #13 https://exist.ru/Price/?pid=F980AEEB
490	[2019-04-23] [08:29:29.271]	Link: #14 https://exist.ru/Price/?pid=B7D0A3B2
491	[2019-04-23] [08:29:29.272]	Category not found, download all links
492	[2019-04-23] [08:29:29.272]	Go to: https://exist.ru/Price/?pid=65D06BA9
493	[2019-04-23] [08:29:30.624]	https://exist.ru/Price/?pid=65D06BA9 successfully opened
494	[2019-04-23] [08:29:30.624]		Analyse page
495	[2019-04-23] [08:29:30.628]		Handle errors
496	[2019-04-23] [08:29:30.628]	Wait for: 1150
497	[2019-04-23] [08:29:31.778]	Scrape: https://exist.ru/Price/?pid=65D06BA9
498	[2019-04-23] [08:29:31.778]		Start scraper
499	[2019-04-23] [08:29:31.778]	Get #priceBody.innerHTML
500	[2019-04-23] [08:29:31.819]	Page scrape 7 analogs
501	[2019-04-23] [08:29:31.819]	Get #priceBody.innerHTML
502	[2019-04-23] [08:29:31.838]	Page scrape 7 analogs
503	[2019-04-23] [08:29:31.838]	Get #priceBody.innerHTML
504	[2019-04-23] [08:29:31.856]	Page scrape 7 analogs
505	[2019-04-23] [08:29:31.856]	Go to: https://exist.ru/Price/?pid=98502A92
506	[2019-04-23] [08:29:33.428]	https://exist.ru/Price/?pid=98502A92 successfully opened
507	[2019-04-23] [08:29:33.428]		Analyse page
508	[2019-04-23] [08:29:33.431]		Handle errors
509	[2019-04-23] [08:29:33.431]	Wait for: 1263
510	[2019-04-23] [08:29:34.694]	Scrape: https://exist.ru/Price/?pid=98502A92
511	[2019-04-23] [08:29:34.694]		Start scraper
512	[2019-04-23] [08:29:34.694]	Get #priceBody.innerHTML
513	[2019-04-23] [08:29:34.802]	Page scrape 16 analogs
514	[2019-04-23] [08:29:34.802]	Get #priceBody.innerHTML
515	[2019-04-23] [08:29:34.886]	Page scrape 16 analogs
516	[2019-04-23] [08:29:34.886]	Get #priceBody.innerHTML
517	[2019-04-23] [08:29:35.000]	Page scrape 16 analogs
518	[2019-04-23] [08:29:35.000]	Go to: https://exist.ru/Price/?pid=7DE0CE12
519	[2019-04-23] [08:29:36.437]	https://exist.ru/Price/?pid=7DE0CE12 successfully opened
520	[2019-04-23] [08:29:36.437]		Analyse page
521	[2019-04-23] [08:29:36.444]		Handle errors
522	[2019-04-23] [08:29:36.445]	Wait for: 1314
523	[2019-04-23] [08:29:37.762]	Scrape: https://exist.ru/Price/?pid=7DE0CE12
524	[2019-04-23] [08:29:37.763]		Start scraper
525	[2019-04-23] [08:29:37.763]	Get #priceBody.innerHTML
526	[2019-04-23] [08:29:37.819]	Page scrape 9 analogs
527	[2019-04-23] [08:29:37.819]	Get #priceBody.innerHTML
528	[2019-04-23] [08:29:37.851]	Page scrape 9 analogs
529	[2019-04-23] [08:29:37.851]	Get #priceBody.innerHTML
530	[2019-04-23] [08:29:37.885]	Page scrape 9 analogs
531	[2019-04-23] [08:29:37.885]	Go to: https://exist.ru/Price/?pid=6C608EB6
532	[2019-04-23] [08:29:40.797]	https://exist.ru/Price/?pid=6C608EB6 successfully opened
533	[2019-04-23] [08:29:40.797]		Analyse page
534	[2019-04-23] [08:29:40.802]		Handle errors
535	[2019-04-23] [08:29:40.802]	Wait for: 1178
536	[2019-04-23] [08:29:41.981]	Scrape: https://exist.ru/Price/?pid=6C608EB6
537	[2019-04-23] [08:29:41.981]		Start scraper
538	[2019-04-23] [08:29:41.981]	Get #priceBody.innerHTML
539	[2019-04-23] [08:29:41.990]	Page scrape 1 analogs
540	[2019-04-23] [08:29:41.990]	Get #priceBody.innerHTML
541	[2019-04-23] [08:29:41.999]	Page scrape 1 analogs
542	[2019-04-23] [08:29:41.999]	Get #priceBody.innerHTML
543	[2019-04-23] [08:29:42.010]	Page scrape 1 analogs
544	[2019-04-23] [08:29:42.010]	Go to: https://exist.ru/Price/?pid=19604202
545	[2019-04-23] [08:29:43.435]	https://exist.ru/Price/?pid=19604202 successfully opened
546	[2019-04-23] [08:29:43.435]		Analyse page
547	[2019-04-23] [08:29:43.442]		Handle errors
548	[2019-04-23] [08:29:43.442]	Wait for: 1297
549	[2019-04-23] [08:29:44.740]	Scrape: https://exist.ru/Price/?pid=19604202
550	[2019-04-23] [08:29:44.740]		Start scraper
551	[2019-04-23] [08:29:44.740]	Get #priceBody.innerHTML
552	[2019-04-23] [08:29:44.754]	Page scrape 2 analogs
553	[2019-04-23] [08:29:44.754]	Get #priceBody.innerHTML
554	[2019-04-23] [08:29:44.767]	Page scrape 2 analogs
555	[2019-04-23] [08:29:44.767]	Get #priceBody.innerHTML
556	[2019-04-23] [08:29:44.783]	Page scrape 2 analogs
557	[2019-04-23] [08:29:44.783]	Go to: https://exist.ru/Price/?pid=EC309BD7
558	[2019-04-23] [08:29:46.950]	https://exist.ru/Price/?pid=EC309BD7 successfully opened
559	[2019-04-23] [08:29:46.950]		Analyse page
560	[2019-04-23] [08:29:46.966]		Handle errors
561	[2019-04-23] [08:29:46.966]	Wait for: 1280
562	[2019-04-23] [08:29:48.247]	Scrape: https://exist.ru/Price/?pid=EC309BD7
563	[2019-04-23] [08:29:48.247]		Start scraper
564	[2019-04-23] [08:29:48.247]	Get #priceBody.innerHTML
565	[2019-04-23] [08:29:48.657]	Page scrape 61 analogs
566	[2019-04-23] [08:29:48.657]	Get #priceBody.innerHTML
567	[2019-04-23] [08:29:49.118]	Page scrape 61 analogs
568	[2019-04-23] [08:29:49.118]	Get #priceBody.innerHTML
569	[2019-04-23] [08:29:49.539]	Page scrape 61 analogs
570	[2019-04-23] [08:29:49.539]	Go to: https://exist.ru/Price/?pid=C5A08FFD
571	[2019-04-23] [08:29:51.415]	https://exist.ru/Price/?pid=C5A08FFD successfully opened
572	[2019-04-23] [08:29:51.416]		Analyse page
573	[2019-04-23] [08:29:51.418]		Handle errors
574	[2019-04-23] [08:29:51.418]	Wait for: 1482
575	[2019-04-23] [08:29:52.900]	Scrape: https://exist.ru/Price/?pid=C5A08FFD
576	[2019-04-23] [08:29:52.900]		Start scraper
577	[2019-04-23] [08:29:52.900]	Get #priceBody.innerHTML
578	[2019-04-23] [08:29:52.919]	Page scrape 1 analogs
579	[2019-04-23] [08:29:52.919]	Get #priceBody.innerHTML
580	[2019-04-23] [08:29:52.940]	Page scrape 1 analogs
581	[2019-04-23] [08:29:52.940]	Get #priceBody.innerHTML
582	[2019-04-23] [08:29:52.948]	Page scrape 1 analogs
583	[2019-04-23] [08:29:52.948]	Go to: https://exist.ru/Price/?pid=7D505B55
584	[2019-04-23] [08:29:54.341]	https://exist.ru/Price/?pid=7D505B55 successfully opened
585	[2019-04-23] [08:29:54.341]		Analyse page
586	[2019-04-23] [08:29:54.345]		Handle errors
587	[2019-04-23] [08:29:54.346]	Wait for: 1051
588	[2019-04-23] [08:29:55.396]	Scrape: https://exist.ru/Price/?pid=7D505B55
589	[2019-04-23] [08:29:55.396]		Start scraper
590	[2019-04-23] [08:29:55.396]	Get #priceBody.innerHTML
591	[2019-04-23] [08:29:55.407]	Page scrape 1 analogs
592	[2019-04-23] [08:29:55.408]	Get #priceBody.innerHTML
593	[2019-04-23] [08:29:55.422]	Page scrape 1 analogs
594	[2019-04-23] [08:29:55.422]	Get #priceBody.innerHTML
595	[2019-04-23] [08:29:55.434]	Page scrape 1 analogs
596	[2019-04-23] [08:29:55.434]	Go to: https://exist.ru/Price/?pid=06203832
597	[2019-04-23] [08:29:56.623]	https://exist.ru/Price/?pid=06203832 successfully opened
598	[2019-04-23] [08:29:56.623]		Analyse page
599	[2019-04-23] [08:29:56.628]		Handle errors
600	[2019-04-23] [08:29:56.628]	Wait for: 1012
601	[2019-04-23] [08:29:57.640]	Scrape: https://exist.ru/Price/?pid=06203832
602	[2019-04-23] [08:29:57.640]		Start scraper
603	[2019-04-23] [08:29:57.640]	Get #priceBody.innerHTML
604	[2019-04-23] [08:29:57.667]	Page scrape 2 analogs
605	[2019-04-23] [08:29:57.667]	Get #priceBody.innerHTML
606	[2019-04-23] [08:29:57.685]	Page scrape 2 analogs
607	[2019-04-23] [08:29:57.685]	Get #priceBody.innerHTML
608	[2019-04-23] [08:29:57.698]	Page scrape 2 analogs
609	[2019-04-23] [08:29:57.698]	Go to: https://exist.ru/Price/?pid=667060B0
610	[2019-04-23] [08:29:59.837]	https://exist.ru/Price/?pid=667060B0 successfully opened
611	[2019-04-23] [08:29:59.838]		Analyse page
612	[2019-04-23] [08:29:59.841]		Handle errors
613	[2019-04-23] [08:29:59.841]	Wait for: 1273
614	[2019-04-23] [08:30:01.113]	Scrape: https://exist.ru/Price/?pid=667060B0
615	[2019-04-23] [08:30:01.113]		Start scraper
616	[2019-04-23] [08:30:01.114]	Get #priceBody.innerHTML
617	[2019-04-23] [08:30:01.132]	Page scrape 1 analogs
618	[2019-04-23] [08:30:01.132]	Get #priceBody.innerHTML
619	[2019-04-23] [08:30:01.145]	Page scrape 1 analogs
620	[2019-04-23] [08:30:01.146]	Get #priceBody.innerHTML
621	[2019-04-23] [08:30:01.155]	Page scrape 1 analogs
622	[2019-04-23] [08:30:01.155]	Go to: https://exist.ru/Price/?pid=85603050
623	[2019-04-23] [08:30:02.335]	https://exist.ru/Price/?pid=85603050 successfully opened
624	[2019-04-23] [08:30:02.335]		Analyse page
625	[2019-04-23] [08:30:02.341]		Handle errors
626	[2019-04-23] [08:30:02.342]	Wait for: 1355
627	[2019-04-23] [08:30:03.696]	Scrape: https://exist.ru/Price/?pid=85603050
628	[2019-04-23] [08:30:03.697]		Start scraper
629	[2019-04-23] [08:30:03.697]	Get #priceBody.innerHTML
630	[2019-04-23] [08:30:03.712]	Page scrape 2 analogs
631	[2019-04-23] [08:30:03.712]	Get #priceBody.innerHTML
632	[2019-04-23] [08:30:03.730]	Page scrape 2 analogs
633	[2019-04-23] [08:30:03.730]	Get #priceBody.innerHTML
634	[2019-04-23] [08:30:03.744]	Page scrape 2 analogs
635	[2019-04-23] [08:30:03.744]	Go to: https://exist.ru/Price/?pid=D6E013E9
636	[2019-04-23] [08:30:09.956]	https://exist.ru/Price/?pid=D6E013E9 successfully opened
637	[2019-04-23] [08:30:09.956]		Analyse page
638	[2019-04-23] [08:30:09.959]		Handle errors
639	[2019-04-23] [08:30:09.960]	Banner detected
640	[2019-04-23] [08:30:09.960]	Wait for banner
641	[2019-04-23] [08:30:16.861]	Banner skiped
642	[2019-04-23] [08:30:16.861]	Wait for: 1391
643	[2019-04-23] [08:30:18.252]	Scrape: https://exist.ru/Price/?pid=D6E013E9
644	[2019-04-23] [08:30:18.252]		Start scraper
645	[2019-04-23] [08:30:18.252]	Get #priceBody.innerHTML
646	[2019-04-23] [08:30:18.265]	Page scrape 1 analogs
647	[2019-04-23] [08:30:18.265]	Get #priceBody.innerHTML
648	[2019-04-23] [08:30:18.276]	Page scrape 1 analogs
649	[2019-04-23] [08:30:18.276]	Get #priceBody.innerHTML
650	[2019-04-23] [08:30:18.287]	Page scrape 1 analogs
651	[2019-04-23] [08:30:18.288]	Go to: https://exist.ru/Price/?pid=F980AEEB
652	[2019-04-23] [08:30:23.040]	https://exist.ru/Price/?pid=F980AEEB successfully opened
653	[2019-04-23] [08:30:23.040]		Analyse page
654	[2019-04-23] [08:30:23.043]		Handle errors
655	[2019-04-23] [08:30:23.043]	Banner detected
656	[2019-04-23] [08:30:23.043]	Wait for banner
657	[2019-04-23] [08:30:30.643]	Banner skiped
658	[2019-04-23] [08:30:30.643]	Wait for: 1188
659	[2019-04-23] [08:30:31.831]	Scrape: https://exist.ru/Price/?pid=F980AEEB
660	[2019-04-23] [08:30:31.832]		Start scraper
661	[2019-04-23] [08:30:31.832]	Get #priceBody.innerHTML
662	[2019-04-23] [08:30:31.869]	Page scrape 6 analogs
663	[2019-04-23] [08:30:31.870]	Get #priceBody.innerHTML
664	[2019-04-23] [08:30:31.919]	Page scrape 6 analogs
665	[2019-04-23] [08:30:31.920]	Get #priceBody.innerHTML
666	[2019-04-23] [08:30:31.962]	Page scrape 6 analogs
667	[2019-04-23] [08:30:31.962]	Go to: https://exist.ru/Price/?pid=B7D0A3B2
668	[2019-04-23] [08:30:38.014]	https://exist.ru/Price/?pid=B7D0A3B2 successfully opened
669	[2019-04-23] [08:30:38.015]		Analyse page
670	[2019-04-23] [08:30:38.018]		Handle errors
671	[2019-04-23] [08:30:38.018]	Banner detected
672	[2019-04-23] [08:30:38.019]	Wait for banner
673	[2019-04-23] [08:30:44.737]	Banner skiped
674	[2019-04-23] [08:30:44.737]	Wait for: 1329
675	[2019-04-23] [08:30:46.072]	Scrape: https://exist.ru/Price/?pid=B7D0A3B2
676	[2019-04-23] [08:30:46.072]		Start scraper
677	[2019-04-23] [08:30:46.072]	Get #priceBody.innerHTML
678	[2019-04-23] [08:30:46.120]	Page scrape 6 analogs
679	[2019-04-23] [08:30:46.120]	Get #priceBody.innerHTML
680	[2019-04-23] [08:30:46.148]	Page scrape 6 analogs
681	[2019-04-23] [08:30:46.148]	Get #priceBody.innerHTML
682	[2019-04-23] [08:30:46.180]	Page scrape 6 analogs
683	[2019-04-23] [08:30:46.181]	Scraping article: #26 436333 | category: Амортизаторы | https://exist.ru/Price/?pcode=436333
684	[2019-04-23] [08:30:47.311]	https://exist.ru/Price/?pcode=436333 successfully opened
685	[2019-04-23] [08:30:47.311]	Wait for: 1313
686	[2019-04-23] [08:30:48.625]		Analyse page
687	[2019-04-23] [08:30:48.628]		Handle errors
688	[2019-04-23] [08:30:48.633]	Catalog links amount: 2
689	[2019-04-23] [08:30:48.634]	Link: #1 https://exist.ru/Price/?pid=46D054B5
690	[2019-04-23] [08:30:48.635]	Link: #2 https://exist.ru/Price/?pid=CA8017BE
691	[2019-04-23] [08:30:48.636]	Category not found, download all links
692	[2019-04-23] [08:30:48.636]	Go to: https://exist.ru/Price/?pid=46D054B5
693	[2019-04-23] [08:30:58.464]	https://exist.ru/Price/?pid=46D054B5 successfully opened
694	[2019-04-23] [08:30:58.465]		Analyse page
695	[2019-04-23] [08:30:58.468]		Handle errors
696	[2019-04-23] [08:30:58.468]	Banner detected
697	[2019-04-23] [08:30:58.469]	Wait for banner
698	[2019-04-23] [08:31:05.265]	Banner skiped
699	[2019-04-23] [08:31:05.265]	Wait for: 1401
700	[2019-04-23] [08:31:06.666]	Scrape: https://exist.ru/Price/?pid=46D054B5
701	[2019-04-23] [08:31:06.666]		Start scraper
702	[2019-04-23] [08:31:06.666]	Get #priceBody.innerHTML
703	[2019-04-23] [08:31:06.684]	Page scrape 1 analogs
704	[2019-04-23] [08:31:06.684]	Get #priceBody.innerHTML
705	[2019-04-23] [08:31:06.703]	Page scrape 1 analogs
706	[2019-04-23] [08:31:06.704]	Get #priceBody.innerHTML
707	[2019-04-23] [08:31:06.716]	Page scrape 1 analogs
708	[2019-04-23] [08:31:06.716]	Go to: https://exist.ru/Price/?pid=CA8017BE
709	[2019-04-23] [08:31:11.809]	https://exist.ru/Price/?pid=CA8017BE successfully opened
710	[2019-04-23] [08:31:11.809]		Analyse page
711	[2019-04-23] [08:31:11.815]		Handle errors
712	[2019-04-23] [08:31:11.815]	Banner detected
713	[2019-04-23] [08:31:11.816]	Wait for banner
714	[2019-04-23] [08:31:18.771]	Banner skiped
715	[2019-04-23] [08:31:18.771]	Wait for: 1472
716	[2019-04-23] [08:31:20.243]	Scrape: https://exist.ru/Price/?pid=CA8017BE
717	[2019-04-23] [08:31:20.243]		Start scraper
718	[2019-04-23] [08:31:20.243]	Get #priceBody.innerHTML
719	[2019-04-23] [08:31:20.330]	Page scrape 15 analogs
720	[2019-04-23] [08:31:20.330]	Get #priceBody.innerHTML
721	[2019-04-23] [08:31:20.420]	Page scrape 15 analogs
722	[2019-04-23] [08:31:20.420]	Get #priceBody.innerHTML
723	[2019-04-23] [08:31:20.496]	Page scrape 15 analogs
724	[2019-04-23] [08:31:20.496]	Scraping article: #27 436670 | category: Амортизаторы | https://exist.ru/Price/?pcode=436670
725	[2019-04-23] [08:31:21.531]	https://exist.ru/Price/?pcode=436670 successfully opened
726	[2019-04-23] [08:31:21.531]	Wait for: 1340
727	[2019-04-23] [08:31:22.871]		Analyse page
728	[2019-04-23] [08:31:22.873]		Handle errors
729	[2019-04-23] [08:31:22.877]	Catalog links amount: 2
730	[2019-04-23] [08:31:22.877]	Link: #1 https://exist.ru/Price/?pid=C8F054B5
731	[2019-04-23] [08:31:22.878]	Link: #2 https://exist.ru/Price/?pid=008017BF
732	[2019-04-23] [08:31:22.879]	Category not found, download all links
733	[2019-04-23] [08:31:22.879]	Go to: https://exist.ru/Price/?pid=C8F054B5
734	[2019-04-23] [08:31:28.714]	https://exist.ru/Price/?pid=C8F054B5 successfully opened
735	[2019-04-23] [08:31:28.714]		Analyse page
736	[2019-04-23] [08:31:28.717]		Handle errors
737	[2019-04-23] [08:31:28.718]	Banner detected
738	[2019-04-23] [08:31:28.719]	Wait for banner
739	[2019-04-23] [08:31:35.580]	Banner skiped
740	[2019-04-23] [08:31:35.580]	Wait for: 1374
741	[2019-04-23] [08:31:36.953]	Scrape: https://exist.ru/Price/?pid=C8F054B5
742	[2019-04-23] [08:31:36.954]		Start scraper
743	[2019-04-23] [08:31:36.954]	Get #priceBody.innerHTML
744	[2019-04-23] [08:31:36.964]	Page scrape 1 analogs
745	[2019-04-23] [08:31:36.964]	Get #priceBody.innerHTML
746	[2019-04-23] [08:31:36.977]	Page scrape 1 analogs
747	[2019-04-23] [08:31:36.977]	Get #priceBody.innerHTML
748	[2019-04-23] [08:31:36.988]	Page scrape 1 analogs
749	[2019-04-23] [08:31:36.988]	Go to: https://exist.ru/Price/?pid=008017BF
750	[2019-04-23] [08:31:41.121]	https://exist.ru/Price/?pid=008017BF successfully opened
751	[2019-04-23] [08:31:41.121]		Analyse page
752	[2019-04-23] [08:31:41.130]		Handle errors
753	[2019-04-23] [08:31:41.130]	Banner detected
754	[2019-04-23] [08:31:41.131]	Wait for banner
755	[2019-04-23] [08:31:48.203]	Banner skiped
756	[2019-04-23] [08:31:48.203]	Wait for: 1220
757	[2019-04-23] [08:31:49.423]	Scrape: https://exist.ru/Price/?pid=008017BF
758	[2019-04-23] [08:31:49.423]		Start scraper
759	[2019-04-23] [08:31:49.423]	Get #priceBody.innerHTML
760	[2019-04-23] [08:31:49.473]	Page scrape 7 analogs
761	[2019-04-23] [08:31:49.473]	Get #priceBody.innerHTML
762	[2019-04-23] [08:31:49.504]	Page scrape 7 analogs
763	[2019-04-23] [08:31:49.504]	Get #priceBody.innerHTML
764	[2019-04-23] [08:31:49.540]	Page scrape 7 analogs
765	[2019-04-23] [08:31:49.541]	Scraping article: #28 436770 | category: Амортизаторы | https://exist.ru/Price/?pcode=436770
766	[2019-04-23] [08:31:50.715]	https://exist.ru/Price/?pcode=436770 successfully opened
767	[2019-04-23] [08:31:50.715]	Wait for: 1125
768	[2019-04-23] [08:31:51.840]		Analyse page
769	[2019-04-23] [08:31:51.843]		Handle errors
770	[2019-04-23] [08:31:51.850]	Catalog links amount: 2
771	[2019-04-23] [08:31:51.851]	Link: #1 https://exist.ru/Price/?pid=DE5054B5
772	[2019-04-23] [08:31:51.852]	Link: #2 https://exist.ru/Price/?pid=04508C13
773	[2019-04-23] [08:31:51.853]	Category not found, download all links
774	[2019-04-23] [08:31:51.853]	Go to: https://exist.ru/Price/?pid=DE5054B5
775	[2019-04-23] [08:31:57.043]	https://exist.ru/Price/?pid=DE5054B5 successfully opened
776	[2019-04-23] [08:31:57.043]		Analyse page
777	[2019-04-23] [08:31:57.048]		Handle errors
778	[2019-04-23] [08:31:57.048]	Banner detected
779	[2019-04-23] [08:31:57.049]	Wait for banner
780	[2019-04-23] [08:32:04.624]	Banner skiped
781	[2019-04-23] [08:32:04.624]	Wait for: 1326
782	[2019-04-23] [08:32:05.951]	Scrape: https://exist.ru/Price/?pid=DE5054B5
783	[2019-04-23] [08:32:05.951]		Start scraper
784	[2019-04-23] [08:32:05.951]	Get #priceBody.innerHTML
785	[2019-04-23] [08:32:05.966]	Page scrape 1 analogs
786	[2019-04-23] [08:32:05.966]	Get #priceBody.innerHTML
787	[2019-04-23] [08:32:05.986]	Page scrape 1 analogs
788	[2019-04-23] [08:32:05.986]	Get #priceBody.innerHTML
789	[2019-04-23] [08:32:06.001]	Page scrape 1 analogs
790	[2019-04-23] [08:32:06.001]	Go to: https://exist.ru/Price/?pid=04508C13
791	[2019-04-23] [08:32:12.099]	https://exist.ru/Price/?pid=04508C13 successfully opened
792	[2019-04-23] [08:32:12.099]		Analyse page
793	[2019-04-23] [08:32:12.102]		Handle errors
794	[2019-04-23] [08:32:12.102]	Banner detected
795	[2019-04-23] [08:32:12.102]	Wait for banner
796	[2019-04-23] [08:32:19.528]	Banner skiped
797	[2019-04-23] [08:32:19.528]	Wait for: 1124
798	[2019-04-23] [08:32:20.652]	Scrape: https://exist.ru/Price/?pid=04508C13
799	[2019-04-23] [08:32:20.652]		Start scraper
800	[2019-04-23] [08:32:20.652]	Get #priceBody.innerHTML
801	[2019-04-23] [08:32:20.664]	Page scrape 1 analogs
802	[2019-04-23] [08:32:20.664]	Get #priceBody.innerHTML
803	[2019-04-23] [08:32:20.675]	Page scrape 1 analogs
804	[2019-04-23] [08:32:20.675]	Get #priceBody.innerHTML
805	[2019-04-23] [08:32:20.688]	Page scrape 1 analogs
806	[2019-04-23] [08:32:20.690]	Scraping article: #29 436793 | category: Амортизаторы | https://exist.ru/Price/?pcode=436793
807	[2019-04-23] [08:32:21.762]	https://exist.ru/Price/?pcode=436793 successfully opened
808	[2019-04-23] [08:32:21.762]	Wait for: 1280
809	[2019-04-23] [08:32:23.042]		Analyse page
810	[2019-04-23] [08:32:23.046]		Handle errors
811	[2019-04-23] [08:32:23.049]	Catalog links amount: 2
812	[2019-04-23] [08:32:23.050]	Link: #1 https://exist.ru/Price/?pid=E15054B5
813	[2019-04-23] [08:32:23.051]	Link: #2 https://exist.ru/Price/?pid=07E08C13
814	[2019-04-23] [08:32:23.051]	Category not found, download all links
815	[2019-04-23] [08:32:23.051]	Go to: https://exist.ru/Price/?pid=E15054B5
816	[2019-04-23] [08:32:30.478]	https://exist.ru/Price/?pid=E15054B5 successfully opened
817	[2019-04-23] [08:32:30.478]		Analyse page
818	[2019-04-23] [08:32:30.483]		Handle errors
819	[2019-04-23] [08:32:30.483]	Banner detected
820	[2019-04-23] [08:32:30.484]	Wait for banner
821	[2019-04-23] [08:32:37.681]	Banner skiped
822	[2019-04-23] [08:32:37.681]	Wait for: 1119
823	[2019-04-23] [08:32:38.800]	Scrape: https://exist.ru/Price/?pid=E15054B5
824	[2019-04-23] [08:32:38.800]		Start scraper
825	[2019-04-23] [08:32:38.800]	Get #priceBody.innerHTML
826	[2019-04-23] [08:32:38.811]	Page scrape 1 analogs
827	[2019-04-23] [08:32:38.811]	Get #priceBody.innerHTML
828	[2019-04-23] [08:32:38.824]	Page scrape 1 analogs
829	[2019-04-23] [08:32:38.825]	Get #priceBody.innerHTML
830	[2019-04-23] [08:32:38.839]	Page scrape 1 analogs
831	[2019-04-23] [08:32:38.839]	Go to: https://exist.ru/Price/?pid=07E08C13
832	[2019-04-23] [08:32:46.589]	https://exist.ru/Price/?pid=07E08C13 successfully opened
833	[2019-04-23] [08:32:46.589]		Analyse page
834	[2019-04-23] [08:32:46.596]		Handle errors
835	[2019-04-23] [08:32:46.596]	Banner detected
836	[2019-04-23] [08:32:46.597]	Wait for banner
837	[2019-04-23] [08:32:54.026]	Banner skiped
838	[2019-04-23] [08:32:54.026]	Wait for: 1134
839	[2019-04-23] [08:32:55.160]	Scrape: https://exist.ru/Price/?pid=07E08C13
840	[2019-04-23] [08:32:55.160]		Start scraper
841	[2019-04-23] [08:32:55.160]	Get #priceBody.innerHTML
842	[2019-04-23] [08:32:55.165]	Page scrape 1 analogs
843	[2019-04-23] [08:32:55.165]	Get #priceBody.innerHTML
844	[2019-04-23] [08:32:55.172]	Page scrape 1 analogs
845	[2019-04-23] [08:32:55.172]	Get #priceBody.innerHTML
846	[2019-04-23] [08:32:55.179]	Page scrape 1 analogs
847	[2019-04-23] [08:32:55.179]	Scraping article: #30 436824 | category: Амортизаторы | https://exist.ru/Price/?pcode=436824
848	[2019-04-23] [08:33:00.487]	https://exist.ru/Price/?pcode=436824 successfully opened
849	[2019-04-23] [08:33:00.487]	Wait for: 1068
850	[2019-04-23] [08:33:01.555]		Analyse page
851	[2019-04-23] [08:33:01.558]		Handle errors
852	[2019-04-23] [08:33:01.558]	Banner detected
853	[2019-04-23] [08:33:01.559]	Wait for banner
854	[2019-04-23] [08:33:08.257]	Banner skiped
855	[2019-04-23] [08:33:08.258]		Start scraper
856	[2019-04-23] [08:33:08.258]	Get #priceBody.innerHTML
857	[2019-04-23] [08:33:08.259]	Scraping article: #31 436825 | category: Амортизаторы | https://exist.ru/Price/?pcode=436825
858	[2019-04-23] [08:33:08.289]	Page scrape 1 analogs
859	[2019-04-23] [08:33:08.289]	Get #priceBody.innerHTML
860	[2019-04-23] [08:33:08.766]	#priceBody not found. Reload page: attempt 2
861	[2019-04-23] [08:33:08.767]	Reload page.
862	[2019-04-23] [08:33:09.691]	https://exist.ru/Price/?pcode=436825 successfully opened
863	[2019-04-23] [08:33:09.691]	Wait for: 1317
864	[2019-04-23] [08:33:09.691]		Analyse page
865	[2019-04-23] [08:33:09.698]		Handle errors
866	[2019-04-23] [08:33:09.899]	Get #priceBody.innerHTML
867	[2019-04-23] [08:33:09.902]	#priceBody not found. Reload page: attempt 3
868	[2019-04-23] [08:33:09.904]	Reload page.
869	[2019-04-23] [08:33:10.903]		Analyse page
870	[2019-04-23] [08:33:10.908]		Handle errors
871	[2019-04-23] [08:33:11.009]		Analyse page
872	[2019-04-23] [08:33:11.012]		Handle errors
873	[2019-04-23] [08:33:11.017]	Catalog links amount: 2
874	[2019-04-23] [08:33:11.018]	Link: #1 https://exist.ru/Price/?pid=E78054B5
875	[2019-04-23] [08:33:11.019]	Link: #2 https://exist.ru/Price/?pid=0780E4D2
876	[2019-04-23] [08:33:11.019]	Category not found, download all links
877	[2019-04-23] [08:33:11.019]	Go to: https://exist.ru/Price/?pid=E78054B5
878	[2019-04-23] [08:33:15.055]	https://exist.ru/Price/?pid=E78054B5 successfully opened
879	[2019-04-23] [08:33:15.055]		Analyse page
880	[2019-04-23] [08:33:15.062]		Handle errors
881	[2019-04-23] [08:33:15.062]	Banner detected
882	[2019-04-23] [08:33:15.063]	Wait for banner
883	[2019-04-23] [08:33:22.733]	Banner skiped
884	[2019-04-23] [08:33:22.733]	Wait for: 1397
885	[2019-04-23] [08:33:24.131]	Scrape: https://exist.ru/Price/?pid=E78054B5
886	[2019-04-23] [08:33:24.131]		Start scraper
887	[2019-04-23] [08:33:24.131]	Get #priceBody.innerHTML
888	[2019-04-23] [08:33:24.141]	Page scrape 1 analogs
889	[2019-04-23] [08:33:24.141]	Get #priceBody.innerHTML
890	[2019-04-23] [08:33:24.151]	Page scrape 1 analogs
891	[2019-04-23] [08:33:24.151]	Get #priceBody.innerHTML
892	[2019-04-23] [08:33:24.160]	Page scrape 1 analogs
893	[2019-04-23] [08:33:24.160]	Go to: https://exist.ru/Price/?pid=0780E4D2
894	[2019-04-23] [08:33:30.251]	https://exist.ru/Price/?pid=0780E4D2 successfully opened
895	[2019-04-23] [08:33:30.251]		Analyse page
896	[2019-04-23] [08:33:30.253]		Handle errors
897	[2019-04-23] [08:33:30.253]	Banner detected
898	[2019-04-23] [08:33:30.254]	Wait for banner
899	[2019-04-23] [08:33:37.044]	Banner skiped
900	[2019-04-23] [08:33:37.044]	Wait for: 1453
901	[2019-04-23] [08:33:38.497]	Scrape: https://exist.ru/Price/?pid=0780E4D2
902	[2019-04-23] [08:33:38.497]		Start scraper
903	[2019-04-23] [08:33:38.497]	Get #priceBody.innerHTML
904	[2019-04-23] [08:33:38.516]	Page scrape 1 analogs
905	[2019-04-23] [08:33:38.516]	Get #priceBody.innerHTML
906	[2019-04-23] [08:33:38.526]	Page scrape 1 analogs
907	[2019-04-23] [08:33:38.526]	Get #priceBody.innerHTML
908	[2019-04-23] [08:33:38.536]	Page scrape 1 analogs
909	[2019-04-23] [08:33:38.537]	Scraping article: #32 436849 | category: Амортизаторы | https://exist.ru/Price/?pcode=436849
910	[2019-04-23] [08:33:43.379]	https://exist.ru/Price/?pcode=436849 successfully opened
911	[2019-04-23] [08:33:43.380]	Wait for: 1396
912	[2019-04-23] [08:33:44.775]		Analyse page
913	[2019-04-23] [08:33:44.778]		Handle errors
914	[2019-04-23] [08:33:44.778]	Banner detected
915	[2019-04-23] [08:33:44.779]	Wait for banner
916	[2019-04-23] [08:33:52.494]	Banner skiped
917	[2019-04-23] [08:33:52.494]		Start scraper
918	[2019-04-23] [08:33:52.494]	Get #priceBody.innerHTML
919	[2019-04-23] [08:33:52.496]	Scraping article: #33 568000 | category: Тормозные барабаны | https://exist.ru/Price/?pcode=568000
920	[2019-04-23] [08:33:52.519]	Page scrape 1 analogs
921	[2019-04-23] [08:33:52.519]	Get #priceBody.innerHTML
922	[2019-04-23] [08:33:53.268]	#priceBody not found. Reload page: attempt 2
923	[2019-04-23] [08:33:53.269]	Reload page.
924	[2019-04-23] [08:33:53.906]	https://exist.ru/Price/?pcode=568000 successfully opened
925	[2019-04-23] [08:33:53.907]	Wait for: 1411
926	[2019-04-23] [08:33:54.565]		Analyse page
927	[2019-04-23] [08:33:54.569]		Handle errors
928	[2019-04-23] [08:33:54.769]	Get #priceBody.innerHTML
929	[2019-04-23] [08:33:54.772]	#priceBody not found. Reload page: attempt 3
930	[2019-04-23] [08:33:54.773]	Reload page.
931	[2019-04-23] [08:33:55.318]		Analyse page
932	[2019-04-23] [08:33:55.863]	Error: Execution context was destroyed, most likely because of a navigation.
933	[2019-04-23] [08:33:55.864]	Write XLSX to: files/source/articles.xlsx
934	[2019-04-23] [08:33:55.929]	Write XLSX to: files/result/result.xlsx
935	[2019-04-23] [08:33:56.114]	Script execution finished.
936	[2019-04-23] [08:33:56.114]	***
937	[2019-04-23] [08:33:56.475]		Analyse page
938	[2019-04-23] [08:33:56.477]		Handle errors
