1	[2019-04-25] [12:05:49.778]	Start program
2	[2019-04-25] [12:05:51.637]	Open: https://www.exist.ru
3	[2019-04-25] [12:05:54.183]	https://www.exist.ru successfully opened
4	[2019-04-25] [12:06:20.218]	Source files/source/articles.xlsx loaded, length: 684
5	[2019-04-25] [12:06:20.218]	Start main sequence.
6	[2019-04-25] [12:06:20.219]	Scraping https://www.exist.ru from article #31 436825
7	[2019-04-25] [12:06:20.221]	Scraping article: #31 436825 | category: Амортизаторы | https://www.exist.ru/Price/?pcode=436825
8	[2019-04-25] [12:06:22.412]	https://www.exist.ru/Price/?pcode=436825 successfully opened
9	[2019-04-25] [12:06:22.412]	Wait for: 2914
10	[2019-04-25] [12:06:25.327]		Analyse page
11	[2019-04-25] [12:06:25.332]		Handle errors
12	[2019-04-25] [12:06:25.361]	Catalog links amount: 2
13	[2019-04-25] [12:06:25.365]	Link: #1 https://www.exist.ru/Price/?pid=E78054B5
14	[2019-04-25] [12:06:25.367]	Link: #2 https://www.exist.ru/Price/?pid=0780E4D2
15	[2019-04-25] [12:06:25.368]	Category not found, download all links
16	[2019-04-25] [12:06:25.368]	Go to: https://www.exist.ru/Price/?pid=E78054B5
17	[2019-04-25] [12:06:26.840]	https://www.exist.ru/Price/?pid=E78054B5 successfully opened
18	[2019-04-25] [12:06:26.841]		Analyse page
19	[2019-04-25] [12:06:26.843]		Handle errors
20	[2019-04-25] [12:06:26.843]	Wait for: 2037
21	[2019-04-25] [12:06:28.880]	Scrape: https://www.exist.ru/Price/?pid=E78054B5
22	[2019-04-25] [12:06:28.880]		Start scraper
23	[2019-04-25] [12:06:28.881]	Get #priceBody.innerHTML
24	[2019-04-25] [12:06:28.897]	ReferenceError: work is not defined
25	[2019-04-25] [12:06:31.403]	Open: https://www.exist.ru
26	[2019-04-25] [12:06:33.812]	https://www.exist.ru successfully opened
27	[2019-04-25] [12:06:34.813]	Source files/source/articles.xlsx loaded, length: 684
28	[2019-04-25] [12:06:34.813]	Start main sequence.
29	[2019-04-25] [12:06:34.814]	Scraping https://www.exist.ru from article #31 436825
30	[2019-04-25] [12:06:34.815]	Scraping article: #31 436825 | category: Амортизаторы | https://www.exist.ru/Price/?pcode=436825
31	[2019-04-25] [12:06:35.948]	https://www.exist.ru/Price/?pcode=436825 successfully opened
32	[2019-04-25] [12:06:35.948]	Wait for: 2275
33	[2019-04-25] [12:06:38.228]		Analyse page
34	[2019-04-25] [12:06:38.237]		Handle errors
35	[2019-04-25] [12:06:38.241]	Catalog links amount: 2
36	[2019-04-25] [12:06:38.242]	Link: #1 https://www.exist.ru/Price/?pid=E78054B5
37	[2019-04-25] [12:06:38.243]	Link: #2 https://www.exist.ru/Price/?pid=0780E4D2
38	[2019-04-25] [12:06:38.243]	Category not found, download all links
39	[2019-04-25] [12:06:38.244]	Go to: https://www.exist.ru/Price/?pid=E78054B5
40	[2019-04-25] [12:06:39.836]	https://www.exist.ru/Price/?pid=E78054B5 successfully opened
41	[2019-04-25] [12:06:39.836]		Analyse page
42	[2019-04-25] [12:06:39.839]		Handle errors
43	[2019-04-25] [12:06:39.840]	Wait for: 2924
44	[2019-04-25] [12:06:42.764]	Scrape: https://www.exist.ru/Price/?pid=E78054B5
45	[2019-04-25] [12:06:42.764]		Start scraper
46	[2019-04-25] [12:06:42.764]	Get #priceBody.innerHTML
47	[2019-04-25] [12:06:42.765]	ReferenceError: work is not defined
48	[2019-04-25] [12:06:44.599]	Open: https://www.exist.ru
49	[2019-04-25] [12:06:47.376]	https://www.exist.ru successfully opened
50	[2019-04-25] [12:06:48.377]	Source files/source/articles.xlsx loaded, length: 684
51	[2019-04-25] [12:06:48.378]	Start main sequence.
52	[2019-04-25] [12:06:48.379]	Scraping https://www.exist.ru from article #31 436825
53	[2019-04-25] [12:06:48.380]	Scraping article: #31 436825 | category: Амортизаторы | https://www.exist.ru/Price/?pcode=436825
54	[2019-04-25] [12:06:50.088]	https://www.exist.ru/Price/?pcode=436825 successfully opened
55	[2019-04-25] [12:06:50.088]	Wait for: 2408
56	[2019-04-25] [12:06:52.497]		Analyse page
57	[2019-04-25] [12:06:52.499]		Handle errors
58	[2019-04-25] [12:06:52.502]	Catalog links amount: 2
59	[2019-04-25] [12:06:52.503]	Link: #1 https://www.exist.ru/Price/?pid=E78054B5
60	[2019-04-25] [12:06:52.504]	Link: #2 https://www.exist.ru/Price/?pid=0780E4D2
61	[2019-04-25] [12:06:52.504]	Category not found, download all links
62	[2019-04-25] [12:06:52.505]	Go to: https://www.exist.ru/Price/?pid=E78054B5
63	[2019-04-25] [12:06:53.864]	https://www.exist.ru/Price/?pid=E78054B5 successfully opened
64	[2019-04-25] [12:06:53.864]		Analyse page
65	[2019-04-25] [12:06:53.868]		Handle errors
66	[2019-04-25] [12:06:53.868]	Wait for: 2653
67	[2019-04-25] [12:06:56.521]	Scrape: https://www.exist.ru/Price/?pid=E78054B5
68	[2019-04-25] [12:06:56.521]		Start scraper
69	[2019-04-25] [12:06:56.521]	Get #priceBody.innerHTML
70	[2019-04-25] [12:06:56.522]	ReferenceError: work is not defined
